cuda
3300
825
27542543
torch.Size([5, 3, 128, 128])
epoch= 0 	 time= 3.01217520236969 min 	 loss= 0.20140570570122113
[0.20140571]
epoch= 1 	 time= 5.724743139743805 min 	 loss= 0.11619524762485967
epoch= 2 	 time= 8.368412804603576 min 	 loss= 0.11434558367638877
epoch= 3 	 time= 11.056413785616558 min 	 loss= 0.11375165712427009
epoch= 4 	 time= 13.748342951138815 min 	 loss= 0.1076980386403474
epoch= 5 	 time= 17.760683127244313 min 	 loss= 0.10573023680033106
epoch= 6 	 time= 22.795199863115947 min 	 loss= 0.10293785505222552
epoch= 7 	 time= 27.836805403232574 min 	 loss= 0.10353144894043605
epoch= 8 	 time= 32.87551604906718 min 	 loss= 0.10309312395299926
epoch= 9 	 time= 37.917431843280795 min 	 loss= 0.10629245526185542
epoch= 10 	 time= 42.95193099578221 min 	 loss= 0.10553030835408153
[0.20140571 0.11619525 0.11434558 0.11375166 0.10769804 0.10573024
 0.10293786 0.10353145 0.10309312 0.10629246 0.10553031]
epoch= 11 	 time= 47.99363890488942 min 	 loss= 0.10230088341416735
epoch= 12 	 time= 53.14376545349757 min 	 loss= 0.10287840817913865
epoch= 13 	 time= 60.67876730759939 min 	 loss= 0.0998336537746769
epoch= 14 	 time= 68.22359238465627 min 	 loss= 0.09755953635681759
epoch= 15 	 time= 75.76675600210825 min 	 loss= 0.1004510550629912
epoch= 16 	 time= 83.29416406551996 min 	 loss= 0.099089153120012
epoch= 17 	 time= 90.83133458693823 min 	 loss= 0.09771728346519398
epoch= 18 	 time= 98.36837232907614 min 	 loss= 0.09341662511906841
epoch= 19 	 time= 105.90311268170674 min 	 loss= 0.09315094689528147
epoch= 20 	 time= 113.43312578996023 min 	 loss= 0.09447065251343179
[0.20140571 0.11619525 0.11434558 0.11375166 0.10769804 0.10573024
 0.10293786 0.10353145 0.10309312 0.10629246 0.10553031 0.10230088
 0.10287841 0.09983365 0.09755954 0.10045106 0.09908915 0.09771728
 0.09341663 0.09315095 0.09447065]
epoch= 21 	 time= 120.97087459564209 min 	 loss= 0.08988156647618972
epoch= 22 	 time= 128.50914514859517 min 	 loss= 0.08908748016890251
epoch= 23 	 time= 136.0350356578827 min 	 loss= 0.0851303879307075
epoch= 24 	 time= 143.5721317211787 min 	 loss= 0.08447454445515618
epoch= 25 	 time= 151.0995065331459 min 	 loss= 0.08256602422983357
epoch= 26 	 time= 158.62161543369294 min 	 loss= 0.07825042633396206
epoch= 27 	 time= 166.15239319403966 min 	 loss= 0.08094681710907907
epoch= 28 	 time= 173.67552947998047 min 	 loss= 0.07752440243733652
epoch= 29 	 time= 181.19820485909779 min 	 loss= 0.07333818072509585
epoch= 30 	 time= 188.72388464212418 min 	 loss= 0.07527540518140251
[0.20140571 0.11619525 0.11434558 0.11375166 0.10769804 0.10573024
 0.10293786 0.10353145 0.10309312 0.10629246 0.10553031 0.10230088
 0.10287841 0.09983365 0.09755954 0.10045106 0.09908915 0.09771728
 0.09341663 0.09315095 0.09447065 0.08988157 0.08908748 0.08513039
 0.08447454 0.08256602 0.07825043 0.08094682 0.0775244  0.07333818
 0.07527541]
epoch= 31 	 time= 196.2483124534289 min 	 loss= 0.07054695560286442
epoch= 32 	 time= 203.77307981650034 min 	 loss= 0.06812845556573434
epoch= 33 	 time= 211.29416695038478 min 	 loss= 0.06860556785243027
epoch= 34 	 time= 218.81589477856954 min 	 loss= 0.06525307910799077
epoch= 35 	 time= 226.33172142505646 min 	 loss= 0.06307634427804838
epoch= 36 	 time= 233.85766878128052 min 	 loss= 0.061797869291833854
epoch= 37 	 time= 241.3864190220833 min 	 loss= 0.05939342431300743
epoch= 38 	 time= 248.90943064292273 min 	 loss= 0.06084903008106983
epoch= 39 	 time= 256.429050608476 min 	 loss= 0.05556616213088009
epoch= 40 	 time= 263.9444911559423 min 	 loss= 0.055123820000356344
[0.20140571 0.11619525 0.11434558 0.11375166 0.10769804 0.10573024
 0.10293786 0.10353145 0.10309312 0.10629246 0.10553031 0.10230088
 0.10287841 0.09983365 0.09755954 0.10045106 0.09908915 0.09771728
 0.09341663 0.09315095 0.09447065 0.08988157 0.08908748 0.08513039
 0.08447454 0.08256602 0.07825043 0.08094682 0.0775244  0.07333818
 0.07527541 0.07054696 0.06812846 0.06860557 0.06525308 0.06307634
 0.06179787 0.05939342 0.06084903 0.05556616 0.05512382]
epoch= 41 	 time= 271.46543615261714 min 	 loss= 0.0539370682821468
epoch= 42 	 time= 278.986628472805 min 	 loss= 0.052520277570848435
epoch= 43 	 time= 286.49849415222803 min 	 loss= 0.054295079485146384
epoch= 44 	 time= 294.01157184839246 min 	 loss= 0.051403161003818795
epoch= 45 	 time= 301.5338086525599 min 	 loss= 0.046887578750170314
epoch= 46 	 time= 309.04866041342416 min 	 loss= 0.04898700964686489
epoch= 47 	 time= 316.56199123064675 min 	 loss= 0.049369430237760144
epoch= 48 	 time= 324.0768912990888 min 	 loss= 0.045554212490026134
epoch= 49 	 time= 331.59115052223206 min 	 loss= 0.047845160462188
epoch= 50 	 time= 339.11031446854275 min 	 loss= 0.04195986090721845
[0.20140571 0.11619525 0.11434558 0.11375166 0.10769804 0.10573024
 0.10293786 0.10353145 0.10309312 0.10629246 0.10553031 0.10230088
 0.10287841 0.09983365 0.09755954 0.10045106 0.09908915 0.09771728
 0.09341663 0.09315095 0.09447065 0.08988157 0.08908748 0.08513039
 0.08447454 0.08256602 0.07825043 0.08094682 0.0775244  0.07333818
 0.07527541 0.07054696 0.06812846 0.06860557 0.06525308 0.06307634
 0.06179787 0.05939342 0.06084903 0.05556616 0.05512382 0.05393707
 0.05252028 0.05429508 0.05140316 0.04688758 0.04898701 0.04936943
 0.04555421 0.04784516 0.04195986]
epoch= 51 	 time= 346.625565024217 min 	 loss= 0.04188139029672708
epoch= 52 	 time= 354.14064793984096 min 	 loss= 0.0409296550813385
epoch= 53 	 time= 361.6535439928373 min 	 loss= 0.03805012609647361
epoch= 54 	 time= 369.1676221648852 min 	 loss= 0.04092927448656128
epoch= 55 	 time= 376.68616180419923 min 	 loss= 0.0376994189456331
epoch= 56 	 time= 384.20743751128515 min 	 loss= 0.038858189837315656
epoch= 57 	 time= 391.7203734556834 min 	 loss= 0.03747595879168137
epoch= 58 	 time= 399.2316040277481 min 	 loss= 0.03634747624785329
epoch= 59 	 time= 406.7440540591876 min 	 loss= 0.03582810233879806
epoch= 60 	 time= 414.2552770972252 min 	 loss= 0.03529483845242243
[0.20140571 0.11619525 0.11434558 0.11375166 0.10769804 0.10573024
 0.10293786 0.10353145 0.10309312 0.10629246 0.10553031 0.10230088
 0.10287841 0.09983365 0.09755954 0.10045106 0.09908915 0.09771728
 0.09341663 0.09315095 0.09447065 0.08988157 0.08908748 0.08513039
 0.08447454 0.08256602 0.07825043 0.08094682 0.0775244  0.07333818
 0.07527541 0.07054696 0.06812846 0.06860557 0.06525308 0.06307634
 0.06179787 0.05939342 0.06084903 0.05556616 0.05512382 0.05393707
 0.05252028 0.05429508 0.05140316 0.04688758 0.04898701 0.04936943
 0.04555421 0.04784516 0.04195986 0.04188139 0.04092966 0.03805013
 0.04092927 0.03769942 0.03885819 0.03747596 0.03634748 0.0358281
 0.03529484]
epoch= 61 	 time= 421.7697814663251 min 	 loss= 0.03505722966475525
epoch= 62 	 time= 429.27779180606206 min 	 loss= 0.032321997379414935
epoch= 63 	 time= 436.7843034505844 min 	 loss= 0.03358418545985566
epoch= 64 	 time= 444.29540931781133 min 	 loss= 0.035042056816376066
epoch= 65 	 time= 451.8052902380625 min 	 loss= 0.03241828127690083
epoch= 66 	 time= 459.3247995734215 min 	 loss= 0.03478845278883289
epoch= 67 	 time= 466.8418395002683 min 	 loss= 0.03157677916367185
epoch= 68 	 time= 474.3504070480665 min 	 loss= 0.030503773064366684
epoch= 69 	 time= 481.86079379717506 min 	 loss= 0.029523249356614982
epoch= 70 	 time= 489.37476224104563 min 	 loss= 0.03919232307188918
[0.20140571 0.11619525 0.11434558 0.11375166 0.10769804 0.10573024
 0.10293786 0.10353145 0.10309312 0.10629246 0.10553031 0.10230088
 0.10287841 0.09983365 0.09755954 0.10045106 0.09908915 0.09771728
 0.09341663 0.09315095 0.09447065 0.08988157 0.08908748 0.08513039
 0.08447454 0.08256602 0.07825043 0.08094682 0.0775244  0.07333818
 0.07527541 0.07054696 0.06812846 0.06860557 0.06525308 0.06307634
 0.06179787 0.05939342 0.06084903 0.05556616 0.05512382 0.05393707
 0.05252028 0.05429508 0.05140316 0.04688758 0.04898701 0.04936943
 0.04555421 0.04784516 0.04195986 0.04188139 0.04092966 0.03805013
 0.04092927 0.03769942 0.03885819 0.03747596 0.03634748 0.0358281
 0.03529484 0.03505723 0.032322   0.03358419 0.03504206 0.03241828
 0.03478845 0.03157678 0.03050377 0.02952325 0.03919232]
epoch= 71 	 time= 496.8914192477862 min 	 loss= 0.03429776061285696
epoch= 72 	 time= 504.4097828388214 min 	 loss= 0.028123156916117296
epoch= 73 	 time= 511.919898045063 min 	 loss= 0.02995761415434324
epoch= 74 	 time= 519.4415154933929 min 	 loss= 0.028643919065582325
epoch= 75 	 time= 526.9505898833274 min 	 loss= 0.03307047147877077
epoch= 76 	 time= 534.4669708331426 min 	 loss= 0.03011534812268413
epoch= 77 	 time= 541.9813496947288 min 	 loss= 0.026566046525853877
epoch= 78 	 time= 549.4951731125514 min 	 loss= 0.032840776865275326
epoch= 79 	 time= 557.0133580088616 min 	 loss= 0.029735885165106137
epoch= 80 	 time= 564.5245798389117 min 	 loss= 0.027821694458402678
[0.20140571 0.11619525 0.11434558 0.11375166 0.10769804 0.10573024
 0.10293786 0.10353145 0.10309312 0.10629246 0.10553031 0.10230088
 0.10287841 0.09983365 0.09755954 0.10045106 0.09908915 0.09771728
 0.09341663 0.09315095 0.09447065 0.08988157 0.08908748 0.08513039
 0.08447454 0.08256602 0.07825043 0.08094682 0.0775244  0.07333818
 0.07527541 0.07054696 0.06812846 0.06860557 0.06525308 0.06307634
 0.06179787 0.05939342 0.06084903 0.05556616 0.05512382 0.05393707
 0.05252028 0.05429508 0.05140316 0.04688758 0.04898701 0.04936943
 0.04555421 0.04784516 0.04195986 0.04188139 0.04092966 0.03805013
 0.04092927 0.03769942 0.03885819 0.03747596 0.03634748 0.0358281
 0.03529484 0.03505723 0.032322   0.03358419 0.03504206 0.03241828
 0.03478845 0.03157678 0.03050377 0.02952325 0.03919232 0.03429776
 0.02812316 0.02995761 0.02864392 0.03307047 0.03011535 0.02656605
 0.03284078 0.02973589 0.02782169]
epoch= 81 	 time= 572.0408541639646 min 	 loss= 0.025600179165758713
epoch= 82 	 time= 579.5483535210292 min 	 loss= 0.0332604841788116
epoch= 83 	 time= 587.05380636851 min 	 loss= 0.028808400886412004
epoch= 84 	 time= 594.5646808306376 min 	 loss= 0.027254966320101767
epoch= 85 	 time= 602.0821847875912 min 	 loss= 0.026599235110058517
epoch= 86 	 time= 609.593110716343 min 	 loss= 0.025244442443813155
epoch= 87 	 time= 617.1067094047864 min 	 loss= 0.026170644516629787
epoch= 88 	 time= 624.6144177118937 min 	 loss= 0.027232885741942676
epoch= 89 	 time= 632.1244930386544 min 	 loss= 0.031040897904396954
epoch= 90 	 time= 639.6328973054885 min 	 loss= 0.02656660337863176
[0.20140571 0.11619525 0.11434558 0.11375166 0.10769804 0.10573024
 0.10293786 0.10353145 0.10309312 0.10629246 0.10553031 0.10230088
 0.10287841 0.09983365 0.09755954 0.10045106 0.09908915 0.09771728
 0.09341663 0.09315095 0.09447065 0.08988157 0.08908748 0.08513039
 0.08447454 0.08256602 0.07825043 0.08094682 0.0775244  0.07333818
 0.07527541 0.07054696 0.06812846 0.06860557 0.06525308 0.06307634
 0.06179787 0.05939342 0.06084903 0.05556616 0.05512382 0.05393707
 0.05252028 0.05429508 0.05140316 0.04688758 0.04898701 0.04936943
 0.04555421 0.04784516 0.04195986 0.04188139 0.04092966 0.03805013
 0.04092927 0.03769942 0.03885819 0.03747596 0.03634748 0.0358281
 0.03529484 0.03505723 0.032322   0.03358419 0.03504206 0.03241828
 0.03478845 0.03157678 0.03050377 0.02952325 0.03919232 0.03429776
 0.02812316 0.02995761 0.02864392 0.03307047 0.03011535 0.02656605
 0.03284078 0.02973589 0.02782169 0.02560018 0.03326048 0.0288084
 0.02725497 0.02659924 0.02524444 0.02617064 0.02723289 0.0310409
 0.0265666 ]
epoch= 91 	 time= 647.1533384005229 min 	 loss= 0.02397490890901915
epoch= 92 	 time= 654.6604972243309 min 	 loss= 0.023998179387069257
epoch= 93 	 time= 662.1720154404641 min 	 loss= 0.03220152999231659
epoch= 94 	 time= 669.6862901568413 min 	 loss= 0.025535336392706748
epoch= 95 	 time= 677.2098369956017 min 	 loss= 0.024467329601078138
epoch= 96 	 time= 684.7334132989248 min 	 loss= 0.027498078553888427
epoch= 97 	 time= 692.24780027469 min 	 loss= 0.03054208863749712
epoch= 98 	 time= 699.7591509024302 min 	 loss= 0.02485419708888168
epoch= 99 	 time= 707.2678623278936 min 	 loss= 0.023937851505025084
epoch= 100 	 time= 714.7783157547315 min 	 loss= 0.02402004940221201
[0.20140571 0.11619525 0.11434558 0.11375166 0.10769804 0.10573024
 0.10293786 0.10353145 0.10309312 0.10629246 0.10553031 0.10230088
 0.10287841 0.09983365 0.09755954 0.10045106 0.09908915 0.09771728
 0.09341663 0.09315095 0.09447065 0.08988157 0.08908748 0.08513039
 0.08447454 0.08256602 0.07825043 0.08094682 0.0775244  0.07333818
 0.07527541 0.07054696 0.06812846 0.06860557 0.06525308 0.06307634
 0.06179787 0.05939342 0.06084903 0.05556616 0.05512382 0.05393707
 0.05252028 0.05429508 0.05140316 0.04688758 0.04898701 0.04936943
 0.04555421 0.04784516 0.04195986 0.04188139 0.04092966 0.03805013
 0.04092927 0.03769942 0.03885819 0.03747596 0.03634748 0.0358281
 0.03529484 0.03505723 0.032322   0.03358419 0.03504206 0.03241828
 0.03478845 0.03157678 0.03050377 0.02952325 0.03919232 0.03429776
 0.02812316 0.02995761 0.02864392 0.03307047 0.03011535 0.02656605
 0.03284078 0.02973589 0.02782169 0.02560018 0.03326048 0.0288084
 0.02725497 0.02659924 0.02524444 0.02617064 0.02723289 0.0310409
 0.0265666  0.02397491 0.02399818 0.03220153 0.02553534 0.02446733
 0.02749808 0.03054209 0.0248542  0.02393785 0.02402005]
epoch= 101 	 time= 722.2921636343002 min 	 loss= 0.022996369269192546
epoch= 102 	 time= 729.8020794868469 min 	 loss= 0.024045867619112843
epoch= 103 	 time= 737.3060721755028 min 	 loss= 0.02476495584458021
epoch= 104 	 time= 744.817800184091 min 	 loss= 0.023827023179306486
epoch= 105 	 time= 752.3246959447861 min 	 loss= 0.026139520410230915
epoch= 106 	 time= 759.8408833543459 min 	 loss= 0.02344782365762953
epoch= 107 	 time= 767.3660129388173 min 	 loss= 0.02206241446778277
epoch= 108 	 time= 774.8856188337008 min 	 loss= 0.021571450668192427
epoch= 109 	 time= 782.4073686758677 min 	 loss= 0.028605483122139435
epoch= 110 	 time= 789.9191204110781 min 	 loss= 0.02494315041009362
[0.20140571 0.11619525 0.11434558 0.11375166 0.10769804 0.10573024
 0.10293786 0.10353145 0.10309312 0.10629246 0.10553031 0.10230088
 0.10287841 0.09983365 0.09755954 0.10045106 0.09908915 0.09771728
 0.09341663 0.09315095 0.09447065 0.08988157 0.08908748 0.08513039
 0.08447454 0.08256602 0.07825043 0.08094682 0.0775244  0.07333818
 0.07527541 0.07054696 0.06812846 0.06860557 0.06525308 0.06307634
 0.06179787 0.05939342 0.06084903 0.05556616 0.05512382 0.05393707
 0.05252028 0.05429508 0.05140316 0.04688758 0.04898701 0.04936943
 0.04555421 0.04784516 0.04195986 0.04188139 0.04092966 0.03805013
 0.04092927 0.03769942 0.03885819 0.03747596 0.03634748 0.0358281
 0.03529484 0.03505723 0.032322   0.03358419 0.03504206 0.03241828
 0.03478845 0.03157678 0.03050377 0.02952325 0.03919232 0.03429776
 0.02812316 0.02995761 0.02864392 0.03307047 0.03011535 0.02656605
 0.03284078 0.02973589 0.02782169 0.02560018 0.03326048 0.0288084
 0.02725497 0.02659924 0.02524444 0.02617064 0.02723289 0.0310409
 0.0265666  0.02397491 0.02399818 0.03220153 0.02553534 0.02446733
 0.02749808 0.03054209 0.0248542  0.02393785 0.02402005 0.02299637
 0.02404587 0.02476496 0.02382702 0.02613952 0.02344782 0.02206241
 0.02157145 0.02860548 0.02494315]
epoch= 111 	 time= 797.4444675683975 min 	 loss= 0.02315825408807238
epoch= 112 	 time= 804.967367819945 min 	 loss= 0.02202373886370355
epoch= 113 	 time= 812.4853258252144 min 	 loss= 0.021502037127857792
epoch= 114 	 time= 820.0013403137525 min 	 loss= 0.021342347643446072
epoch= 115 	 time= 827.512232430776 min 	 loss= 0.022289124657311758
epoch= 116 	 time= 835.0175547003746 min 	 loss= 0.03324343770950553
epoch= 117 	 time= 842.5260529359182 min 	 loss= 0.024019675022663608
epoch= 118 	 time= 850.0378813187282 min 	 loss= 0.022097766773107597
epoch= 119 	 time= 857.5598611076673 min 	 loss= 0.021294200993409257
epoch= 120 	 time= 865.0762833476067 min 	 loss= 0.021099243109904846
[0.20140571 0.11619525 0.11434558 0.11375166 0.10769804 0.10573024
 0.10293786 0.10353145 0.10309312 0.10629246 0.10553031 0.10230088
 0.10287841 0.09983365 0.09755954 0.10045106 0.09908915 0.09771728
 0.09341663 0.09315095 0.09447065 0.08988157 0.08908748 0.08513039
 0.08447454 0.08256602 0.07825043 0.08094682 0.0775244  0.07333818
 0.07527541 0.07054696 0.06812846 0.06860557 0.06525308 0.06307634
 0.06179787 0.05939342 0.06084903 0.05556616 0.05512382 0.05393707
 0.05252028 0.05429508 0.05140316 0.04688758 0.04898701 0.04936943
 0.04555421 0.04784516 0.04195986 0.04188139 0.04092966 0.03805013
 0.04092927 0.03769942 0.03885819 0.03747596 0.03634748 0.0358281
 0.03529484 0.03505723 0.032322   0.03358419 0.03504206 0.03241828
 0.03478845 0.03157678 0.03050377 0.02952325 0.03919232 0.03429776
 0.02812316 0.02995761 0.02864392 0.03307047 0.03011535 0.02656605
 0.03284078 0.02973589 0.02782169 0.02560018 0.03326048 0.0288084
 0.02725497 0.02659924 0.02524444 0.02617064 0.02723289 0.0310409
 0.0265666  0.02397491 0.02399818 0.03220153 0.02553534 0.02446733
 0.02749808 0.03054209 0.0248542  0.02393785 0.02402005 0.02299637
 0.02404587 0.02476496 0.02382702 0.02613952 0.02344782 0.02206241
 0.02157145 0.02860548 0.02494315 0.02315825 0.02202374 0.02150204
 0.02134235 0.02228912 0.03324344 0.02401968 0.02209777 0.0212942
 0.02109924]
epoch= 121 	 time= 872.5987330277761 min 	 loss= 0.0209966940266275
epoch= 122 	 time= 880.1069749712944 min 	 loss= 0.02593850314959127
epoch= 123 	 time= 887.6164408047994 min 	 loss= 0.02746490522727871
epoch= 124 	 time= 895.1272725900014 min 	 loss= 0.023070755562634573
epoch= 125 	 time= 902.6401147127151 min 	 loss= 0.021501193296561805
epoch= 126 	 time= 910.1521316607793 min 	 loss= 0.02108503991986171
epoch= 127 	 time= 917.6627456903458 min 	 loss= 0.024182294070172
epoch= 128 	 time= 925.173614692688 min 	 loss= 0.021929063355292974
epoch= 129 	 time= 932.6852627078692 min 	 loss= 0.021345055117419565
epoch= 130 	 time= 940.2072558363278 min 	 loss= 0.021024864283391998
[0.20140571 0.11619525 0.11434558 0.11375166 0.10769804 0.10573024
 0.10293786 0.10353145 0.10309312 0.10629246 0.10553031 0.10230088
 0.10287841 0.09983365 0.09755954 0.10045106 0.09908915 0.09771728
 0.09341663 0.09315095 0.09447065 0.08988157 0.08908748 0.08513039
 0.08447454 0.08256602 0.07825043 0.08094682 0.0775244  0.07333818
 0.07527541 0.07054696 0.06812846 0.06860557 0.06525308 0.06307634
 0.06179787 0.05939342 0.06084903 0.05556616 0.05512382 0.05393707
 0.05252028 0.05429508 0.05140316 0.04688758 0.04898701 0.04936943
 0.04555421 0.04784516 0.04195986 0.04188139 0.04092966 0.03805013
 0.04092927 0.03769942 0.03885819 0.03747596 0.03634748 0.0358281
 0.03529484 0.03505723 0.032322   0.03358419 0.03504206 0.03241828
 0.03478845 0.03157678 0.03050377 0.02952325 0.03919232 0.03429776
 0.02812316 0.02995761 0.02864392 0.03307047 0.03011535 0.02656605
 0.03284078 0.02973589 0.02782169 0.02560018 0.03326048 0.0288084
 0.02725497 0.02659924 0.02524444 0.02617064 0.02723289 0.0310409
 0.0265666  0.02397491 0.02399818 0.03220153 0.02553534 0.02446733
 0.02749808 0.03054209 0.0248542  0.02393785 0.02402005 0.02299637
 0.02404587 0.02476496 0.02382702 0.02613952 0.02344782 0.02206241
 0.02157145 0.02860548 0.02494315 0.02315825 0.02202374 0.02150204
 0.02134235 0.02228912 0.03324344 0.02401968 0.02209777 0.0212942
 0.02109924 0.02099669 0.0259385  0.02746491 0.02307076 0.02150119
 0.02108504 0.02418229 0.02192906 0.02134506 0.02102486]
epoch= 131 	 time= 947.733602543672 min 	 loss= 0.021085408639734272
epoch= 132 	 time= 955.2522214651108 min 	 loss= 0.025468346893049977
epoch= 133 	 time= 962.7631991902987 min 	 loss= 0.025230899408072053
epoch= 134 	 time= 970.2770325382551 min 	 loss= 0.022467293232360987
epoch= 135 	 time= 977.7937112569809 min 	 loss= 0.02122148629698462
epoch= 136 	 time= 985.3015981674195 min 	 loss= 0.022224976063875093
epoch= 137 	 time= 992.8081887086232 min 	 loss= 0.023696794403028132
epoch= 138 	 time= 1000.3146337270737 min 	 loss= 0.02139594826477509
epoch= 139 	 time= 1007.8217968980472 min 	 loss= 0.021239641225303346
epoch= 140 	 time= 1015.3384555021922 min 	 loss= 0.020846183409821882
[0.20140571 0.11619525 0.11434558 0.11375166 0.10769804 0.10573024
 0.10293786 0.10353145 0.10309312 0.10629246 0.10553031 0.10230088
 0.10287841 0.09983365 0.09755954 0.10045106 0.09908915 0.09771728
 0.09341663 0.09315095 0.09447065 0.08988157 0.08908748 0.08513039
 0.08447454 0.08256602 0.07825043 0.08094682 0.0775244  0.07333818
 0.07527541 0.07054696 0.06812846 0.06860557 0.06525308 0.06307634
 0.06179787 0.05939342 0.06084903 0.05556616 0.05512382 0.05393707
 0.05252028 0.05429508 0.05140316 0.04688758 0.04898701 0.04936943
 0.04555421 0.04784516 0.04195986 0.04188139 0.04092966 0.03805013
 0.04092927 0.03769942 0.03885819 0.03747596 0.03634748 0.0358281
 0.03529484 0.03505723 0.032322   0.03358419 0.03504206 0.03241828
 0.03478845 0.03157678 0.03050377 0.02952325 0.03919232 0.03429776
 0.02812316 0.02995761 0.02864392 0.03307047 0.03011535 0.02656605
 0.03284078 0.02973589 0.02782169 0.02560018 0.03326048 0.0288084
 0.02725497 0.02659924 0.02524444 0.02617064 0.02723289 0.0310409
 0.0265666  0.02397491 0.02399818 0.03220153 0.02553534 0.02446733
 0.02749808 0.03054209 0.0248542  0.02393785 0.02402005 0.02299637
 0.02404587 0.02476496 0.02382702 0.02613952 0.02344782 0.02206241
 0.02157145 0.02860548 0.02494315 0.02315825 0.02202374 0.02150204
 0.02134235 0.02228912 0.03324344 0.02401968 0.02209777 0.0212942
 0.02109924 0.02099669 0.0259385  0.02746491 0.02307076 0.02150119
 0.02108504 0.02418229 0.02192906 0.02134506 0.02102486 0.02108541
 0.02546835 0.0252309  0.02246729 0.02122149 0.02222498 0.02369679
 0.02139595 0.02123964 0.02084618]
epoch= 141 	 time= 1022.858449157079 min 	 loss= 0.022114425146648336
epoch= 142 	 time= 1030.379631682237 min 	 loss= 0.027226514145795865
epoch= 143 	 time= 1037.8972889939944 min 	 loss= 0.023038442020027132
epoch= 144 	 time= 1045.4085654536882 min 	 loss= 0.02140996302419532
epoch= 145 	 time= 1052.921074406306 min 	 loss= 0.020893810398362224
epoch= 146 	 time= 1060.4362231095631 min 	 loss= 0.020644544701713542
epoch= 147 	 time= 1067.9487188061078 min 	 loss= 0.02078889726792857
epoch= 148 	 time= 1075.4657324711482 min 	 loss= 0.02171199096156656
epoch= 149 	 time= 1082.9749327659606 min 	 loss= 0.025203230339765
epoch= 150 	 time= 1090.4890045722325 min 	 loss= 0.02143214416998462
[0.20140571 0.11619525 0.11434558 0.11375166 0.10769804 0.10573024
 0.10293786 0.10353145 0.10309312 0.10629246 0.10553031 0.10230088
 0.10287841 0.09983365 0.09755954 0.10045106 0.09908915 0.09771728
 0.09341663 0.09315095 0.09447065 0.08988157 0.08908748 0.08513039
 0.08447454 0.08256602 0.07825043 0.08094682 0.0775244  0.07333818
 0.07527541 0.07054696 0.06812846 0.06860557 0.06525308 0.06307634
 0.06179787 0.05939342 0.06084903 0.05556616 0.05512382 0.05393707
 0.05252028 0.05429508 0.05140316 0.04688758 0.04898701 0.04936943
 0.04555421 0.04784516 0.04195986 0.04188139 0.04092966 0.03805013
 0.04092927 0.03769942 0.03885819 0.03747596 0.03634748 0.0358281
 0.03529484 0.03505723 0.032322   0.03358419 0.03504206 0.03241828
 0.03478845 0.03157678 0.03050377 0.02952325 0.03919232 0.03429776
 0.02812316 0.02995761 0.02864392 0.03307047 0.03011535 0.02656605
 0.03284078 0.02973589 0.02782169 0.02560018 0.03326048 0.0288084
 0.02725497 0.02659924 0.02524444 0.02617064 0.02723289 0.0310409
 0.0265666  0.02397491 0.02399818 0.03220153 0.02553534 0.02446733
 0.02749808 0.03054209 0.0248542  0.02393785 0.02402005 0.02299637
 0.02404587 0.02476496 0.02382702 0.02613952 0.02344782 0.02206241
 0.02157145 0.02860548 0.02494315 0.02315825 0.02202374 0.02150204
 0.02134235 0.02228912 0.03324344 0.02401968 0.02209777 0.0212942
 0.02109924 0.02099669 0.0259385  0.02746491 0.02307076 0.02150119
 0.02108504 0.02418229 0.02192906 0.02134506 0.02102486 0.02108541
 0.02546835 0.0252309  0.02246729 0.02122149 0.02222498 0.02369679
 0.02139595 0.02123964 0.02084618 0.02211443 0.02722651 0.02303844
 0.02140996 0.02089381 0.02064454 0.0207889  0.02171199 0.02520323
 0.02143214]
epoch= 151 	 time= 1098.0099974870682 min 	 loss= 0.020699113123472203
epoch= 152 	 time= 1105.5248961130778 min 	 loss= 0.020481965720646533
epoch= 153 	 time= 1113.0325945178668 min 	 loss= 0.020456796427342026
epoch= 154 	 time= 1120.5393304864565 min 	 loss= 0.020409595420313908
epoch= 155 	 time= 1128.0516228675842 min 	 loss= 0.022449166724214924
epoch= 156 	 time= 1135.5552876035372 min 	 loss= 0.024391454631055846
epoch= 157 	 time= 1143.0676659107207 min 	 loss= 0.021264648269027405
epoch= 158 	 time= 1150.580691766739 min 	 loss= 0.020510729280086487
epoch= 159 	 time= 1158.0907348275184 min 	 loss= 0.020365842542261377
epoch= 160 	 time= 1165.5998340725898 min 	 loss= 0.020335685575985692
[0.20140571 0.11619525 0.11434558 0.11375166 0.10769804 0.10573024
 0.10293786 0.10353145 0.10309312 0.10629246 0.10553031 0.10230088
 0.10287841 0.09983365 0.09755954 0.10045106 0.09908915 0.09771728
 0.09341663 0.09315095 0.09447065 0.08988157 0.08908748 0.08513039
 0.08447454 0.08256602 0.07825043 0.08094682 0.0775244  0.07333818
 0.07527541 0.07054696 0.06812846 0.06860557 0.06525308 0.06307634
 0.06179787 0.05939342 0.06084903 0.05556616 0.05512382 0.05393707
 0.05252028 0.05429508 0.05140316 0.04688758 0.04898701 0.04936943
 0.04555421 0.04784516 0.04195986 0.04188139 0.04092966 0.03805013
 0.04092927 0.03769942 0.03885819 0.03747596 0.03634748 0.0358281
 0.03529484 0.03505723 0.032322   0.03358419 0.03504206 0.03241828
 0.03478845 0.03157678 0.03050377 0.02952325 0.03919232 0.03429776
 0.02812316 0.02995761 0.02864392 0.03307047 0.03011535 0.02656605
 0.03284078 0.02973589 0.02782169 0.02560018 0.03326048 0.0288084
 0.02725497 0.02659924 0.02524444 0.02617064 0.02723289 0.0310409
 0.0265666  0.02397491 0.02399818 0.03220153 0.02553534 0.02446733
 0.02749808 0.03054209 0.0248542  0.02393785 0.02402005 0.02299637
 0.02404587 0.02476496 0.02382702 0.02613952 0.02344782 0.02206241
 0.02157145 0.02860548 0.02494315 0.02315825 0.02202374 0.02150204
 0.02134235 0.02228912 0.03324344 0.02401968 0.02209777 0.0212942
 0.02109924 0.02099669 0.0259385  0.02746491 0.02307076 0.02150119
 0.02108504 0.02418229 0.02192906 0.02134506 0.02102486 0.02108541
 0.02546835 0.0252309  0.02246729 0.02122149 0.02222498 0.02369679
 0.02139595 0.02123964 0.02084618 0.02211443 0.02722651 0.02303844
 0.02140996 0.02089381 0.02064454 0.0207889  0.02171199 0.02520323
 0.02143214 0.02069911 0.02048197 0.0204568  0.0204096  0.02244917
 0.02439145 0.02126465 0.02051073 0.02036584 0.02033569]
epoch= 161 	 time= 1173.1136247475943 min 	 loss= 0.02332806868165762
epoch= 162 	 time= 1180.626407198111 min 	 loss= 0.023163399529006378
epoch= 163 	 time= 1188.133424850305 min 	 loss= 0.022109196439702248
epoch= 164 	 time= 1195.6493268648783 min 	 loss= 0.020697347755064145
epoch= 165 	 time= 1203.159570256869 min 	 loss= 0.020304540543598072
epoch= 166 	 time= 1210.6548318266869 min 	 loss= 0.02029900230637643
epoch= 167 	 time= 1218.167342110475 min 	 loss= 0.022454377536229884
epoch= 168 	 time= 1225.67489896218 min 	 loss= 0.020774171886610158
epoch= 169 	 time= 1233.1812068223953 min 	 loss= 0.02035919369525249
epoch= 170 	 time= 1240.6906607230505 min 	 loss= 0.020198364659911476
[0.20140571 0.11619525 0.11434558 0.11375166 0.10769804 0.10573024
 0.10293786 0.10353145 0.10309312 0.10629246 0.10553031 0.10230088
 0.10287841 0.09983365 0.09755954 0.10045106 0.09908915 0.09771728
 0.09341663 0.09315095 0.09447065 0.08988157 0.08908748 0.08513039
 0.08447454 0.08256602 0.07825043 0.08094682 0.0775244  0.07333818
 0.07527541 0.07054696 0.06812846 0.06860557 0.06525308 0.06307634
 0.06179787 0.05939342 0.06084903 0.05556616 0.05512382 0.05393707
 0.05252028 0.05429508 0.05140316 0.04688758 0.04898701 0.04936943
 0.04555421 0.04784516 0.04195986 0.04188139 0.04092966 0.03805013
 0.04092927 0.03769942 0.03885819 0.03747596 0.03634748 0.0358281
 0.03529484 0.03505723 0.032322   0.03358419 0.03504206 0.03241828
 0.03478845 0.03157678 0.03050377 0.02952325 0.03919232 0.03429776
 0.02812316 0.02995761 0.02864392 0.03307047 0.03011535 0.02656605
 0.03284078 0.02973589 0.02782169 0.02560018 0.03326048 0.0288084
 0.02725497 0.02659924 0.02524444 0.02617064 0.02723289 0.0310409
 0.0265666  0.02397491 0.02399818 0.03220153 0.02553534 0.02446733
 0.02749808 0.03054209 0.0248542  0.02393785 0.02402005 0.02299637
 0.02404587 0.02476496 0.02382702 0.02613952 0.02344782 0.02206241
 0.02157145 0.02860548 0.02494315 0.02315825 0.02202374 0.02150204
 0.02134235 0.02228912 0.03324344 0.02401968 0.02209777 0.0212942
 0.02109924 0.02099669 0.0259385  0.02746491 0.02307076 0.02150119
 0.02108504 0.02418229 0.02192906 0.02134506 0.02102486 0.02108541
 0.02546835 0.0252309  0.02246729 0.02122149 0.02222498 0.02369679
 0.02139595 0.02123964 0.02084618 0.02211443 0.02722651 0.02303844
 0.02140996 0.02089381 0.02064454 0.0207889  0.02171199 0.02520323
 0.02143214 0.02069911 0.02048197 0.0204568  0.0204096  0.02244917
 0.02439145 0.02126465 0.02051073 0.02036584 0.02033569 0.02332807
 0.0231634  0.0221092  0.02069735 0.02030454 0.020299   0.02245438
 0.02077417 0.02035919 0.02019836]
epoch= 171 	 time= 1248.2149915774664 min 	 loss= 0.02019630969770567
epoch= 172 	 time= 1255.7269492387773 min 	 loss= 0.02027875989038848
epoch= 173 	 time= 1263.2329299728076 min 	 loss= 0.021481355663431644
epoch= 174 	 time= 1270.7463334321976 min 	 loss= 0.022871623805789238
epoch= 175 	 time= 1278.2519810914994 min 	 loss= 0.021572577143127394
epoch= 176 	 time= 1285.7641437371572 min 	 loss= 0.021309401967727987
epoch= 177 	 time= 1293.2751863837243 min 	 loss= 0.0213776670687923
epoch= 178 	 time= 1300.7809464613597 min 	 loss= 0.02053640711257575
epoch= 179 	 time= 1308.2904918313027 min 	 loss= 0.020358554916417068
epoch= 180 	 time= 1315.8002011060714 min 	 loss= 0.020239761764128575
[0.20140571 0.11619525 0.11434558 0.11375166 0.10769804 0.10573024
 0.10293786 0.10353145 0.10309312 0.10629246 0.10553031 0.10230088
 0.10287841 0.09983365 0.09755954 0.10045106 0.09908915 0.09771728
 0.09341663 0.09315095 0.09447065 0.08988157 0.08908748 0.08513039
 0.08447454 0.08256602 0.07825043 0.08094682 0.0775244  0.07333818
 0.07527541 0.07054696 0.06812846 0.06860557 0.06525308 0.06307634
 0.06179787 0.05939342 0.06084903 0.05556616 0.05512382 0.05393707
 0.05252028 0.05429508 0.05140316 0.04688758 0.04898701 0.04936943
 0.04555421 0.04784516 0.04195986 0.04188139 0.04092966 0.03805013
 0.04092927 0.03769942 0.03885819 0.03747596 0.03634748 0.0358281
 0.03529484 0.03505723 0.032322   0.03358419 0.03504206 0.03241828
 0.03478845 0.03157678 0.03050377 0.02952325 0.03919232 0.03429776
 0.02812316 0.02995761 0.02864392 0.03307047 0.03011535 0.02656605
 0.03284078 0.02973589 0.02782169 0.02560018 0.03326048 0.0288084
 0.02725497 0.02659924 0.02524444 0.02617064 0.02723289 0.0310409
 0.0265666  0.02397491 0.02399818 0.03220153 0.02553534 0.02446733
 0.02749808 0.03054209 0.0248542  0.02393785 0.02402005 0.02299637
 0.02404587 0.02476496 0.02382702 0.02613952 0.02344782 0.02206241
 0.02157145 0.02860548 0.02494315 0.02315825 0.02202374 0.02150204
 0.02134235 0.02228912 0.03324344 0.02401968 0.02209777 0.0212942
 0.02109924 0.02099669 0.0259385  0.02746491 0.02307076 0.02150119
 0.02108504 0.02418229 0.02192906 0.02134506 0.02102486 0.02108541
 0.02546835 0.0252309  0.02246729 0.02122149 0.02222498 0.02369679
 0.02139595 0.02123964 0.02084618 0.02211443 0.02722651 0.02303844
 0.02140996 0.02089381 0.02064454 0.0207889  0.02171199 0.02520323
 0.02143214 0.02069911 0.02048197 0.0204568  0.0204096  0.02244917
 0.02439145 0.02126465 0.02051073 0.02036584 0.02033569 0.02332807
 0.0231634  0.0221092  0.02069735 0.02030454 0.020299   0.02245438
 0.02077417 0.02035919 0.02019836 0.02019631 0.02027876 0.02148136
 0.02287162 0.02157258 0.0213094  0.02137767 0.02053641 0.02035855
 0.02023976]
epoch= 181 	 time= 1323.3193733294804 min 	 loss= 0.022613961312583728
epoch= 182 	 time= 1330.8273518800736 min 	 loss= 0.02045788473320458
epoch= 183 	 time= 1338.3312620917957 min 	 loss= 0.020204687934854134
epoch= 184 	 time= 1345.8377934773764 min 	 loss= 0.020150254553073507
epoch= 185 	 time= 1353.3500034968058 min 	 loss= 0.020092740428082807
epoch= 186 	 time= 1360.865272517999 min 	 loss= 0.020511436203430895
epoch= 187 	 time= 1368.3763522704442 min 	 loss= 0.0241886508766217
epoch= 188 	 time= 1375.8834968010585 min 	 loss= 0.02230198580384722
epoch= 189 	 time= 1383.3980016350747 min 	 loss= 0.020688961313939852
epoch= 190 	 time= 1390.9097099542619 min 	 loss= 0.020336897862734366
[0.20140571 0.11619525 0.11434558 0.11375166 0.10769804 0.10573024
 0.10293786 0.10353145 0.10309312 0.10629246 0.10553031 0.10230088
 0.10287841 0.09983365 0.09755954 0.10045106 0.09908915 0.09771728
 0.09341663 0.09315095 0.09447065 0.08988157 0.08908748 0.08513039
 0.08447454 0.08256602 0.07825043 0.08094682 0.0775244  0.07333818
 0.07527541 0.07054696 0.06812846 0.06860557 0.06525308 0.06307634
 0.06179787 0.05939342 0.06084903 0.05556616 0.05512382 0.05393707
 0.05252028 0.05429508 0.05140316 0.04688758 0.04898701 0.04936943
 0.04555421 0.04784516 0.04195986 0.04188139 0.04092966 0.03805013
 0.04092927 0.03769942 0.03885819 0.03747596 0.03634748 0.0358281
 0.03529484 0.03505723 0.032322   0.03358419 0.03504206 0.03241828
 0.03478845 0.03157678 0.03050377 0.02952325 0.03919232 0.03429776
 0.02812316 0.02995761 0.02864392 0.03307047 0.03011535 0.02656605
 0.03284078 0.02973589 0.02782169 0.02560018 0.03326048 0.0288084
 0.02725497 0.02659924 0.02524444 0.02617064 0.02723289 0.0310409
 0.0265666  0.02397491 0.02399818 0.03220153 0.02553534 0.02446733
 0.02749808 0.03054209 0.0248542  0.02393785 0.02402005 0.02299637
 0.02404587 0.02476496 0.02382702 0.02613952 0.02344782 0.02206241
 0.02157145 0.02860548 0.02494315 0.02315825 0.02202374 0.02150204
 0.02134235 0.02228912 0.03324344 0.02401968 0.02209777 0.0212942
 0.02109924 0.02099669 0.0259385  0.02746491 0.02307076 0.02150119
 0.02108504 0.02418229 0.02192906 0.02134506 0.02102486 0.02108541
 0.02546835 0.0252309  0.02246729 0.02122149 0.02222498 0.02369679
 0.02139595 0.02123964 0.02084618 0.02211443 0.02722651 0.02303844
 0.02140996 0.02089381 0.02064454 0.0207889  0.02171199 0.02520323
 0.02143214 0.02069911 0.02048197 0.0204568  0.0204096  0.02244917
 0.02439145 0.02126465 0.02051073 0.02036584 0.02033569 0.02332807
 0.0231634  0.0221092  0.02069735 0.02030454 0.020299   0.02245438
 0.02077417 0.02035919 0.02019836 0.02019631 0.02027876 0.02148136
 0.02287162 0.02157258 0.0213094  0.02137767 0.02053641 0.02035855
 0.02023976 0.02261396 0.02045788 0.02020469 0.02015025 0.02009274
 0.02051144 0.02418865 0.02230199 0.02068896 0.0203369 ]
epoch= 191 	 time= 1398.423541311423 min 	 loss= 0.020110514247518783
epoch= 192 	 time= 1405.9333277146022 min 	 loss= 0.020991501346075258
epoch= 193 	 time= 1413.440771985054 min 	 loss= 0.02087362118009878
epoch= 194 	 time= 1420.9558240493138 min 	 loss= 0.020125663625959862
epoch= 195 	 time= 1428.4680644035338 min 	 loss= 0.02022348681454139
epoch= 196 	 time= 1435.9757678190867 min 	 loss= 0.02011201803398542
epoch= 197 	 time= 1443.4817835728327 min 	 loss= 0.02025741714110416
epoch= 198 	 time= 1450.9905443549155 min 	 loss= 0.022871450538274406
epoch= 199 	 time= 1458.4969889998436 min 	 loss= 0.021631522557182148
Finish Training
