cuda
3300
825
27542543
torch.Size([5, 3, 128, 128])
epoch= 0 	 time= 5.250574771563212 min 	 loss= 0.46379175959211405
[0.46379176]
epoch= 1 	 time= 10.296073110898336 min 	 loss= 0.36110092825961837
epoch= 2 	 time= 15.33844217856725 min 	 loss= 0.3507610150720134
epoch= 3 	 time= 20.377879333496093 min 	 loss= 0.34876358593955187
epoch= 4 	 time= 25.415738737583162 min 	 loss= 0.35563758611679075
epoch= 5 	 time= 30.449959778785704 min 	 loss= 0.3452588545914852
epoch= 6 	 time= 35.486350043614706 min 	 loss= 0.3401096939498728
epoch= 7 	 time= 41.76137605508168 min 	 loss= 0.33910921889724155
epoch= 8 	 time= 49.302385751406355 min 	 loss= 0.3406676921158126
epoch= 9 	 time= 56.844884145259854 min 	 loss= 0.34558448936000014
epoch= 10 	 time= 64.38231604496637 min 	 loss= 0.338072489825162
[0.46379176 0.36110093 0.35076102 0.34876359 0.35563759 0.34525885
 0.34010969 0.33910922 0.34066769 0.34558449 0.33807249]
epoch= 11 	 time= 71.9198633035024 min 	 loss= 0.3361154421351173
epoch= 12 	 time= 79.45972277720769 min 	 loss= 0.3355371144323638
epoch= 13 	 time= 86.99531308412551 min 	 loss= 0.33369751552740734
epoch= 14 	 time= 94.52647287845612 min 	 loss= 0.3368102485483343
epoch= 15 	 time= 102.05530307292938 min 	 loss= 0.33796773316282214
epoch= 16 	 time= 109.59040541251501 min 	 loss= 0.3302174512364648
epoch= 17 	 time= 117.12447644472122 min 	 loss= 0.3273655145818537
epoch= 18 	 time= 124.64637228647868 min 	 loss= 0.3219760167056864
epoch= 19 	 time= 132.1717399875323 min 	 loss= 0.3172462551340912
epoch= 20 	 time= 139.69261025190355 min 	 loss= 0.3106408436912479
[0.46379176 0.36110093 0.35076102 0.34876359 0.35563759 0.34525885
 0.34010969 0.33910922 0.34066769 0.34558449 0.33807249 0.33611544
 0.33553711 0.33369752 0.33681025 0.33796773 0.33021745 0.32736551
 0.32197602 0.31724626 0.31064084]
epoch= 21 	 time= 147.2268723964691 min 	 loss= 0.30987533661452205
epoch= 22 	 time= 154.7539697766304 min 	 loss= 0.30046935218753235
epoch= 23 	 time= 162.27671400308608 min 	 loss= 0.29317896351669775
epoch= 24 	 time= 169.80463887453078 min 	 loss= 0.28508836141138366
epoch= 25 	 time= 177.32637853622435 min 	 loss= 0.2785211903669617
epoch= 26 	 time= 184.85298097531 min 	 loss= 0.2689335625460654
epoch= 27 	 time= 192.37493035793304 min 	 loss= 0.2604808605620355
epoch= 28 	 time= 199.89602035284042 min 	 loss= 0.2503276498751207
epoch= 29 	 time= 207.4193030277888 min 	 loss= 0.23898857671203036
epoch= 30 	 time= 214.9455045660337 min 	 loss= 0.2266669893987251
[0.46379176 0.36110093 0.35076102 0.34876359 0.35563759 0.34525885
 0.34010969 0.33910922 0.34066769 0.34558449 0.33807249 0.33611544
 0.33553711 0.33369752 0.33681025 0.33796773 0.33021745 0.32736551
 0.32197602 0.31724626 0.31064084 0.30987534 0.30046935 0.29317896
 0.28508836 0.27852119 0.26893356 0.26048086 0.25032765 0.23898858
 0.22666699]
epoch= 31 	 time= 222.47502820889156 min 	 loss= 0.2154757226597179
epoch= 32 	 time= 229.99526348511378 min 	 loss= 0.20358295346751357
epoch= 33 	 time= 237.5167836387952 min 	 loss= 0.18917759251413924
epoch= 34 	 time= 245.0430941740672 min 	 loss= 0.17789965384837353
epoch= 35 	 time= 252.56216249068578 min 	 loss= 0.16887613357919634
epoch= 36 	 time= 260.0864884177844 min 	 loss= 0.16393655390901998
epoch= 37 	 time= 267.60829695065814 min 	 loss= 0.15654793171268522
epoch= 38 	 time= 275.12920390764873 min 	 loss= 0.14942319711049398
epoch= 39 	 time= 282.6524158835411 min 	 loss= 0.1442427790842273
epoch= 40 	 time= 290.1699450969696 min 	 loss= 0.1400141202184287
[0.46379176 0.36110093 0.35076102 0.34876359 0.35563759 0.34525885
 0.34010969 0.33910922 0.34066769 0.34558449 0.33807249 0.33611544
 0.33553711 0.33369752 0.33681025 0.33796773 0.33021745 0.32736551
 0.32197602 0.31724626 0.31064084 0.30987534 0.30046935 0.29317896
 0.28508836 0.27852119 0.26893356 0.26048086 0.25032765 0.23898858
 0.22666699 0.21547572 0.20358295 0.18917759 0.17789965 0.16887613
 0.16393655 0.15654793 0.1494232  0.14424278 0.14001412]
epoch= 41 	 time= 297.69829414288205 min 	 loss= 0.1379583869422927
epoch= 42 	 time= 305.2157628615697 min 	 loss= 0.1373787945779887
epoch= 43 	 time= 312.7352000157038 min 	 loss= 0.13378900157231274
epoch= 44 	 time= 320.25613925854367 min 	 loss= 0.1255902286009355
epoch= 45 	 time= 327.7715243776639 min 	 loss= 0.12811553199182857
epoch= 46 	 time= 335.29069977998734 min 	 loss= 0.12674470511801314
epoch= 47 	 time= 342.8077962756157 min 	 loss= 0.13172986142563098
epoch= 48 	 time= 350.32533145745595 min 	 loss= 0.11989312237862385
epoch= 49 	 time= 357.8422285556793 min 	 loss= 0.12278541586615822
epoch= 50 	 time= 365.35711216131847 min 	 loss= 0.11371375052314817
[0.46379176 0.36110093 0.35076102 0.34876359 0.35563759 0.34525885
 0.34010969 0.33910922 0.34066769 0.34558449 0.33807249 0.33611544
 0.33553711 0.33369752 0.33681025 0.33796773 0.33021745 0.32736551
 0.32197602 0.31724626 0.31064084 0.30987534 0.30046935 0.29317896
 0.28508836 0.27852119 0.26893356 0.26048086 0.25032765 0.23898858
 0.22666699 0.21547572 0.20358295 0.18917759 0.17789965 0.16887613
 0.16393655 0.15654793 0.1494232  0.14424278 0.14001412 0.13795839
 0.13737879 0.133789   0.12559023 0.12811553 0.12674471 0.13172986
 0.11989312 0.12278542 0.11371375]
epoch= 51 	 time= 372.87852334976196 min 	 loss= 0.10820768770846453
epoch= 52 	 time= 380.3955672462781 min 	 loss= 0.11198743613831924
epoch= 53 	 time= 387.9109748005867 min 	 loss= 0.11337069293314761
epoch= 54 	 time= 395.4288827697436 min 	 loss= 0.11171667761874922
epoch= 55 	 time= 402.94526407321297 min 	 loss= 0.10757022999904373
epoch= 56 	 time= 410.4624941190084 min 	 loss= 0.11147438903649648
epoch= 57 	 time= 417.9796163360278 min 	 loss= 0.11286114109059175
epoch= 58 	 time= 425.4967860062917 min 	 loss= 0.10466338935223493
epoch= 59 	 time= 433.01576544443765 min 	 loss= 0.11113592044873671
epoch= 60 	 time= 440.52999374071754 min 	 loss= 0.10915775262045138
[0.46379176 0.36110093 0.35076102 0.34876359 0.35563759 0.34525885
 0.34010969 0.33910922 0.34066769 0.34558449 0.33807249 0.33611544
 0.33553711 0.33369752 0.33681025 0.33796773 0.33021745 0.32736551
 0.32197602 0.31724626 0.31064084 0.30987534 0.30046935 0.29317896
 0.28508836 0.27852119 0.26893356 0.26048086 0.25032765 0.23898858
 0.22666699 0.21547572 0.20358295 0.18917759 0.17789965 0.16887613
 0.16393655 0.15654793 0.1494232  0.14424278 0.14001412 0.13795839
 0.13737879 0.133789   0.12559023 0.12811553 0.12674471 0.13172986
 0.11989312 0.12278542 0.11371375 0.10820769 0.11198744 0.11337069
 0.11171668 0.10757023 0.11147439 0.11286114 0.10466339 0.11113592
 0.10915775]
epoch= 61 	 time= 448.04968569676083 min 	 loss= 0.10996113578930046
epoch= 62 	 time= 455.57041399478913 min 	 loss= 0.10504908525130965
epoch= 63 	 time= 463.08926770687106 min 	 loss= 0.10565893206632498
epoch= 64 	 time= 470.603579612573 min 	 loss= 0.10754982013819796
epoch= 65 	 time= 478.1193856755892 min 	 loss= 0.10357593182587263
epoch= 66 	 time= 485.63917058706284 min 	 loss= 0.10612610312122288
epoch= 67 	 time= 493.15326758225757 min 	 loss= 0.1046128358353268
epoch= 68 	 time= 500.6622439066569 min 	 loss= 0.09968786916723757
epoch= 69 	 time= 508.1735525806745 min 	 loss= 0.10068245717070319
epoch= 70 	 time= 515.6901211619377 min 	 loss= 0.11043270323764194
[0.46379176 0.36110093 0.35076102 0.34876359 0.35563759 0.34525885
 0.34010969 0.33910922 0.34066769 0.34558449 0.33807249 0.33611544
 0.33553711 0.33369752 0.33681025 0.33796773 0.33021745 0.32736551
 0.32197602 0.31724626 0.31064084 0.30987534 0.30046935 0.29317896
 0.28508836 0.27852119 0.26893356 0.26048086 0.25032765 0.23898858
 0.22666699 0.21547572 0.20358295 0.18917759 0.17789965 0.16887613
 0.16393655 0.15654793 0.1494232  0.14424278 0.14001412 0.13795839
 0.13737879 0.133789   0.12559023 0.12811553 0.12674471 0.13172986
 0.11989312 0.12278542 0.11371375 0.10820769 0.11198744 0.11337069
 0.11171668 0.10757023 0.11147439 0.11286114 0.10466339 0.11113592
 0.10915775 0.10996114 0.10504909 0.10565893 0.10754982 0.10357593
 0.1061261  0.10461284 0.09968787 0.10068246 0.1104327 ]
epoch= 71 	 time= 523.2087839404742 min 	 loss= 0.10403868505900557
epoch= 72 	 time= 530.7263237158458 min 	 loss= 0.09938030549974153
epoch= 73 	 time= 538.2423692107201 min 	 loss= 0.10516929768703201
epoch= 74 	 time= 545.7557133197785 min 	 loss= 0.10499085553667763
epoch= 75 	 time= 553.2685161034266 min 	 loss= 0.09778197207234123
epoch= 76 	 time= 560.787795762221 min 	 loss= 0.10120754674528584
epoch= 77 	 time= 568.3050460418066 min 	 loss= 0.10468939871950583
epoch= 78 	 time= 575.8194665590922 min 	 loss= 0.09815978842928554
epoch= 79 	 time= 583.3387952287992 min 	 loss= 0.0992465355676232
epoch= 80 	 time= 590.8525777856509 min 	 loss= 0.10801200087774884
[0.46379176 0.36110093 0.35076102 0.34876359 0.35563759 0.34525885
 0.34010969 0.33910922 0.34066769 0.34558449 0.33807249 0.33611544
 0.33553711 0.33369752 0.33681025 0.33796773 0.33021745 0.32736551
 0.32197602 0.31724626 0.31064084 0.30987534 0.30046935 0.29317896
 0.28508836 0.27852119 0.26893356 0.26048086 0.25032765 0.23898858
 0.22666699 0.21547572 0.20358295 0.18917759 0.17789965 0.16887613
 0.16393655 0.15654793 0.1494232  0.14424278 0.14001412 0.13795839
 0.13737879 0.133789   0.12559023 0.12811553 0.12674471 0.13172986
 0.11989312 0.12278542 0.11371375 0.10820769 0.11198744 0.11337069
 0.11171668 0.10757023 0.11147439 0.11286114 0.10466339 0.11113592
 0.10915775 0.10996114 0.10504909 0.10565893 0.10754982 0.10357593
 0.1061261  0.10461284 0.09968787 0.10068246 0.1104327  0.10403869
 0.09938031 0.1051693  0.10499086 0.09778197 0.10120755 0.1046894
 0.09815979 0.09924654 0.108012  ]
epoch= 81 	 time= 598.3743012944857 min 	 loss= 0.10286409036905476
epoch= 82 	 time= 605.8899625619252 min 	 loss= 0.09664394448652412
epoch= 83 	 time= 613.4079449812572 min 	 loss= 0.09376548538492485
epoch= 84 	 time= 620.9262193441391 min 	 loss= 0.09773685863975323
epoch= 85 	 time= 628.4398339271545 min 	 loss= 0.10823660625427058
epoch= 86 	 time= 635.9545162796974 min 	 loss= 0.10060036621084718
epoch= 87 	 time= 643.4687992413839 min 	 loss= 0.09727726110003211
epoch= 88 	 time= 650.9849297602972 min 	 loss= 0.09763464646131703
epoch= 89 	 time= 658.5089761892955 min 	 loss= 0.10689682405329112
epoch= 90 	 time= 666.0291167537372 min 	 loss= 0.09494260802639254
[0.46379176 0.36110093 0.35076102 0.34876359 0.35563759 0.34525885
 0.34010969 0.33910922 0.34066769 0.34558449 0.33807249 0.33611544
 0.33553711 0.33369752 0.33681025 0.33796773 0.33021745 0.32736551
 0.32197602 0.31724626 0.31064084 0.30987534 0.30046935 0.29317896
 0.28508836 0.27852119 0.26893356 0.26048086 0.25032765 0.23898858
 0.22666699 0.21547572 0.20358295 0.18917759 0.17789965 0.16887613
 0.16393655 0.15654793 0.1494232  0.14424278 0.14001412 0.13795839
 0.13737879 0.133789   0.12559023 0.12811553 0.12674471 0.13172986
 0.11989312 0.12278542 0.11371375 0.10820769 0.11198744 0.11337069
 0.11171668 0.10757023 0.11147439 0.11286114 0.10466339 0.11113592
 0.10915775 0.10996114 0.10504909 0.10565893 0.10754982 0.10357593
 0.1061261  0.10461284 0.09968787 0.10068246 0.1104327  0.10403869
 0.09938031 0.1051693  0.10499086 0.09778197 0.10120755 0.1046894
 0.09815979 0.09924654 0.108012   0.10286409 0.09664394 0.09376549
 0.09773686 0.10823661 0.10060037 0.09727726 0.09763465 0.10689682
 0.09494261]
epoch= 91 	 time= 673.5503166755041 min 	 loss= 0.09212262189297965
epoch= 92 	 time= 681.0698540687561 min 	 loss= 0.09159091503105381
epoch= 93 	 time= 688.5876271565755 min 	 loss= 0.11052168031307784
epoch= 94 	 time= 696.1008549133936 min 	 loss= 0.10410356246386514
epoch= 95 	 time= 703.6127710739771 min 	 loss= 0.0949015466327017
epoch= 96 	 time= 711.1316751917203 min 	 loss= 0.09074280006077254
epoch= 97 	 time= 718.6477759559949 min 	 loss= 0.08999255234544927
epoch= 98 	 time= 726.1604845841725 min 	 loss= 0.10205887305691387
epoch= 99 	 time= 733.6737295667331 min 	 loss= 0.10415853855736328
epoch= 100 	 time= 741.1906388441722 min 	 loss= 0.0950478904310501
[0.46379176 0.36110093 0.35076102 0.34876359 0.35563759 0.34525885
 0.34010969 0.33910922 0.34066769 0.34558449 0.33807249 0.33611544
 0.33553711 0.33369752 0.33681025 0.33796773 0.33021745 0.32736551
 0.32197602 0.31724626 0.31064084 0.30987534 0.30046935 0.29317896
 0.28508836 0.27852119 0.26893356 0.26048086 0.25032765 0.23898858
 0.22666699 0.21547572 0.20358295 0.18917759 0.17789965 0.16887613
 0.16393655 0.15654793 0.1494232  0.14424278 0.14001412 0.13795839
 0.13737879 0.133789   0.12559023 0.12811553 0.12674471 0.13172986
 0.11989312 0.12278542 0.11371375 0.10820769 0.11198744 0.11337069
 0.11171668 0.10757023 0.11147439 0.11286114 0.10466339 0.11113592
 0.10915775 0.10996114 0.10504909 0.10565893 0.10754982 0.10357593
 0.1061261  0.10461284 0.09968787 0.10068246 0.1104327  0.10403869
 0.09938031 0.1051693  0.10499086 0.09778197 0.10120755 0.1046894
 0.09815979 0.09924654 0.108012   0.10286409 0.09664394 0.09376549
 0.09773686 0.10823661 0.10060037 0.09727726 0.09763465 0.10689682
 0.09494261 0.09212262 0.09159092 0.11052168 0.10410356 0.09490155
 0.0907428  0.08999255 0.10205887 0.10415854 0.09504789]
epoch= 101 	 time= 748.7127426981926 min 	 loss= 0.09062757454360976
epoch= 102 	 time= 756.2311037341753 min 	 loss= 0.08903179390638163
epoch= 103 	 time= 763.7529570659002 min 	 loss= 0.09102069280590072
epoch= 104 	 time= 771.2749831398328 min 	 loss= 0.10081083020929134
epoch= 105 	 time= 778.79174999396 min 	 loss= 0.09620550803840161
epoch= 106 	 time= 786.3046734452248 min 	 loss= 0.09017001249573448
epoch= 107 	 time= 793.8176553726196 min 	 loss= 0.08854632710868662
epoch= 108 	 time= 801.3280836383502 min 	 loss= 0.08917616314508699
epoch= 109 	 time= 808.8440674185753 min 	 loss= 0.09732723875253489
epoch= 110 	 time= 816.3593936562538 min 	 loss= 0.09166166564054562
[0.46379176 0.36110093 0.35076102 0.34876359 0.35563759 0.34525885
 0.34010969 0.33910922 0.34066769 0.34558449 0.33807249 0.33611544
 0.33553711 0.33369752 0.33681025 0.33796773 0.33021745 0.32736551
 0.32197602 0.31724626 0.31064084 0.30987534 0.30046935 0.29317896
 0.28508836 0.27852119 0.26893356 0.26048086 0.25032765 0.23898858
 0.22666699 0.21547572 0.20358295 0.18917759 0.17789965 0.16887613
 0.16393655 0.15654793 0.1494232  0.14424278 0.14001412 0.13795839
 0.13737879 0.133789   0.12559023 0.12811553 0.12674471 0.13172986
 0.11989312 0.12278542 0.11371375 0.10820769 0.11198744 0.11337069
 0.11171668 0.10757023 0.11147439 0.11286114 0.10466339 0.11113592
 0.10915775 0.10996114 0.10504909 0.10565893 0.10754982 0.10357593
 0.1061261  0.10461284 0.09968787 0.10068246 0.1104327  0.10403869
 0.09938031 0.1051693  0.10499086 0.09778197 0.10120755 0.1046894
 0.09815979 0.09924654 0.108012   0.10286409 0.09664394 0.09376549
 0.09773686 0.10823661 0.10060037 0.09727726 0.09763465 0.10689682
 0.09494261 0.09212262 0.09159092 0.11052168 0.10410356 0.09490155
 0.0907428  0.08999255 0.10205887 0.10415854 0.09504789 0.09062757
 0.08903179 0.09102069 0.10081083 0.09620551 0.09017001 0.08854633
 0.08917616 0.09732724 0.09166167]
epoch= 111 	 time= 823.8824446121852 min 	 loss= 0.08874053099616007
epoch= 112 	 time= 831.4013795336087 min 	 loss= 0.0875323138340856
epoch= 113 	 time= 838.9247368415197 min 	 loss= 0.09132517710328102
epoch= 114 	 time= 846.4424049218495 min 	 loss= 0.09960637295336434
epoch= 115 	 time= 853.9562071760496 min 	 loss= 0.09462846699989204
epoch= 116 	 time= 861.473536602656 min 	 loss= 0.09032448065551844
epoch= 117 	 time= 868.9907413641612 min 	 loss= 0.08837091539393772
epoch= 118 	 time= 876.5041639089584 min 	 loss= 0.08726136692319855
epoch= 119 	 time= 884.0182265162468 min 	 loss= 0.08786576317115263
epoch= 120 	 time= 891.5325979034106 min 	 loss= 0.10018170682544059
[0.46379176 0.36110093 0.35076102 0.34876359 0.35563759 0.34525885
 0.34010969 0.33910922 0.34066769 0.34558449 0.33807249 0.33611544
 0.33553711 0.33369752 0.33681025 0.33796773 0.33021745 0.32736551
 0.32197602 0.31724626 0.31064084 0.30987534 0.30046935 0.29317896
 0.28508836 0.27852119 0.26893356 0.26048086 0.25032765 0.23898858
 0.22666699 0.21547572 0.20358295 0.18917759 0.17789965 0.16887613
 0.16393655 0.15654793 0.1494232  0.14424278 0.14001412 0.13795839
 0.13737879 0.133789   0.12559023 0.12811553 0.12674471 0.13172986
 0.11989312 0.12278542 0.11371375 0.10820769 0.11198744 0.11337069
 0.11171668 0.10757023 0.11147439 0.11286114 0.10466339 0.11113592
 0.10915775 0.10996114 0.10504909 0.10565893 0.10754982 0.10357593
 0.1061261  0.10461284 0.09968787 0.10068246 0.1104327  0.10403869
 0.09938031 0.1051693  0.10499086 0.09778197 0.10120755 0.1046894
 0.09815979 0.09924654 0.108012   0.10286409 0.09664394 0.09376549
 0.09773686 0.10823661 0.10060037 0.09727726 0.09763465 0.10689682
 0.09494261 0.09212262 0.09159092 0.11052168 0.10410356 0.09490155
 0.0907428  0.08999255 0.10205887 0.10415854 0.09504789 0.09062757
 0.08903179 0.09102069 0.10081083 0.09620551 0.09017001 0.08854633
 0.08917616 0.09732724 0.09166167 0.08874053 0.08753231 0.09132518
 0.09960637 0.09462847 0.09032448 0.08837092 0.08726137 0.08786576
 0.10018171]
epoch= 121 	 time= 899.0480774402619 min 	 loss= 0.09363318223619099
epoch= 122 	 time= 906.5606280604999 min 	 loss= 0.08970049196572015
epoch= 123 	 time= 914.0758243560791 min 	 loss= 0.08747882531899394
epoch= 124 	 time= 921.5948174198469 min 	 loss= 0.08635269982796727
epoch= 125 	 time= 929.1135713179906 min 	 loss= 0.08733145084119204
epoch= 126 	 time= 936.6362394332886 min 	 loss= 0.10073757662014528
epoch= 127 	 time= 944.1497759262721 min 	 loss= 0.0917126830870455
epoch= 128 	 time= 951.6629764556885 min 	 loss= 0.08765767922455614
epoch= 129 	 time= 959.1787573575973 min 	 loss= 0.08650508166036823
epoch= 130 	 time= 966.6910707354546 min 	 loss= 0.08608248135357192
[0.46379176 0.36110093 0.35076102 0.34876359 0.35563759 0.34525885
 0.34010969 0.33910922 0.34066769 0.34558449 0.33807249 0.33611544
 0.33553711 0.33369752 0.33681025 0.33796773 0.33021745 0.32736551
 0.32197602 0.31724626 0.31064084 0.30987534 0.30046935 0.29317896
 0.28508836 0.27852119 0.26893356 0.26048086 0.25032765 0.23898858
 0.22666699 0.21547572 0.20358295 0.18917759 0.17789965 0.16887613
 0.16393655 0.15654793 0.1494232  0.14424278 0.14001412 0.13795839
 0.13737879 0.133789   0.12559023 0.12811553 0.12674471 0.13172986
 0.11989312 0.12278542 0.11371375 0.10820769 0.11198744 0.11337069
 0.11171668 0.10757023 0.11147439 0.11286114 0.10466339 0.11113592
 0.10915775 0.10996114 0.10504909 0.10565893 0.10754982 0.10357593
 0.1061261  0.10461284 0.09968787 0.10068246 0.1104327  0.10403869
 0.09938031 0.1051693  0.10499086 0.09778197 0.10120755 0.1046894
 0.09815979 0.09924654 0.108012   0.10286409 0.09664394 0.09376549
 0.09773686 0.10823661 0.10060037 0.09727726 0.09763465 0.10689682
 0.09494261 0.09212262 0.09159092 0.11052168 0.10410356 0.09490155
 0.0907428  0.08999255 0.10205887 0.10415854 0.09504789 0.09062757
 0.08903179 0.09102069 0.10081083 0.09620551 0.09017001 0.08854633
 0.08917616 0.09732724 0.09166167 0.08874053 0.08753231 0.09132518
 0.09960637 0.09462847 0.09032448 0.08837092 0.08726137 0.08786576
 0.10018171 0.09363318 0.08970049 0.08747883 0.0863527  0.08733145
 0.10073758 0.09171268 0.08765768 0.08650508 0.08608248]
epoch= 131 	 time= 974.2116700013479 min 	 loss= 0.09050377833798076
epoch= 132 	 time= 981.7265031218528 min 	 loss= 0.09966335736215115
epoch= 133 	 time= 989.2423067529996 min 	 loss= 0.09001124585668246
epoch= 134 	 time= 996.7598337690035 min 	 loss= 0.0870196984482534
epoch= 135 	 time= 1004.2763811190923 min 	 loss= 0.08681322826354793
epoch= 136 	 time= 1011.7984390894572 min 	 loss= 0.08819939915429462
epoch= 137 	 time= 1019.3182509660721 min 	 loss= 0.09028853607222889
epoch= 138 	 time= 1026.8291981856028 min 	 loss= 0.09075374872847036
epoch= 139 	 time= 1034.34405670166 min 	 loss= 0.08967825879201745
epoch= 140 	 time= 1041.857693139712 min 	 loss= 0.0903751301291314
[0.46379176 0.36110093 0.35076102 0.34876359 0.35563759 0.34525885
 0.34010969 0.33910922 0.34066769 0.34558449 0.33807249 0.33611544
 0.33553711 0.33369752 0.33681025 0.33796773 0.33021745 0.32736551
 0.32197602 0.31724626 0.31064084 0.30987534 0.30046935 0.29317896
 0.28508836 0.27852119 0.26893356 0.26048086 0.25032765 0.23898858
 0.22666699 0.21547572 0.20358295 0.18917759 0.17789965 0.16887613
 0.16393655 0.15654793 0.1494232  0.14424278 0.14001412 0.13795839
 0.13737879 0.133789   0.12559023 0.12811553 0.12674471 0.13172986
 0.11989312 0.12278542 0.11371375 0.10820769 0.11198744 0.11337069
 0.11171668 0.10757023 0.11147439 0.11286114 0.10466339 0.11113592
 0.10915775 0.10996114 0.10504909 0.10565893 0.10754982 0.10357593
 0.1061261  0.10461284 0.09968787 0.10068246 0.1104327  0.10403869
 0.09938031 0.1051693  0.10499086 0.09778197 0.10120755 0.1046894
 0.09815979 0.09924654 0.108012   0.10286409 0.09664394 0.09376549
 0.09773686 0.10823661 0.10060037 0.09727726 0.09763465 0.10689682
 0.09494261 0.09212262 0.09159092 0.11052168 0.10410356 0.09490155
 0.0907428  0.08999255 0.10205887 0.10415854 0.09504789 0.09062757
 0.08903179 0.09102069 0.10081083 0.09620551 0.09017001 0.08854633
 0.08917616 0.09732724 0.09166167 0.08874053 0.08753231 0.09132518
 0.09960637 0.09462847 0.09032448 0.08837092 0.08726137 0.08786576
 0.10018171 0.09363318 0.08970049 0.08747883 0.0863527  0.08733145
 0.10073758 0.09171268 0.08765768 0.08650508 0.08608248 0.09050378
 0.09966336 0.09001125 0.0870197  0.08681323 0.0881994  0.09028854
 0.09075375 0.08967826 0.09037513]
epoch= 141 	 time= 1049.378115351995 min 	 loss= 0.08965143077075481
epoch= 142 	 time= 1056.8939587752025 min 	 loss= 0.08742641695069545
epoch= 143 	 time= 1064.4047822117805 min 	 loss= 0.0886069415916096
epoch= 144 	 time= 1071.9174111803372 min 	 loss= 0.09317373475567861
epoch= 145 	 time= 1079.4282081604003 min 	 loss= 0.08766954917347793
epoch= 146 	 time= 1086.9430905302365 min 	 loss= 0.08654987375505946
epoch= 147 	 time= 1094.4574523568153 min 	 loss= 0.08488994601549524
epoch= 148 	 time= 1101.9693098386128 min 	 loss= 0.08503502398277774
epoch= 149 	 time= 1109.4810572346053 min 	 loss= 0.09597893699777849
epoch= 150 	 time= 1116.9987552165985 min 	 loss= 0.08913799321335374
[0.46379176 0.36110093 0.35076102 0.34876359 0.35563759 0.34525885
 0.34010969 0.33910922 0.34066769 0.34558449 0.33807249 0.33611544
 0.33553711 0.33369752 0.33681025 0.33796773 0.33021745 0.32736551
 0.32197602 0.31724626 0.31064084 0.30987534 0.30046935 0.29317896
 0.28508836 0.27852119 0.26893356 0.26048086 0.25032765 0.23898858
 0.22666699 0.21547572 0.20358295 0.18917759 0.17789965 0.16887613
 0.16393655 0.15654793 0.1494232  0.14424278 0.14001412 0.13795839
 0.13737879 0.133789   0.12559023 0.12811553 0.12674471 0.13172986
 0.11989312 0.12278542 0.11371375 0.10820769 0.11198744 0.11337069
 0.11171668 0.10757023 0.11147439 0.11286114 0.10466339 0.11113592
 0.10915775 0.10996114 0.10504909 0.10565893 0.10754982 0.10357593
 0.1061261  0.10461284 0.09968787 0.10068246 0.1104327  0.10403869
 0.09938031 0.1051693  0.10499086 0.09778197 0.10120755 0.1046894
 0.09815979 0.09924654 0.108012   0.10286409 0.09664394 0.09376549
 0.09773686 0.10823661 0.10060037 0.09727726 0.09763465 0.10689682
 0.09494261 0.09212262 0.09159092 0.11052168 0.10410356 0.09490155
 0.0907428  0.08999255 0.10205887 0.10415854 0.09504789 0.09062757
 0.08903179 0.09102069 0.10081083 0.09620551 0.09017001 0.08854633
 0.08917616 0.09732724 0.09166167 0.08874053 0.08753231 0.09132518
 0.09960637 0.09462847 0.09032448 0.08837092 0.08726137 0.08786576
 0.10018171 0.09363318 0.08970049 0.08747883 0.0863527  0.08733145
 0.10073758 0.09171268 0.08765768 0.08650508 0.08608248 0.09050378
 0.09966336 0.09001125 0.0870197  0.08681323 0.0881994  0.09028854
 0.09075375 0.08967826 0.09037513 0.08965143 0.08742642 0.08860694
 0.09317373 0.08766955 0.08654987 0.08488995 0.08503502 0.09597894
 0.08913799]
epoch= 151 	 time= 1124.5275723934174 min 	 loss= 0.08655798587835196
epoch= 152 	 time= 1132.044278796514 min 	 loss= 0.08482208992947232
epoch= 153 	 time= 1139.5644843935966 min 	 loss= 0.08400978164690913
epoch= 154 	 time= 1147.0856545329093 min 	 loss= 0.08355207067095873
epoch= 155 	 time= 1154.5965097745259 min 	 loss= 0.09244348980034843
epoch= 156 	 time= 1162.1120748440424 min 	 loss= 0.08977588056614905
epoch= 157 	 time= 1169.6236849188804 min 	 loss= 0.08743261634626172
epoch= 158 	 time= 1177.135175116857 min 	 loss= 0.08430980698854634
epoch= 159 	 time= 1184.6463777184485 min 	 loss= 0.08351053374057467
epoch= 160 	 time= 1192.1589007059733 min 	 loss= 0.08307616688536876
[0.46379176 0.36110093 0.35076102 0.34876359 0.35563759 0.34525885
 0.34010969 0.33910922 0.34066769 0.34558449 0.33807249 0.33611544
 0.33553711 0.33369752 0.33681025 0.33796773 0.33021745 0.32736551
 0.32197602 0.31724626 0.31064084 0.30987534 0.30046935 0.29317896
 0.28508836 0.27852119 0.26893356 0.26048086 0.25032765 0.23898858
 0.22666699 0.21547572 0.20358295 0.18917759 0.17789965 0.16887613
 0.16393655 0.15654793 0.1494232  0.14424278 0.14001412 0.13795839
 0.13737879 0.133789   0.12559023 0.12811553 0.12674471 0.13172986
 0.11989312 0.12278542 0.11371375 0.10820769 0.11198744 0.11337069
 0.11171668 0.10757023 0.11147439 0.11286114 0.10466339 0.11113592
 0.10915775 0.10996114 0.10504909 0.10565893 0.10754982 0.10357593
 0.1061261  0.10461284 0.09968787 0.10068246 0.1104327  0.10403869
 0.09938031 0.1051693  0.10499086 0.09778197 0.10120755 0.1046894
 0.09815979 0.09924654 0.108012   0.10286409 0.09664394 0.09376549
 0.09773686 0.10823661 0.10060037 0.09727726 0.09763465 0.10689682
 0.09494261 0.09212262 0.09159092 0.11052168 0.10410356 0.09490155
 0.0907428  0.08999255 0.10205887 0.10415854 0.09504789 0.09062757
 0.08903179 0.09102069 0.10081083 0.09620551 0.09017001 0.08854633
 0.08917616 0.09732724 0.09166167 0.08874053 0.08753231 0.09132518
 0.09960637 0.09462847 0.09032448 0.08837092 0.08726137 0.08786576
 0.10018171 0.09363318 0.08970049 0.08747883 0.0863527  0.08733145
 0.10073758 0.09171268 0.08765768 0.08650508 0.08608248 0.09050378
 0.09966336 0.09001125 0.0870197  0.08681323 0.0881994  0.09028854
 0.09075375 0.08967826 0.09037513 0.08965143 0.08742642 0.08860694
 0.09317373 0.08766955 0.08654987 0.08488995 0.08503502 0.09597894
 0.08913799 0.08655799 0.08482209 0.08400978 0.08355207 0.09244349
 0.08977588 0.08743262 0.08430981 0.08351053 0.08307617]
epoch= 161 	 time= 1199.7080835143724 min 	 loss= 0.0842575611715967
epoch= 162 	 time= 1207.2230970581372 min 	 loss= 0.0960762191180027
epoch= 163 	 time= 1214.73920703729 min 	 loss= 0.08948167663857792
epoch= 164 	 time= 1222.2489997347195 min 	 loss= 0.08589147809780005
epoch= 165 	 time= 1229.7548656543097 min 	 loss= 0.08425608379597013
epoch= 166 	 time= 1237.265210390091 min 	 loss= 0.08353446106680415
epoch= 167 	 time= 1244.783023416996 min 	 loss= 0.08313133007874994
epoch= 168 	 time= 1252.2965623140335 min 	 loss= 0.08527274680182789
epoch= 169 	 time= 1259.8106665889422 min 	 loss= 0.0906700187131311
epoch= 170 	 time= 1267.3223980148634 min 	 loss= 0.08477344118736008
[0.46379176 0.36110093 0.35076102 0.34876359 0.35563759 0.34525885
 0.34010969 0.33910922 0.34066769 0.34558449 0.33807249 0.33611544
 0.33553711 0.33369752 0.33681025 0.33796773 0.33021745 0.32736551
 0.32197602 0.31724626 0.31064084 0.30987534 0.30046935 0.29317896
 0.28508836 0.27852119 0.26893356 0.26048086 0.25032765 0.23898858
 0.22666699 0.21547572 0.20358295 0.18917759 0.17789965 0.16887613
 0.16393655 0.15654793 0.1494232  0.14424278 0.14001412 0.13795839
 0.13737879 0.133789   0.12559023 0.12811553 0.12674471 0.13172986
 0.11989312 0.12278542 0.11371375 0.10820769 0.11198744 0.11337069
 0.11171668 0.10757023 0.11147439 0.11286114 0.10466339 0.11113592
 0.10915775 0.10996114 0.10504909 0.10565893 0.10754982 0.10357593
 0.1061261  0.10461284 0.09968787 0.10068246 0.1104327  0.10403869
 0.09938031 0.1051693  0.10499086 0.09778197 0.10120755 0.1046894
 0.09815979 0.09924654 0.108012   0.10286409 0.09664394 0.09376549
 0.09773686 0.10823661 0.10060037 0.09727726 0.09763465 0.10689682
 0.09494261 0.09212262 0.09159092 0.11052168 0.10410356 0.09490155
 0.0907428  0.08999255 0.10205887 0.10415854 0.09504789 0.09062757
 0.08903179 0.09102069 0.10081083 0.09620551 0.09017001 0.08854633
 0.08917616 0.09732724 0.09166167 0.08874053 0.08753231 0.09132518
 0.09960637 0.09462847 0.09032448 0.08837092 0.08726137 0.08786576
 0.10018171 0.09363318 0.08970049 0.08747883 0.0863527  0.08733145
 0.10073758 0.09171268 0.08765768 0.08650508 0.08608248 0.09050378
 0.09966336 0.09001125 0.0870197  0.08681323 0.0881994  0.09028854
 0.09075375 0.08967826 0.09037513 0.08965143 0.08742642 0.08860694
 0.09317373 0.08766955 0.08654987 0.08488995 0.08503502 0.09597894
 0.08913799 0.08655799 0.08482209 0.08400978 0.08355207 0.09244349
 0.08977588 0.08743262 0.08430981 0.08351053 0.08307617 0.08425756
 0.09607622 0.08948168 0.08589148 0.08425608 0.08353446 0.08313133
 0.08527275 0.09067002 0.08477344]
epoch= 171 	 time= 1274.8431119322777 min 	 loss= 0.08361282709195758
epoch= 172 	 time= 1282.3577900449434 min 	 loss= 0.08321311543385188
epoch= 173 	 time= 1289.866774280866 min 	 loss= 0.08877226755023003
epoch= 174 	 time= 1297.3833189288775 min 	 loss= 0.08973265068097548
epoch= 175 	 time= 1304.8968848148982 min 	 loss= 0.0848371146664475
epoch= 176 	 time= 1312.4123423258463 min 	 loss= 0.08379338918987549
epoch= 177 	 time= 1319.9292153795561 min 	 loss= 0.08293974011459133
epoch= 178 	 time= 1327.4405876557032 min 	 loss= 0.0823800323463299
epoch= 179 	 time= 1334.954971241951 min 	 loss= 0.08334824891478726
epoch= 180 	 time= 1342.463749261697 min 	 loss= 0.09086604682333542
[0.46379176 0.36110093 0.35076102 0.34876359 0.35563759 0.34525885
 0.34010969 0.33910922 0.34066769 0.34558449 0.33807249 0.33611544
 0.33553711 0.33369752 0.33681025 0.33796773 0.33021745 0.32736551
 0.32197602 0.31724626 0.31064084 0.30987534 0.30046935 0.29317896
 0.28508836 0.27852119 0.26893356 0.26048086 0.25032765 0.23898858
 0.22666699 0.21547572 0.20358295 0.18917759 0.17789965 0.16887613
 0.16393655 0.15654793 0.1494232  0.14424278 0.14001412 0.13795839
 0.13737879 0.133789   0.12559023 0.12811553 0.12674471 0.13172986
 0.11989312 0.12278542 0.11371375 0.10820769 0.11198744 0.11337069
 0.11171668 0.10757023 0.11147439 0.11286114 0.10466339 0.11113592
 0.10915775 0.10996114 0.10504909 0.10565893 0.10754982 0.10357593
 0.1061261  0.10461284 0.09968787 0.10068246 0.1104327  0.10403869
 0.09938031 0.1051693  0.10499086 0.09778197 0.10120755 0.1046894
 0.09815979 0.09924654 0.108012   0.10286409 0.09664394 0.09376549
 0.09773686 0.10823661 0.10060037 0.09727726 0.09763465 0.10689682
 0.09494261 0.09212262 0.09159092 0.11052168 0.10410356 0.09490155
 0.0907428  0.08999255 0.10205887 0.10415854 0.09504789 0.09062757
 0.08903179 0.09102069 0.10081083 0.09620551 0.09017001 0.08854633
 0.08917616 0.09732724 0.09166167 0.08874053 0.08753231 0.09132518
 0.09960637 0.09462847 0.09032448 0.08837092 0.08726137 0.08786576
 0.10018171 0.09363318 0.08970049 0.08747883 0.0863527  0.08733145
 0.10073758 0.09171268 0.08765768 0.08650508 0.08608248 0.09050378
 0.09966336 0.09001125 0.0870197  0.08681323 0.0881994  0.09028854
 0.09075375 0.08967826 0.09037513 0.08965143 0.08742642 0.08860694
 0.09317373 0.08766955 0.08654987 0.08488995 0.08503502 0.09597894
 0.08913799 0.08655799 0.08482209 0.08400978 0.08355207 0.09244349
 0.08977588 0.08743262 0.08430981 0.08351053 0.08307617 0.08425756
 0.09607622 0.08948168 0.08589148 0.08425608 0.08353446 0.08313133
 0.08527275 0.09067002 0.08477344 0.08361283 0.08321312 0.08877227
 0.08973265 0.08483711 0.08379339 0.08293974 0.08238003 0.08334825
 0.09086605]
epoch= 181 	 time= 1349.9809384624164 min 	 loss= 0.09029461854335033
epoch= 182 	 time= 1357.4958245992661 min 	 loss= 0.08599721572841659
epoch= 183 	 time= 1365.0117122968038 min 	 loss= 0.08400937601020841
epoch= 184 	 time= 1372.5232984423637 min 	 loss= 0.0867206780409271
epoch= 185 	 time= 1380.0360523939132 min 	 loss= 0.08406888212895755
epoch= 186 	 time= 1387.5485256314278 min 	 loss= 0.08283684406993967
epoch= 187 	 time= 1395.058314025402 min 	 loss= 0.08232121196434353
epoch= 188 	 time= 1402.5693300803503 min 	 loss= 0.08243806754662232
epoch= 189 	 time= 1410.0802523414293 min 	 loss= 0.09493327676121033
epoch= 190 	 time= 1417.5903538505236 min 	 loss= 0.08710659008134496
[0.46379176 0.36110093 0.35076102 0.34876359 0.35563759 0.34525885
 0.34010969 0.33910922 0.34066769 0.34558449 0.33807249 0.33611544
 0.33553711 0.33369752 0.33681025 0.33796773 0.33021745 0.32736551
 0.32197602 0.31724626 0.31064084 0.30987534 0.30046935 0.29317896
 0.28508836 0.27852119 0.26893356 0.26048086 0.25032765 0.23898858
 0.22666699 0.21547572 0.20358295 0.18917759 0.17789965 0.16887613
 0.16393655 0.15654793 0.1494232  0.14424278 0.14001412 0.13795839
 0.13737879 0.133789   0.12559023 0.12811553 0.12674471 0.13172986
 0.11989312 0.12278542 0.11371375 0.10820769 0.11198744 0.11337069
 0.11171668 0.10757023 0.11147439 0.11286114 0.10466339 0.11113592
 0.10915775 0.10996114 0.10504909 0.10565893 0.10754982 0.10357593
 0.1061261  0.10461284 0.09968787 0.10068246 0.1104327  0.10403869
 0.09938031 0.1051693  0.10499086 0.09778197 0.10120755 0.1046894
 0.09815979 0.09924654 0.108012   0.10286409 0.09664394 0.09376549
 0.09773686 0.10823661 0.10060037 0.09727726 0.09763465 0.10689682
 0.09494261 0.09212262 0.09159092 0.11052168 0.10410356 0.09490155
 0.0907428  0.08999255 0.10205887 0.10415854 0.09504789 0.09062757
 0.08903179 0.09102069 0.10081083 0.09620551 0.09017001 0.08854633
 0.08917616 0.09732724 0.09166167 0.08874053 0.08753231 0.09132518
 0.09960637 0.09462847 0.09032448 0.08837092 0.08726137 0.08786576
 0.10018171 0.09363318 0.08970049 0.08747883 0.0863527  0.08733145
 0.10073758 0.09171268 0.08765768 0.08650508 0.08608248 0.09050378
 0.09966336 0.09001125 0.0870197  0.08681323 0.0881994  0.09028854
 0.09075375 0.08967826 0.09037513 0.08965143 0.08742642 0.08860694
 0.09317373 0.08766955 0.08654987 0.08488995 0.08503502 0.09597894
 0.08913799 0.08655799 0.08482209 0.08400978 0.08355207 0.09244349
 0.08977588 0.08743262 0.08430981 0.08351053 0.08307617 0.08425756
 0.09607622 0.08948168 0.08589148 0.08425608 0.08353446 0.08313133
 0.08527275 0.09067002 0.08477344 0.08361283 0.08321312 0.08877227
 0.08973265 0.08483711 0.08379339 0.08293974 0.08238003 0.08334825
 0.09086605 0.09029462 0.08599722 0.08400938 0.08672068 0.08406888
 0.08283684 0.08232121 0.08243807 0.09493328 0.08710659]
epoch= 191 	 time= 1425.1131866455078 min 	 loss= 0.08449776513784221
epoch= 192 	 time= 1432.629491853714 min 	 loss= 0.08333294554190203
epoch= 193 	 time= 1440.1469264229138 min 	 loss= 0.08285622735592452
epoch= 194 	 time= 1446.3531165003776 min 	 loss= 0.08459934506903995
epoch= 195 	 time= 1451.3575799942016 min 	 loss= 0.09207994402358026
epoch= 196 	 time= 1456.361419248581 min 	 loss= 0.08548525698708766
epoch= 197 	 time= 1461.3660631895066 min 	 loss= 0.08354015505675114
epoch= 198 	 time= 1466.3607710997264 min 	 loss= 0.08249592982684122
epoch= 199 	 time= 1471.3654015898705 min 	 loss= 0.08194429368909562
Finish Training
