cuda
3300
825
27542543
torch.Size([5, 3, 128, 128])
epoch= 0 	 time= 7.762895548343659 min 	 loss= 0.6109989083535744
[0.61099891]
epoch= 1 	 time= 15.304246095816294 min 	 loss= 0.5446083682956118
epoch= 2 	 time= 22.84148328701655 min 	 loss= 0.537985614827185
epoch= 3 	 time= 30.375729330380757 min 	 loss= 0.5343219042546822
epoch= 4 	 time= 37.91751627922058 min 	 loss= 0.5287082448150172
epoch= 5 	 time= 45.45869413614273 min 	 loss= 0.5272495261466864
epoch= 6 	 time= 52.987312750021616 min 	 loss= 0.5236106995019045
epoch= 7 	 time= 60.523507153987886 min 	 loss= 0.5237198117285063
epoch= 8 	 time= 68.05179134607314 min 	 loss= 0.5208212034630053
epoch= 9 	 time= 75.5833425839742 min 	 loss= 0.516601425409317
epoch= 10 	 time= 83.11938254038493 min 	 loss= 0.5136671747944572
[0.61099891 0.54460837 0.53798561 0.5343219  0.52870824 0.52724953
 0.5236107  0.52371981 0.5208212  0.51660143 0.51366717]
epoch= 11 	 time= 90.65655662616093 min 	 loss= 0.5083024954073356
epoch= 12 	 time= 98.17484167814254 min 	 loss= 0.5047666611454703
epoch= 13 	 time= 105.70309157371521 min 	 loss= 0.4994963641961416
epoch= 14 	 time= 113.22756505012512 min 	 loss= 0.49360038847634286
epoch= 15 	 time= 120.74904629786809 min 	 loss= 0.48553574507886715
epoch= 16 	 time= 128.27938009103138 min 	 loss= 0.47757676605022314
epoch= 17 	 time= 135.806210287412 min 	 loss= 0.4678405683329611
epoch= 18 	 time= 143.3203363140424 min 	 loss= 0.45805148406462237
epoch= 19 	 time= 150.8453396121661 min 	 loss= 0.4484658546158762
epoch= 20 	 time= 158.3728281378746 min 	 loss= 0.43453409350279604
[0.61099891 0.54460837 0.53798561 0.5343219  0.52870824 0.52724953
 0.5236107  0.52371981 0.5208212  0.51660143 0.51366717 0.5083025
 0.50476666 0.49949636 0.49360039 0.48553575 0.47757677 0.46784057
 0.45805148 0.44846585 0.43453409]
epoch= 21 	 time= 165.90662860075633 min 	 loss= 0.42141896728313333
epoch= 22 	 time= 173.42193881670633 min 	 loss= 0.4100727480469328
epoch= 23 	 time= 180.94261304934818 min 	 loss= 0.3961250004623875
epoch= 24 	 time= 188.46192580461502 min 	 loss= 0.3834173569534764
epoch= 25 	 time= 195.98485101858776 min 	 loss= 0.36889150695367295
epoch= 26 	 time= 203.50184348026912 min 	 loss= 0.34856193006038666
epoch= 27 	 time= 211.01820717255274 min 	 loss= 0.33487689531210696
epoch= 28 	 time= 218.53735708793005 min 	 loss= 0.3159005438197743
epoch= 29 	 time= 226.05941443840663 min 	 loss= 0.3053136951814998
epoch= 30 	 time= 233.57385872205097 min 	 loss= 0.2866064284606413
[0.61099891 0.54460837 0.53798561 0.5343219  0.52870824 0.52724953
 0.5236107  0.52371981 0.5208212  0.51660143 0.51366717 0.5083025
 0.50476666 0.49949636 0.49360039 0.48553575 0.47757677 0.46784057
 0.45805148 0.44846585 0.43453409 0.42141897 0.41007275 0.396125
 0.38341736 0.36889151 0.34856193 0.3348769  0.31590054 0.3053137
 0.28660643]
epoch= 31 	 time= 241.09375439484913 min 	 loss= 0.2727623698205659
epoch= 32 	 time= 248.60961283842724 min 	 loss= 0.26362275085665965
epoch= 33 	 time= 256.1304477175077 min 	 loss= 0.2553907942049431
epoch= 34 	 time= 263.64371429284415 min 	 loss= 0.2447881889704502
epoch= 35 	 time= 271.16802670955656 min 	 loss= 0.23903754517887577
epoch= 36 	 time= 278.6816076676051 min 	 loss= 0.2355538738857616
epoch= 37 	 time= 286.19517079591753 min 	 loss= 0.22817300879594052
epoch= 38 	 time= 293.7073477188746 min 	 loss= 0.22275195295160466
epoch= 39 	 time= 301.2234457095464 min 	 loss= 0.22216202840660557
epoch= 40 	 time= 308.7356053113937 min 	 loss= 0.213914283766891
[0.61099891 0.54460837 0.53798561 0.5343219  0.52870824 0.52724953
 0.5236107  0.52371981 0.5208212  0.51660143 0.51366717 0.5083025
 0.50476666 0.49949636 0.49360039 0.48553575 0.47757677 0.46784057
 0.45805148 0.44846585 0.43453409 0.42141897 0.41007275 0.396125
 0.38341736 0.36889151 0.34856193 0.3348769  0.31590054 0.3053137
 0.28660643 0.27276237 0.26362275 0.25539079 0.24478819 0.23903755
 0.23555387 0.22817301 0.22275195 0.22216203 0.21391428]
epoch= 41 	 time= 316.2584822932879 min 	 loss= 0.21292502423127493
epoch= 42 	 time= 323.7712088505427 min 	 loss= 0.21168378788413422
epoch= 43 	 time= 331.2830772837003 min 	 loss= 0.21149130427476132
epoch= 44 	 time= 338.8024741530418 min 	 loss= 0.20155593859426904
epoch= 45 	 time= 346.31356908480325 min 	 loss= 0.1971178459037434
epoch= 46 	 time= 353.8356072187424 min 	 loss= 0.20613733152548472
epoch= 47 	 time= 361.3464072863261 min 	 loss= 0.20087851652593325
epoch= 48 	 time= 368.86085569063823 min 	 loss= 0.1936053103389162
epoch= 49 	 time= 376.36865084171296 min 	 loss= 0.19392003312255396
epoch= 50 	 time= 383.87837531169254 min 	 loss= 0.18727415662823302
[0.61099891 0.54460837 0.53798561 0.5343219  0.52870824 0.52724953
 0.5236107  0.52371981 0.5208212  0.51660143 0.51366717 0.5083025
 0.50476666 0.49949636 0.49360039 0.48553575 0.47757677 0.46784057
 0.45805148 0.44846585 0.43453409 0.42141897 0.41007275 0.396125
 0.38341736 0.36889151 0.34856193 0.3348769  0.31590054 0.3053137
 0.28660643 0.27276237 0.26362275 0.25539079 0.24478819 0.23903755
 0.23555387 0.22817301 0.22275195 0.22216203 0.21391428 0.21292502
 0.21168379 0.2114913  0.20155594 0.19711785 0.20613733 0.20087852
 0.19360531 0.19392003 0.18727416]
epoch= 51 	 time= 391.39518493413925 min 	 loss= 0.17778938455112053
epoch= 52 	 time= 398.9054108381271 min 	 loss= 0.1783567122166807
epoch= 53 	 time= 406.4189061244329 min 	 loss= 0.18565293245243303
epoch= 54 	 time= 413.93203327655795 min 	 loss= 0.18187275821512397
epoch= 55 	 time= 421.44173227151236 min 	 loss= 0.17641834260839404
epoch= 56 	 time= 428.95260889132817 min 	 loss= 0.16903730766339736
epoch= 57 	 time= 436.4660753726959 min 	 loss= 0.1724915265404817
epoch= 58 	 time= 443.97323612769446 min 	 loss= 0.17242618690837513
epoch= 59 	 time= 451.49159869352974 min 	 loss= 0.18403303321563835
epoch= 60 	 time= 459.01386980613074 min 	 loss= 0.17359216170780586
[0.61099891 0.54460837 0.53798561 0.5343219  0.52870824 0.52724953
 0.5236107  0.52371981 0.5208212  0.51660143 0.51366717 0.5083025
 0.50476666 0.49949636 0.49360039 0.48553575 0.47757677 0.46784057
 0.45805148 0.44846585 0.43453409 0.42141897 0.41007275 0.396125
 0.38341736 0.36889151 0.34856193 0.3348769  0.31590054 0.3053137
 0.28660643 0.27276237 0.26362275 0.25539079 0.24478819 0.23903755
 0.23555387 0.22817301 0.22275195 0.22216203 0.21391428 0.21292502
 0.21168379 0.2114913  0.20155594 0.19711785 0.20613733 0.20087852
 0.19360531 0.19392003 0.18727416 0.17778938 0.17835671 0.18565293
 0.18187276 0.17641834 0.16903731 0.17249153 0.17242619 0.18403303
 0.17359216]
epoch= 61 	 time= 466.535532494386 min 	 loss= 0.1713964889175964
epoch= 62 	 time= 474.051232000192 min 	 loss= 0.16983763885317427
epoch= 63 	 time= 481.56134046316146 min 	 loss= 0.16946478223258798
epoch= 64 	 time= 489.0710831960042 min 	 loss= 0.16820565259817874
epoch= 65 	 time= 496.58631528218586 min 	 loss= 0.17326978088328332
epoch= 66 	 time= 504.098309246699 min 	 loss= 0.1673883691971952
epoch= 67 	 time= 511.6152803063393 min 	 loss= 0.1716498536413366
epoch= 68 	 time= 519.1225398381551 min 	 loss= 0.16949701477180829
epoch= 69 	 time= 526.6308192650478 min 	 loss= 0.16976460367441176
epoch= 70 	 time= 534.138886086146 min 	 loss= 0.16799428151412443
[0.61099891 0.54460837 0.53798561 0.5343219  0.52870824 0.52724953
 0.5236107  0.52371981 0.5208212  0.51660143 0.51366717 0.5083025
 0.50476666 0.49949636 0.49360039 0.48553575 0.47757677 0.46784057
 0.45805148 0.44846585 0.43453409 0.42141897 0.41007275 0.396125
 0.38341736 0.36889151 0.34856193 0.3348769  0.31590054 0.3053137
 0.28660643 0.27276237 0.26362275 0.25539079 0.24478819 0.23903755
 0.23555387 0.22817301 0.22275195 0.22216203 0.21391428 0.21292502
 0.21168379 0.2114913  0.20155594 0.19711785 0.20613733 0.20087852
 0.19360531 0.19392003 0.18727416 0.17778938 0.17835671 0.18565293
 0.18187276 0.17641834 0.16903731 0.17249153 0.17242619 0.18403303
 0.17359216 0.17139649 0.16983764 0.16946478 0.16820565 0.17326978
 0.16738837 0.17164985 0.16949701 0.1697646  0.16799428]
epoch= 71 	 time= 541.6554699778557 min 	 loss= 0.1641802608515277
epoch= 72 	 time= 549.1673051873843 min 	 loss= 0.16804791404442354
epoch= 73 	 time= 556.683289984862 min 	 loss= 0.16137130464568283
epoch= 74 	 time= 564.197959625721 min 	 loss= 0.16905441733923826
epoch= 75 	 time= 571.7058295965195 min 	 loss= 0.16473962236534465
epoch= 76 	 time= 579.2154403368633 min 	 loss= 0.1648016032847491
epoch= 77 	 time= 586.7242592136065 min 	 loss= 0.16550453078566177
epoch= 78 	 time= 594.2353820681572 min 	 loss= 0.16264547281193012
epoch= 79 	 time= 601.7425591429075 min 	 loss= 0.1650014607292233
epoch= 80 	 time= 609.2568518439929 min 	 loss= 0.16342799478408063
[0.61099891 0.54460837 0.53798561 0.5343219  0.52870824 0.52724953
 0.5236107  0.52371981 0.5208212  0.51660143 0.51366717 0.5083025
 0.50476666 0.49949636 0.49360039 0.48553575 0.47757677 0.46784057
 0.45805148 0.44846585 0.43453409 0.42141897 0.41007275 0.396125
 0.38341736 0.36889151 0.34856193 0.3348769  0.31590054 0.3053137
 0.28660643 0.27276237 0.26362275 0.25539079 0.24478819 0.23903755
 0.23555387 0.22817301 0.22275195 0.22216203 0.21391428 0.21292502
 0.21168379 0.2114913  0.20155594 0.19711785 0.20613733 0.20087852
 0.19360531 0.19392003 0.18727416 0.17778938 0.17835671 0.18565293
 0.18187276 0.17641834 0.16903731 0.17249153 0.17242619 0.18403303
 0.17359216 0.17139649 0.16983764 0.16946478 0.16820565 0.17326978
 0.16738837 0.17164985 0.16949701 0.1697646  0.16799428 0.16418026
 0.16804791 0.1613713  0.16905442 0.16473962 0.1648016  0.16550453
 0.16264547 0.16500146 0.16342799]
epoch= 81 	 time= 616.7771132667859 min 	 loss= 0.15767170822078533
epoch= 82 	 time= 624.2943402250608 min 	 loss= 0.1611651785807176
epoch= 83 	 time= 631.8183239340782 min 	 loss= 0.16396797559478066
epoch= 84 	 time= 639.3386467973392 min 	 loss= 0.16156112893061203
epoch= 85 	 time= 646.8505405743916 min 	 loss= 0.17097030746214317
epoch= 86 	 time= 654.3588942845662 min 	 loss= 0.1586265382170677
epoch= 87 	 time= 661.8785358111064 min 	 loss= 0.15321912881099817
epoch= 88 	 time= 669.383803876241 min 	 loss= 0.16042841603358587
epoch= 89 	 time= 676.8928684075673 min 	 loss= 0.16137764729333645
epoch= 90 	 time= 684.4000238895417 min 	 loss= 0.16314136601758725
[0.61099891 0.54460837 0.53798561 0.5343219  0.52870824 0.52724953
 0.5236107  0.52371981 0.5208212  0.51660143 0.51366717 0.5083025
 0.50476666 0.49949636 0.49360039 0.48553575 0.47757677 0.46784057
 0.45805148 0.44846585 0.43453409 0.42141897 0.41007275 0.396125
 0.38341736 0.36889151 0.34856193 0.3348769  0.31590054 0.3053137
 0.28660643 0.27276237 0.26362275 0.25539079 0.24478819 0.23903755
 0.23555387 0.22817301 0.22275195 0.22216203 0.21391428 0.21292502
 0.21168379 0.2114913  0.20155594 0.19711785 0.20613733 0.20087852
 0.19360531 0.19392003 0.18727416 0.17778938 0.17835671 0.18565293
 0.18187276 0.17641834 0.16903731 0.17249153 0.17242619 0.18403303
 0.17359216 0.17139649 0.16983764 0.16946478 0.16820565 0.17326978
 0.16738837 0.17164985 0.16949701 0.1697646  0.16799428 0.16418026
 0.16804791 0.1613713  0.16905442 0.16473962 0.1648016  0.16550453
 0.16264547 0.16500146 0.16342799 0.15767171 0.16116518 0.16396798
 0.16156113 0.17097031 0.15862654 0.15321913 0.16042842 0.16137765
 0.16314137]
epoch= 91 	 time= 691.9182856321335 min 	 loss= 0.15490132146712504
epoch= 92 	 time= 699.4240456859271 min 	 loss= 0.15694103878555876
epoch= 93 	 time= 706.9347604990005 min 	 loss= 0.15735827587770693
epoch= 94 	 time= 714.4514310876528 min 	 loss= 0.16372848777156887
epoch= 95 	 time= 721.9762298703193 min 	 loss= 0.15311093865922004
epoch= 96 	 time= 729.4981347640355 min 	 loss= 0.1487086137677684
epoch= 97 	 time= 737.010208038489 min 	 loss= 0.16869561384121576
epoch= 98 	 time= 744.5203279256821 min 	 loss= 0.16030743402965142
epoch= 99 	 time= 752.0329425970714 min 	 loss= 0.14988021711508434
epoch= 100 	 time= 759.5461240212122 min 	 loss= 0.1456266003576192
[0.61099891 0.54460837 0.53798561 0.5343219  0.52870824 0.52724953
 0.5236107  0.52371981 0.5208212  0.51660143 0.51366717 0.5083025
 0.50476666 0.49949636 0.49360039 0.48553575 0.47757677 0.46784057
 0.45805148 0.44846585 0.43453409 0.42141897 0.41007275 0.396125
 0.38341736 0.36889151 0.34856193 0.3348769  0.31590054 0.3053137
 0.28660643 0.27276237 0.26362275 0.25539079 0.24478819 0.23903755
 0.23555387 0.22817301 0.22275195 0.22216203 0.21391428 0.21292502
 0.21168379 0.2114913  0.20155594 0.19711785 0.20613733 0.20087852
 0.19360531 0.19392003 0.18727416 0.17778938 0.17835671 0.18565293
 0.18187276 0.17641834 0.16903731 0.17249153 0.17242619 0.18403303
 0.17359216 0.17139649 0.16983764 0.16946478 0.16820565 0.17326978
 0.16738837 0.17164985 0.16949701 0.1697646  0.16799428 0.16418026
 0.16804791 0.1613713  0.16905442 0.16473962 0.1648016  0.16550453
 0.16264547 0.16500146 0.16342799 0.15767171 0.16116518 0.16396798
 0.16156113 0.17097031 0.15862654 0.15321913 0.16042842 0.16137765
 0.16314137 0.15490132 0.15694104 0.15735828 0.16372849 0.15311094
 0.14870861 0.16869561 0.16030743 0.14988022 0.1456266 ]
epoch= 101 	 time= 767.0682238578796 min 	 loss= 0.14652761833234268
epoch= 102 	 time= 774.5852167884509 min 	 loss= 0.15732065126751407
epoch= 103 	 time= 782.0906369368236 min 	 loss= 0.15663026955994694
epoch= 104 	 time= 789.5986434499423 min 	 loss= 0.14968572587677928
epoch= 105 	 time= 797.1109473745029 min 	 loss= 0.1474342517599915
epoch= 106 	 time= 804.6264481266339 min 	 loss= 0.15064916025508535
epoch= 107 	 time= 812.1487535874049 min 	 loss= 0.15453403548760847
epoch= 108 	 time= 819.6626772165298 min 	 loss= 0.15119963290113392
epoch= 109 	 time= 827.1711906512578 min 	 loss= 0.14728469841408007
epoch= 110 	 time= 834.6803168614705 min 	 loss= 0.14529639986428347
[0.61099891 0.54460837 0.53798561 0.5343219  0.52870824 0.52724953
 0.5236107  0.52371981 0.5208212  0.51660143 0.51366717 0.5083025
 0.50476666 0.49949636 0.49360039 0.48553575 0.47757677 0.46784057
 0.45805148 0.44846585 0.43453409 0.42141897 0.41007275 0.396125
 0.38341736 0.36889151 0.34856193 0.3348769  0.31590054 0.3053137
 0.28660643 0.27276237 0.26362275 0.25539079 0.24478819 0.23903755
 0.23555387 0.22817301 0.22275195 0.22216203 0.21391428 0.21292502
 0.21168379 0.2114913  0.20155594 0.19711785 0.20613733 0.20087852
 0.19360531 0.19392003 0.18727416 0.17778938 0.17835671 0.18565293
 0.18187276 0.17641834 0.16903731 0.17249153 0.17242619 0.18403303
 0.17359216 0.17139649 0.16983764 0.16946478 0.16820565 0.17326978
 0.16738837 0.17164985 0.16949701 0.1697646  0.16799428 0.16418026
 0.16804791 0.1613713  0.16905442 0.16473962 0.1648016  0.16550453
 0.16264547 0.16500146 0.16342799 0.15767171 0.16116518 0.16396798
 0.16156113 0.17097031 0.15862654 0.15321913 0.16042842 0.16137765
 0.16314137 0.15490132 0.15694104 0.15735828 0.16372849 0.15311094
 0.14870861 0.16869561 0.16030743 0.14988022 0.1456266  0.14652762
 0.15732065 0.15663027 0.14968573 0.14743425 0.15064916 0.15453404
 0.15119963 0.1472847  0.1452964 ]
epoch= 111 	 time= 842.20040260156 min 	 loss= 0.1502952778339386
epoch= 112 	 time= 849.7133913079898 min 	 loss= 0.15675303769834115
epoch= 113 	 time= 857.2188730319341 min 	 loss= 0.14653940238735894
epoch= 114 	 time= 864.7261365373929 min 	 loss= 0.14492728714690065
epoch= 115 	 time= 872.2373950521152 min 	 loss= 0.14474224672173008
epoch= 116 	 time= 879.748643342654 min 	 loss= 0.1629452841390263
epoch= 117 	 time= 887.2738247474034 min 	 loss= 0.14742132117350895
epoch= 118 	 time= 894.7875171502432 min 	 loss= 0.1471969964558428
epoch= 119 	 time= 902.3081299503644 min 	 loss= 0.14665717834776099
epoch= 120 	 time= 909.820345322291 min 	 loss= 0.14354474178769372
[0.61099891 0.54460837 0.53798561 0.5343219  0.52870824 0.52724953
 0.5236107  0.52371981 0.5208212  0.51660143 0.51366717 0.5083025
 0.50476666 0.49949636 0.49360039 0.48553575 0.47757677 0.46784057
 0.45805148 0.44846585 0.43453409 0.42141897 0.41007275 0.396125
 0.38341736 0.36889151 0.34856193 0.3348769  0.31590054 0.3053137
 0.28660643 0.27276237 0.26362275 0.25539079 0.24478819 0.23903755
 0.23555387 0.22817301 0.22275195 0.22216203 0.21391428 0.21292502
 0.21168379 0.2114913  0.20155594 0.19711785 0.20613733 0.20087852
 0.19360531 0.19392003 0.18727416 0.17778938 0.17835671 0.18565293
 0.18187276 0.17641834 0.16903731 0.17249153 0.17242619 0.18403303
 0.17359216 0.17139649 0.16983764 0.16946478 0.16820565 0.17326978
 0.16738837 0.17164985 0.16949701 0.1697646  0.16799428 0.16418026
 0.16804791 0.1613713  0.16905442 0.16473962 0.1648016  0.16550453
 0.16264547 0.16500146 0.16342799 0.15767171 0.16116518 0.16396798
 0.16156113 0.17097031 0.15862654 0.15321913 0.16042842 0.16137765
 0.16314137 0.15490132 0.15694104 0.15735828 0.16372849 0.15311094
 0.14870861 0.16869561 0.16030743 0.14988022 0.1456266  0.14652762
 0.15732065 0.15663027 0.14968573 0.14743425 0.15064916 0.15453404
 0.15119963 0.1472847  0.1452964  0.15029528 0.15675304 0.1465394
 0.14492729 0.14474225 0.16294528 0.14742132 0.147197   0.14665718
 0.14354474]
epoch= 121 	 time= 917.34041655461 min 	 loss= 0.15214473006400195
epoch= 122 	 time= 924.851524635156 min 	 loss= 0.15119852021788105
epoch= 123 	 time= 932.3654239217441 min 	 loss= 0.14485488841931024
epoch= 124 	 time= 939.8722639242808 min 	 loss= 0.14251564351898252
epoch= 125 	 time= 947.3785266598065 min 	 loss= 0.14279825469761184
epoch= 126 	 time= 954.8854205687841 min 	 loss= 0.16024258489861634
epoch= 127 	 time= 962.401681637764 min 	 loss= 0.14746924510507872
epoch= 128 	 time= 969.9128762682279 min 	 loss= 0.14179612774740566
epoch= 129 	 time= 977.4339561780293 min 	 loss= 0.1403400448867769
epoch= 130 	 time= 984.9510066747665 min 	 loss= 0.15942025918852198
[0.61099891 0.54460837 0.53798561 0.5343219  0.52870824 0.52724953
 0.5236107  0.52371981 0.5208212  0.51660143 0.51366717 0.5083025
 0.50476666 0.49949636 0.49360039 0.48553575 0.47757677 0.46784057
 0.45805148 0.44846585 0.43453409 0.42141897 0.41007275 0.396125
 0.38341736 0.36889151 0.34856193 0.3348769  0.31590054 0.3053137
 0.28660643 0.27276237 0.26362275 0.25539079 0.24478819 0.23903755
 0.23555387 0.22817301 0.22275195 0.22216203 0.21391428 0.21292502
 0.21168379 0.2114913  0.20155594 0.19711785 0.20613733 0.20087852
 0.19360531 0.19392003 0.18727416 0.17778938 0.17835671 0.18565293
 0.18187276 0.17641834 0.16903731 0.17249153 0.17242619 0.18403303
 0.17359216 0.17139649 0.16983764 0.16946478 0.16820565 0.17326978
 0.16738837 0.17164985 0.16949701 0.1697646  0.16799428 0.16418026
 0.16804791 0.1613713  0.16905442 0.16473962 0.1648016  0.16550453
 0.16264547 0.16500146 0.16342799 0.15767171 0.16116518 0.16396798
 0.16156113 0.17097031 0.15862654 0.15321913 0.16042842 0.16137765
 0.16314137 0.15490132 0.15694104 0.15735828 0.16372849 0.15311094
 0.14870861 0.16869561 0.16030743 0.14988022 0.1456266  0.14652762
 0.15732065 0.15663027 0.14968573 0.14743425 0.15064916 0.15453404
 0.15119963 0.1472847  0.1452964  0.15029528 0.15675304 0.1465394
 0.14492729 0.14474225 0.16294528 0.14742132 0.147197   0.14665718
 0.14354474 0.15214473 0.15119852 0.14485489 0.14251564 0.14279825
 0.16024258 0.14746925 0.14179613 0.14034004 0.15942026]
epoch= 131 	 time= 992.4634824315707 min 	 loss= 0.14799159369685433
epoch= 132 	 time= 999.975852004687 min 	 loss= 0.14173743267854055
epoch= 133 	 time= 1007.484915693601 min 	 loss= 0.13997385854973937
epoch= 134 	 time= 1014.9944498499234 min 	 loss= 0.14185397134585814
epoch= 135 	 time= 1022.5051890969277 min 	 loss= 0.16069977593241316
epoch= 136 	 time= 1030.0102707227072 min 	 loss= 0.14972776953018072
epoch= 137 	 time= 1037.519538017114 min 	 loss= 0.14314915550477578
epoch= 138 	 time= 1045.031373512745 min 	 loss= 0.1409673702084657
epoch= 139 	 time= 1052.54631742239 min 	 loss= 0.14394565511833537
epoch= 140 	 time= 1060.059427666664 min 	 loss= 0.1459437696500258
[0.61099891 0.54460837 0.53798561 0.5343219  0.52870824 0.52724953
 0.5236107  0.52371981 0.5208212  0.51660143 0.51366717 0.5083025
 0.50476666 0.49949636 0.49360039 0.48553575 0.47757677 0.46784057
 0.45805148 0.44846585 0.43453409 0.42141897 0.41007275 0.396125
 0.38341736 0.36889151 0.34856193 0.3348769  0.31590054 0.3053137
 0.28660643 0.27276237 0.26362275 0.25539079 0.24478819 0.23903755
 0.23555387 0.22817301 0.22275195 0.22216203 0.21391428 0.21292502
 0.21168379 0.2114913  0.20155594 0.19711785 0.20613733 0.20087852
 0.19360531 0.19392003 0.18727416 0.17778938 0.17835671 0.18565293
 0.18187276 0.17641834 0.16903731 0.17249153 0.17242619 0.18403303
 0.17359216 0.17139649 0.16983764 0.16946478 0.16820565 0.17326978
 0.16738837 0.17164985 0.16949701 0.1697646  0.16799428 0.16418026
 0.16804791 0.1613713  0.16905442 0.16473962 0.1648016  0.16550453
 0.16264547 0.16500146 0.16342799 0.15767171 0.16116518 0.16396798
 0.16156113 0.17097031 0.15862654 0.15321913 0.16042842 0.16137765
 0.16314137 0.15490132 0.15694104 0.15735828 0.16372849 0.15311094
 0.14870861 0.16869561 0.16030743 0.14988022 0.1456266  0.14652762
 0.15732065 0.15663027 0.14968573 0.14743425 0.15064916 0.15453404
 0.15119963 0.1472847  0.1452964  0.15029528 0.15675304 0.1465394
 0.14492729 0.14474225 0.16294528 0.14742132 0.147197   0.14665718
 0.14354474 0.15214473 0.15119852 0.14485489 0.14251564 0.14279825
 0.16024258 0.14746925 0.14179613 0.14034004 0.15942026 0.14799159
 0.14173743 0.13997386 0.14185397 0.16069978 0.14972777 0.14314916
 0.14096737 0.14394566 0.14594377]
epoch= 141 	 time= 1067.575980826219 min 	 loss= 0.14832197854013154
epoch= 142 	 time= 1075.0931659301123 min 	 loss= 0.1509206491257205
epoch= 143 	 time= 1082.60063829422 min 	 loss= 0.1440900746890993
epoch= 144 	 time= 1090.1247733036678 min 	 loss= 0.14454278883608904
epoch= 145 	 time= 1097.6444920182228 min 	 loss= 0.1452748934518207
epoch= 146 	 time= 1105.1634650786718 min 	 loss= 0.14170657684405644
epoch= 147 	 time= 1112.6729324539504 min 	 loss= 0.141841926529552
epoch= 148 	 time= 1120.1866363525392 min 	 loss= 0.14358803922479804
epoch= 149 	 time= 1127.7086454391479 min 	 loss= 0.15100871338988794
epoch= 150 	 time= 1135.227997370561 min 	 loss= 0.14649388819932938
[0.61099891 0.54460837 0.53798561 0.5343219  0.52870824 0.52724953
 0.5236107  0.52371981 0.5208212  0.51660143 0.51366717 0.5083025
 0.50476666 0.49949636 0.49360039 0.48553575 0.47757677 0.46784057
 0.45805148 0.44846585 0.43453409 0.42141897 0.41007275 0.396125
 0.38341736 0.36889151 0.34856193 0.3348769  0.31590054 0.3053137
 0.28660643 0.27276237 0.26362275 0.25539079 0.24478819 0.23903755
 0.23555387 0.22817301 0.22275195 0.22216203 0.21391428 0.21292502
 0.21168379 0.2114913  0.20155594 0.19711785 0.20613733 0.20087852
 0.19360531 0.19392003 0.18727416 0.17778938 0.17835671 0.18565293
 0.18187276 0.17641834 0.16903731 0.17249153 0.17242619 0.18403303
 0.17359216 0.17139649 0.16983764 0.16946478 0.16820565 0.17326978
 0.16738837 0.17164985 0.16949701 0.1697646  0.16799428 0.16418026
 0.16804791 0.1613713  0.16905442 0.16473962 0.1648016  0.16550453
 0.16264547 0.16500146 0.16342799 0.15767171 0.16116518 0.16396798
 0.16156113 0.17097031 0.15862654 0.15321913 0.16042842 0.16137765
 0.16314137 0.15490132 0.15694104 0.15735828 0.16372849 0.15311094
 0.14870861 0.16869561 0.16030743 0.14988022 0.1456266  0.14652762
 0.15732065 0.15663027 0.14968573 0.14743425 0.15064916 0.15453404
 0.15119963 0.1472847  0.1452964  0.15029528 0.15675304 0.1465394
 0.14492729 0.14474225 0.16294528 0.14742132 0.147197   0.14665718
 0.14354474 0.15214473 0.15119852 0.14485489 0.14251564 0.14279825
 0.16024258 0.14746925 0.14179613 0.14034004 0.15942026 0.14799159
 0.14173743 0.13997386 0.14185397 0.16069978 0.14972777 0.14314916
 0.14096737 0.14394566 0.14594377 0.14832198 0.15092065 0.14409007
 0.14454279 0.14527489 0.14170658 0.14184193 0.14358804 0.15100871
 0.14649389]
epoch= 151 	 time= 1142.7431446194648 min 	 loss= 0.14134504808620973
epoch= 152 	 time= 1150.259514884154 min 	 loss= 0.13888621200214732
epoch= 153 	 time= 1157.7543417215347 min 	 loss= 0.13757642903111197
epoch= 154 	 time= 1165.2672671278317 min 	 loss= 0.1367931368947029
epoch= 155 	 time= 1172.7747575521469 min 	 loss= 0.13778860131899515
epoch= 156 	 time= 1180.2826250354449 min 	 loss= 0.15195121485175508
epoch= 157 	 time= 1187.7992066701254 min 	 loss= 0.14178499542402498
epoch= 158 	 time= 1195.308877547582 min 	 loss= 0.13831525405248007
epoch= 159 	 time= 1202.81812920173 min 	 loss= 0.13659426630446406
epoch= 160 	 time= 1210.326662782828 min 	 loss= 0.13710295313235485
[0.61099891 0.54460837 0.53798561 0.5343219  0.52870824 0.52724953
 0.5236107  0.52371981 0.5208212  0.51660143 0.51366717 0.5083025
 0.50476666 0.49949636 0.49360039 0.48553575 0.47757677 0.46784057
 0.45805148 0.44846585 0.43453409 0.42141897 0.41007275 0.396125
 0.38341736 0.36889151 0.34856193 0.3348769  0.31590054 0.3053137
 0.28660643 0.27276237 0.26362275 0.25539079 0.24478819 0.23903755
 0.23555387 0.22817301 0.22275195 0.22216203 0.21391428 0.21292502
 0.21168379 0.2114913  0.20155594 0.19711785 0.20613733 0.20087852
 0.19360531 0.19392003 0.18727416 0.17778938 0.17835671 0.18565293
 0.18187276 0.17641834 0.16903731 0.17249153 0.17242619 0.18403303
 0.17359216 0.17139649 0.16983764 0.16946478 0.16820565 0.17326978
 0.16738837 0.17164985 0.16949701 0.1697646  0.16799428 0.16418026
 0.16804791 0.1613713  0.16905442 0.16473962 0.1648016  0.16550453
 0.16264547 0.16500146 0.16342799 0.15767171 0.16116518 0.16396798
 0.16156113 0.17097031 0.15862654 0.15321913 0.16042842 0.16137765
 0.16314137 0.15490132 0.15694104 0.15735828 0.16372849 0.15311094
 0.14870861 0.16869561 0.16030743 0.14988022 0.1456266  0.14652762
 0.15732065 0.15663027 0.14968573 0.14743425 0.15064916 0.15453404
 0.15119963 0.1472847  0.1452964  0.15029528 0.15675304 0.1465394
 0.14492729 0.14474225 0.16294528 0.14742132 0.147197   0.14665718
 0.14354474 0.15214473 0.15119852 0.14485489 0.14251564 0.14279825
 0.16024258 0.14746925 0.14179613 0.14034004 0.15942026 0.14799159
 0.14173743 0.13997386 0.14185397 0.16069978 0.14972777 0.14314916
 0.14096737 0.14394566 0.14594377 0.14832198 0.15092065 0.14409007
 0.14454279 0.14527489 0.14170658 0.14184193 0.14358804 0.15100871
 0.14649389 0.14134505 0.13888621 0.13757643 0.13679314 0.1377886
 0.15195121 0.141785   0.13831525 0.13659427 0.13710295]
epoch= 161 	 time= 1217.8467457930246 min 	 loss= 0.13764983887925292
epoch= 162 	 time= 1225.3524382829667 min 	 loss= 0.15025986490827617
epoch= 163 	 time= 1232.8673433502515 min 	 loss= 0.143907843412775
epoch= 164 	 time= 1240.3844529509545 min 	 loss= 0.13823523031942772
epoch= 165 	 time= 1247.890692782402 min 	 loss= 0.13632196700031107
epoch= 166 	 time= 1255.4000298659007 min 	 loss= 0.13545393964557936
epoch= 167 	 time= 1262.907782169183 min 	 loss= 0.1347668941544764
epoch= 168 	 time= 1270.4199205716452 min 	 loss= 0.15078526496887207
epoch= 169 	 time= 1277.9279043118158 min 	 loss= 0.14755575281200986
epoch= 170 	 time= 1285.4364122231802 min 	 loss= 0.13917068310759284
[0.61099891 0.54460837 0.53798561 0.5343219  0.52870824 0.52724953
 0.5236107  0.52371981 0.5208212  0.51660143 0.51366717 0.5083025
 0.50476666 0.49949636 0.49360039 0.48553575 0.47757677 0.46784057
 0.45805148 0.44846585 0.43453409 0.42141897 0.41007275 0.396125
 0.38341736 0.36889151 0.34856193 0.3348769  0.31590054 0.3053137
 0.28660643 0.27276237 0.26362275 0.25539079 0.24478819 0.23903755
 0.23555387 0.22817301 0.22275195 0.22216203 0.21391428 0.21292502
 0.21168379 0.2114913  0.20155594 0.19711785 0.20613733 0.20087852
 0.19360531 0.19392003 0.18727416 0.17778938 0.17835671 0.18565293
 0.18187276 0.17641834 0.16903731 0.17249153 0.17242619 0.18403303
 0.17359216 0.17139649 0.16983764 0.16946478 0.16820565 0.17326978
 0.16738837 0.17164985 0.16949701 0.1697646  0.16799428 0.16418026
 0.16804791 0.1613713  0.16905442 0.16473962 0.1648016  0.16550453
 0.16264547 0.16500146 0.16342799 0.15767171 0.16116518 0.16396798
 0.16156113 0.17097031 0.15862654 0.15321913 0.16042842 0.16137765
 0.16314137 0.15490132 0.15694104 0.15735828 0.16372849 0.15311094
 0.14870861 0.16869561 0.16030743 0.14988022 0.1456266  0.14652762
 0.15732065 0.15663027 0.14968573 0.14743425 0.15064916 0.15453404
 0.15119963 0.1472847  0.1452964  0.15029528 0.15675304 0.1465394
 0.14492729 0.14474225 0.16294528 0.14742132 0.147197   0.14665718
 0.14354474 0.15214473 0.15119852 0.14485489 0.14251564 0.14279825
 0.16024258 0.14746925 0.14179613 0.14034004 0.15942026 0.14799159
 0.14173743 0.13997386 0.14185397 0.16069978 0.14972777 0.14314916
 0.14096737 0.14394566 0.14594377 0.14832198 0.15092065 0.14409007
 0.14454279 0.14527489 0.14170658 0.14184193 0.14358804 0.15100871
 0.14649389 0.14134505 0.13888621 0.13757643 0.13679314 0.1377886
 0.15195121 0.141785   0.13831525 0.13659427 0.13710295 0.13764984
 0.15025986 0.14390784 0.13823523 0.13632197 0.13545394 0.13476689
 0.15078526 0.14755575 0.13917068]
epoch= 171 	 time= 1292.9474949717521 min 	 loss= 0.13864700278549483
epoch= 172 	 time= 1300.4533335963886 min 	 loss= 0.13888145365498283
epoch= 173 	 time= 1307.9592506368956 min 	 loss= 0.13711903287605806
epoch= 174 	 time= 1315.4767019152641 min 	 loss= 0.1352658691550746
epoch= 175 	 time= 1322.9837904731432 min 	 loss= 0.13472158169204537
epoch= 176 	 time= 1330.4920623779296 min 	 loss= 0.14747886953028766
epoch= 177 	 time= 1338.010069902738 min 	 loss= 0.14792130953434743
epoch= 178 	 time= 1345.5147757927577 min 	 loss= 0.1414288746768778
epoch= 179 	 time= 1353.0342212994894 min 	 loss= 0.13711823883381757
epoch= 180 	 time= 1360.5532132109006 min 	 loss= 0.1357033157529253
[0.61099891 0.54460837 0.53798561 0.5343219  0.52870824 0.52724953
 0.5236107  0.52371981 0.5208212  0.51660143 0.51366717 0.5083025
 0.50476666 0.49949636 0.49360039 0.48553575 0.47757677 0.46784057
 0.45805148 0.44846585 0.43453409 0.42141897 0.41007275 0.396125
 0.38341736 0.36889151 0.34856193 0.3348769  0.31590054 0.3053137
 0.28660643 0.27276237 0.26362275 0.25539079 0.24478819 0.23903755
 0.23555387 0.22817301 0.22275195 0.22216203 0.21391428 0.21292502
 0.21168379 0.2114913  0.20155594 0.19711785 0.20613733 0.20087852
 0.19360531 0.19392003 0.18727416 0.17778938 0.17835671 0.18565293
 0.18187276 0.17641834 0.16903731 0.17249153 0.17242619 0.18403303
 0.17359216 0.17139649 0.16983764 0.16946478 0.16820565 0.17326978
 0.16738837 0.17164985 0.16949701 0.1697646  0.16799428 0.16418026
 0.16804791 0.1613713  0.16905442 0.16473962 0.1648016  0.16550453
 0.16264547 0.16500146 0.16342799 0.15767171 0.16116518 0.16396798
 0.16156113 0.17097031 0.15862654 0.15321913 0.16042842 0.16137765
 0.16314137 0.15490132 0.15694104 0.15735828 0.16372849 0.15311094
 0.14870861 0.16869561 0.16030743 0.14988022 0.1456266  0.14652762
 0.15732065 0.15663027 0.14968573 0.14743425 0.15064916 0.15453404
 0.15119963 0.1472847  0.1452964  0.15029528 0.15675304 0.1465394
 0.14492729 0.14474225 0.16294528 0.14742132 0.147197   0.14665718
 0.14354474 0.15214473 0.15119852 0.14485489 0.14251564 0.14279825
 0.16024258 0.14746925 0.14179613 0.14034004 0.15942026 0.14799159
 0.14173743 0.13997386 0.14185397 0.16069978 0.14972777 0.14314916
 0.14096737 0.14394566 0.14594377 0.14832198 0.15092065 0.14409007
 0.14454279 0.14527489 0.14170658 0.14184193 0.14358804 0.15100871
 0.14649389 0.14134505 0.13888621 0.13757643 0.13679314 0.1377886
 0.15195121 0.141785   0.13831525 0.13659427 0.13710295 0.13764984
 0.15025986 0.14390784 0.13823523 0.13632197 0.13545394 0.13476689
 0.15078526 0.14755575 0.13917068 0.138647   0.13888145 0.13711903
 0.13526587 0.13472158 0.14747887 0.14792131 0.14142887 0.13711824
 0.13570332]
epoch= 181 	 time= 1368.0743591268858 min 	 loss= 0.13544974623304426
epoch= 182 	 time= 1375.5942426363627 min 	 loss= 0.13470660643144086
epoch= 183 	 time= 1383.1029500404993 min 	 loss= 0.1464566999041673
epoch= 184 	 time= 1390.6089576800664 min 	 loss= 0.1411504417386922
epoch= 185 	 time= 1398.1182447155318 min 	 loss= 0.13681976422215952
epoch= 186 	 time= 1405.624640572071 min 	 loss= 0.13529844590208748
epoch= 187 	 time= 1410.7256851315499 min 	 loss= 0.1345432093197649
epoch= 188 	 time= 1415.7303922057151 min 	 loss= 0.13421932830955044
epoch= 189 	 time= 1420.73489271005 min 	 loss= 0.13481122333895076
epoch= 190 	 time= 1425.7386634310087 min 	 loss= 0.15452015061270108
[0.61099891 0.54460837 0.53798561 0.5343219  0.52870824 0.52724953
 0.5236107  0.52371981 0.5208212  0.51660143 0.51366717 0.5083025
 0.50476666 0.49949636 0.49360039 0.48553575 0.47757677 0.46784057
 0.45805148 0.44846585 0.43453409 0.42141897 0.41007275 0.396125
 0.38341736 0.36889151 0.34856193 0.3348769  0.31590054 0.3053137
 0.28660643 0.27276237 0.26362275 0.25539079 0.24478819 0.23903755
 0.23555387 0.22817301 0.22275195 0.22216203 0.21391428 0.21292502
 0.21168379 0.2114913  0.20155594 0.19711785 0.20613733 0.20087852
 0.19360531 0.19392003 0.18727416 0.17778938 0.17835671 0.18565293
 0.18187276 0.17641834 0.16903731 0.17249153 0.17242619 0.18403303
 0.17359216 0.17139649 0.16983764 0.16946478 0.16820565 0.17326978
 0.16738837 0.17164985 0.16949701 0.1697646  0.16799428 0.16418026
 0.16804791 0.1613713  0.16905442 0.16473962 0.1648016  0.16550453
 0.16264547 0.16500146 0.16342799 0.15767171 0.16116518 0.16396798
 0.16156113 0.17097031 0.15862654 0.15321913 0.16042842 0.16137765
 0.16314137 0.15490132 0.15694104 0.15735828 0.16372849 0.15311094
 0.14870861 0.16869561 0.16030743 0.14988022 0.1456266  0.14652762
 0.15732065 0.15663027 0.14968573 0.14743425 0.15064916 0.15453404
 0.15119963 0.1472847  0.1452964  0.15029528 0.15675304 0.1465394
 0.14492729 0.14474225 0.16294528 0.14742132 0.147197   0.14665718
 0.14354474 0.15214473 0.15119852 0.14485489 0.14251564 0.14279825
 0.16024258 0.14746925 0.14179613 0.14034004 0.15942026 0.14799159
 0.14173743 0.13997386 0.14185397 0.16069978 0.14972777 0.14314916
 0.14096737 0.14394566 0.14594377 0.14832198 0.15092065 0.14409007
 0.14454279 0.14527489 0.14170658 0.14184193 0.14358804 0.15100871
 0.14649389 0.14134505 0.13888621 0.13757643 0.13679314 0.1377886
 0.15195121 0.141785   0.13831525 0.13659427 0.13710295 0.13764984
 0.15025986 0.14390784 0.13823523 0.13632197 0.13545394 0.13476689
 0.15078526 0.14755575 0.13917068 0.138647   0.13888145 0.13711903
 0.13526587 0.13472158 0.14747887 0.14792131 0.14142887 0.13711824
 0.13570332 0.13544975 0.13470661 0.1464567  0.14115044 0.13681976
 0.13529845 0.13454321 0.13421933 0.13481122 0.15452015]
epoch= 191 	 time= 1430.751844215393 min 	 loss= 0.13958302182681634
epoch= 192 	 time= 1434.6898534099262 min 	 loss= 0.13615091188387438
epoch= 193 	 time= 1437.2632641156515 min 	 loss= 0.13448799977699916
