cuda
3300
torch.Size([178])
The slice id is: 5
825
3303618
epoch= 0 	 time= 6.9636753559112545 min 	 loss= 4.474600557847457
epoch= 1 	 time= 12.948632633686065 min 	 loss= 4.113710851091327
epoch= 2 	 time= 18.97706490755081 min 	 loss= 4.033665011145851
epoch= 3 	 time= 25.026177275180817 min 	 loss= 3.9546414279937743
epoch= 4 	 time= 31.150718228022257 min 	 loss= 3.877265499721874
epoch= 5 	 time= 37.77303918997447 min 	 loss= 3.819313167586471
epoch= 6 	 time= 44.340810883045194 min 	 loss= 3.773650638370803
epoch= 7 	 time= 49.82398178577423 min 	 loss= 3.724759944821849
cuda
3300
torch.Size([178])
The slice id is: 4
825
3303618
epoch= 0 	 time= 5.2481595555941265 min 	 loss= 4.480465656627309
epoch= 1 	 time= 10.294563476244608 min 	 loss= 4.1377707784826105
epoch= 2 	 time= 15.78899366458257 min 	 loss= 4.054740378639915
epoch= 3 	 time= 21.306596529483794 min 	 loss= 3.9734531245809612
