cuda
3300
The slice id is: 0
825
13177026
epoch= 0 	 time= 7.417076834042867 min 	 loss= 3.1629651704836976
[3.16296517]
epoch= 1 	 time= 14.750509150822957 min 	 loss= 3.022278775299589
epoch= 2 	 time= 22.085821251074474 min 	 loss= 2.924005277062004
epoch= 3 	 time= 29.415661267439525 min 	 loss= 2.9034408881312066
epoch= 4 	 time= 36.7412162621816 min 	 loss= 2.8899546530978246
epoch= 5 	 time= 44.0750076174736 min 	 loss= 2.89874522962805
epoch= 6 	 time= 51.40462486743927 min 	 loss= 2.7875410402814547
epoch= 7 	 time= 58.735715274016066 min 	 loss= 2.7564639231652923
epoch= 8 	 time= 66.06522339979807 min 	 loss= 2.6402741776677696
epoch= 9 	 time= 73.38962032794953 min 	 loss= 2.5412856527259855
epoch= 10 	 time= 80.72168335119883 min 	 loss= 2.4831976997310465
epoch= 11 	 time= 88.05956432422002 min 	 loss= 2.4492314027611055
epoch= 12 	 time= 95.39477269252141 min 	 loss= 2.307459925593752
epoch= 13 	 time= 102.72905393838883 min 	 loss= 2.180663258189505
epoch= 14 	 time= 110.06254955927531 min 	 loss= 2.161856145791032
epoch= 15 	 time= 117.3989995320638 min 	 loss= 2.0246235769738754
epoch= 16 	 time= 124.73597911198934 min 	 loss= 1.9513407307389108
epoch= 17 	 time= 132.078584309419 min 	 loss= 1.8339812573226113
epoch= 18 	 time= 139.42630340655646 min 	 loss= 1.833478069760357
epoch= 19 	 time= 146.7708211660385 min 	 loss= 1.7597280353364169
epoch= 20 	 time= 154.1114294330279 min 	 loss= 1.683643190235351
epoch= 21 	 time= 161.44629484812418 min 	 loss= 1.6796336955554558
epoch= 22 	 time= 168.780810491244 min 	 loss= 1.6382974522673723
epoch= 23 	 time= 176.11546470721564 min 	 loss= 1.5343392653221435
epoch= 24 	 time= 183.45285856326421 min 	 loss= 1.435979911039273
epoch= 25 	 time= 190.785504535834 min 	 loss= 1.5041759002592527
epoch= 26 	 time= 198.12282536029815 min 	 loss= 1.3743591298388713
epoch= 27 	 time= 205.45181355079015 min 	 loss= 1.295758903153015
epoch= 28 	 time= 212.7916507045428 min 	 loss= 1.2894116410319552
epoch= 29 	 time= 220.12588813702266 min 	 loss= 1.2785348422735026
epoch= 30 	 time= 227.46573485533398 min 	 loss= 1.1965688598178552
epoch= 31 	 time= 234.80970418453217 min 	 loss= 1.1647578533377612
epoch= 32 	 time= 242.15799214045208 min 	 loss= 1.219630172988682
epoch= 33 	 time= 249.5064768354098 min 	 loss= 1.19809887485494
epoch= 34 	 time= 256.85166829427084 min 	 loss= 1.0707958255753374
epoch= 35 	 time= 264.19390692710874 min 	 loss= 1.0196256912499666
epoch= 36 	 time= 271.5311630487442 min 	 loss= 0.9873963177215421
epoch= 37 	 time= 278.8706159432729 min 	 loss= 0.9252154796728582
epoch= 38 	 time= 286.2104185501734 min 	 loss= 0.9166130012770494
epoch= 39 	 time= 293.54819037914274 min 	 loss= 1.0099698428803998
epoch= 40 	 time= 300.87727319399517 min 	 loss= 0.9661574640745918
epoch= 41 	 time= 308.20903875827787 min 	 loss= 0.7979100863567807
epoch= 42 	 time= 315.5474159558614 min 	 loss= 0.9362300615661749
epoch= 43 	 time= 322.8826865553856 min 	 loss= 0.8311209405958653
epoch= 44 	 time= 330.2219181895256 min 	 loss= 0.8203525518264735
epoch= 45 	 time= 337.5563717007637 min 	 loss= 0.8294885694969333
epoch= 46 	 time= 344.8931197126706 min 	 loss= 0.7966367258515322
epoch= 47 	 time= 352.22860772212346 min 	 loss= 0.7670869861689933
epoch= 48 	 time= 359.5571590701739 min 	 loss= 0.6776841757469105
epoch= 49 	 time= 366.89295114676156 min 	 loss= 0.6462522635518602
epoch= 50 	 time= 374.23068988720576 min 	 loss= 0.5993443508107554
[3.16296517 3.02227878 2.92400528 2.90344089 2.88995465 2.89874523
 2.78754104 2.75646392 2.64027418 2.54128565 2.4831977  2.4492314
 2.30745993 2.18066326 2.16185615 2.02462358 1.95134073 1.83398126
 1.83347807 1.75972804 1.68364319 1.6796337  1.63829745 1.53433927
 1.43597991 1.5041759  1.37435913 1.2957589  1.28941164 1.27853484
 1.19656886 1.16475785 1.21963017 1.19809887 1.07079583 1.01962569
 0.98739632 0.92521548 0.916613   1.00996984 0.96615746 0.79791009
 0.93623006 0.83112094 0.82035255 0.82948857 0.79663673 0.76708699
 0.67768418 0.64625226 0.59934435]
epoch= 51 	 time= 381.5658949017525 min 	 loss= 0.6193534026091749
epoch= 52 	 time= 388.90675550699234 min 	 loss= 0.8720346380318656
epoch= 53 	 time= 396.25510078668594 min 	 loss= 0.6569347271334492
epoch= 54 	 time= 403.59989004135133 min 	 loss= 0.5453874808549881
epoch= 55 	 time= 410.94298044840497 min 	 loss= 0.48342901015371986
epoch= 56 	 time= 418.28743294477465 min 	 loss= 0.4918134149378448
epoch= 57 	 time= 425.62186164855956 min 	 loss= 0.6897925728853002
epoch= 58 	 time= 432.95839139223096 min 	 loss= 0.5480715258351782
epoch= 59 	 time= 440.2901662866274 min 	 loss= 0.4701734543162765
epoch= 60 	 time= 447.6217031121254 min 	 loss= 0.4469290749660947
epoch= 61 	 time= 454.95879634618757 min 	 loss= 0.48993965741811374
epoch= 62 	 time= 462.2920042236646 min 	 loss= 0.5750634483168974
epoch= 63 	 time= 469.6278384407361 min 	 loss= 0.42862188982128197
epoch= 64 	 time= 476.9616234779358 min 	 loss= 0.34999672520792846
epoch= 65 	 time= 484.3014888048172 min 	 loss= 0.4142437139243791
epoch= 66 	 time= 491.63314456939696 min 	 loss= 0.47534029511791287
epoch= 67 	 time= 498.9732223947843 min 	 loss= 0.39593544863898195
epoch= 68 	 time= 506.3131601134936 min 	 loss= 0.4069147613926819
epoch= 69 	 time= 513.6524723211925 min 	 loss= 0.4122301313348792
epoch= 70 	 time= 520.9914575656255 min 	 loss= 0.39717295336903946
epoch= 71 	 time= 528.3294324239095 min 	 loss= 0.5815004619436733
epoch= 72 	 time= 535.6621586958568 min 	 loss= 0.32591211004916465
epoch= 73 	 time= 542.9929568370184 min 	 loss= 0.2803160300416251
epoch= 74 	 time= 550.3326071937879 min 	 loss= 0.284299538404201
epoch= 75 	 time= 557.6697266538938 min 	 loss= 0.3767766664798061
epoch= 76 	 time= 565.0089266697565 min 	 loss= 0.5824870649759065
epoch= 77 	 time= 572.3484790563583 min 	 loss= 0.33813588977085823
epoch= 78 	 time= 579.6930586854617 min 	 loss= 0.3174415195913929
epoch= 79 	 time= 587.0414667447408 min 	 loss= 0.380044646477609
epoch= 80 	 time= 594.3866336941719 min 	 loss= 0.3067603585259481
epoch= 81 	 time= 601.740060933431 min 	 loss= 0.2855759951794012
epoch= 82 	 time= 609.082276527087 min 	 loss= 0.30621093351619716
epoch= 83 	 time= 616.4244107206663 min 	 loss= 0.36086327663425244
epoch= 84 	 time= 623.7607877850533 min 	 loss= 0.2924869124151089
epoch= 85 	 time= 631.1012966593106 min 	 loss= 0.24234085992768858
epoch= 86 	 time= 638.4353944102924 min 	 loss= 0.32769770799035375
epoch= 87 	 time= 645.7737481236458 min 	 loss= 0.47395060639489783
epoch= 88 	 time= 653.1115890185039 min 	 loss= 0.3719446355657596
epoch= 89 	 time= 660.4490568955739 min 	 loss= 0.2600171690174576
epoch= 90 	 time= 667.7827027638754 min 	 loss= 0.219357391318137
epoch= 91 	 time= 675.1178382754326 min 	 loss= 0.23647827975762387
epoch= 92 	 time= 682.4512540539106 min 	 loss= 0.2707747832363979
epoch= 93 	 time= 689.7861052393913 min 	 loss= 0.32635985035900816
epoch= 94 	 time= 697.123738515377 min 	 loss= 0.4706966249351249
epoch= 95 	 time= 704.4660497466723 min 	 loss= 0.26093986763759996
epoch= 96 	 time= 711.8141429861387 min 	 loss= 0.21070359441762168
epoch= 97 	 time= 719.159506893158 min 	 loss= 0.23104676443857677
epoch= 98 	 time= 726.5048058668773 min 	 loss= 0.3764104655780124
epoch= 99 	 time= 733.8491848190625 min 	 loss= 0.2728770522152384
epoch= 100 	 time= 741.190275200208 min 	 loss= 0.2267205391310607
[3.16296517 3.02227878 2.92400528 2.90344089 2.88995465 2.89874523
 2.78754104 2.75646392 2.64027418 2.54128565 2.4831977  2.4492314
 2.30745993 2.18066326 2.16185615 2.02462358 1.95134073 1.83398126
 1.83347807 1.75972804 1.68364319 1.6796337  1.63829745 1.53433927
 1.43597991 1.5041759  1.37435913 1.2957589  1.28941164 1.27853484
 1.19656886 1.16475785 1.21963017 1.19809887 1.07079583 1.01962569
 0.98739632 0.92521548 0.916613   1.00996984 0.96615746 0.79791009
 0.93623006 0.83112094 0.82035255 0.82948857 0.79663673 0.76708699
 0.67768418 0.64625226 0.59934435 0.6193534  0.87203464 0.65693473
 0.54538748 0.48342901 0.49181341 0.68979257 0.54807153 0.47017345
 0.44692907 0.48993966 0.57506345 0.42862189 0.34999673 0.41424371
 0.4753403  0.39593545 0.40691476 0.41223013 0.39717295 0.58150046
 0.32591211 0.28031603 0.28429954 0.37677667 0.58248706 0.33813589
 0.31744152 0.38004465 0.30676036 0.285576   0.30621093 0.36086328
 0.29248691 0.24234086 0.32769771 0.47395061 0.37194464 0.26001717
 0.21935739 0.23647828 0.27077478 0.32635985 0.47069662 0.26093987
 0.21070359 0.23104676 0.37641047 0.27287705 0.22672054]
epoch= 101 	 time= 748.5294061104456 min 	 loss= 0.18335908950701582
epoch= 102 	 time= 755.8694277366002 min 	 loss= 0.17124518943160322
epoch= 103 	 time= 763.2086723883947 min 	 loss= 0.20375566142865204
epoch= 104 	 time= 770.544671634833 min 	 loss= 0.26998352078212934
epoch= 105 	 time= 777.8749939680099 min 	 loss= 0.25748966088123393
epoch= 106 	 time= 785.205264210701 min 	 loss= 0.18995893637113498
epoch= 107 	 time= 792.536080733935 min 	 loss= 0.2557672678936047
epoch= 108 	 time= 799.8762397368749 min 	 loss= 0.19462322480017036
epoch= 109 	 time= 807.214809970061 min 	 loss= 0.16885627396743405
epoch= 110 	 time= 814.5609598239263 min 	 loss= 0.1722739805275518
epoch= 111 	 time= 821.9057212630908 min 	 loss= 0.30223013249084807
epoch= 112 	 time= 829.2526136557261 min 	 loss= 0.19001123231412334
epoch= 113 	 time= 836.5985789775848 min 	 loss= 0.16288199209579915
epoch= 114 	 time= 843.9400738517444 min 	 loss= 0.1763144531165899
epoch= 115 	 time= 851.2817471822103 min 	 loss= 0.2341144210664612
epoch= 116 	 time= 858.6228477597236 min 	 loss= 0.16372412617205445
epoch= 117 	 time= 865.9666930834452 min 	 loss= 0.21472641498358414
epoch= 118 	 time= 873.309524790446 min 	 loss= 0.2116641970210229
epoch= 119 	 time= 880.6459034721057 min 	 loss= 0.1671871323352962
epoch= 120 	 time= 887.9854066133499 min 	 loss= 0.17111767746846784
epoch= 121 	 time= 895.3224904020627 min 	 loss= 0.21545531144139893
epoch= 122 	 time= 902.6612167716027 min 	 loss= 0.19090435251819365
epoch= 123 	 time= 910.0015031894048 min 	 loss= 0.2732500746016475
epoch= 124 	 time= 917.3338218927383 min 	 loss= 0.18593835343691437
epoch= 125 	 time= 924.6641323328018 min 	 loss= 0.15087024298835208
epoch= 126 	 time= 931.9983053366343 min 	 loss= 0.13674553356161623
epoch= 127 	 time= 939.3373342990875 min 	 loss= 0.1827325607697959
epoch= 128 	 time= 946.6725382208824 min 	 loss= 0.15179108221182655
epoch= 129 	 time= 954.0085713942846 min 	 loss= 0.18566361563125006
epoch= 130 	 time= 961.3401180386543 min 	 loss= 0.1945514954654782
epoch= 131 	 time= 968.6789124846458 min 	 loss= 0.23315307022763812
epoch= 132 	 time= 976.0125176310539 min 	 loss= 0.16619340535196842
epoch= 133 	 time= 983.3467779358228 min 	 loss= 0.14356810973308076
epoch= 134 	 time= 990.682474565506 min 	 loss= 0.13483878472368374
epoch= 135 	 time= 998.0238191326459 min 	 loss= 0.2962669256041673
epoch= 136 	 time= 1005.3602270285288 min 	 loss= 0.15805751073371732
epoch= 137 	 time= 1012.6943816105525 min 	 loss= 0.13939417481972752
epoch= 138 	 time= 1020.0344980518023 min 	 loss= 0.12230212026924799
epoch= 139 	 time= 1027.3680157502492 min 	 loss= 0.18369953244458884
epoch= 140 	 time= 1034.699072555701 min 	 loss= 0.17243741591319894
epoch= 141 	 time= 1042.034023853143 min 	 loss= 0.1707782935184624
epoch= 142 	 time= 1049.3688992937407 min 	 loss= 0.21387593027345383
epoch= 143 	 time= 1056.7063608090082 min 	 loss= 0.16909875850926973
epoch= 144 	 time= 1064.0403464039166 min 	 loss= 0.13561734461663008
epoch= 145 	 time= 1071.3792171676953 min 	 loss= 0.19805143407369596
epoch= 146 	 time= 1078.7164772431056 min 	 loss= 0.235950620278829
epoch= 147 	 time= 1086.0580347895623 min 	 loss= 0.17189426084895704
epoch= 148 	 time= 1093.3988634387651 min 	 loss= 0.1263162298856134
epoch= 149 	 time= 1100.7420529405276 min 	 loss= 0.12225171254136402
epoch= 150 	 time= 1108.0874590794244 min 	 loss= 0.33886889777259166
[3.16296517 3.02227878 2.92400528 2.90344089 2.88995465 2.89874523
 2.78754104 2.75646392 2.64027418 2.54128565 2.4831977  2.4492314
 2.30745993 2.18066326 2.16185615 2.02462358 1.95134073 1.83398126
 1.83347807 1.75972804 1.68364319 1.6796337  1.63829745 1.53433927
 1.43597991 1.5041759  1.37435913 1.2957589  1.28941164 1.27853484
 1.19656886 1.16475785 1.21963017 1.19809887 1.07079583 1.01962569
 0.98739632 0.92521548 0.916613   1.00996984 0.96615746 0.79791009
 0.93623006 0.83112094 0.82035255 0.82948857 0.79663673 0.76708699
 0.67768418 0.64625226 0.59934435 0.6193534  0.87203464 0.65693473
 0.54538748 0.48342901 0.49181341 0.68979257 0.54807153 0.47017345
 0.44692907 0.48993966 0.57506345 0.42862189 0.34999673 0.41424371
 0.4753403  0.39593545 0.40691476 0.41223013 0.39717295 0.58150046
 0.32591211 0.28031603 0.28429954 0.37677667 0.58248706 0.33813589
 0.31744152 0.38004465 0.30676036 0.285576   0.30621093 0.36086328
 0.29248691 0.24234086 0.32769771 0.47395061 0.37194464 0.26001717
 0.21935739 0.23647828 0.27077478 0.32635985 0.47069662 0.26093987
 0.21070359 0.23104676 0.37641047 0.27287705 0.22672054 0.18335909
 0.17124519 0.20375566 0.26998352 0.25748966 0.18995894 0.25576727
 0.19462322 0.16885627 0.17227398 0.30223013 0.19001123 0.16288199
 0.17631445 0.23411442 0.16372413 0.21472641 0.2116642  0.16718713
 0.17111768 0.21545531 0.19090435 0.27325007 0.18593835 0.15087024
 0.13674553 0.18273256 0.15179108 0.18566362 0.1945515  0.23315307
 0.16619341 0.14356811 0.13483878 0.29626693 0.15805751 0.13939417
 0.12230212 0.18369953 0.17243742 0.17077829 0.21387593 0.16909876
 0.13561734 0.19805143 0.23595062 0.17189426 0.12631623 0.12225171
 0.3388689 ]
epoch= 151 	 time= 1115.4252804517746 min 	 loss= 0.20237260746402722
epoch= 152 	 time= 1122.7662718613942 min 	 loss= 0.25320064828053795
epoch= 153 	 time= 1130.1066008408864 min 	 loss= 0.17770554905729086
epoch= 154 	 time= 1137.4514977812767 min 	 loss= 0.14177969312006045
epoch= 155 	 time= 1144.7979671637218 min 	 loss= 0.12362972390386417
epoch= 156 	 time= 1152.1345517555872 min 	 loss= 0.11917071714228245
epoch= 157 	 time= 1159.4741956512132 min 	 loss= 0.22917432035460616
epoch= 158 	 time= 1166.8103245695431 min 	 loss= 0.25140505564257953
epoch= 159 	 time= 1174.1541416684786 min 	 loss= 0.14174084125255995
epoch= 160 	 time= 1181.4972070614497 min 	 loss= 0.1311294551207825
epoch= 161 	 time= 1188.8415711045266 min 	 loss= 0.13110640534383217
epoch= 162 	 time= 1196.180157593886 min 	 loss= 0.11332548825267816
epoch= 163 	 time= 1203.5278463443121 min 	 loss= 0.20210468189819067
epoch= 164 	 time= 1210.8738269050916 min 	 loss= 0.2723846359694885
epoch= 165 	 time= 1218.2171407381693 min 	 loss= 0.17093364335935224
epoch= 166 	 time= 1225.5632432460784 min 	 loss= 0.17882827972259485
epoch= 167 	 time= 1232.9099323987962 min 	 loss= 0.11965813152527324
epoch= 168 	 time= 1240.2483654896419 min 	 loss= 0.10959723557183293
epoch= 169 	 time= 1247.5921382427216 min 	 loss= 0.10898308180357245
epoch= 170 	 time= 1254.935078616937 min 	 loss= 0.28364867891220263
epoch= 171 	 time= 1262.2737138509751 min 	 loss= 0.16785700267801681
epoch= 172 	 time= 1269.6105232159296 min 	 loss= 0.11945055235431276
epoch= 173 	 time= 1276.9568390528361 min 	 loss= 0.1070919348474479
epoch= 174 	 time= 1284.2995206157366 min 	 loss= 0.11519298514344194
epoch= 175 	 time= 1291.6457099874815 min 	 loss= 0.11046995878424214
epoch= 176 	 time= 1298.9905676603316 min 	 loss= 0.14273014499714146
epoch= 177 	 time= 1306.3313859423001 min 	 loss= 0.22668474744497374
epoch= 178 	 time= 1313.679987446467 min 	 loss= 0.15411175381452213
epoch= 179 	 time= 1321.0164307991663 min 	 loss= 0.12162094390922876
epoch= 180 	 time= 1328.3584239761035 min 	 loss= 0.09879966487060302
epoch= 181 	 time= 1335.7020800709724 min 	 loss= 0.12064590059675868
epoch= 182 	 time= 1343.044908841451 min 	 loss= 0.21587880349139485
epoch= 183 	 time= 1350.3844527363776 min 	 loss= 0.1345694984080778
epoch= 184 	 time= 1357.719601802031 min 	 loss= 0.1109175147933208
epoch= 185 	 time= 1365.0660901665688 min 	 loss= 0.19603959936352278
epoch= 186 	 time= 1372.4045019586881 min 	 loss= 0.13585919027371954
epoch= 187 	 time= 1379.7521054585775 min 	 loss= 0.1102968780375368
epoch= 188 	 time= 1387.0964479724566 min 	 loss= 0.10880011979980873
epoch= 189 	 time= 1394.4413203199704 min 	 loss= 0.12940976722010722
epoch= 190 	 time= 1401.783923971653 min 	 loss= 0.1878954833429871
epoch= 191 	 time= 1409.1232080777486 min 	 loss= 0.1432750745246074
epoch= 192 	 time= 1416.462991452217 min 	 loss= 0.18420460981076978
epoch= 193 	 time= 1423.8037503004075 min 	 loss= 0.16216556865609053
epoch= 194 	 time= 1431.1461999773978 min 	 loss= 0.10799759247911755
epoch= 195 	 time= 1438.4875167012215 min 	 loss= 0.09266012036075787
epoch= 196 	 time= 1445.8255147775014 min 	 loss= 0.09218860569494691
epoch= 197 	 time= 1453.1629236499468 min 	 loss= 0.11427097628023616
epoch= 198 	 time= 1460.5054006298383 min 	 loss= 0.19133576172770875
epoch= 199 	 time= 1467.8504483342172 min 	 loss= 0.1684958750652996
epoch= 200 	 time= 1475.1955210725466 min 	 loss= 0.11680296324292254
[3.16296517 3.02227878 2.92400528 2.90344089 2.88995465 2.89874523
 2.78754104 2.75646392 2.64027418 2.54128565 2.4831977  2.4492314
 2.30745993 2.18066326 2.16185615 2.02462358 1.95134073 1.83398126
 1.83347807 1.75972804 1.68364319 1.6796337  1.63829745 1.53433927
 1.43597991 1.5041759  1.37435913 1.2957589  1.28941164 1.27853484
 1.19656886 1.16475785 1.21963017 1.19809887 1.07079583 1.01962569
 0.98739632 0.92521548 0.916613   1.00996984 0.96615746 0.79791009
 0.93623006 0.83112094 0.82035255 0.82948857 0.79663673 0.76708699
 0.67768418 0.64625226 0.59934435 0.6193534  0.87203464 0.65693473
 0.54538748 0.48342901 0.49181341 0.68979257 0.54807153 0.47017345
 0.44692907 0.48993966 0.57506345 0.42862189 0.34999673 0.41424371
 0.4753403  0.39593545 0.40691476 0.41223013 0.39717295 0.58150046
 0.32591211 0.28031603 0.28429954 0.37677667 0.58248706 0.33813589
 0.31744152 0.38004465 0.30676036 0.285576   0.30621093 0.36086328
 0.29248691 0.24234086 0.32769771 0.47395061 0.37194464 0.26001717
 0.21935739 0.23647828 0.27077478 0.32635985 0.47069662 0.26093987
 0.21070359 0.23104676 0.37641047 0.27287705 0.22672054 0.18335909
 0.17124519 0.20375566 0.26998352 0.25748966 0.18995894 0.25576727
 0.19462322 0.16885627 0.17227398 0.30223013 0.19001123 0.16288199
 0.17631445 0.23411442 0.16372413 0.21472641 0.2116642  0.16718713
 0.17111768 0.21545531 0.19090435 0.27325007 0.18593835 0.15087024
 0.13674553 0.18273256 0.15179108 0.18566362 0.1945515  0.23315307
 0.16619341 0.14356811 0.13483878 0.29626693 0.15805751 0.13939417
 0.12230212 0.18369953 0.17243742 0.17077829 0.21387593 0.16909876
 0.13561734 0.19805143 0.23595062 0.17189426 0.12631623 0.12225171
 0.3388689  0.20237261 0.25320065 0.17770555 0.14177969 0.12362972
 0.11917072 0.22917432 0.25140506 0.14174084 0.13112946 0.13110641
 0.11332549 0.20210468 0.27238464 0.17093364 0.17882828 0.11965813
 0.10959724 0.10898308 0.28364868 0.167857   0.11945055 0.10709193
 0.11519299 0.11046996 0.14273014 0.22668475 0.15411175 0.12162094
 0.09879966 0.1206459  0.2158788  0.1345695  0.11091751 0.1960396
 0.13585919 0.11029688 0.10880012 0.12940977 0.18789548 0.14327507
 0.18420461 0.16216557 0.10799759 0.09266012 0.09218861 0.11427098
 0.19133576 0.16849588 0.11680296]
epoch= 201 	 time= 1482.537080725034 min 	 loss= 0.09595789870656463
epoch= 202 	 time= 1489.871776008606 min 	 loss= 0.08351483438358022
epoch= 203 	 time= 1497.206221818924 min 	 loss= 0.08300534055536528
epoch= 204 	 time= 1504.5496363162995 min 	 loss= 0.1397391697818371
epoch= 205 	 time= 1511.893535967668 min 	 loss= 0.11785401821002421
epoch= 206 	 time= 1519.228325200081 min 	 loss= 0.10185192206429995
epoch= 207 	 time= 1526.5649729768436 min 	 loss= 0.08883174287179965
epoch= 208 	 time= 1533.9063315908113 min 	 loss= 0.09344908092992917
epoch= 209 	 time= 1541.2480912446977 min 	 loss= 0.09538614065961376
epoch= 210 	 time= 1548.5933247685432 min 	 loss= 0.11247938182952842
epoch= 211 	 time= 1555.9373716831208 min 	 loss= 0.09925586190476844
epoch= 212 	 time= 1563.27987032334 min 	 loss= 0.08726658496480068
epoch= 213 	 time= 1570.6223494291305 min 	 loss= 0.10448253841291069
epoch= 214 	 time= 1577.9646253585815 min 	 loss= 0.133541579254282
epoch= 215 	 time= 1585.3039398113885 min 	 loss= 0.09348255541761208
epoch= 216 	 time= 1592.6449965437253 min 	 loss= 0.08010476202502931
epoch= 217 	 time= 1599.987280436357 min 	 loss= 0.08305797321446748
epoch= 218 	 time= 1607.3316246708234 min 	 loss= 0.08364892132996553
epoch= 219 	 time= 1614.6712519447008 min 	 loss= 0.18499078086605578
epoch= 220 	 time= 1622.0149710377057 min 	 loss= 0.1070750274924759
epoch= 221 	 time= 1629.3558323939642 min 	 loss= 0.07836100637291868
epoch= 222 	 time= 1636.6904898603757 min 	 loss= 0.07322346239752899
epoch= 223 	 time= 1644.028934331735 min 	 loss= 0.07452650795736576
epoch= 224 	 time= 1651.368642473221 min 	 loss= 0.11397774193716362
epoch= 225 	 time= 1658.7080389618873 min 	 loss= 0.1413482919539974
epoch= 226 	 time= 1666.0525251070658 min 	 loss= 0.10902604811613194
epoch= 227 	 time= 1673.3950273275375 min 	 loss= 0.10149880218291372
epoch= 228 	 time= 1680.733807706833 min 	 loss= 0.08871904705792213
epoch= 229 	 time= 1688.075591146946 min 	 loss= 0.08783352330118897
epoch= 230 	 time= 1695.4177618304889 min 	 loss= 0.07319108030857575
epoch= 231 	 time= 1702.7537837664286 min 	 loss= 0.0974526640318447
epoch= 232 	 time= 1710.0879462281862 min 	 loss= 0.13821171239773375
epoch= 233 	 time= 1717.4230977654456 min 	 loss= 0.07983653832890206
epoch= 234 	 time= 1724.758167052269 min 	 loss= 0.07525616769442532
epoch= 235 	 time= 1732.1015364209811 min 	 loss= 0.0693655279650755
epoch= 236 	 time= 1739.4409742752712 min 	 loss= 0.07806910404367513
epoch= 237 	 time= 1746.7774424115817 min 	 loss= 0.12166500751609971
epoch= 238 	 time= 1754.1182350039483 min 	 loss= 0.1408049768012257
epoch= 239 	 time= 1761.4557141145071 min 	 loss= 0.0942001014907675
epoch= 240 	 time= 1768.7982449650765 min 	 loss= 0.07900450183593696
epoch= 241 	 time= 1776.1346765875817 min 	 loss= 0.06824625169480869
epoch= 242 	 time= 1783.471510263284 min 	 loss= 0.06411284410562296
epoch= 243 	 time= 1790.8034291704496 min 	 loss= 0.11520833638154507
epoch= 244 	 time= 1798.139280351003 min 	 loss= 0.13760630674476765
epoch= 245 	 time= 1805.4792238593102 min 	 loss= 0.09384895178729273
epoch= 246 	 time= 1812.816547636191 min 	 loss= 0.09328844267878483
epoch= 247 	 time= 1820.15814649264 min 	 loss= 0.07117137399763152
epoch= 248 	 time= 1827.4944273312888 min 	 loss= 0.070157339860029
epoch= 249 	 time= 1834.831524781386 min 	 loss= 0.07073859723096107
epoch= 250 	 time= 1842.1719630122184 min 	 loss= 0.08660531654424795
[3.16296517 3.02227878 2.92400528 2.90344089 2.88995465 2.89874523
 2.78754104 2.75646392 2.64027418 2.54128565 2.4831977  2.4492314
 2.30745993 2.18066326 2.16185615 2.02462358 1.95134073 1.83398126
 1.83347807 1.75972804 1.68364319 1.6796337  1.63829745 1.53433927
 1.43597991 1.5041759  1.37435913 1.2957589  1.28941164 1.27853484
 1.19656886 1.16475785 1.21963017 1.19809887 1.07079583 1.01962569
 0.98739632 0.92521548 0.916613   1.00996984 0.96615746 0.79791009
 0.93623006 0.83112094 0.82035255 0.82948857 0.79663673 0.76708699
 0.67768418 0.64625226 0.59934435 0.6193534  0.87203464 0.65693473
 0.54538748 0.48342901 0.49181341 0.68979257 0.54807153 0.47017345
 0.44692907 0.48993966 0.57506345 0.42862189 0.34999673 0.41424371
 0.4753403  0.39593545 0.40691476 0.41223013 0.39717295 0.58150046
 0.32591211 0.28031603 0.28429954 0.37677667 0.58248706 0.33813589
 0.31744152 0.38004465 0.30676036 0.285576   0.30621093 0.36086328
 0.29248691 0.24234086 0.32769771 0.47395061 0.37194464 0.26001717
 0.21935739 0.23647828 0.27077478 0.32635985 0.47069662 0.26093987
 0.21070359 0.23104676 0.37641047 0.27287705 0.22672054 0.18335909
 0.17124519 0.20375566 0.26998352 0.25748966 0.18995894 0.25576727
 0.19462322 0.16885627 0.17227398 0.30223013 0.19001123 0.16288199
 0.17631445 0.23411442 0.16372413 0.21472641 0.2116642  0.16718713
 0.17111768 0.21545531 0.19090435 0.27325007 0.18593835 0.15087024
 0.13674553 0.18273256 0.15179108 0.18566362 0.1945515  0.23315307
 0.16619341 0.14356811 0.13483878 0.29626693 0.15805751 0.13939417
 0.12230212 0.18369953 0.17243742 0.17077829 0.21387593 0.16909876
 0.13561734 0.19805143 0.23595062 0.17189426 0.12631623 0.12225171
 0.3388689  0.20237261 0.25320065 0.17770555 0.14177969 0.12362972
 0.11917072 0.22917432 0.25140506 0.14174084 0.13112946 0.13110641
 0.11332549 0.20210468 0.27238464 0.17093364 0.17882828 0.11965813
 0.10959724 0.10898308 0.28364868 0.167857   0.11945055 0.10709193
 0.11519299 0.11046996 0.14273014 0.22668475 0.15411175 0.12162094
 0.09879966 0.1206459  0.2158788  0.1345695  0.11091751 0.1960396
 0.13585919 0.11029688 0.10880012 0.12940977 0.18789548 0.14327507
 0.18420461 0.16216557 0.10799759 0.09266012 0.09218861 0.11427098
 0.19133576 0.16849588 0.11680296 0.0959579  0.08351483 0.08300534
 0.13973917 0.11785402 0.10185192 0.08883174 0.09344908 0.09538614
 0.11247938 0.09925586 0.08726658 0.10448254 0.13354158 0.09348256
 0.08010476 0.08305797 0.08364892 0.18499078 0.10707503 0.07836101
 0.07322346 0.07452651 0.11397774 0.14134829 0.10902605 0.1014988
 0.08871905 0.08783352 0.07319108 0.09745266 0.13821171 0.07983654
 0.07525617 0.06936553 0.0780691  0.12166501 0.14080498 0.0942001
 0.0790045  0.06824625 0.06411284 0.11520834 0.13760631 0.09384895
 0.09328844 0.07117137 0.07015734 0.0707386  0.08660532]
epoch= 251 	 time= 1849.5123108466466 min 	 loss= 0.10646534822838007
epoch= 252 	 time= 1856.8529280702273 min 	 loss= 0.08551426603825707
epoch= 253 	 time= 1864.1903270840644 min 	 loss= 0.06803400490251299
epoch= 254 	 time= 1871.5313552459081 min 	 loss= 0.061328513067194515
epoch= 255 	 time= 1878.8704366326333 min 	 loss= 0.09607111443733712
epoch= 256 	 time= 1886.2080484509468 min 	 loss= 0.12640358124901963
epoch= 257 	 time= 1893.54370743831 min 	 loss= 0.07624089322821943
epoch= 258 	 time= 1900.8812186479568 min 	 loss= 0.07064922724046152
epoch= 259 	 time= 1908.2180425604186 min 	 loss= 0.1300539744870074
epoch= 260 	 time= 1915.5594236731529 min 	 loss= 0.07807966433188554
epoch= 261 	 time= 1922.8975034515063 min 	 loss= 0.06442009892105655
epoch= 262 	 time= 1930.230920445919 min 	 loss= 0.0810048329902841
epoch= 263 	 time= 1937.5682972987493 min 	 loss= 0.10932052831176076
epoch= 264 	 time= 1944.9080107768377 min 	 loss= 0.06379465571625835
epoch= 265 	 time= 1952.2492061297098 min 	 loss= 0.05686885216350978
epoch= 266 	 time= 1959.5865338524184 min 	 loss= 0.09035577466520904
epoch= 267 	 time= 1966.9252555449805 min 	 loss= 0.12939059019261603
epoch= 268 	 time= 1974.2552953362465 min 	 loss= 0.07853383570540852
epoch= 269 	 time= 1981.5965128858884 min 	 loss= 0.06479399281067978
epoch= 270 	 time= 1988.9333828965823 min 	 loss= 0.06068469776489744
epoch= 271 	 time= 1996.2708778778713 min 	 loss= 0.06255599900586248
epoch= 272 	 time= 2003.6093399445215 min 	 loss= 0.1375310532756813
epoch= 273 	 time= 2010.9445531964302 min 	 loss= 0.0878333068122932
epoch= 274 	 time= 2018.278035680453 min 	 loss= 0.06289249755743764
epoch= 275 	 time= 2025.6139129241308 min 	 loss= 0.05703152214222813
epoch= 276 	 time= 2032.9511148134868 min 	 loss= 0.10810840320765486
epoch= 277 	 time= 2040.2847759962083 min 	 loss= 0.08215205887359017
epoch= 278 	 time= 2047.6189201672871 min 	 loss= 0.19944644456799848
epoch= 279 	 time= 2054.9577876289686 min 	 loss= 0.11178574962290992
epoch= 280 	 time= 2062.2945107102396 min 	 loss= 0.07095330400230138
epoch= 281 	 time= 2069.6409911235173 min 	 loss= 0.0579944209177241
epoch= 282 	 time= 2076.9845292329787 min 	 loss= 0.05554357932720009
epoch= 283 	 time= 2084.3296433409055 min 	 loss= 0.10703347081597189
epoch= 284 	 time= 2091.671535698573 min 	 loss= 0.09107378842379672
epoch= 285 	 time= 2099.008160197735 min 	 loss= 0.06215664129173312
epoch= 286 	 time= 2106.3440626382826 min 	 loss= 0.05811391101620922
epoch= 287 	 time= 2113.6862743258475 min 	 loss= 0.06020568049755336
epoch= 288 	 time= 2121.020638223489 min 	 loss= 0.07988576095410142
epoch= 289 	 time= 2128.3567807157833 min 	 loss= 0.09895166171697024
epoch= 290 	 time= 2135.70137215058 min 	 loss= 0.0902328880430044
epoch= 291 	 time= 2143.046821022034 min 	 loss= 0.0626903311048712
epoch= 292 	 time= 2150.3842094461124 min 	 loss= 0.08108756246325687
epoch= 293 	 time= 2157.720409309864 min 	 loss= 0.09011006269011308
epoch= 294 	 time= 2165.0568336764973 min 	 loss= 0.07534269773376626
epoch= 295 	 time= 2172.3936197717985 min 	 loss= 0.06178773764164582
epoch= 296 	 time= 2179.730307340622 min 	 loss= 0.05708586290305847
epoch= 297 	 time= 2187.069897735119 min 	 loss= 0.06775185491836799
epoch= 298 	 time= 2194.404839897156 min 	 loss= 0.0855019014822425
epoch= 299 	 time= 2201.743383773168 min 	 loss= 0.08725098612157374
epoch= 300 	 time= 2209.082915778955 min 	 loss= 0.07129542315147719
[3.16296517 3.02227878 2.92400528 2.90344089 2.88995465 2.89874523
 2.78754104 2.75646392 2.64027418 2.54128565 2.4831977  2.4492314
 2.30745993 2.18066326 2.16185615 2.02462358 1.95134073 1.83398126
 1.83347807 1.75972804 1.68364319 1.6796337  1.63829745 1.53433927
 1.43597991 1.5041759  1.37435913 1.2957589  1.28941164 1.27853484
 1.19656886 1.16475785 1.21963017 1.19809887 1.07079583 1.01962569
 0.98739632 0.92521548 0.916613   1.00996984 0.96615746 0.79791009
 0.93623006 0.83112094 0.82035255 0.82948857 0.79663673 0.76708699
 0.67768418 0.64625226 0.59934435 0.6193534  0.87203464 0.65693473
 0.54538748 0.48342901 0.49181341 0.68979257 0.54807153 0.47017345
 0.44692907 0.48993966 0.57506345 0.42862189 0.34999673 0.41424371
 0.4753403  0.39593545 0.40691476 0.41223013 0.39717295 0.58150046
 0.32591211 0.28031603 0.28429954 0.37677667 0.58248706 0.33813589
 0.31744152 0.38004465 0.30676036 0.285576   0.30621093 0.36086328
 0.29248691 0.24234086 0.32769771 0.47395061 0.37194464 0.26001717
 0.21935739 0.23647828 0.27077478 0.32635985 0.47069662 0.26093987
 0.21070359 0.23104676 0.37641047 0.27287705 0.22672054 0.18335909
 0.17124519 0.20375566 0.26998352 0.25748966 0.18995894 0.25576727
 0.19462322 0.16885627 0.17227398 0.30223013 0.19001123 0.16288199
 0.17631445 0.23411442 0.16372413 0.21472641 0.2116642  0.16718713
 0.17111768 0.21545531 0.19090435 0.27325007 0.18593835 0.15087024
 0.13674553 0.18273256 0.15179108 0.18566362 0.1945515  0.23315307
 0.16619341 0.14356811 0.13483878 0.29626693 0.15805751 0.13939417
 0.12230212 0.18369953 0.17243742 0.17077829 0.21387593 0.16909876
 0.13561734 0.19805143 0.23595062 0.17189426 0.12631623 0.12225171
 0.3388689  0.20237261 0.25320065 0.17770555 0.14177969 0.12362972
 0.11917072 0.22917432 0.25140506 0.14174084 0.13112946 0.13110641
 0.11332549 0.20210468 0.27238464 0.17093364 0.17882828 0.11965813
 0.10959724 0.10898308 0.28364868 0.167857   0.11945055 0.10709193
 0.11519299 0.11046996 0.14273014 0.22668475 0.15411175 0.12162094
 0.09879966 0.1206459  0.2158788  0.1345695  0.11091751 0.1960396
 0.13585919 0.11029688 0.10880012 0.12940977 0.18789548 0.14327507
 0.18420461 0.16216557 0.10799759 0.09266012 0.09218861 0.11427098
 0.19133576 0.16849588 0.11680296 0.0959579  0.08351483 0.08300534
 0.13973917 0.11785402 0.10185192 0.08883174 0.09344908 0.09538614
 0.11247938 0.09925586 0.08726658 0.10448254 0.13354158 0.09348256
 0.08010476 0.08305797 0.08364892 0.18499078 0.10707503 0.07836101
 0.07322346 0.07452651 0.11397774 0.14134829 0.10902605 0.1014988
 0.08871905 0.08783352 0.07319108 0.09745266 0.13821171 0.07983654
 0.07525617 0.06936553 0.0780691  0.12166501 0.14080498 0.0942001
 0.0790045  0.06824625 0.06411284 0.11520834 0.13760631 0.09384895
 0.09328844 0.07117137 0.07015734 0.0707386  0.08660532 0.10646535
 0.08551427 0.068034   0.06132851 0.09607111 0.12640358 0.07624089
 0.07064923 0.13005397 0.07807966 0.0644201  0.08100483 0.10932053
 0.06379466 0.05686885 0.09035577 0.12939059 0.07853384 0.06479399
 0.0606847  0.062556   0.13753105 0.08783331 0.0628925  0.05703152
 0.1081084  0.08215206 0.19944644 0.11178575 0.0709533  0.05799442
 0.05554358 0.10703347 0.09107379 0.06215664 0.05811391 0.06020568
 0.07988576 0.09895166 0.09023289 0.06269033 0.08108756 0.09011006
 0.0753427  0.06178774 0.05708586 0.06775185 0.0855019  0.08725099
 0.07129542]
epoch= 301 	 time= 2216.419237971306 min 	 loss= 0.05598691358548504
epoch= 302 	 time= 2223.7536114414534 min 	 loss= 0.04936213728466431
epoch= 303 	 time= 2231.091782597701 min 	 loss= 0.07094669925493442
epoch= 304 	 time= 2238.4272158702215 min 	 loss= 0.06443001682473219
epoch= 305 	 time= 2245.7631812413533 min 	 loss= 0.04827954581362781
epoch= 306 	 time= 2253.1021685997644 min 	 loss= 0.044755221340808816
epoch= 307 	 time= 2260.445127491156 min 	 loss= 0.04300401806465357
epoch= 308 	 time= 2267.788885676861 min 	 loss= 0.07731842593800552
epoch= 309 	 time= 2275.1260254661242 min 	 loss= 0.059525333440529224
epoch= 310 	 time= 2282.4620904843014 min 	 loss= 0.04974659226976765
epoch= 311 	 time= 2289.8006759206455 min 	 loss= 0.04543122299399163
epoch= 312 	 time= 2297.139967107773 min 	 loss= 0.0571753164901571
epoch= 313 	 time= 2304.478360462189 min 	 loss= 0.049165172514842585
epoch= 314 	 time= 2311.817859820525 min 	 loss= 0.04458972873682135
epoch= 315 	 time= 2319.1515480915705 min 	 loss= 0.07731351773711416
epoch= 316 	 time= 2326.485564390818 min 	 loss= 0.11877199756577753
epoch= 317 	 time= 2333.8194214105606 min 	 loss= 0.057303143534888724
epoch= 318 	 time= 2341.1544400056205 min 	 loss= 0.0461617231749926
epoch= 319 	 time= 2348.4864291508993 min 	 loss= 0.04334547855287162
epoch= 320 	 time= 2355.8192264000577 min 	 loss= 0.04490757805863254
epoch= 321 	 time= 2363.158402498563 min 	 loss= 0.04790706168196982
epoch= 322 	 time= 2370.496986913681 min 	 loss= 0.046367901809959824
epoch= 323 	 time= 2377.8334661046665 min 	 loss= 0.045269078474684095
epoch= 324 	 time= 2385.1693110466003 min 	 loss= 0.052695711191415535
epoch= 325 	 time= 2392.499612577756 min 	 loss= 0.046144002245661495
epoch= 326 	 time= 2399.834505434831 min 	 loss= 0.06144946572113302
epoch= 327 	 time= 2407.1685669581097 min 	 loss= 0.051709242432332374
epoch= 328 	 time= 2414.5077888170877 min 	 loss= 0.06011168344845911
epoch= 329 	 time= 2421.8450241525966 min 	 loss= 0.04216973565092
epoch= 330 	 time= 2429.1847840507826 min 	 loss= 0.04737174066289409
epoch= 331 	 time= 2436.5246599674224 min 	 loss= 0.05776007216982014
epoch= 332 	 time= 2443.859172705809 min 	 loss= 0.058903535845981396
epoch= 333 	 time= 2451.193756266435 min 	 loss= 0.042276740595081005
epoch= 334 	 time= 2458.5358760356903 min 	 loss= 0.05454912802253878
epoch= 335 	 time= 2465.872460166613 min 	 loss= 0.04192781079040177
epoch= 336 	 time= 2473.2119141221046 min 	 loss= 0.03968202272344515
epoch= 337 	 time= 2480.551906442642 min 	 loss= 0.03629920291697614
epoch= 338 	 time= 2487.8937566439313 min 	 loss= 0.04166867557774601
epoch= 339 	 time= 2495.237485861778 min 	 loss= 0.04617401139883
epoch= 340 	 time= 2502.575312268734 min 	 loss= 0.040461654347723884
epoch= 341 	 time= 2509.916823856036 min 	 loss= 0.06461871329109382
epoch= 342 	 time= 2517.2547039906185 min 	 loss= 0.05690751459386912
epoch= 343 	 time= 2524.599715848764 min 	 loss= 0.038926630321974784
epoch= 344 	 time= 2531.940868071715 min 	 loss= 0.04973111803068384
epoch= 345 	 time= 2539.2819020867346 min 	 loss= 0.04393801571996212
epoch= 346 	 time= 2546.618143908183 min 	 loss= 0.04696375635480791
epoch= 347 	 time= 2553.9598549524944 min 	 loss= 0.051440324226224965
epoch= 348 	 time= 2561.2983395258584 min 	 loss= 0.05954437925917746
epoch= 349 	 time= 2568.640526572863 min 	 loss= 0.053983940107670304
epoch= 350 	 time= 2575.977560536067 min 	 loss= 0.04022525580204798
[3.16296517 3.02227878 2.92400528 2.90344089 2.88995465 2.89874523
 2.78754104 2.75646392 2.64027418 2.54128565 2.4831977  2.4492314
 2.30745993 2.18066326 2.16185615 2.02462358 1.95134073 1.83398126
 1.83347807 1.75972804 1.68364319 1.6796337  1.63829745 1.53433927
 1.43597991 1.5041759  1.37435913 1.2957589  1.28941164 1.27853484
 1.19656886 1.16475785 1.21963017 1.19809887 1.07079583 1.01962569
 0.98739632 0.92521548 0.916613   1.00996984 0.96615746 0.79791009
 0.93623006 0.83112094 0.82035255 0.82948857 0.79663673 0.76708699
 0.67768418 0.64625226 0.59934435 0.6193534  0.87203464 0.65693473
 0.54538748 0.48342901 0.49181341 0.68979257 0.54807153 0.47017345
 0.44692907 0.48993966 0.57506345 0.42862189 0.34999673 0.41424371
 0.4753403  0.39593545 0.40691476 0.41223013 0.39717295 0.58150046
 0.32591211 0.28031603 0.28429954 0.37677667 0.58248706 0.33813589
 0.31744152 0.38004465 0.30676036 0.285576   0.30621093 0.36086328
 0.29248691 0.24234086 0.32769771 0.47395061 0.37194464 0.26001717
 0.21935739 0.23647828 0.27077478 0.32635985 0.47069662 0.26093987
 0.21070359 0.23104676 0.37641047 0.27287705 0.22672054 0.18335909
 0.17124519 0.20375566 0.26998352 0.25748966 0.18995894 0.25576727
 0.19462322 0.16885627 0.17227398 0.30223013 0.19001123 0.16288199
 0.17631445 0.23411442 0.16372413 0.21472641 0.2116642  0.16718713
 0.17111768 0.21545531 0.19090435 0.27325007 0.18593835 0.15087024
 0.13674553 0.18273256 0.15179108 0.18566362 0.1945515  0.23315307
 0.16619341 0.14356811 0.13483878 0.29626693 0.15805751 0.13939417
 0.12230212 0.18369953 0.17243742 0.17077829 0.21387593 0.16909876
 0.13561734 0.19805143 0.23595062 0.17189426 0.12631623 0.12225171
 0.3388689  0.20237261 0.25320065 0.17770555 0.14177969 0.12362972
 0.11917072 0.22917432 0.25140506 0.14174084 0.13112946 0.13110641
 0.11332549 0.20210468 0.27238464 0.17093364 0.17882828 0.11965813
 0.10959724 0.10898308 0.28364868 0.167857   0.11945055 0.10709193
 0.11519299 0.11046996 0.14273014 0.22668475 0.15411175 0.12162094
 0.09879966 0.1206459  0.2158788  0.1345695  0.11091751 0.1960396
 0.13585919 0.11029688 0.10880012 0.12940977 0.18789548 0.14327507
 0.18420461 0.16216557 0.10799759 0.09266012 0.09218861 0.11427098
 0.19133576 0.16849588 0.11680296 0.0959579  0.08351483 0.08300534
 0.13973917 0.11785402 0.10185192 0.08883174 0.09344908 0.09538614
 0.11247938 0.09925586 0.08726658 0.10448254 0.13354158 0.09348256
 0.08010476 0.08305797 0.08364892 0.18499078 0.10707503 0.07836101
 0.07322346 0.07452651 0.11397774 0.14134829 0.10902605 0.1014988
 0.08871905 0.08783352 0.07319108 0.09745266 0.13821171 0.07983654
 0.07525617 0.06936553 0.0780691  0.12166501 0.14080498 0.0942001
 0.0790045  0.06824625 0.06411284 0.11520834 0.13760631 0.09384895
 0.09328844 0.07117137 0.07015734 0.0707386  0.08660532 0.10646535
 0.08551427 0.068034   0.06132851 0.09607111 0.12640358 0.07624089
 0.07064923 0.13005397 0.07807966 0.0644201  0.08100483 0.10932053
 0.06379466 0.05686885 0.09035577 0.12939059 0.07853384 0.06479399
 0.0606847  0.062556   0.13753105 0.08783331 0.0628925  0.05703152
 0.1081084  0.08215206 0.19944644 0.11178575 0.0709533  0.05799442
 0.05554358 0.10703347 0.09107379 0.06215664 0.05811391 0.06020568
 0.07988576 0.09895166 0.09023289 0.06269033 0.08108756 0.09011006
 0.0753427  0.06178774 0.05708586 0.06775185 0.0855019  0.08725099
 0.07129542 0.05598691 0.04936214 0.0709467  0.06443002 0.04827955
 0.04475522 0.04300402 0.07731843 0.05952533 0.04974659 0.04543122
 0.05717532 0.04916517 0.04458973 0.07731352 0.118772   0.05730314
 0.04616172 0.04334548 0.04490758 0.04790706 0.0463679  0.04526908
 0.05269571 0.046144   0.06144947 0.05170924 0.06011168 0.04216974
 0.04737174 0.05776007 0.05890354 0.04227674 0.05454913 0.04192781
 0.03968202 0.0362992  0.04166868 0.04617401 0.04046165 0.06461871
 0.05690751 0.03892663 0.04973112 0.04393802 0.04696376 0.05144032
 0.05954438 0.05398394 0.04022526]
epoch= 351 	 time= 2583.32027583917 min 	 loss= 0.035158336440138306
epoch= 352 	 time= 2590.6643595059713 min 	 loss= 0.036633458640457264
epoch= 353 	 time= 2598.0090930024785 min 	 loss= 0.04216852424474465
epoch= 354 	 time= 2605.3547086675962 min 	 loss= 0.05479983894681826
epoch= 355 	 time= 2612.692300649484 min 	 loss= 0.039684239366650935
epoch= 356 	 time= 2620.029600560665 min 	 loss= 0.03674894025024983
epoch= 357 	 time= 2627.3674697558085 min 	 loss= 0.04360691060355307
epoch= 358 	 time= 2634.715784796079 min 	 loss= 0.04687092763256232
epoch= 359 	 time= 2642.0552264094354 min 	 loss= 0.040406324806734284
epoch= 360 	 time= 2649.403394985199 min 	 loss= 0.044304429730753214
epoch= 361 	 time= 2656.753067604701 min 	 loss= 0.04430728802093213
epoch= 362 	 time= 2664.0992064317065 min 	 loss= 0.05401628304823217
epoch= 363 	 time= 2671.445960974693 min 	 loss= 0.03620213110766296
epoch= 364 	 time= 2678.7937560041746 min 	 loss= 0.041390968252786535
epoch= 365 	 time= 2686.143262608846 min 	 loss= 0.03012041648258949
epoch= 366 	 time= 2693.4865975220996 min 	 loss= 0.04760220198436979
epoch= 367 	 time= 2700.8296388030053 min 	 loss= 0.05180764535784185
epoch= 368 	 time= 2708.1776844064393 min 	 loss= 0.04305751134427158
epoch= 369 	 time= 2715.5274869203568 min 	 loss= 0.035660621580750694
epoch= 370 	 time= 2722.8719609856607 min 	 loss= 0.032468862780537386
epoch= 371 	 time= 2730.2151868542037 min 	 loss= 0.08320233456039922
epoch= 372 	 time= 2737.5657703638076 min 	 loss= 0.03930698001517378
epoch= 373 	 time= 2744.909903963407 min 	 loss= 0.03262021357377032
epoch= 374 	 time= 2752.256823050976 min 	 loss= 0.027350204616774468
epoch= 375 	 time= 2759.6054955800373 min 	 loss= 0.03066368625888241
epoch= 376 	 time= 2765.2187852104503 min 	 loss= 0.04103417468871957
