cuda
3300
The slice id is: 1
825
13177026
epoch= 0 	 time= 3.928561631838481 min 	 loss= 4.414203617500537
[4.41420362]
epoch= 1 	 time= 11.094618884722392 min 	 loss= 4.145579138958093
epoch= 2 	 time= 18.61045846939087 min 	 loss= 4.073369013468424
epoch= 3 	 time= 26.12805658976237 min 	 loss= 4.036209335760637
epoch= 4 	 time= 33.64331699212392 min 	 loss= 3.979272051435528
epoch= 5 	 time= 41.160232762495674 min 	 loss= 3.9160032776630285
epoch= 6 	 time= 48.67207008600235 min 	 loss= 3.8494224019122845
epoch= 7 	 time= 56.18685266574224 min 	 loss= 3.727778348344745
epoch= 8 	 time= 63.697374101479845 min 	 loss= 3.666876870122823
epoch= 9 	 time= 71.20595466295877 min 	 loss= 3.5415518922697413
epoch= 10 	 time= 78.7135646700859 min 	 loss= 3.4301380934137287
epoch= 11 	 time= 86.23121165434519 min 	 loss= 3.3586277463354848
epoch= 12 	 time= 93.74650671482087 min 	 loss= 3.293772041689266
epoch= 13 	 time= 101.2579986333847 min 	 loss= 3.183746545337366
epoch= 14 	 time= 108.77192526658376 min 	 loss= 3.1347392865586463
epoch= 15 	 time= 116.2874398112297 min 	 loss= 3.1328586933852147
epoch= 16 	 time= 123.80027343432108 min 	 loss= 3.0497911877162527
epoch= 17 	 time= 131.33841320673625 min 	 loss= 2.9619578933106228
epoch= 18 	 time= 138.90663607915243 min 	 loss= 2.8386110685946364
epoch= 19 	 time= 146.48681243658066 min 	 loss= 2.8304631507532165
epoch= 20 	 time= 154.04265149831772 min 	 loss= 2.7866042615179762
epoch= 21 	 time= 161.56337718963624 min 	 loss= 2.7990254777985992
epoch= 22 	 time= 169.07594987551371 min 	 loss= 2.7466417642660215
epoch= 23 	 time= 176.5871101498604 min 	 loss= 2.6598354868906915
epoch= 24 	 time= 184.10284317334492 min 	 loss= 2.7155404845692894
epoch= 25 	 time= 191.6209568341573 min 	 loss= 2.5975684001432224
epoch= 26 	 time= 199.13034781217576 min 	 loss= 2.616846214677348
epoch= 27 	 time= 206.64178144137065 min 	 loss= 2.525793191998294
epoch= 28 	 time= 214.14919211069744 min 	 loss= 2.4992169791098795
epoch= 29 	 time= 221.66715870698292 min 	 loss= 2.4961328018637317
epoch= 30 	 time= 229.20303364594778 min 	 loss= 2.409546426313393
epoch= 31 	 time= 236.7712674299876 min 	 loss= 2.404250344015432
epoch= 32 	 time= 244.34735742807388 min 	 loss= 2.4254542519694025
epoch= 33 	 time= 251.91433424949645 min 	 loss= 2.42434159093734
epoch= 34 	 time= 259.45237594048183 min 	 loss= 2.3433598757083667
epoch= 35 	 time= 266.96775639454523 min 	 loss= 2.3626356020276296
epoch= 36 	 time= 274.4906674265861 min 	 loss= 2.2472388365232585
epoch= 37 	 time= 282.00789920488995 min 	 loss= 2.2687412868756236
epoch= 38 	 time= 289.5247388839722 min 	 loss= 2.2708152168853717
epoch= 39 	 time= 297.0321288983027 min 	 loss= 2.2757168440430453
epoch= 40 	 time= 304.5379536151886 min 	 loss= 2.229904632419348
epoch= 41 	 time= 312.04804719686507 min 	 loss= 2.180986405563625
epoch= 42 	 time= 319.5621985634168 min 	 loss= 2.14368079749698
epoch= 43 	 time= 327.08286060492196 min 	 loss= 2.2066944695196367
epoch= 44 	 time= 334.5906521916389 min 	 loss= 2.1146978699483654
epoch= 45 	 time= 342.09900006453194 min 	 loss= 2.2366819894539587
epoch= 46 	 time= 349.60891292095187 min 	 loss= 2.0902236138645445
epoch= 47 	 time= 357.1191183805466 min 	 loss= 2.0424189072982832
epoch= 48 	 time= 364.62356629769005 min 	 loss= 2.0331861114321335
epoch= 49 	 time= 372.13445410331093 min 	 loss= 2.014986213958173
epoch= 50 	 time= 379.64539204041165 min 	 loss= 2.1196365693843724
[4.41420362 4.14557914 4.07336901 4.03620934 3.97927205 3.91600328
 3.8494224  3.72777835 3.66687687 3.54155189 3.43013809 3.35862775
 3.29377204 3.18374655 3.13473929 3.13285869 3.04979119 2.96195789
 2.83861107 2.83046315 2.78660426 2.79902548 2.74664176 2.65983549
 2.71554048 2.5975684  2.61684621 2.52579319 2.49921698 2.4961328
 2.40954643 2.40425034 2.42545425 2.42434159 2.34335988 2.3626356
 2.24723884 2.26874129 2.27081522 2.27571684 2.22990463 2.18098641
 2.1436808  2.20669447 2.11469787 2.23668199 2.09022361 2.04241891
 2.03318611 2.01498621 2.11963657]
epoch= 51 	 time= 387.1994667212168 min 	 loss= 2.1263294363631444
epoch= 52 	 time= 394.7744590719541 min 	 loss= 1.997548958478552
epoch= 53 	 time= 402.3229091644287 min 	 loss= 1.95766176886405
epoch= 54 	 time= 409.85263051191964 min 	 loss= 1.9451886636244529
epoch= 55 	 time= 417.3832833965619 min 	 loss= 1.9417536538861917
epoch= 56 	 time= 424.9008108774821 min 	 loss= 1.9449226043316903
epoch= 57 	 time= 432.4095295548439 min 	 loss= 2.0513553183728996
epoch= 58 	 time= 439.92722360690436 min 	 loss= 1.9100979102583546
epoch= 59 	 time= 447.44345548550285 min 	 loss= 1.8831779308075254
epoch= 60 	 time= 454.9557459712029 min 	 loss= 1.8895558402134163
epoch= 61 	 time= 462.47234930992124 min 	 loss= 2.096475350547469
epoch= 62 	 time= 469.9846074740092 min 	 loss= 1.863846093089969
epoch= 63 	 time= 477.50266125202177 min 	 loss= 1.8127258294120883
epoch= 64 	 time= 485.02567051649095 min 	 loss= 1.8028388511502382
epoch= 65 	 time= 492.5365839680036 min 	 loss= 1.8343159345447113
epoch= 66 	 time= 500.0523306806882 min 	 loss= 1.8019425164964615
epoch= 67 	 time= 507.56298769712447 min 	 loss= 1.8939162306871378
epoch= 68 	 time= 515.071817779541 min 	 loss= 1.8006768761552645
epoch= 69 	 time= 522.5906749645869 min 	 loss= 1.7376176873278437
epoch= 70 	 time= 530.0946175734202 min 	 loss= 2.0744643213441876
epoch= 71 	 time= 537.599391678969 min 	 loss= 1.762246861801003
epoch= 72 	 time= 545.1083540797233 min 	 loss= 1.7237502017594648
epoch= 73 	 time= 552.6223007202149 min 	 loss= 1.7168464055205837
epoch= 74 	 time= 560.130816745758 min 	 loss= 2.012775269539067
epoch= 75 	 time= 567.6436324914297 min 	 loss= 1.7240828006319475
epoch= 76 	 time= 575.1680644989013 min 	 loss= 1.666861500378811
epoch= 77 	 time= 582.7332587798436 min 	 loss= 1.6669615744630044
epoch= 78 	 time= 590.3167748053869 min 	 loss= 1.6767084118046545
epoch= 79 	 time= 597.9081818699837 min 	 loss= 1.748026950354829
epoch= 80 	 time= 605.4744901140531 min 	 loss= 1.6567343581129204
epoch= 81 	 time= 613.0056975444157 min 	 loss= 1.6785877356723402
epoch= 82 	 time= 620.5296307325364 min 	 loss= 1.7325823854463118
epoch= 83 	 time= 628.0461405515671 min 	 loss= 1.6994540982219306
epoch= 84 	 time= 635.561449110508 min 	 loss= 1.645877336150769
epoch= 85 	 time= 643.0919680158297 min 	 loss= 1.6540113150994435
epoch= 86 	 time= 650.6144137183825 min 	 loss= 1.711005012844548
epoch= 87 	 time= 658.1249952157339 min 	 loss= 1.6193609170593095
epoch= 88 	 time= 665.633861931165 min 	 loss= 1.5997053998268462
epoch= 89 	 time= 673.1477300564449 min 	 loss= 1.5772200738390287
epoch= 90 	 time= 680.6611479202907 min 	 loss= 1.573366604625727
epoch= 91 	 time= 688.1708955685298 min 	 loss= 1.7293090222505005
epoch= 92 	 time= 695.6884770313899 min 	 loss= 1.6677720801351648
epoch= 93 	 time= 703.2194180766742 min 	 loss= 1.5621661979637362
epoch= 94 	 time= 710.7853516976039 min 	 loss= 1.5236906623569402
epoch= 95 	 time= 718.3741802533467 min 	 loss= 1.514450586621057
epoch= 96 	 time= 725.9538141449292 min 	 loss= 1.5311358563827746
epoch= 97 	 time= 733.4929991602897 min 	 loss= 1.5366303648551305
epoch= 98 	 time= 741.016478574276 min 	 loss= 1.7236854515653668
epoch= 99 	 time= 748.5367318312327 min 	 loss= 1.559076630863728
epoch= 100 	 time= 756.050987748305 min 	 loss= 1.5058191660723903
[4.41420362 4.14557914 4.07336901 4.03620934 3.97927205 3.91600328
 3.8494224  3.72777835 3.66687687 3.54155189 3.43013809 3.35862775
 3.29377204 3.18374655 3.13473929 3.13285869 3.04979119 2.96195789
 2.83861107 2.83046315 2.78660426 2.79902548 2.74664176 2.65983549
 2.71554048 2.5975684  2.61684621 2.52579319 2.49921698 2.4961328
 2.40954643 2.40425034 2.42545425 2.42434159 2.34335988 2.3626356
 2.24723884 2.26874129 2.27081522 2.27571684 2.22990463 2.18098641
 2.1436808  2.20669447 2.11469787 2.23668199 2.09022361 2.04241891
 2.03318611 2.01498621 2.11963657 2.12632944 1.99754896 1.95766177
 1.94518866 1.94175365 1.9449226  2.05135532 1.91009791 1.88317793
 1.88955584 2.09647535 1.86384609 1.81272583 1.80283885 1.83431593
 1.80194252 1.89391623 1.80067688 1.73761769 2.07446432 1.76224686
 1.7237502  1.71684641 2.01277527 1.7240828  1.6668615  1.66696157
 1.67670841 1.74802695 1.65673436 1.67858774 1.73258239 1.6994541
 1.64587734 1.65401132 1.71100501 1.61936092 1.5997054  1.57722007
 1.5733666  1.72930902 1.66777208 1.5621662  1.52369066 1.51445059
 1.53113586 1.53663036 1.72368545 1.55907663 1.50581917]
epoch= 101 	 time= 763.5700677514076 min 	 loss= 1.454004761590199
epoch= 102 	 time= 771.0839304089546 min 	 loss= 1.4354619956942218
epoch= 103 	 time= 778.5970678210258 min 	 loss= 1.4303180232373152
epoch= 104 	 time= 786.1113226691882 min 	 loss= 1.4170009957411975
epoch= 105 	 time= 793.6208478132884 min 	 loss= 1.5188572779546181
epoch= 106 	 time= 801.1428114016851 min 	 loss= 1.4548939391406197
epoch= 107 	 time= 808.6770481030146 min 	 loss= 1.364183879578204
epoch= 108 	 time= 816.2379525184631 min 	 loss= 1.388957098112865
epoch= 109 	 time= 823.831424109141 min 	 loss= 1.4356616506274
epoch= 110 	 time= 831.3987315018971 min 	 loss= 1.3636833165585995
epoch= 111 	 time= 838.9392656246821 min 	 loss= 1.3398959592323412
epoch= 112 	 time= 846.4731624881426 min 	 loss= 1.3164378437941724
epoch= 113 	 time= 853.9954551498096 min 	 loss= 1.382171448105664
epoch= 114 	 time= 861.5180269320806 min 	 loss= 1.3321676684893442
epoch= 115 	 time= 869.0445882399877 min 	 loss= 1.305115597042622
epoch= 116 	 time= 876.563407500585 min 	 loss= 1.298524171005596
epoch= 117 	 time= 884.0825488646825 min 	 loss= 1.2744152260797494
epoch= 118 	 time= 891.5890461802483 min 	 loss= 1.2863415381899386
epoch= 119 	 time= 899.1045370658238 min 	 loss= 1.2745419540888432
epoch= 120 	 time= 906.6183530728023 min 	 loss= 1.237771642937353
epoch= 121 	 time= 914.1346632679304 min 	 loss= 1.3495207065264836
epoch= 122 	 time= 921.6432027816772 min 	 loss= 1.3210646660783978
epoch= 123 	 time= 929.1530499815941 min 	 loss= 1.2281428129745253
epoch= 124 	 time= 936.6674304246902 min 	 loss= 1.2130666567746438
epoch= 125 	 time= 944.1733976165453 min 	 loss= 1.191578449428533
epoch= 126 	 time= 951.6865839282672 min 	 loss= 1.2041795155157646
epoch= 127 	 time= 959.2028305570285 min 	 loss= 1.2544548091269805
epoch= 128 	 time= 966.725515238444 min 	 loss= 1.2044825037523652
epoch= 129 	 time= 974.2356824358304 min 	 loss= 1.1435104946430885
epoch= 130 	 time= 981.7516003449758 min 	 loss= 1.194494414681738
epoch= 131 	 time= 989.2641177773476 min 	 loss= 1.1566481352157214
epoch= 132 	 time= 996.7882241447767 min 	 loss= 1.1430079031577616
epoch= 133 	 time= 1004.3035796801249 min 	 loss= 1.1289049122888934
epoch= 134 	 time= 1011.8232894261678 min 	 loss= 1.1328127300490936
epoch= 135 	 time= 1019.3449890653293 min 	 loss= 1.0964108209108765
epoch= 136 	 time= 1026.8557314197221 min 	 loss= 1.0917193887405323
epoch= 137 	 time= 1034.3623317321142 min 	 loss= 1.0867172190208327
epoch= 138 	 time= 1041.872315120697 min 	 loss= 1.1228685605006687
epoch= 139 	 time= 1049.388414601485 min 	 loss= 1.1296227663326444
epoch= 140 	 time= 1056.9167860706648 min 	 loss= 1.0733640662422685
epoch= 141 	 time= 1064.4362458308537 min 	 loss= 1.080017310640577
epoch= 142 	 time= 1071.953868285815 min 	 loss= 1.0773761574427287
epoch= 143 	 time= 1079.4684760848681 min 	 loss= 1.0409621764888817
epoch= 144 	 time= 1086.9973813056945 min 	 loss= 1.0266520474422158
epoch= 145 	 time= 1094.5145891745885 min 	 loss= 1.0170304760833582
epoch= 146 	 time= 1102.0497516949972 min 	 loss= 1.0183260311931372
epoch= 147 	 time= 1109.5884795029958 min 	 loss= 1.0276648120627259
epoch= 148 	 time= 1117.1265834768612 min 	 loss= 1.070983069295233
epoch= 149 	 time= 1124.6555958628655 min 	 loss= 1.0159603139351714
epoch= 150 	 time= 1132.189179889361 min 	 loss= 0.995749300368356
[4.41420362 4.14557914 4.07336901 4.03620934 3.97927205 3.91600328
 3.8494224  3.72777835 3.66687687 3.54155189 3.43013809 3.35862775
 3.29377204 3.18374655 3.13473929 3.13285869 3.04979119 2.96195789
 2.83861107 2.83046315 2.78660426 2.79902548 2.74664176 2.65983549
 2.71554048 2.5975684  2.61684621 2.52579319 2.49921698 2.4961328
 2.40954643 2.40425034 2.42545425 2.42434159 2.34335988 2.3626356
 2.24723884 2.26874129 2.27081522 2.27571684 2.22990463 2.18098641
 2.1436808  2.20669447 2.11469787 2.23668199 2.09022361 2.04241891
 2.03318611 2.01498621 2.11963657 2.12632944 1.99754896 1.95766177
 1.94518866 1.94175365 1.9449226  2.05135532 1.91009791 1.88317793
 1.88955584 2.09647535 1.86384609 1.81272583 1.80283885 1.83431593
 1.80194252 1.89391623 1.80067688 1.73761769 2.07446432 1.76224686
 1.7237502  1.71684641 2.01277527 1.7240828  1.6668615  1.66696157
 1.67670841 1.74802695 1.65673436 1.67858774 1.73258239 1.6994541
 1.64587734 1.65401132 1.71100501 1.61936092 1.5997054  1.57722007
 1.5733666  1.72930902 1.66777208 1.5621662  1.52369066 1.51445059
 1.53113586 1.53663036 1.72368545 1.55907663 1.50581917 1.45400476
 1.435462   1.43031802 1.417001   1.51885728 1.45489394 1.36418388
 1.3889571  1.43566165 1.36368332 1.33989596 1.31643784 1.38217145
 1.33216767 1.3051156  1.29852417 1.27441523 1.28634154 1.27454195
 1.23777164 1.34952071 1.32106467 1.22814281 1.21306666 1.19157845
 1.20417952 1.25445481 1.2044825  1.14351049 1.19449441 1.15664814
 1.1430079  1.12890491 1.13281273 1.09641082 1.09171939 1.08671722
 1.12286856 1.12962277 1.07336407 1.08001731 1.07737616 1.04096218
 1.02665205 1.01703048 1.01832603 1.02766481 1.07098307 1.01596031
 0.9957493 ]
epoch= 151 	 time= 1139.7379037658372 min 	 loss= 0.9649632559400616
epoch= 152 	 time= 1147.279580537478 min 	 loss= 0.9662319142642346
epoch= 153 	 time= 1154.813824872176 min 	 loss= 0.9559232397129138
epoch= 154 	 time= 1162.3421819368998 min 	 loss= 0.9507050898716305
epoch= 155 	 time= 1169.884343636036 min 	 loss= 0.9533172004534439
epoch= 156 	 time= 1177.4246394912402 min 	 loss= 0.9459496221894568
epoch= 157 	 time= 1184.976170416673 min 	 loss= 0.9412385135618123
epoch= 158 	 time= 1192.5258193055788 min 	 loss= 0.9236024320554552
epoch= 159 	 time= 1200.071673043569 min 	 loss= 0.9157999720875964
epoch= 160 	 time= 1207.6251651247342 min 	 loss= 0.9048029264965743
epoch= 161 	 time= 1215.166156021754 min 	 loss= 0.8723905835357127
epoch= 162 	 time= 1222.7055703441301 min 	 loss= 0.9340046983370275
epoch= 163 	 time= 1230.261090083917 min 	 loss= 1.0157363317839123
epoch= 164 	 time= 1237.8015039126078 min 	 loss= 0.8816697952512539
epoch= 165 	 time= 1245.3395215511323 min 	 loss= 0.8769784938600479
epoch= 166 	 time= 1252.8809871474903 min 	 loss= 0.8902116725751847
epoch= 167 	 time= 1260.4226271708806 min 	 loss= 0.8274565470354124
epoch= 168 	 time= 1267.9636398156483 min 	 loss= 0.8363732687282291
epoch= 169 	 time= 1275.5170286138853 min 	 loss= 0.9001115362255863
epoch= 170 	 time= 1283.054305501779 min 	 loss= 0.8811535627688423
epoch= 171 	 time= 1290.6085831880569 min 	 loss= 0.868841925924926
epoch= 172 	 time= 1298.1592552145323 min 	 loss= 0.896782701792139
epoch= 173 	 time= 1305.7104713161787 min 	 loss= 0.86041397114369
epoch= 174 	 time= 1313.2680022716522 min 	 loss= 0.8295750671715447
epoch= 175 	 time= 1320.8081746935845 min 	 loss= 0.8742091343980847
epoch= 176 	 time= 1328.3600008805593 min 	 loss= 0.8026716322248633
epoch= 177 	 time= 1335.9056324481965 min 	 loss= 0.7736778158491308
epoch= 178 	 time= 1343.4498805761336 min 	 loss= 0.7903856184830268
epoch= 179 	 time= 1350.974726299445 min 	 loss= 0.8420541209750103
epoch= 180 	 time= 1358.5105131586392 min 	 loss= 0.9901921617104249
epoch= 181 	 time= 1366.0465574582418 min 	 loss= 0.7980447433256742
epoch= 182 	 time= 1373.5938560009004 min 	 loss= 0.7506162695835034
epoch= 183 	 time= 1381.1511968016625 min 	 loss= 0.7194501231588197
epoch= 184 	 time= 1388.703950424989 min 	 loss= 0.7216464504915656
epoch= 185 	 time= 1396.2568514267602 min 	 loss= 0.7755349916603529
epoch= 186 	 time= 1403.7899129509926 min 	 loss= 0.8076259249155269
epoch= 187 	 time= 1411.3237761378289 min 	 loss= 1.1216853071546014
epoch= 188 	 time= 1418.8490798950195 min 	 loss= 0.8233010383447011
epoch= 189 	 time= 1426.3912585218748 min 	 loss= 0.7241543227863131
epoch= 190 	 time= 1433.9221625407538 min 	 loss= 0.705166548147346
epoch= 191 	 time= 1441.4596853295961 min 	 loss= 0.7761847063763575
epoch= 192 	 time= 1448.994520831108 min 	 loss= 0.9279037150187475
epoch= 193 	 time= 1456.542868677775 min 	 loss= 0.7112752076802832
epoch= 194 	 time= 1464.0782275160154 min 	 loss= 0.6832848599857905
epoch= 195 	 time= 1471.622196718057 min 	 loss= 0.7502982903746042
epoch= 196 	 time= 1479.1555340329805 min 	 loss= 0.698381102435065
epoch= 197 	 time= 1486.6858296314874 min 	 loss= 0.6873242832697702
epoch= 198 	 time= 1494.2125899751982 min 	 loss= 0.7271774098299669
epoch= 199 	 time= 1501.756134812037 min 	 loss= 0.9587355892698873
epoch= 200 	 time= 1509.2891858180365 min 	 loss= 0.7203169038327354
[4.41420362 4.14557914 4.07336901 4.03620934 3.97927205 3.91600328
 3.8494224  3.72777835 3.66687687 3.54155189 3.43013809 3.35862775
 3.29377204 3.18374655 3.13473929 3.13285869 3.04979119 2.96195789
 2.83861107 2.83046315 2.78660426 2.79902548 2.74664176 2.65983549
 2.71554048 2.5975684  2.61684621 2.52579319 2.49921698 2.4961328
 2.40954643 2.40425034 2.42545425 2.42434159 2.34335988 2.3626356
 2.24723884 2.26874129 2.27081522 2.27571684 2.22990463 2.18098641
 2.1436808  2.20669447 2.11469787 2.23668199 2.09022361 2.04241891
 2.03318611 2.01498621 2.11963657 2.12632944 1.99754896 1.95766177
 1.94518866 1.94175365 1.9449226  2.05135532 1.91009791 1.88317793
 1.88955584 2.09647535 1.86384609 1.81272583 1.80283885 1.83431593
 1.80194252 1.89391623 1.80067688 1.73761769 2.07446432 1.76224686
 1.7237502  1.71684641 2.01277527 1.7240828  1.6668615  1.66696157
 1.67670841 1.74802695 1.65673436 1.67858774 1.73258239 1.6994541
 1.64587734 1.65401132 1.71100501 1.61936092 1.5997054  1.57722007
 1.5733666  1.72930902 1.66777208 1.5621662  1.52369066 1.51445059
 1.53113586 1.53663036 1.72368545 1.55907663 1.50581917 1.45400476
 1.435462   1.43031802 1.417001   1.51885728 1.45489394 1.36418388
 1.3889571  1.43566165 1.36368332 1.33989596 1.31643784 1.38217145
 1.33216767 1.3051156  1.29852417 1.27441523 1.28634154 1.27454195
 1.23777164 1.34952071 1.32106467 1.22814281 1.21306666 1.19157845
 1.20417952 1.25445481 1.2044825  1.14351049 1.19449441 1.15664814
 1.1430079  1.12890491 1.13281273 1.09641082 1.09171939 1.08671722
 1.12286856 1.12962277 1.07336407 1.08001731 1.07737616 1.04096218
 1.02665205 1.01703048 1.01832603 1.02766481 1.07098307 1.01596031
 0.9957493  0.96496326 0.96623191 0.95592324 0.95070509 0.9533172
 0.94594962 0.94123851 0.92360243 0.91579997 0.90480293 0.87239058
 0.9340047  1.01573633 0.8816698  0.87697849 0.89021167 0.82745655
 0.83637327 0.90011154 0.88115356 0.86884193 0.8967827  0.86041397
 0.82957507 0.87420913 0.80267163 0.77367782 0.79038562 0.84205412
 0.99019216 0.79804474 0.75061627 0.71945012 0.72164645 0.77553499
 0.80762592 1.12168531 0.82330104 0.72415432 0.70516655 0.77618471
 0.92790372 0.71127521 0.68328486 0.75029829 0.6983811  0.68732428
 0.72717741 0.95873559 0.7203169 ]
epoch= 201 	 time= 1516.831019671758 min 	 loss= 0.650381263527229
epoch= 202 	 time= 1524.3629777987799 min 	 loss= 0.6266609508566784
epoch= 203 	 time= 1531.8986937920251 min 	 loss= 0.6242346195470203
epoch= 204 	 time= 1539.4409566164018 min 	 loss= 0.6458110775708249
epoch= 205 	 time= 1546.9856360038123 min 	 loss= 0.6141417233871691
epoch= 206 	 time= 1554.5278719186783 min 	 loss= 0.6053110635687005
epoch= 207 	 time= 1562.0619418819745 min 	 loss= 0.6344686657235478
epoch= 208 	 time= 1569.5852966308594 min 	 loss= 0.6291028370459875
epoch= 209 	 time= 1577.120538143317 min 	 loss= 0.6373914684558457
epoch= 210 	 time= 1584.657809730371 min 	 loss= 0.6041298638103586
epoch= 211 	 time= 1592.1978344639142 min 	 loss= 0.5924465724927458
epoch= 212 	 time= 1599.7245824893316 min 	 loss= 0.5817599177349246
epoch= 213 	 time= 1607.2645635247231 min 	 loss= 0.5897275693714619
epoch= 214 	 time= 1614.8098354736965 min 	 loss= 0.6757314545119351
epoch= 215 	 time= 1622.3503427664439 min 	 loss= 0.6992866704771012
epoch= 216 	 time= 1629.8766987204551 min 	 loss= 0.6269155803909807
epoch= 217 	 time= 1637.399970881144 min 	 loss= 0.5596035655023474
epoch= 218 	 time= 1644.9368409991264 min 	 loss= 0.5480884099819443
epoch= 219 	 time= 1652.4704999168714 min 	 loss= 0.5579086939380927
epoch= 220 	 time= 1659.983519434929 min 	 loss= 0.5688551349576676
epoch= 221 	 time= 1667.5063165307045 min 	 loss= 0.6066323289162282
epoch= 222 	 time= 1675.0452116886775 min 	 loss= 0.6338431842117147
epoch= 223 	 time= 1682.577753241857 min 	 loss= 0.5906898747203928
epoch= 224 	 time= 1690.1051709214846 min 	 loss= 0.5267877705575842
epoch= 225 	 time= 1697.634541408221 min 	 loss= 0.5258954883976417
epoch= 226 	 time= 1705.1632314483325 min 	 loss= 0.5397464727497462
epoch= 227 	 time= 1712.6855992635092 min 	 loss= 0.5753958385392572
epoch= 228 	 time= 1720.2085713823637 min 	 loss= 0.5453852586267572
epoch= 229 	 time= 1727.7300743142764 min 	 loss= 0.5278920697330526
epoch= 230 	 time= 1735.2443504492442 min 	 loss= 0.5303500793061473
epoch= 231 	 time= 1742.76370190382 min 	 loss= 0.5777507434040308
epoch= 232 	 time= 1750.3021034240724 min 	 loss= 0.5456492817774415
epoch= 233 	 time= 1757.8391969799995 min 	 loss= 0.5146969512443651
epoch= 234 	 time= 1765.369780655702 min 	 loss= 0.5068318936228752
epoch= 235 	 time= 1772.8894860545795 min 	 loss= 0.559082312850338
epoch= 236 	 time= 1780.4046779791513 min 	 loss= 0.5313941678675739
epoch= 237 	 time= 1787.9228212197622 min 	 loss= 0.5179347601939331
epoch= 238 	 time= 1795.4338902672132 min 	 loss= 0.5969894233571761
epoch= 239 	 time= 1802.9551641027133 min 	 loss= 0.5206052541732789
epoch= 240 	 time= 1810.4745737075805 min 	 loss= 0.5103361255743287
epoch= 241 	 time= 1818.0026527961095 min 	 loss= 0.5173269862501008
epoch= 242 	 time= 1825.5219311873118 min 	 loss= 0.5197611292000069
epoch= 243 	 time= 1833.0367970148723 min 	 loss= 0.5100058910250663
epoch= 244 	 time= 1840.5597127477329 min 	 loss= 0.5412481941079551
epoch= 245 	 time= 1848.0778471668561 min 	 loss= 0.5166002180382158
epoch= 246 	 time= 1855.5934422691664 min 	 loss= 0.47740459468780144
epoch= 247 	 time= 1863.1140538136165 min 	 loss= 0.5045990026584177
epoch= 248 	 time= 1870.6360907276471 min 	 loss= 0.5162644357798678
epoch= 249 	 time= 1878.1576195637385 min 	 loss= 0.49660185134546325
epoch= 250 	 time= 1885.6756196538606 min 	 loss= 0.48479481370724514
[4.41420362 4.14557914 4.07336901 4.03620934 3.97927205 3.91600328
 3.8494224  3.72777835 3.66687687 3.54155189 3.43013809 3.35862775
 3.29377204 3.18374655 3.13473929 3.13285869 3.04979119 2.96195789
 2.83861107 2.83046315 2.78660426 2.79902548 2.74664176 2.65983549
 2.71554048 2.5975684  2.61684621 2.52579319 2.49921698 2.4961328
 2.40954643 2.40425034 2.42545425 2.42434159 2.34335988 2.3626356
 2.24723884 2.26874129 2.27081522 2.27571684 2.22990463 2.18098641
 2.1436808  2.20669447 2.11469787 2.23668199 2.09022361 2.04241891
 2.03318611 2.01498621 2.11963657 2.12632944 1.99754896 1.95766177
 1.94518866 1.94175365 1.9449226  2.05135532 1.91009791 1.88317793
 1.88955584 2.09647535 1.86384609 1.81272583 1.80283885 1.83431593
 1.80194252 1.89391623 1.80067688 1.73761769 2.07446432 1.76224686
 1.7237502  1.71684641 2.01277527 1.7240828  1.6668615  1.66696157
 1.67670841 1.74802695 1.65673436 1.67858774 1.73258239 1.6994541
 1.64587734 1.65401132 1.71100501 1.61936092 1.5997054  1.57722007
 1.5733666  1.72930902 1.66777208 1.5621662  1.52369066 1.51445059
 1.53113586 1.53663036 1.72368545 1.55907663 1.50581917 1.45400476
 1.435462   1.43031802 1.417001   1.51885728 1.45489394 1.36418388
 1.3889571  1.43566165 1.36368332 1.33989596 1.31643784 1.38217145
 1.33216767 1.3051156  1.29852417 1.27441523 1.28634154 1.27454195
 1.23777164 1.34952071 1.32106467 1.22814281 1.21306666 1.19157845
 1.20417952 1.25445481 1.2044825  1.14351049 1.19449441 1.15664814
 1.1430079  1.12890491 1.13281273 1.09641082 1.09171939 1.08671722
 1.12286856 1.12962277 1.07336407 1.08001731 1.07737616 1.04096218
 1.02665205 1.01703048 1.01832603 1.02766481 1.07098307 1.01596031
 0.9957493  0.96496326 0.96623191 0.95592324 0.95070509 0.9533172
 0.94594962 0.94123851 0.92360243 0.91579997 0.90480293 0.87239058
 0.9340047  1.01573633 0.8816698  0.87697849 0.89021167 0.82745655
 0.83637327 0.90011154 0.88115356 0.86884193 0.8967827  0.86041397
 0.82957507 0.87420913 0.80267163 0.77367782 0.79038562 0.84205412
 0.99019216 0.79804474 0.75061627 0.71945012 0.72164645 0.77553499
 0.80762592 1.12168531 0.82330104 0.72415432 0.70516655 0.77618471
 0.92790372 0.71127521 0.68328486 0.75029829 0.6983811  0.68732428
 0.72717741 0.95873559 0.7203169  0.65038126 0.62666095 0.62423462
 0.64581108 0.61414172 0.60531106 0.63446867 0.62910284 0.63739147
 0.60412986 0.59244657 0.58175992 0.58972757 0.67573145 0.69928667
 0.62691558 0.55960357 0.54808841 0.55790869 0.56885513 0.60663233
 0.63384318 0.59068987 0.52678777 0.52589549 0.53974647 0.57539584
 0.54538526 0.52789207 0.53035008 0.57775074 0.54564928 0.51469695
 0.50683189 0.55908231 0.53139417 0.51793476 0.59698942 0.52060525
 0.51033613 0.51732699 0.51976113 0.51000589 0.54124819 0.51660022
 0.47740459 0.504599   0.51626444 0.49660185 0.48479481]
epoch= 251 	 time= 1893.1858588496843 min 	 loss= 0.49328008184830346
epoch= 252 	 time= 1900.7139774044356 min 	 loss= 0.5446323192638881
epoch= 253 	 time= 1908.2266100406646 min 	 loss= 0.7857714900329258
epoch= 254 	 time= 1915.7532583475113 min 	 loss= 0.5128544031456113
epoch= 255 	 time= 1923.2712495883306 min 	 loss= 0.4824991321416967
epoch= 256 	 time= 1930.783145725727 min 	 loss= 0.45443581188041154
epoch= 257 	 time= 1938.3061639706293 min 	 loss= 0.4418979217744235
epoch= 258 	 time= 1945.826940325896 min 	 loss= 0.4531481406408729
epoch= 259 	 time= 1953.3436097423235 min 	 loss= 0.47559440511645695
epoch= 260 	 time= 1960.8691702604294 min 	 loss= 0.4797223509904562
epoch= 261 	 time= 1968.3832320491472 min 	 loss= 0.49049157555130396
epoch= 262 	 time= 1975.898780910174 min 	 loss= 0.469672126229288
epoch= 263 	 time= 1983.4237363179525 min 	 loss= 0.4702032860932928
epoch= 264 	 time= 1990.9350478728613 min 	 loss= 0.48316055745112174
epoch= 265 	 time= 1998.4533600886664 min 	 loss= 0.47049790351454057
epoch= 266 	 time= 2005.97431533734 min 	 loss= 0.4567037535142718
epoch= 267 	 time= 2013.49035226504 min 	 loss= 0.4545894965845527
epoch= 268 	 time= 2021.001608546575 min 	 loss= 0.5388598630983721
epoch= 269 	 time= 2028.5088779091834 min 	 loss= 0.5105004461470879
epoch= 270 	 time= 2036.0240887522698 min 	 loss= 0.4381015851551836
epoch= 271 	 time= 2043.5316219647725 min 	 loss= 0.4323693626193386
epoch= 272 	 time= 2051.0481229345005 min 	 loss= 0.4826538556373932
epoch= 273 	 time= 2058.5581603606543 min 	 loss= 0.47464561194068555
epoch= 274 	 time= 2066.078930425644 min 	 loss= 0.4515948416292667
epoch= 275 	 time= 2073.6010701735813 min 	 loss= 0.4653467425433072
epoch= 276 	 time= 2081.136025921504 min 	 loss= 0.4464197566653743
epoch= 277 	 time= 2088.658722694715 min 	 loss= 0.44095392238687386
epoch= 278 	 time= 2096.168074655533 min 	 loss= 0.5407187113459363
epoch= 279 	 time= 2103.6758079648016 min 	 loss= 0.4980515380294034
epoch= 280 	 time= 2111.2010622501375 min 	 loss= 0.43364079724432847
epoch= 281 	 time= 2118.719658386707 min 	 loss= 0.41473906867206095
epoch= 282 	 time= 2126.2363522211713 min 	 loss= 0.42152004609053784
epoch= 283 	 time= 2133.7525268554687 min 	 loss= 0.5443021966155731
epoch= 284 	 time= 2141.277861730258 min 	 loss= 0.5582172425102555
epoch= 285 	 time= 2148.791080828508 min 	 loss= 0.47006947100614055
epoch= 286 	 time= 2156.2981760541597 min 	 loss= 0.40886166907395377
epoch= 287 	 time= 2163.808389389515 min 	 loss= 0.4136862536700386
epoch= 288 	 time= 2171.3255683700245 min 	 loss= 0.41393114810978826
epoch= 289 	 time= 2178.8393732825916 min 	 loss= 0.43007971482407864
epoch= 290 	 time= 2186.3532407840094 min 	 loss= 0.45305372459418847
epoch= 291 	 time= 2193.8594834129017 min 	 loss= 0.46873252575144625
epoch= 292 	 time= 2201.381624730428 min 	 loss= 0.45881549744669237
epoch= 293 	 time= 2208.909961771965 min 	 loss= 0.4242991289722197
epoch= 294 	 time= 2216.426738071442 min 	 loss= 0.4800623367252675
epoch= 295 	 time= 2223.9394911924996 min 	 loss= 0.4210193106746583
epoch= 296 	 time= 2231.461641542117 min 	 loss= 0.4201119138052066
epoch= 297 	 time= 2238.9770360589027 min 	 loss= 0.4270756031866326
epoch= 298 	 time= 2246.496758019924 min 	 loss= 0.4326760177619078
epoch= 299 	 time= 2254.011702521642 min 	 loss= 0.4202782562025117
epoch= 300 	 time= 2261.534704554081 min 	 loss= 0.391946586198879
[4.41420362 4.14557914 4.07336901 4.03620934 3.97927205 3.91600328
 3.8494224  3.72777835 3.66687687 3.54155189 3.43013809 3.35862775
 3.29377204 3.18374655 3.13473929 3.13285869 3.04979119 2.96195789
 2.83861107 2.83046315 2.78660426 2.79902548 2.74664176 2.65983549
 2.71554048 2.5975684  2.61684621 2.52579319 2.49921698 2.4961328
 2.40954643 2.40425034 2.42545425 2.42434159 2.34335988 2.3626356
 2.24723884 2.26874129 2.27081522 2.27571684 2.22990463 2.18098641
 2.1436808  2.20669447 2.11469787 2.23668199 2.09022361 2.04241891
 2.03318611 2.01498621 2.11963657 2.12632944 1.99754896 1.95766177
 1.94518866 1.94175365 1.9449226  2.05135532 1.91009791 1.88317793
 1.88955584 2.09647535 1.86384609 1.81272583 1.80283885 1.83431593
 1.80194252 1.89391623 1.80067688 1.73761769 2.07446432 1.76224686
 1.7237502  1.71684641 2.01277527 1.7240828  1.6668615  1.66696157
 1.67670841 1.74802695 1.65673436 1.67858774 1.73258239 1.6994541
 1.64587734 1.65401132 1.71100501 1.61936092 1.5997054  1.57722007
 1.5733666  1.72930902 1.66777208 1.5621662  1.52369066 1.51445059
 1.53113586 1.53663036 1.72368545 1.55907663 1.50581917 1.45400476
 1.435462   1.43031802 1.417001   1.51885728 1.45489394 1.36418388
 1.3889571  1.43566165 1.36368332 1.33989596 1.31643784 1.38217145
 1.33216767 1.3051156  1.29852417 1.27441523 1.28634154 1.27454195
 1.23777164 1.34952071 1.32106467 1.22814281 1.21306666 1.19157845
 1.20417952 1.25445481 1.2044825  1.14351049 1.19449441 1.15664814
 1.1430079  1.12890491 1.13281273 1.09641082 1.09171939 1.08671722
 1.12286856 1.12962277 1.07336407 1.08001731 1.07737616 1.04096218
 1.02665205 1.01703048 1.01832603 1.02766481 1.07098307 1.01596031
 0.9957493  0.96496326 0.96623191 0.95592324 0.95070509 0.9533172
 0.94594962 0.94123851 0.92360243 0.91579997 0.90480293 0.87239058
 0.9340047  1.01573633 0.8816698  0.87697849 0.89021167 0.82745655
 0.83637327 0.90011154 0.88115356 0.86884193 0.8967827  0.86041397
 0.82957507 0.87420913 0.80267163 0.77367782 0.79038562 0.84205412
 0.99019216 0.79804474 0.75061627 0.71945012 0.72164645 0.77553499
 0.80762592 1.12168531 0.82330104 0.72415432 0.70516655 0.77618471
 0.92790372 0.71127521 0.68328486 0.75029829 0.6983811  0.68732428
 0.72717741 0.95873559 0.7203169  0.65038126 0.62666095 0.62423462
 0.64581108 0.61414172 0.60531106 0.63446867 0.62910284 0.63739147
 0.60412986 0.59244657 0.58175992 0.58972757 0.67573145 0.69928667
 0.62691558 0.55960357 0.54808841 0.55790869 0.56885513 0.60663233
 0.63384318 0.59068987 0.52678777 0.52589549 0.53974647 0.57539584
 0.54538526 0.52789207 0.53035008 0.57775074 0.54564928 0.51469695
 0.50683189 0.55908231 0.53139417 0.51793476 0.59698942 0.52060525
 0.51033613 0.51732699 0.51976113 0.51000589 0.54124819 0.51660022
 0.47740459 0.504599   0.51626444 0.49660185 0.48479481 0.49328008
 0.54463232 0.78577149 0.5128544  0.48249913 0.45443581 0.44189792
 0.45314814 0.47559441 0.47972235 0.49049158 0.46967213 0.47020329
 0.48316056 0.4704979  0.45670375 0.4545895  0.53885986 0.51050045
 0.43810159 0.43236936 0.48265386 0.47464561 0.45159484 0.46534674
 0.44641976 0.44095392 0.54071871 0.49805154 0.4336408  0.41473907
 0.42152005 0.5443022  0.55821724 0.47006947 0.40886167 0.41368625
 0.41393115 0.43007971 0.45305372 0.46873253 0.4588155  0.42429913
 0.48006234 0.42101931 0.42011191 0.4270756  0.43267602 0.42027826
 0.39194659]
epoch= 301 	 time= 2269.047183907032 min 	 loss= 0.47386997486718674
epoch= 302 	 time= 2276.5615850925446 min 	 loss= 0.4116313268774838
epoch= 303 	 time= 2284.087571088473 min 	 loss= 0.3664650839680072
epoch= 304 	 time= 2291.6079422275225 min 	 loss= 0.4337233690951358
epoch= 305 	 time= 2299.1323667446773 min 	 loss= 0.3836385879451127
epoch= 306 	 time= 2306.6503018776575 min 	 loss= 0.3726073667802142
epoch= 307 	 time= 2314.174494612217 min 	 loss= 0.3558735754577951
epoch= 308 	 time= 2321.6958746433256 min 	 loss= 0.3753406681684834
epoch= 309 	 time= 2329.2110046664875 min 	 loss= 0.36287317594343965
epoch= 310 	 time= 2336.7287274599075 min 	 loss= 0.371171602119099
epoch= 311 	 time= 2344.2467528065044 min 	 loss= 0.4099992481348189
epoch= 312 	 time= 2351.7647314707438 min 	 loss= 0.39518461806078753
epoch= 313 	 time= 2359.285113700231 min 	 loss= 0.3721841220693155
epoch= 314 	 time= 2366.8024218320847 min 	 loss= 0.40731781046047355
epoch= 315 	 time= 2374.317058479786 min 	 loss= 0.35479643700926594
epoch= 316 	 time= 2381.8461835741996 min 	 loss= 0.3601160768814611
epoch= 317 	 time= 2389.354577024778 min 	 loss= 0.37444366896017034
epoch= 318 	 time= 2396.8740095178287 min 	 loss= 0.35674898593714743
epoch= 319 	 time= 2404.401589679718 min 	 loss= 0.3510692393982952
epoch= 320 	 time= 2411.923485291004 min 	 loss= 0.4380242578425642
epoch= 321 	 time= 2419.4443711996078 min 	 loss= 0.44153021557990346
epoch= 322 	 time= 2426.964900199572 min 	 loss= 0.366063829647998
epoch= 323 	 time= 2434.4873801469803 min 	 loss= 0.35050787375054576
epoch= 324 	 time= 2442.0127723097803 min 	 loss= 0.33974417400631035
epoch= 325 	 time= 2449.533651693662 min 	 loss= 0.40459592310316633
epoch= 326 	 time= 2457.0559140841165 min 	 loss= 0.3627735653914737
epoch= 327 	 time= 2464.5743352890013 min 	 loss= 0.4020528302951293
epoch= 328 	 time= 2472.093908584118 min 	 loss= 0.4094643364756396
epoch= 329 	 time= 2479.6163750807445 min 	 loss= 0.345278647758744
epoch= 330 	 time= 2487.144864888986 min 	 loss= 0.3381799118175651
epoch= 331 	 time= 2494.666560526689 min 	 loss= 0.33423566692480533
epoch= 332 	 time= 2502.1828274726868 min 	 loss= 0.35302080999156743
epoch= 333 	 time= 2509.7236322402955 min 	 loss= 0.34501532089529613
epoch= 334 	 time= 2517.2676011602084 min 	 loss= 0.3621033907117266
epoch= 335 	 time= 2524.804460934798 min 	 loss= 0.3589753863102559
epoch= 336 	 time= 2532.331274398168 min 	 loss= 0.34487632627965825
epoch= 337 	 time= 2539.8656694014867 min 	 loss= 0.3427168009373726
epoch= 338 	 time= 2547.3990015705426 min 	 loss= 0.3584714187297857
epoch= 339 	 time= 2554.931090438366 min 	 loss= 0.3433043971928683
epoch= 340 	 time= 2562.474338289102 min 	 loss= 0.3608220668091918
epoch= 341 	 time= 2570.018259835243 min 	 loss= 0.3439077288363919
epoch= 342 	 time= 2577.563316345215 min 	 loss= 0.33666819348931315
epoch= 343 	 time= 2585.0954040129977 min 	 loss= 0.35351508370628865
epoch= 344 	 time= 2592.6448531428973 min 	 loss= 0.3713200103198037
epoch= 345 	 time= 2600.1992577354113 min 	 loss= 0.34504928846476657
epoch= 346 	 time= 2607.743645465374 min 	 loss= 0.3304886393090992
epoch= 347 	 time= 2615.289412466685 min 	 loss= 0.34234486698991423
epoch= 348 	 time= 2622.8342961271605 min 	 loss= 0.3479717423552365
epoch= 349 	 time= 2630.3949854930243 min 	 loss= 0.3350684416892402
epoch= 350 	 time= 2637.953347460429 min 	 loss= 0.32910325897688214
[4.41420362 4.14557914 4.07336901 4.03620934 3.97927205 3.91600328
 3.8494224  3.72777835 3.66687687 3.54155189 3.43013809 3.35862775
 3.29377204 3.18374655 3.13473929 3.13285869 3.04979119 2.96195789
 2.83861107 2.83046315 2.78660426 2.79902548 2.74664176 2.65983549
 2.71554048 2.5975684  2.61684621 2.52579319 2.49921698 2.4961328
 2.40954643 2.40425034 2.42545425 2.42434159 2.34335988 2.3626356
 2.24723884 2.26874129 2.27081522 2.27571684 2.22990463 2.18098641
 2.1436808  2.20669447 2.11469787 2.23668199 2.09022361 2.04241891
 2.03318611 2.01498621 2.11963657 2.12632944 1.99754896 1.95766177
 1.94518866 1.94175365 1.9449226  2.05135532 1.91009791 1.88317793
 1.88955584 2.09647535 1.86384609 1.81272583 1.80283885 1.83431593
 1.80194252 1.89391623 1.80067688 1.73761769 2.07446432 1.76224686
 1.7237502  1.71684641 2.01277527 1.7240828  1.6668615  1.66696157
 1.67670841 1.74802695 1.65673436 1.67858774 1.73258239 1.6994541
 1.64587734 1.65401132 1.71100501 1.61936092 1.5997054  1.57722007
 1.5733666  1.72930902 1.66777208 1.5621662  1.52369066 1.51445059
 1.53113586 1.53663036 1.72368545 1.55907663 1.50581917 1.45400476
 1.435462   1.43031802 1.417001   1.51885728 1.45489394 1.36418388
 1.3889571  1.43566165 1.36368332 1.33989596 1.31643784 1.38217145
 1.33216767 1.3051156  1.29852417 1.27441523 1.28634154 1.27454195
 1.23777164 1.34952071 1.32106467 1.22814281 1.21306666 1.19157845
 1.20417952 1.25445481 1.2044825  1.14351049 1.19449441 1.15664814
 1.1430079  1.12890491 1.13281273 1.09641082 1.09171939 1.08671722
 1.12286856 1.12962277 1.07336407 1.08001731 1.07737616 1.04096218
 1.02665205 1.01703048 1.01832603 1.02766481 1.07098307 1.01596031
 0.9957493  0.96496326 0.96623191 0.95592324 0.95070509 0.9533172
 0.94594962 0.94123851 0.92360243 0.91579997 0.90480293 0.87239058
 0.9340047  1.01573633 0.8816698  0.87697849 0.89021167 0.82745655
 0.83637327 0.90011154 0.88115356 0.86884193 0.8967827  0.86041397
 0.82957507 0.87420913 0.80267163 0.77367782 0.79038562 0.84205412
 0.99019216 0.79804474 0.75061627 0.71945012 0.72164645 0.77553499
 0.80762592 1.12168531 0.82330104 0.72415432 0.70516655 0.77618471
 0.92790372 0.71127521 0.68328486 0.75029829 0.6983811  0.68732428
 0.72717741 0.95873559 0.7203169  0.65038126 0.62666095 0.62423462
 0.64581108 0.61414172 0.60531106 0.63446867 0.62910284 0.63739147
 0.60412986 0.59244657 0.58175992 0.58972757 0.67573145 0.69928667
 0.62691558 0.55960357 0.54808841 0.55790869 0.56885513 0.60663233
 0.63384318 0.59068987 0.52678777 0.52589549 0.53974647 0.57539584
 0.54538526 0.52789207 0.53035008 0.57775074 0.54564928 0.51469695
 0.50683189 0.55908231 0.53139417 0.51793476 0.59698942 0.52060525
 0.51033613 0.51732699 0.51976113 0.51000589 0.54124819 0.51660022
 0.47740459 0.504599   0.51626444 0.49660185 0.48479481 0.49328008
 0.54463232 0.78577149 0.5128544  0.48249913 0.45443581 0.44189792
 0.45314814 0.47559441 0.47972235 0.49049158 0.46967213 0.47020329
 0.48316056 0.4704979  0.45670375 0.4545895  0.53885986 0.51050045
 0.43810159 0.43236936 0.48265386 0.47464561 0.45159484 0.46534674
 0.44641976 0.44095392 0.54071871 0.49805154 0.4336408  0.41473907
 0.42152005 0.5443022  0.55821724 0.47006947 0.40886167 0.41368625
 0.41393115 0.43007971 0.45305372 0.46873253 0.4588155  0.42429913
 0.48006234 0.42101931 0.42011191 0.4270756  0.43267602 0.42027826
 0.39194659 0.47386997 0.41163133 0.36646508 0.43372337 0.38363859
 0.37260737 0.35587358 0.37534067 0.36287318 0.3711716  0.40999925
 0.39518462 0.37218412 0.40731781 0.35479644 0.36011608 0.37444367
 0.35674899 0.35106924 0.43802426 0.44153022 0.36606383 0.35050787
 0.33974417 0.40459592 0.36277357 0.40205283 0.40946434 0.34527865
 0.33817991 0.33423567 0.35302081 0.34501532 0.36210339 0.35897539
 0.34487633 0.3427168  0.35847142 0.3433044  0.36082207 0.34390773
 0.33666819 0.35351508 0.37132001 0.34504929 0.33048864 0.34234487
 0.34797174 0.33506844 0.32910326]
epoch= 351 	 time= 2645.507002913952 min 	 loss= 0.3240935992178592
epoch= 352 	 time= 2653.0770732124647 min 	 loss= 0.3406881448400743
epoch= 353 	 time= 2660.637348151207 min 	 loss= 0.3540222658273397
epoch= 354 	 time= 2668.198500986894 min 	 loss= 0.3388035681595405
epoch= 355 	 time= 2675.7701366662977 min 	 loss= 0.3383158822989825
epoch= 356 	 time= 2683.3434658328692 min 	 loss= 0.3343011037079674
epoch= 357 	 time= 2690.9174907922743 min 	 loss= 0.33405253872726903
epoch= 358 	 time= 2698.4928479035693 min 	 loss= 0.3241103030718637
epoch= 359 	 time= 2706.061674630642 min 	 loss= 0.34510983806667905
epoch= 360 	 time= 2713.6383279482525 min 	 loss= 0.3437338594019865
epoch= 361 	 time= 2721.20353410244 min 	 loss= 0.35853740600473955
epoch= 362 	 time= 2728.7676827232044 min 	 loss= 0.35516893128328253
epoch= 363 	 time= 2736.3491370836896 min 	 loss= 0.31822436872643955
epoch= 364 	 time= 2743.9191767096518 min 	 loss= 0.31204881511854404
epoch= 365 	 time= 2751.480084045728 min 	 loss= 0.3258213034588279
epoch= 366 	 time= 2759.0650980154674 min 	 loss= 0.3167177797831369
