cuda
3300
The slice id is: 2
825
13177026
epoch= 0 	 time= 7.599840982755025 min 	 loss= 4.379932933287187
[4.37993293]
epoch= 1 	 time= 15.116086467107136 min 	 loss= 4.151388262257432
epoch= 2 	 time= 22.631986339886982 min 	 loss= 4.089180993166837
epoch= 3 	 time= 30.147094249725342 min 	 loss= 4.052175230112943
epoch= 4 	 time= 37.664661777019504 min 	 loss= 4.015392153588208
epoch= 5 	 time= 45.177101322015126 min 	 loss= 3.9885223642985026
epoch= 6 	 time= 52.68119086821874 min 	 loss= 3.9342449556155636
epoch= 7 	 time= 60.18272138834 min 	 loss= 3.87357287519809
epoch= 8 	 time= 67.68140616814296 min 	 loss= 3.8341618927861707
epoch= 9 	 time= 75.18999837636947 min 	 loss= 3.8490454822417464
epoch= 10 	 time= 82.69982192118962 min 	 loss= 3.721486888329188
epoch= 11 	 time= 90.20512440204621 min 	 loss= 3.6435331481153317
epoch= 12 	 time= 97.70674761533738 min 	 loss= 3.5894933287844513
epoch= 13 	 time= 105.21306245326996 min 	 loss= 3.5417701693375907
epoch= 14 	 time= 112.71845680077871 min 	 loss= 3.4775372128956246
epoch= 15 	 time= 120.23257502714793 min 	 loss= 3.3899429875070397
epoch= 16 	 time= 127.76425498723984 min 	 loss= 3.3499082696979694
epoch= 17 	 time= 135.32569129864376 min 	 loss= 3.296218722047228
epoch= 18 	 time= 142.90722258885702 min 	 loss= 3.2778132372643007
epoch= 19 	 time= 150.4569522023201 min 	 loss= 3.209536501729127
epoch= 20 	 time= 157.9670526345571 min 	 loss= 3.2212605383721264
epoch= 21 	 time= 165.47135823965073 min 	 loss= 3.125390789138548
epoch= 22 	 time= 172.98129049142202 min 	 loss= 3.1543920663811944
epoch= 23 	 time= 180.48828203280766 min 	 loss= 3.100247588437615
epoch= 24 	 time= 187.99770905574164 min 	 loss= 3.036224639307369
epoch= 25 	 time= 195.50705290635426 min 	 loss= 3.0118289848620243
epoch= 26 	 time= 203.01756490468978 min 	 loss= 3.0057634940924065
epoch= 27 	 time= 210.51706698735555 min 	 loss= 3.022729024598093
epoch= 28 	 time= 218.03759878873825 min 	 loss= 3.102396180250428
epoch= 29 	 time= 225.5646860520045 min 	 loss= 2.9919527022585726
epoch= 30 	 time= 233.13581719001135 min 	 loss= 2.895542037568309
epoch= 31 	 time= 240.70236084063848 min 	 loss= 2.8663209681167747
epoch= 32 	 time= 248.25699203014375 min 	 loss= 2.867804197804494
epoch= 33 	 time= 255.7847418944041 min 	 loss= 2.903120724540768
epoch= 34 	 time= 263.30003377596535 min 	 loss= 2.8531707753015287
epoch= 35 	 time= 270.8134637395541 min 	 loss= 2.8136432629372132
epoch= 36 	 time= 278.3300972501437 min 	 loss= 2.828207084175312
epoch= 37 	 time= 285.84664743741354 min 	 loss= 2.7823659679925803
epoch= 38 	 time= 293.34397212266924 min 	 loss= 2.7484091751322604
epoch= 39 	 time= 300.85003091096877 min 	 loss= 2.7474363376787214
epoch= 40 	 time= 308.3610230922699 min 	 loss= 2.745110377904141
epoch= 41 	 time= 315.86592011849086 min 	 loss= 2.7175487976634143
epoch= 42 	 time= 323.38631306886674 min 	 loss= 2.6902720218716247
epoch= 43 	 time= 330.894421784083 min 	 loss= 2.8226553052754113
epoch= 44 	 time= 338.4028058727582 min 	 loss= 2.6660062050006608
epoch= 45 	 time= 345.91140680710475 min 	 loss= 2.6220280982418496
epoch= 46 	 time= 353.413110379378 min 	 loss= 2.6392181090152627
epoch= 47 	 time= 360.91773341099423 min 	 loss= 2.645267626670274
epoch= 48 	 time= 368.41977715094885 min 	 loss= 2.610676897556493
epoch= 49 	 time= 375.9314134120941 min 	 loss= 2.678478846757701
epoch= 50 	 time= 383.48816684484484 min 	 loss= 2.6119598307212195
[4.37993293 4.15138826 4.08918099 4.05217523 4.01539215 3.98852236
 3.93424496 3.87357288 3.83416189 3.84904548 3.72148689 3.64353315
 3.58949333 3.54177017 3.47753721 3.38994299 3.34990827 3.29621872
 3.27781324 3.2095365  3.22126054 3.12539079 3.15439207 3.10024759
 3.03622464 3.01182898 3.00576349 3.02272902 3.10239618 2.9919527
 2.89554204 2.86632097 2.8678042  2.90312072 2.85317078 2.81364326
 2.82820708 2.78236597 2.74840918 2.74743634 2.74511038 2.7175488
 2.69027202 2.82265531 2.66600621 2.6220281  2.63921811 2.64526763
 2.6106769  2.67847885 2.61195983]
epoch= 51 	 time= 391.0551929473877 min 	 loss= 2.546162546286077
epoch= 52 	 time= 398.59137370586393 min 	 loss= 2.5401616682157373
epoch= 53 	 time= 406.11191783746085 min 	 loss= 2.515141735943881
epoch= 54 	 time= 413.6322346965472 min 	 loss= 2.536466077268124
epoch= 55 	 time= 421.14972089131675 min 	 loss= 2.5309015680172227
epoch= 56 	 time= 428.6479180256526 min 	 loss= 2.4945131212021368
epoch= 57 	 time= 436.15761879682543 min 	 loss= 2.460355158086979
epoch= 58 	 time= 443.67511259714763 min 	 loss= 2.4446527514042278
epoch= 59 	 time= 451.1880099495252 min 	 loss= 2.607942730630889
epoch= 60 	 time= 458.69471181631087 min 	 loss= 2.552216540981423
epoch= 61 	 time= 466.1971353451411 min 	 loss= 2.4311080125967663
epoch= 62 	 time= 473.7070652802785 min 	 loss= 2.389927195744081
epoch= 63 	 time= 481.2197778582573 min 	 loss= 2.3742683295137956
epoch= 64 	 time= 488.73078880707425 min 	 loss= 2.384595155309547
epoch= 65 	 time= 496.24785580237705 min 	 loss= 2.4025549378539575
epoch= 66 	 time= 503.75740029414493 min 	 loss= 2.3600593967058443
epoch= 67 	 time= 511.2671528975169 min 	 loss= 2.329937270283699
epoch= 68 	 time= 518.7765482505163 min 	 loss= 2.358477362331116
epoch= 69 	 time= 526.2796933015187 min 	 loss= 2.3388554795583087
epoch= 70 	 time= 533.7753158171971 min 	 loss= 2.3206748124324914
epoch= 71 	 time= 541.2749912222226 min 	 loss= 2.3136199606458345
epoch= 72 	 time= 548.7908231139183 min 	 loss= 2.2905360986066587
epoch= 73 	 time= 556.2981469710668 min 	 loss= 2.2919183499975637
epoch= 74 	 time= 563.8113453785578 min 	 loss= 2.2716002842422687
epoch= 75 	 time= 571.3275273044904 min 	 loss= 2.261087715490298
epoch= 76 	 time= 578.8882009108861 min 	 loss= 2.249136635751435
epoch= 77 	 time= 586.4700937827428 min 	 loss= 2.2545761002103486
epoch= 78 	 time= 594.0609178622564 min 	 loss= 2.2355840454679545
epoch= 79 	 time= 601.6165256261826 min 	 loss= 2.259506624088143
epoch= 80 	 time= 609.1455558419227 min 	 loss= 2.2357675454923602
epoch= 81 	 time= 616.6604651172955 min 	 loss= 2.1989137322884615
epoch= 82 	 time= 624.1676462411881 min 	 loss= 2.271966970535842
epoch= 83 	 time= 631.682606780529 min 	 loss= 2.2175880957823813
epoch= 84 	 time= 639.2054534276326 min 	 loss= 2.1802733080495487
epoch= 85 	 time= 646.7175716956457 min 	 loss= 2.178931656994603
epoch= 86 	 time= 654.2195715586345 min 	 loss= 2.1527256016026843
epoch= 87 	 time= 661.7285111625989 min 	 loss= 2.1872998079296315
epoch= 88 	 time= 669.2422593196233 min 	 loss= 2.295698476379568
epoch= 89 	 time= 676.7461235880852 min 	 loss= 2.2379066821390934
epoch= 90 	 time= 684.2476401487986 min 	 loss= 2.158517473629027
epoch= 91 	 time= 691.7649066408475 min 	 loss= 2.1211800437804422
epoch= 92 	 time= 699.2976261933644 min 	 loss= 2.152546029786269
epoch= 93 	 time= 706.8558424512545 min 	 loss= 2.1251547410993865
epoch= 94 	 time= 714.4358847061793 min 	 loss= 2.128184448444482
epoch= 95 	 time= 722.004230471452 min 	 loss= 2.1516412922920605
epoch= 96 	 time= 729.5332072138787 min 	 loss= 2.1261623971660932
epoch= 97 	 time= 737.0469875216484 min 	 loss= 2.1211492436582393
epoch= 98 	 time= 744.5584456682205 min 	 loss= 2.150902471217242
epoch= 99 	 time= 752.0632794976234 min 	 loss= 2.0944898053100616
epoch= 100 	 time= 759.5731227318446 min 	 loss= 2.0593528721097742
[4.37993293 4.15138826 4.08918099 4.05217523 4.01539215 3.98852236
 3.93424496 3.87357288 3.83416189 3.84904548 3.72148689 3.64353315
 3.58949333 3.54177017 3.47753721 3.38994299 3.34990827 3.29621872
 3.27781324 3.2095365  3.22126054 3.12539079 3.15439207 3.10024759
 3.03622464 3.01182898 3.00576349 3.02272902 3.10239618 2.9919527
 2.89554204 2.86632097 2.8678042  2.90312072 2.85317078 2.81364326
 2.82820708 2.78236597 2.74840918 2.74743634 2.74511038 2.7175488
 2.69027202 2.82265531 2.66600621 2.6220281  2.63921811 2.64526763
 2.6106769  2.67847885 2.61195983 2.54616255 2.54016167 2.51514174
 2.53646608 2.53090157 2.49451312 2.46035516 2.44465275 2.60794273
 2.55221654 2.43110801 2.3899272  2.37426833 2.38459516 2.40255494
 2.3600594  2.32993727 2.35847736 2.33885548 2.32067481 2.31361996
 2.2905361  2.29191835 2.27160028 2.26108772 2.24913664 2.2545761
 2.23558405 2.25950662 2.23576755 2.19891373 2.27196697 2.2175881
 2.18027331 2.17893166 2.1527256  2.18729981 2.29569848 2.23790668
 2.15851747 2.12118004 2.15254603 2.12515474 2.12818445 2.15164129
 2.1261624  2.12114924 2.15090247 2.09448981 2.05935287]
epoch= 101 	 time= 767.0782785932223 min 	 loss= 2.0644896680568205
epoch= 102 	 time= 774.5749993801116 min 	 loss= 2.0608686424656346
epoch= 103 	 time= 782.0780361851056 min 	 loss= 2.085137736887643
epoch= 104 	 time= 789.5879556179046 min 	 loss= 2.0693613990328528
epoch= 105 	 time= 797.1003063003222 min 	 loss= 2.03531131540284
epoch= 106 	 time= 804.6269050558408 min 	 loss= 2.016631358762582
epoch= 107 	 time= 812.1886948108673 min 	 loss= 2.0814969246405544
epoch= 108 	 time= 819.782008433342 min 	 loss= 2.047187486588955
epoch= 109 	 time= 827.3488355795542 min 	 loss= 1.9993037699749976
epoch= 110 	 time= 834.8884898662567 min 	 loss= 2.0020797291127117
epoch= 111 	 time= 842.4128042896589 min 	 loss= 1.9919310744603476
epoch= 112 	 time= 849.9259271820387 min 	 loss= 1.9945085510159983
epoch= 113 	 time= 857.4396639982859 min 	 loss= 1.9987550233078726
epoch= 114 	 time= 864.9576005299886 min 	 loss= 2.188313053548336
epoch= 115 	 time= 872.466625726223 min 	 loss= 2.042150089388544
epoch= 116 	 time= 879.9765586177508 min 	 loss= 1.985296750773083
epoch= 117 	 time= 887.4831501046816 min 	 loss= 1.9586773370567596
epoch= 118 	 time= 894.998714864254 min 	 loss= 1.9521280829924526
epoch= 119 	 time= 902.5126045028369 min 	 loss= 1.967346095478896
epoch= 120 	 time= 910.0194898088773 min 	 loss= 1.9816051733132565
epoch= 121 	 time= 917.5195430676142 min 	 loss= 2.0120037601933336
epoch= 122 	 time= 925.0289088090261 min 	 loss= 1.9489413760421854
epoch= 123 	 time= 932.5431759834289 min 	 loss= 1.9336645737832243
epoch= 124 	 time= 940.0401555935542 min 	 loss= 1.9311300703973482
epoch= 125 	 time= 947.5443763891856 min 	 loss= 1.9323446003234748
epoch= 126 	 time= 955.0513587117196 min 	 loss= 1.932783511840936
epoch= 127 	 time= 962.5653652071953 min 	 loss= 1.9284849478349542
epoch= 128 	 time= 970.0752777218819 min 	 loss= 1.914031973128969
epoch= 129 	 time= 977.5785549402237 min 	 loss= 1.9475890133687943
epoch= 130 	 time= 985.085246972243 min 	 loss= 2.0231700212576174
epoch= 131 	 time= 992.6004742701848 min 	 loss= 1.9054891776316094
epoch= 132 	 time= 1000.1156603336334 min 	 loss= 1.8869391281586705
epoch= 133 	 time= 1007.6354033390681 min 	 loss= 1.8840968421643431
epoch= 134 	 time= 1015.1571148276329 min 	 loss= 1.9689491851763292
epoch= 135 	 time= 1022.6588217218717 min 	 loss= 1.9277587399157612
epoch= 136 	 time= 1030.1654580871264 min 	 loss= 1.8709122486773766
epoch= 137 	 time= 1037.675389691194 min 	 loss= 1.8683572722835975
epoch= 138 	 time= 1045.1914158463478 min 	 loss= 1.8918538516669563
epoch= 139 	 time= 1052.7109887441 min 	 loss= 1.9539976720286139
epoch= 140 	 time= 1060.2301102399827 min 	 loss= 1.8760042052016113
epoch= 141 	 time= 1067.7475660244625 min 	 loss= 1.8545811773610839
epoch= 142 	 time= 1075.262658015887 min 	 loss= 1.8467964907758163
epoch= 143 	 time= 1082.782017401854 min 	 loss= 1.8911328353755401
epoch= 144 	 time= 1090.2903884092966 min 	 loss= 1.8919816289255114
epoch= 145 	 time= 1097.8261687954266 min 	 loss= 1.8928366490205129
epoch= 146 	 time= 1105.3551683068276 min 	 loss= 1.8449783340999575
epoch= 147 	 time= 1112.8841404676436 min 	 loss= 1.8338817338871234
epoch= 148 	 time= 1120.4132700244586 min 	 loss= 1.8368652296788766
epoch= 149 	 time= 1127.9378529628118 min 	 loss= 1.8318472224654574
epoch= 150 	 time= 1135.4818180561065 min 	 loss= 1.8335775550567743
[4.37993293 4.15138826 4.08918099 4.05217523 4.01539215 3.98852236
 3.93424496 3.87357288 3.83416189 3.84904548 3.72148689 3.64353315
 3.58949333 3.54177017 3.47753721 3.38994299 3.34990827 3.29621872
 3.27781324 3.2095365  3.22126054 3.12539079 3.15439207 3.10024759
 3.03622464 3.01182898 3.00576349 3.02272902 3.10239618 2.9919527
 2.89554204 2.86632097 2.8678042  2.90312072 2.85317078 2.81364326
 2.82820708 2.78236597 2.74840918 2.74743634 2.74511038 2.7175488
 2.69027202 2.82265531 2.66600621 2.6220281  2.63921811 2.64526763
 2.6106769  2.67847885 2.61195983 2.54616255 2.54016167 2.51514174
 2.53646608 2.53090157 2.49451312 2.46035516 2.44465275 2.60794273
 2.55221654 2.43110801 2.3899272  2.37426833 2.38459516 2.40255494
 2.3600594  2.32993727 2.35847736 2.33885548 2.32067481 2.31361996
 2.2905361  2.29191835 2.27160028 2.26108772 2.24913664 2.2545761
 2.23558405 2.25950662 2.23576755 2.19891373 2.27196697 2.2175881
 2.18027331 2.17893166 2.1527256  2.18729981 2.29569848 2.23790668
 2.15851747 2.12118004 2.15254603 2.12515474 2.12818445 2.15164129
 2.1261624  2.12114924 2.15090247 2.09448981 2.05935287 2.06448967
 2.06086864 2.08513774 2.0693614  2.03531132 2.01663136 2.08149692
 2.04718749 1.99930377 2.00207973 1.99193107 1.99450855 1.99875502
 2.18831305 2.04215009 1.98529675 1.95867734 1.95212808 1.9673461
 1.98160517 2.01200376 1.94894138 1.93366457 1.93113007 1.9323446
 1.93278351 1.92848495 1.91403197 1.94758901 2.02317002 1.90548918
 1.88693913 1.88409684 1.96894919 1.92775874 1.87091225 1.86835727
 1.89185385 1.95399767 1.87600421 1.85458118 1.84679649 1.89113284
 1.89198163 1.89283665 1.84497833 1.83388173 1.83686523 1.83184722
 1.83357756]
epoch= 151 	 time= 1143.0233290672302 min 	 loss= 1.8363095506483857
epoch= 152 	 time= 1150.5577297170958 min 	 loss= 1.8573274303746945
epoch= 153 	 time= 1158.086218770345 min 	 loss= 1.844900309542815
epoch= 154 	 time= 1165.6284149289131 min 	 loss= 1.817166645508824
epoch= 155 	 time= 1173.1688816189767 min 	 loss= 1.8073574312257044
epoch= 156 	 time= 1180.7199627637863 min 	 loss= 1.803220088301283
epoch= 157 	 time= 1188.2697430213293 min 	 loss= 1.8463766558152257
epoch= 158 	 time= 1195.81557153066 min 	 loss= 1.8301356014248096
epoch= 159 	 time= 1203.3691443721452 min 	 loss= 1.8074860626368812
epoch= 160 	 time= 1210.9101489623388 min 	 loss= 1.8253625322110725
epoch= 161 	 time= 1218.4495187282562 min 	 loss= 1.8220221440177975
epoch= 162 	 time= 1226.0049087762832 min 	 loss= 1.7753418533187924
epoch= 163 	 time= 1233.5454365094504 min 	 loss= 1.7680678216616312
epoch= 164 	 time= 1241.083578236898 min 	 loss= 1.784353673805793
epoch= 165 	 time= 1248.6248008330663 min 	 loss= 1.8128650597099103
epoch= 166 	 time= 1256.1666071335474 min 	 loss= 1.7872480312892884
epoch= 167 	 time= 1263.7075333158175 min 	 loss= 1.8312222613078175
epoch= 168 	 time= 1271.261009947459 min 	 loss= 1.8181914787581472
epoch= 169 	 time= 1278.798261475563 min 	 loss= 1.7982792334394022
epoch= 170 	 time= 1286.3525280316671 min 	 loss= 1.7538544297128014
epoch= 171 	 time= 1293.90287621816 min 	 loss= 1.7499103983017532
epoch= 172 	 time= 1301.4543561180433 min 	 loss= 1.772072359964703
epoch= 173 	 time= 1309.011831176281 min 	 loss= 1.7614613674084345
epoch= 174 	 time= 1316.5520410458246 min 	 loss= 1.7419746978084247
epoch= 175 	 time= 1324.1039215286573 min 	 loss= 1.7394302550003384
epoch= 176 	 time= 1331.6494683821995 min 	 loss= 1.7713374105728035
epoch= 177 	 time= 1339.1939625501632 min 	 loss= 1.7486693371877526
epoch= 178 	 time= 1346.7184163808822 min 	 loss= 1.733831259825013
epoch= 179 	 time= 1354.2546822269758 min 	 loss= 1.729693086978161
epoch= 180 	 time= 1361.7903495351472 min 	 loss= 1.7495451585722692
epoch= 181 	 time= 1369.337597544988 min 	 loss= 1.8415783588723702
epoch= 182 	 time= 1376.8949182510376 min 	 loss= 1.7524607880007137
epoch= 183 	 time= 1384.4481096784273 min 	 loss= 1.7124136529321021
epoch= 184 	 time= 1392.0007242004076 min 	 loss= 1.7061499130138844
epoch= 185 	 time= 1399.5337308486303 min 	 loss= 1.7126235089247877
epoch= 186 	 time= 1407.0678650458653 min 	 loss= 1.7377961322936144
epoch= 187 	 time= 1414.592881989479 min 	 loss= 1.7587155403964447
epoch= 188 	 time= 1422.1353627324104 min 	 loss= 1.7098580448374603
epoch= 189 	 time= 1429.6659666498501 min 	 loss= 1.6949387649514458
epoch= 190 	 time= 1437.2034389853477 min 	 loss= 1.7021141080513145
epoch= 191 	 time= 1444.738362332185 min 	 loss= 1.7022230807037064
epoch= 192 	 time= 1452.2869219700494 min 	 loss= 1.7022119024034703
epoch= 193 	 time= 1459.8221442262331 min 	 loss= 1.6869688245744416
epoch= 194 	 time= 1467.3660479386647 min 	 loss= 2.0235403857447882
epoch= 195 	 time= 1474.899505519867 min 	 loss= 1.775855791306857
epoch= 196 	 time= 1482.429820338885 min 	 loss= 1.6931685635176572
epoch= 197 	 time= 1489.956606368224 min 	 loss= 1.6632761497027946
epoch= 198 	 time= 1497.4998199184736 min 	 loss= 1.6510897434028713
epoch= 199 	 time= 1505.0330970128377 min 	 loss= 1.6356485960700295
epoch= 200 	 time= 1512.57496180137 min 	 loss= 1.650593411421234
[4.37993293 4.15138826 4.08918099 4.05217523 4.01539215 3.98852236
 3.93424496 3.87357288 3.83416189 3.84904548 3.72148689 3.64353315
 3.58949333 3.54177017 3.47753721 3.38994299 3.34990827 3.29621872
 3.27781324 3.2095365  3.22126054 3.12539079 3.15439207 3.10024759
 3.03622464 3.01182898 3.00576349 3.02272902 3.10239618 2.9919527
 2.89554204 2.86632097 2.8678042  2.90312072 2.85317078 2.81364326
 2.82820708 2.78236597 2.74840918 2.74743634 2.74511038 2.7175488
 2.69027202 2.82265531 2.66600621 2.6220281  2.63921811 2.64526763
 2.6106769  2.67847885 2.61195983 2.54616255 2.54016167 2.51514174
 2.53646608 2.53090157 2.49451312 2.46035516 2.44465275 2.60794273
 2.55221654 2.43110801 2.3899272  2.37426833 2.38459516 2.40255494
 2.3600594  2.32993727 2.35847736 2.33885548 2.32067481 2.31361996
 2.2905361  2.29191835 2.27160028 2.26108772 2.24913664 2.2545761
 2.23558405 2.25950662 2.23576755 2.19891373 2.27196697 2.2175881
 2.18027331 2.17893166 2.1527256  2.18729981 2.29569848 2.23790668
 2.15851747 2.12118004 2.15254603 2.12515474 2.12818445 2.15164129
 2.1261624  2.12114924 2.15090247 2.09448981 2.05935287 2.06448967
 2.06086864 2.08513774 2.0693614  2.03531132 2.01663136 2.08149692
 2.04718749 1.99930377 2.00207973 1.99193107 1.99450855 1.99875502
 2.18831305 2.04215009 1.98529675 1.95867734 1.95212808 1.9673461
 1.98160517 2.01200376 1.94894138 1.93366457 1.93113007 1.9323446
 1.93278351 1.92848495 1.91403197 1.94758901 2.02317002 1.90548918
 1.88693913 1.88409684 1.96894919 1.92775874 1.87091225 1.86835727
 1.89185385 1.95399767 1.87600421 1.85458118 1.84679649 1.89113284
 1.89198163 1.89283665 1.84497833 1.83388173 1.83686523 1.83184722
 1.83357756 1.83630955 1.85732743 1.84490031 1.81716665 1.80735743
 1.80322009 1.84637666 1.8301356  1.80748606 1.82536253 1.82202214
 1.77534185 1.76806782 1.78435367 1.81286506 1.78724803 1.83122226
 1.81819148 1.79827923 1.75385443 1.7499104  1.77207236 1.76146137
 1.7419747  1.73943026 1.77133741 1.74866934 1.73383126 1.72969309
 1.74954516 1.84157836 1.75246079 1.71241365 1.70614991 1.71262351
 1.73779613 1.75871554 1.70985804 1.69493876 1.70211411 1.70222308
 1.7022119  1.68696882 2.02354039 1.77585579 1.69316856 1.66327615
 1.65108974 1.6356486  1.65059341]
epoch= 201 	 time= 1520.1069185495376 min 	 loss= 1.6394179432048943
epoch= 202 	 time= 1527.6426738699276 min 	 loss= 1.652082877637762
epoch= 203 	 time= 1535.1848003904024 min 	 loss= 1.6383496511343754
epoch= 204 	 time= 1542.7294141332309 min 	 loss= 1.6628619546240027
epoch= 205 	 time= 1550.2716234286627 min 	 loss= 1.7185056856364915
epoch= 206 	 time= 1557.8058119018872 min 	 loss= 1.6353922720840484
epoch= 207 	 time= 1565.329185763995 min 	 loss= 1.6193318923224103
epoch= 208 	 time= 1572.864381714662 min 	 loss= 1.5987160930218118
epoch= 209 	 time= 1580.4016465703646 min 	 loss= 1.6093142547932537
epoch= 210 	 time= 1587.941953408718 min 	 loss= 1.608393255219315
epoch= 211 	 time= 1595.4687007308007 min 	 loss= 1.6182200807513614
epoch= 212 	 time= 1603.0085567911467 min 	 loss= 1.6190683685739835
epoch= 213 	 time= 1610.5536381483078 min 	 loss= 1.6170242202191643
epoch= 214 	 time= 1618.0940735300383 min 	 loss= 1.6072576554796913
epoch= 215 	 time= 1625.620540610949 min 	 loss= 1.5926671830090608
epoch= 216 	 time= 1633.14401512146 min 	 loss= 1.5980429621447216
epoch= 217 	 time= 1640.6806878010432 min 	 loss= 1.5938191932259185
epoch= 218 	 time= 1648.2143923123679 min 	 loss= 1.590735572102395
epoch= 219 	 time= 1655.7274162530898 min 	 loss= 1.5754630575396797
epoch= 220 	 time= 1663.2502450744312 min 	 loss= 1.5755252149972048
epoch= 221 	 time= 1670.7891620357832 min 	 loss= 1.587103666780573
epoch= 222 	 time= 1678.3216002821923 min 	 loss= 1.5775592158147782
epoch= 223 	 time= 1685.8489698688188 min 	 loss= 1.5707331773277484
epoch= 224 	 time= 1693.378366180261 min 	 loss= 1.594703053506938
epoch= 225 	 time= 1700.9073736310006 min 	 loss= 1.5783369973030956
epoch= 226 	 time= 1708.429524409771 min 	 loss= 1.5482350677929142
epoch= 227 	 time= 1715.9524153470993 min 	 loss= 1.5394118293758594
epoch= 228 	 time= 1723.474247276783 min 	 loss= 1.5437310060316867
epoch= 229 	 time= 1730.988140587012 min 	 loss= 1.580420070976922
epoch= 230 	 time= 1738.507517095407 min 	 loss= 1.6048012219640342
epoch= 231 	 time= 1746.045231084029 min 	 loss= 1.5358995599457712
epoch= 232 	 time= 1753.5780823508899 min 	 loss= 1.5252504792583712
epoch= 233 	 time= 1761.1085494836173 min 	 loss= 1.5324048967162769
epoch= 234 	 time= 1768.628165880839 min 	 loss= 1.5215674196048217
epoch= 235 	 time= 1776.1434758941332 min 	 loss= 1.550637683633602
epoch= 236 	 time= 1783.6614441514016 min 	 loss= 1.5693041576129017
epoch= 237 	 time= 1791.172358640035 min 	 loss= 1.5285041427070445
epoch= 238 	 time= 1798.6842482010522 min 	 loss= 1.4990990729584839
epoch= 239 	 time= 1806.1948293447495 min 	 loss= 1.5053722959847162
epoch= 240 	 time= 1813.7145717700323 min 	 loss= 1.5335029036619447
epoch= 241 	 time= 1821.2331169406573 min 	 loss= 1.507378391704776
epoch= 242 	 time= 1828.7387302398681 min 	 loss= 1.5053440060218175
epoch= 243 	 time= 1836.2625930746397 min 	 loss= 1.521840710436756
epoch= 244 	 time= 1843.780650639534 min 	 loss= 1.5264580555756886
epoch= 245 	 time= 1851.296174097061 min 	 loss= 1.4959890866550531
epoch= 246 	 time= 1858.8157640536626 min 	 loss= 1.5294334401416056
epoch= 247 	 time= 1866.3297931869824 min 	 loss= 1.4817775397589712
epoch= 248 	 time= 1873.8516651352247 min 	 loss= 1.4660129157340889
epoch= 249 	 time= 1881.3694253722826 min 	 loss= 1.4715589136156169
epoch= 250 	 time= 1888.8797020395598 min 	 loss= 1.5351128429625973
[4.37993293 4.15138826 4.08918099 4.05217523 4.01539215 3.98852236
 3.93424496 3.87357288 3.83416189 3.84904548 3.72148689 3.64353315
 3.58949333 3.54177017 3.47753721 3.38994299 3.34990827 3.29621872
 3.27781324 3.2095365  3.22126054 3.12539079 3.15439207 3.10024759
 3.03622464 3.01182898 3.00576349 3.02272902 3.10239618 2.9919527
 2.89554204 2.86632097 2.8678042  2.90312072 2.85317078 2.81364326
 2.82820708 2.78236597 2.74840918 2.74743634 2.74511038 2.7175488
 2.69027202 2.82265531 2.66600621 2.6220281  2.63921811 2.64526763
 2.6106769  2.67847885 2.61195983 2.54616255 2.54016167 2.51514174
 2.53646608 2.53090157 2.49451312 2.46035516 2.44465275 2.60794273
 2.55221654 2.43110801 2.3899272  2.37426833 2.38459516 2.40255494
 2.3600594  2.32993727 2.35847736 2.33885548 2.32067481 2.31361996
 2.2905361  2.29191835 2.27160028 2.26108772 2.24913664 2.2545761
 2.23558405 2.25950662 2.23576755 2.19891373 2.27196697 2.2175881
 2.18027331 2.17893166 2.1527256  2.18729981 2.29569848 2.23790668
 2.15851747 2.12118004 2.15254603 2.12515474 2.12818445 2.15164129
 2.1261624  2.12114924 2.15090247 2.09448981 2.05935287 2.06448967
 2.06086864 2.08513774 2.0693614  2.03531132 2.01663136 2.08149692
 2.04718749 1.99930377 2.00207973 1.99193107 1.99450855 1.99875502
 2.18831305 2.04215009 1.98529675 1.95867734 1.95212808 1.9673461
 1.98160517 2.01200376 1.94894138 1.93366457 1.93113007 1.9323446
 1.93278351 1.92848495 1.91403197 1.94758901 2.02317002 1.90548918
 1.88693913 1.88409684 1.96894919 1.92775874 1.87091225 1.86835727
 1.89185385 1.95399767 1.87600421 1.85458118 1.84679649 1.89113284
 1.89198163 1.89283665 1.84497833 1.83388173 1.83686523 1.83184722
 1.83357756 1.83630955 1.85732743 1.84490031 1.81716665 1.80735743
 1.80322009 1.84637666 1.8301356  1.80748606 1.82536253 1.82202214
 1.77534185 1.76806782 1.78435367 1.81286506 1.78724803 1.83122226
 1.81819148 1.79827923 1.75385443 1.7499104  1.77207236 1.76146137
 1.7419747  1.73943026 1.77133741 1.74866934 1.73383126 1.72969309
 1.74954516 1.84157836 1.75246079 1.71241365 1.70614991 1.71262351
 1.73779613 1.75871554 1.70985804 1.69493876 1.70211411 1.70222308
 1.7022119  1.68696882 2.02354039 1.77585579 1.69316856 1.66327615
 1.65108974 1.6356486  1.65059341 1.63941794 1.65208288 1.63834965
 1.66286195 1.71850569 1.63539227 1.61933189 1.59871609 1.60931425
 1.60839326 1.61822008 1.61906837 1.61702422 1.60725766 1.59266718
 1.59804296 1.59381919 1.59073557 1.57546306 1.57552521 1.58710367
 1.57755922 1.57073318 1.59470305 1.578337   1.54823507 1.53941183
 1.54373101 1.58042007 1.60480122 1.53589956 1.52525048 1.5324049
 1.52156742 1.55063768 1.56930416 1.52850414 1.49909907 1.5053723
 1.5335029  1.50737839 1.50534401 1.52184071 1.52645806 1.49598909
 1.52943344 1.48177754 1.46601292 1.47155891 1.53511284]
epoch= 251 	 time= 1896.4078008373579 min 	 loss= 1.590590752471577
epoch= 252 	 time= 1903.9204512437184 min 	 loss= 1.5156558949206815
epoch= 253 	 time= 1911.4471501310666 min 	 loss= 1.4702079591064743
epoch= 254 	 time= 1918.9645006457965 min 	 loss= 1.4529115777214368
epoch= 255 	 time= 1926.4763194084167 min 	 loss= 1.4432871226650297
epoch= 256 	 time= 1933.9895820856095 min 	 loss= 1.4571788263411234
epoch= 257 	 time= 1941.5025825262069 min 	 loss= 1.4965334754459785
epoch= 258 	 time= 1949.0186118046443 min 	 loss= 1.4983308810447202
epoch= 259 	 time= 1956.535367655754 min 	 loss= 1.5244383991938648
epoch= 260 	 time= 1964.0485820571582 min 	 loss= 1.4585478376348813
epoch= 261 	 time= 1971.56447267135 min 	 loss= 1.423508931795756
epoch= 262 	 time= 1979.0775612632433 min 	 loss= 1.4474190030224396
epoch= 263 	 time= 1986.582664056619 min 	 loss= 1.460931179568623
epoch= 264 	 time= 1994.101702519258 min 	 loss= 1.5181001185919298
epoch= 265 	 time= 2001.622574230035 min 	 loss= 1.4325848096699425
epoch= 266 	 time= 2009.1384468237559 min 	 loss= 1.4080658254298297
epoch= 267 	 time= 2016.6484519680341 min 	 loss= 1.3988255667776772
epoch= 268 	 time= 2024.1581020236015 min 	 loss= 1.4271206331162742
epoch= 269 	 time= 2031.672641412417 min 	 loss= 1.4318495873655335
epoch= 270 	 time= 2039.1779448628427 min 	 loss= 1.445811679570964
epoch= 271 	 time= 2046.6846281051635 min 	 loss= 1.404957739855304
epoch= 272 	 time= 2054.186996897062 min 	 loss= 1.4651667694205588
epoch= 273 	 time= 2061.7066143512725 min 	 loss= 1.4084687376789975
epoch= 274 	 time= 2069.2212339083353 min 	 loss= 1.3966019202091478
epoch= 275 	 time= 2076.7539419015247 min 	 loss= 1.479068459015001
epoch= 276 	 time= 2084.27088556687 min 	 loss= 1.3999086245171952
epoch= 277 	 time= 2091.7799609144527 min 	 loss= 1.3888636942252968
epoch= 278 	 time= 2099.2876569390296 min 	 loss= 1.3779718487732338
epoch= 279 	 time= 2106.81199807326 min 	 loss= 1.4174026426853557
epoch= 280 	 time= 2114.328829352061 min 	 loss= 1.397123363216718
epoch= 281 	 time= 2121.839300183455 min 	 loss= 1.3831905608285557
epoch= 282 	 time= 2129.3543900728228 min 	 loss= 1.419220051237128
epoch= 283 	 time= 2136.867770731449 min 	 loss= 1.3978748393510327
epoch= 284 	 time= 2144.374386056264 min 	 loss= 1.4146712652932514
epoch= 285 	 time= 2151.8735641638436 min 	 loss= 1.3638289993007977
epoch= 286 	 time= 2159.383500659466 min 	 loss= 1.3747731813065933
epoch= 287 	 time= 2166.898841349284 min 	 loss= 1.4136461673993053
epoch= 288 	 time= 2174.4029439886413 min 	 loss= 1.3686390870628935
epoch= 289 	 time= 2181.9074649095537 min 	 loss= 1.3465766602077267
epoch= 290 	 time= 2189.4077906568846 min 	 loss= 1.343588071113283
epoch= 291 	 time= 2196.9271915833156 min 	 loss= 1.3632092455210107
epoch= 292 	 time= 2204.4456869204837 min 	 loss= 1.367964597339883
epoch= 293 	 time= 2211.955863424142 min 	 loss= 1.3431327130306852
epoch= 294 	 time= 2219.4593069990474 min 	 loss= 1.3532972036979416
epoch= 295 	 time= 2226.969848847389 min 	 loss= 1.344749446863478
epoch= 296 	 time= 2234.4756166855495 min 	 loss= 1.458610785296469
epoch= 297 	 time= 2241.989682463805 min 	 loss= 1.4713690387931737
epoch= 298 	 time= 2249.5050240556398 min 	 loss= 1.3385118372964135
epoch= 299 	 time= 2257.0237847089766 min 	 loss= 1.2996759255998063
epoch= 300 	 time= 2264.5312725424765 min 	 loss= 1.3255534247331546
[4.37993293 4.15138826 4.08918099 4.05217523 4.01539215 3.98852236
 3.93424496 3.87357288 3.83416189 3.84904548 3.72148689 3.64353315
 3.58949333 3.54177017 3.47753721 3.38994299 3.34990827 3.29621872
 3.27781324 3.2095365  3.22126054 3.12539079 3.15439207 3.10024759
 3.03622464 3.01182898 3.00576349 3.02272902 3.10239618 2.9919527
 2.89554204 2.86632097 2.8678042  2.90312072 2.85317078 2.81364326
 2.82820708 2.78236597 2.74840918 2.74743634 2.74511038 2.7175488
 2.69027202 2.82265531 2.66600621 2.6220281  2.63921811 2.64526763
 2.6106769  2.67847885 2.61195983 2.54616255 2.54016167 2.51514174
 2.53646608 2.53090157 2.49451312 2.46035516 2.44465275 2.60794273
 2.55221654 2.43110801 2.3899272  2.37426833 2.38459516 2.40255494
 2.3600594  2.32993727 2.35847736 2.33885548 2.32067481 2.31361996
 2.2905361  2.29191835 2.27160028 2.26108772 2.24913664 2.2545761
 2.23558405 2.25950662 2.23576755 2.19891373 2.27196697 2.2175881
 2.18027331 2.17893166 2.1527256  2.18729981 2.29569848 2.23790668
 2.15851747 2.12118004 2.15254603 2.12515474 2.12818445 2.15164129
 2.1261624  2.12114924 2.15090247 2.09448981 2.05935287 2.06448967
 2.06086864 2.08513774 2.0693614  2.03531132 2.01663136 2.08149692
 2.04718749 1.99930377 2.00207973 1.99193107 1.99450855 1.99875502
 2.18831305 2.04215009 1.98529675 1.95867734 1.95212808 1.9673461
 1.98160517 2.01200376 1.94894138 1.93366457 1.93113007 1.9323446
 1.93278351 1.92848495 1.91403197 1.94758901 2.02317002 1.90548918
 1.88693913 1.88409684 1.96894919 1.92775874 1.87091225 1.86835727
 1.89185385 1.95399767 1.87600421 1.85458118 1.84679649 1.89113284
 1.89198163 1.89283665 1.84497833 1.83388173 1.83686523 1.83184722
 1.83357756 1.83630955 1.85732743 1.84490031 1.81716665 1.80735743
 1.80322009 1.84637666 1.8301356  1.80748606 1.82536253 1.82202214
 1.77534185 1.76806782 1.78435367 1.81286506 1.78724803 1.83122226
 1.81819148 1.79827923 1.75385443 1.7499104  1.77207236 1.76146137
 1.7419747  1.73943026 1.77133741 1.74866934 1.73383126 1.72969309
 1.74954516 1.84157836 1.75246079 1.71241365 1.70614991 1.71262351
 1.73779613 1.75871554 1.70985804 1.69493876 1.70211411 1.70222308
 1.7022119  1.68696882 2.02354039 1.77585579 1.69316856 1.66327615
 1.65108974 1.6356486  1.65059341 1.63941794 1.65208288 1.63834965
 1.66286195 1.71850569 1.63539227 1.61933189 1.59871609 1.60931425
 1.60839326 1.61822008 1.61906837 1.61702422 1.60725766 1.59266718
 1.59804296 1.59381919 1.59073557 1.57546306 1.57552521 1.58710367
 1.57755922 1.57073318 1.59470305 1.578337   1.54823507 1.53941183
 1.54373101 1.58042007 1.60480122 1.53589956 1.52525048 1.5324049
 1.52156742 1.55063768 1.56930416 1.52850414 1.49909907 1.5053723
 1.5335029  1.50737839 1.50534401 1.52184071 1.52645806 1.49598909
 1.52943344 1.48177754 1.46601292 1.47155891 1.53511284 1.59059075
 1.51565589 1.47020796 1.45291158 1.44328712 1.45717883 1.49653348
 1.49833088 1.5244384  1.45854784 1.42350893 1.447419   1.46093118
 1.51810012 1.43258481 1.40806583 1.39882557 1.42712063 1.43184959
 1.44581168 1.40495774 1.46516677 1.40846874 1.39660192 1.47906846
 1.39990862 1.38886369 1.37797185 1.41740264 1.39712336 1.38319056
 1.41922005 1.39787484 1.41467127 1.363829   1.37477318 1.41364617
 1.36863909 1.34657666 1.34358807 1.36320925 1.3679646  1.34313271
 1.3532972  1.34474945 1.45861079 1.47136904 1.33851184 1.29967593
 1.32555342]
epoch= 301 	 time= 2272.045133070151 min 	 loss= 1.3164066996312502
epoch= 302 	 time= 2279.5586268981297 min 	 loss= 1.2806901294625166
epoch= 303 	 time= 2287.070035457611 min 	 loss= 1.268074487926382
epoch= 304 	 time= 2294.5850695967674 min 	 loss= 1.2958890319773646
epoch= 305 	 time= 2302.0945095896723 min 	 loss= 1.3028539890141198
epoch= 306 	 time= 2309.6090952475865 min 	 loss= 1.3047222082678116
epoch= 307 	 time= 2317.1239605903625 min 	 loss= 1.2630887992047903
epoch= 308 	 time= 2324.6322495063146 min 	 loss= 1.2705955310030417
epoch= 309 	 time= 2332.1482970078787 min 	 loss= 1.269895564611211
epoch= 310 	 time= 2339.6672867417337 min 	 loss= 1.2769324046915227
epoch= 311 	 time= 2347.184454365571 min 	 loss= 1.2762524649410536
epoch= 312 	 time= 2354.7014220555625 min 	 loss= 1.2524125015464695
epoch= 313 	 time= 2362.2134864528975 min 	 loss= 1.2584319975520626
epoch= 314 	 time= 2369.7288801670074 min 	 loss= 1.2705010205687899
epoch= 315 	 time= 2377.2535073041918 min 	 loss= 1.2440917605703528
epoch= 316 	 time= 2384.7564006527264 min 	 loss= 1.2452411821123326
epoch= 317 	 time= 2392.263093094031 min 	 loss= 1.2562873910683574
epoch= 318 	 time= 2399.781881570816 min 	 loss= 1.2781803139592662
epoch= 319 	 time= 2407.2946650505064 min 	 loss= 1.269472784110994
epoch= 320 	 time= 2414.8063987175624 min 	 loss= 1.2405722957533418
epoch= 321 	 time= 2422.321779628595 min 	 loss= 1.2296552845384134
epoch= 322 	 time= 2429.8438171744347 min 	 loss= 1.2656628560478036
epoch= 323 	 time= 2437.3656257629395 min 	 loss= 1.2662820267767618
epoch= 324 	 time= 2444.8813194672266 min 	 loss= 1.2082151407093713
epoch= 325 	 time= 2452.3995184659957 min 	 loss= 1.2120506963043503
epoch= 326 	 time= 2459.908280086517 min 	 loss= 1.2288159683075819
epoch= 327 	 time= 2467.422305997213 min 	 loss= 1.2105828869884665
epoch= 328 	 time= 2474.9455117026964 min 	 loss= 1.2260863852049366
epoch= 329 	 time= 2482.470166949431 min 	 loss= 1.244553516814203
epoch= 330 	 time= 2489.9881771882374 min 	 loss= 1.2026282509755004
epoch= 331 	 time= 2497.5030082702638 min 	 loss= 1.2021114590312496
epoch= 332 	 time= 2505.0391790390013 min 	 loss= 1.232325764108788
epoch= 333 	 time= 2512.577479294936 min 	 loss= 1.1983583638072013
epoch= 334 	 time= 2520.114615138372 min 	 loss= 1.2103608687583245
epoch= 335 	 time= 2527.638313762347 min 	 loss= 1.196677875098857
epoch= 336 	 time= 2535.162780459722 min 	 loss= 1.205450014806155
epoch= 337 	 time= 2542.69035752217 min 	 loss= 1.190474025444551
epoch= 338 	 time= 2550.22264701128 min 	 loss= 1.1866454390504144
epoch= 339 	 time= 2557.7672723611195 min 	 loss= 1.2453853538451773
epoch= 340 	 time= 2565.3056904792784 min 	 loss= 1.1981084735691547
epoch= 341 	 time= 2572.841546169917 min 	 loss= 1.1876215246455235
epoch= 342 	 time= 2580.3642898519834 min 	 loss= 1.184965695160808
epoch= 343 	 time= 2587.908857993285 min 	 loss= 1.194399247675231
epoch= 344 	 time= 2595.4581430673597 min 	 loss= 1.2004843240389318
epoch= 345 	 time= 2602.9944424827895 min 	 loss= 1.1709838147642035
epoch= 346 	 time= 2610.5341678380964 min 	 loss= 1.1741188189748561
epoch= 347 	 time= 2618.0798737804093 min 	 loss= 1.1573197322000157
epoch= 348 	 time= 2625.6342569470407 min 	 loss= 1.164098212831851
epoch= 349 	 time= 2633.1879721244177 min 	 loss= 1.1688873019814492
epoch= 350 	 time= 2640.7429189682007 min 	 loss= 1.1804630942868464
[4.37993293 4.15138826 4.08918099 4.05217523 4.01539215 3.98852236
 3.93424496 3.87357288 3.83416189 3.84904548 3.72148689 3.64353315
 3.58949333 3.54177017 3.47753721 3.38994299 3.34990827 3.29621872
 3.27781324 3.2095365  3.22126054 3.12539079 3.15439207 3.10024759
 3.03622464 3.01182898 3.00576349 3.02272902 3.10239618 2.9919527
 2.89554204 2.86632097 2.8678042  2.90312072 2.85317078 2.81364326
 2.82820708 2.78236597 2.74840918 2.74743634 2.74511038 2.7175488
 2.69027202 2.82265531 2.66600621 2.6220281  2.63921811 2.64526763
 2.6106769  2.67847885 2.61195983 2.54616255 2.54016167 2.51514174
 2.53646608 2.53090157 2.49451312 2.46035516 2.44465275 2.60794273
 2.55221654 2.43110801 2.3899272  2.37426833 2.38459516 2.40255494
 2.3600594  2.32993727 2.35847736 2.33885548 2.32067481 2.31361996
 2.2905361  2.29191835 2.27160028 2.26108772 2.24913664 2.2545761
 2.23558405 2.25950662 2.23576755 2.19891373 2.27196697 2.2175881
 2.18027331 2.17893166 2.1527256  2.18729981 2.29569848 2.23790668
 2.15851747 2.12118004 2.15254603 2.12515474 2.12818445 2.15164129
 2.1261624  2.12114924 2.15090247 2.09448981 2.05935287 2.06448967
 2.06086864 2.08513774 2.0693614  2.03531132 2.01663136 2.08149692
 2.04718749 1.99930377 2.00207973 1.99193107 1.99450855 1.99875502
 2.18831305 2.04215009 1.98529675 1.95867734 1.95212808 1.9673461
 1.98160517 2.01200376 1.94894138 1.93366457 1.93113007 1.9323446
 1.93278351 1.92848495 1.91403197 1.94758901 2.02317002 1.90548918
 1.88693913 1.88409684 1.96894919 1.92775874 1.87091225 1.86835727
 1.89185385 1.95399767 1.87600421 1.85458118 1.84679649 1.89113284
 1.89198163 1.89283665 1.84497833 1.83388173 1.83686523 1.83184722
 1.83357756 1.83630955 1.85732743 1.84490031 1.81716665 1.80735743
 1.80322009 1.84637666 1.8301356  1.80748606 1.82536253 1.82202214
 1.77534185 1.76806782 1.78435367 1.81286506 1.78724803 1.83122226
 1.81819148 1.79827923 1.75385443 1.7499104  1.77207236 1.76146137
 1.7419747  1.73943026 1.77133741 1.74866934 1.73383126 1.72969309
 1.74954516 1.84157836 1.75246079 1.71241365 1.70614991 1.71262351
 1.73779613 1.75871554 1.70985804 1.69493876 1.70211411 1.70222308
 1.7022119  1.68696882 2.02354039 1.77585579 1.69316856 1.66327615
 1.65108974 1.6356486  1.65059341 1.63941794 1.65208288 1.63834965
 1.66286195 1.71850569 1.63539227 1.61933189 1.59871609 1.60931425
 1.60839326 1.61822008 1.61906837 1.61702422 1.60725766 1.59266718
 1.59804296 1.59381919 1.59073557 1.57546306 1.57552521 1.58710367
 1.57755922 1.57073318 1.59470305 1.578337   1.54823507 1.53941183
 1.54373101 1.58042007 1.60480122 1.53589956 1.52525048 1.5324049
 1.52156742 1.55063768 1.56930416 1.52850414 1.49909907 1.5053723
 1.5335029  1.50737839 1.50534401 1.52184071 1.52645806 1.49598909
 1.52943344 1.48177754 1.46601292 1.47155891 1.53511284 1.59059075
 1.51565589 1.47020796 1.45291158 1.44328712 1.45717883 1.49653348
 1.49833088 1.5244384  1.45854784 1.42350893 1.447419   1.46093118
 1.51810012 1.43258481 1.40806583 1.39882557 1.42712063 1.43184959
 1.44581168 1.40495774 1.46516677 1.40846874 1.39660192 1.47906846
 1.39990862 1.38886369 1.37797185 1.41740264 1.39712336 1.38319056
 1.41922005 1.39787484 1.41467127 1.363829   1.37477318 1.41364617
 1.36863909 1.34657666 1.34358807 1.36320925 1.3679646  1.34313271
 1.3532972  1.34474945 1.45861079 1.47136904 1.33851184 1.29967593
 1.32555342 1.3164067  1.28069013 1.26807449 1.29588903 1.30285399
 1.30472221 1.2630888  1.27059553 1.26989556 1.2769324  1.27625246
 1.2524125  1.258432   1.27050102 1.24409176 1.24524118 1.25628739
 1.27818031 1.26947278 1.2405723  1.22965528 1.26566286 1.26628203
 1.20821514 1.2120507  1.22881597 1.21058289 1.22608639 1.24455352
 1.20262825 1.20211146 1.23232576 1.19835836 1.21036087 1.19667788
 1.20545001 1.19047403 1.18664544 1.24538535 1.19810847 1.18762152
 1.1849657  1.19439925 1.20048432 1.17098381 1.17411882 1.15731973
 1.16409821 1.1688873  1.18046309]
epoch= 351 	 time= 2648.307588839531 min 	 loss= 1.1691850703141906
epoch= 352 	 time= 2655.8622724254924 min 	 loss= 1.1578824480916514
epoch= 353 	 time= 2663.411000541846 min 	 loss= 1.1678121162680062
epoch= 354 	 time= 2670.9731542746226 min 	 loss= 1.1826716735733278
epoch= 355 	 time= 2678.5376744826635 min 	 loss= 1.1419360159111744
epoch= 356 	 time= 2686.106098051866 min 	 loss= 1.1783110241998325
epoch= 357 	 time= 2693.6779709021253 min 	 loss= 1.1580202742778893
epoch= 358 	 time= 2701.237034809589 min 	 loss= 1.2122279691425237
epoch= 359 	 time= 2708.8076608578363 min 	 loss= 1.162393712283987
epoch= 360 	 time= 2716.370991293589 min 	 loss= 1.1233018943938342
epoch= 361 	 time= 2723.925075272719 min 	 loss= 1.1159269338484967
epoch= 362 	 time= 2731.4948802232743 min 	 loss= 1.1924127878926016
epoch= 363 	 time= 2739.0578507979712 min 	 loss= 1.179026854042754
epoch= 364 	 time= 2746.613870545228 min 	 loss= 1.1220835918459025
epoch= 365 	 time= 2754.1927732745808 min 	 loss= 1.1432088706168262
