cuda
3300
The slice id is: 5
825
13177026
epoch= 0 	 time= 3.8915051142374675 min 	 loss= 4.348185648484663
[4.34818565]
epoch= 1 	 time= 9.673312640190124 min 	 loss= 4.073599125833223
epoch= 2 	 time= 17.020268007119498 min 	 loss= 4.020013427734375
epoch= 3 	 time= 24.36417689323425 min 	 loss= 3.977403729178689
epoch= 4 	 time= 31.705584593613942 min 	 loss= 3.9720026114492706
epoch= 5 	 time= 39.0484608689944 min 	 loss= 3.9045457807815436
epoch= 6 	 time= 46.38973732391993 min 	 loss= 3.8642523191914413
epoch= 7 	 time= 53.73633009990056 min 	 loss= 3.816584577632673
epoch= 8 	 time= 61.077615797519684 min 	 loss= 3.7853631713896085
epoch= 9 	 time= 68.41570395628611 min 	 loss= 3.784499833981196
epoch= 10 	 time= 75.76029365460077 min 	 loss= 3.7222512622313064
epoch= 11 	 time= 83.09870247443517 min 	 loss= 3.643675816709345
epoch= 12 	 time= 90.4433663169543 min 	 loss= 3.608903476144328
epoch= 13 	 time= 97.78805258671443 min 	 loss= 3.5954800321477833
epoch= 14 	 time= 105.13216109275818 min 	 loss= 3.5721352551200174
epoch= 15 	 time= 112.47506890694301 min 	 loss= 3.5062425956581578
epoch= 16 	 time= 119.81973400513331 min 	 loss= 3.488220011537725
epoch= 17 	 time= 127.16419004599253 min 	 loss= 3.5744874505201976
epoch= 18 	 time= 134.51368034680684 min 	 loss= 3.4819368186141504
epoch= 19 	 time= 141.86766659816107 min 	 loss= 3.4076145138885034
epoch= 20 	 time= 149.2290510058403 min 	 loss= 3.368770566636866
epoch= 21 	 time= 156.59153326352438 min 	 loss= 3.371032607302521
epoch= 22 	 time= 163.9452581326167 min 	 loss= 3.382010500828425
epoch= 23 	 time= 171.29838601748148 min 	 loss= 3.365001497882785
epoch= 24 	 time= 178.65171766678492 min 	 loss= 3.3109555347399278
epoch= 25 	 time= 185.99720496733983 min 	 loss= 3.289175138834751
epoch= 26 	 time= 193.34815085728962 min 	 loss= 3.293521450541236
epoch= 27 	 time= 200.69339568217595 min 	 loss= 3.2983292084751707
epoch= 28 	 time= 208.04247424999872 min 	 loss= 3.3008860497763663
epoch= 29 	 time= 215.38600205580394 min 	 loss= 3.2379649486325004
epoch= 30 	 time= 222.723430899779 min 	 loss= 3.2165054126941794
epoch= 31 	 time= 230.07122162183126 min 	 loss= 3.2080455754742476
epoch= 32 	 time= 237.4218307097753 min 	 loss= 3.2341555633689416
epoch= 33 	 time= 244.7781916499138 min 	 loss= 3.1970769131183623
epoch= 34 	 time= 252.13520202239354 min 	 loss= 3.2305617652878618
epoch= 35 	 time= 259.49136047760646 min 	 loss= 3.20120077772574
epoch= 36 	 time= 266.8432688395182 min 	 loss= 3.1605851330901635
epoch= 37 	 time= 274.19731644392016 min 	 loss= 3.150895964449102
epoch= 38 	 time= 281.54692676464714 min 	 loss= 3.156689787308375
epoch= 39 	 time= 288.8961125731468 min 	 loss= 3.163955224029946
epoch= 40 	 time= 296.24375271399816 min 	 loss= 3.126904018792239
epoch= 41 	 time= 303.5911299705505 min 	 loss= 3.119111367897554
epoch= 42 	 time= 310.9404965480169 min 	 loss= 3.125748993844697
epoch= 43 	 time= 318.2873317837715 min 	 loss= 3.1488053755326706
epoch= 44 	 time= 325.63199609915415 min 	 loss= 3.130250731525999
epoch= 45 	 time= 332.97917881806694 min 	 loss= 3.0892786091385465
epoch= 46 	 time= 340.32417136828104 min 	 loss= 3.079890203421766
epoch= 47 	 time= 347.6684716701508 min 	 loss= 3.074668750221079
epoch= 48 	 time= 355.0135831832886 min 	 loss= 3.0701414210507365
epoch= 49 	 time= 362.36001472473146 min 	 loss= 3.0912082229419187
epoch= 50 	 time= 369.70427886645 min 	 loss= 3.0679255624250934
[4.34818565 4.07359913 4.02001343 3.97740373 3.97200261 3.90454578
 3.86425232 3.81658458 3.78536317 3.78449983 3.72225126 3.64367582
 3.60890348 3.59548003 3.57213526 3.5062426  3.48822001 3.57448745
 3.48193682 3.40761451 3.36877057 3.37103261 3.3820105  3.3650015
 3.31095553 3.28917514 3.29352145 3.29832921 3.30088605 3.23796495
 3.21650541 3.20804558 3.23415556 3.19707691 3.23056177 3.20120078
 3.16058513 3.15089596 3.15668979 3.16395522 3.12690402 3.11911137
 3.12574899 3.14880538 3.13025073 3.08927861 3.0798902  3.07466875
 3.07014142 3.09120822 3.06792556]
epoch= 51 	 time= 377.05154325167337 min 	 loss= 3.051006609887788
epoch= 52 	 time= 384.39557650883995 min 	 loss= 3.068123723557501
epoch= 53 	 time= 391.74965623617175 min 	 loss= 3.0801548953489823
epoch= 54 	 time= 399.10646415948867 min 	 loss= 3.0699885056958056
epoch= 55 	 time= 406.4622335871061 min 	 loss= 3.0182614636421206
epoch= 56 	 time= 413.8142264127731 min 	 loss= 3.0113463880076554
epoch= 57 	 time= 421.1673529187838 min 	 loss= 3.015961434768908
epoch= 58 	 time= 428.5205594658852 min 	 loss= 3.0222414940776248
epoch= 59 	 time= 435.86783876419065 min 	 loss= 3.018366091793234
epoch= 60 	 time= 443.21664023399353 min 	 loss= 3.191482721639402
epoch= 61 	 time= 450.5659850160281 min 	 loss= 3.144246342868516
epoch= 62 	 time= 457.9116860707601 min 	 loss= 3.0345191833828435
epoch= 63 	 time= 465.2647023121516 min 	 loss= 2.9898878186399287
epoch= 64 	 time= 472.6089612086614 min 	 loss= 2.9719899118307866
epoch= 65 	 time= 479.95866099596026 min 	 loss= 2.999150336420897
epoch= 66 	 time= 487.3150529066722 min 	 loss= 2.9945052922494484
epoch= 67 	 time= 494.6672929843267 min 	 loss= 2.9714219895456777
epoch= 68 	 time= 502.0153845787048 min 	 loss= 2.9737301236932927
epoch= 69 	 time= 509.36439156134924 min 	 loss= 2.993212796287103
epoch= 70 	 time= 516.7123106479645 min 	 loss= 2.9954533839225768
epoch= 71 	 time= 524.0599572896957 min 	 loss= 2.9533575969753842
epoch= 72 	 time= 531.4070191462835 min 	 loss= 2.9440394372289833
epoch= 73 	 time= 538.7590641140938 min 	 loss= 2.991359607938564
epoch= 74 	 time= 546.1070033709208 min 	 loss= 2.9619380015315433
epoch= 75 	 time= 553.4547193288803 min 	 loss= 2.9424602938601465
epoch= 76 	 time= 560.8014778057734 min 	 loss= 2.9399669021187407
epoch= 77 	 time= 568.1486015756925 min 	 loss= 2.948674062201471
epoch= 78 	 time= 575.4970592538516 min 	 loss= 2.9753042430588694
epoch= 79 	 time= 582.8479872107506 min 	 loss= 2.932153992978009
epoch= 80 	 time= 590.2051972627639 min 	 loss= 2.9169287534735417
epoch= 81 	 time= 597.5680270751317 min 	 loss= 2.923018803632621
epoch= 82 	 time= 604.9288918574651 min 	 loss= 2.916754766883272
epoch= 83 	 time= 612.2922520915668 min 	 loss= 2.918045822147167
epoch= 84 	 time= 619.6439389983813 min 	 loss= 3.00994651017767
epoch= 85 	 time= 626.9987909714381 min 	 loss= 2.91283801407525
epoch= 86 	 time= 634.3474797646205 min 	 loss= 2.898696561798905
epoch= 87 	 time= 641.7004258314769 min 	 loss= 2.8814719372445885
epoch= 88 	 time= 649.055596045653 min 	 loss= 2.8858766252163686
epoch= 89 	 time= 656.4044662078221 min 	 loss= 2.8972876113291943
epoch= 90 	 time= 663.7484089016914 min 	 loss= 2.930594550624038
epoch= 91 	 time= 671.0930681069692 min 	 loss= 2.917373891021266
epoch= 92 	 time= 678.4437476118405 min 	 loss= 2.8809764031388543
epoch= 93 	 time= 685.78975755771 min 	 loss= 2.8629341690106824
epoch= 94 	 time= 693.1318801482519 min 	 loss= 2.8758130479400807
epoch= 95 	 time= 700.4791305104892 min 	 loss= 2.916537171782869
epoch= 96 	 time= 707.8278086622556 min 	 loss= 2.9024801405451512
epoch= 97 	 time= 715.1809347351392 min 	 loss= 2.972610755508596
epoch= 98 	 time= 722.5449942628543 min 	 loss= 2.864984961061767
epoch= 99 	 time= 729.9087384104729 min 	 loss= 2.8513894376790883
epoch= 100 	 time= 737.2626747449239 min 	 loss= 2.840799353809068
[4.34818565 4.07359913 4.02001343 3.97740373 3.97200261 3.90454578
 3.86425232 3.81658458 3.78536317 3.78449983 3.72225126 3.64367582
 3.60890348 3.59548003 3.57213526 3.5062426  3.48822001 3.57448745
 3.48193682 3.40761451 3.36877057 3.37103261 3.3820105  3.3650015
 3.31095553 3.28917514 3.29352145 3.29832921 3.30088605 3.23796495
 3.21650541 3.20804558 3.23415556 3.19707691 3.23056177 3.20120078
 3.16058513 3.15089596 3.15668979 3.16395522 3.12690402 3.11911137
 3.12574899 3.14880538 3.13025073 3.08927861 3.0798902  3.07466875
 3.07014142 3.09120822 3.06792556 3.05100661 3.06812372 3.0801549
 3.06998851 3.01826146 3.01134639 3.01596143 3.02224149 3.01836609
 3.19148272 3.14424634 3.03451918 2.98988782 2.97198991 2.99915034
 2.99450529 2.97142199 2.97373012 2.9932128  2.99545338 2.9533576
 2.94403944 2.99135961 2.961938   2.94246029 2.9399669  2.94867406
 2.97530424 2.93215399 2.91692875 2.9230188  2.91675477 2.91804582
 3.00994651 2.91283801 2.89869656 2.88147194 2.88587663 2.89728761
 2.93059455 2.91737389 2.8809764  2.86293417 2.87581305 2.91653717
 2.90248014 2.97261076 2.86498496 2.85138944 2.84079935]
epoch= 101 	 time= 744.6149538358053 min 	 loss= 2.8353162015929367
epoch= 102 	 time= 751.9627418716749 min 	 loss= 2.8460945746754156
epoch= 103 	 time= 759.3116286873817 min 	 loss= 2.842888498992631
epoch= 104 	 time= 766.660622771581 min 	 loss= 2.841779469360005
epoch= 105 	 time= 774.0141375422478 min 	 loss= 2.834424229065577
epoch= 106 	 time= 781.3635218103726 min 	 loss= 2.828851860707456
epoch= 107 	 time= 788.7104434092839 min 	 loss= 2.830399139144204
epoch= 108 	 time= 796.0587651769321 min 	 loss= 2.8230781999320693
epoch= 109 	 time= 803.4063421209653 min 	 loss= 2.9015701347408873
epoch= 110 	 time= 810.7543639063836 min 	 loss= 2.85364720555869
epoch= 111 	 time= 818.1081103960673 min 	 loss= 2.80835170991493
epoch= 112 	 time= 825.4697911818822 min 	 loss= 2.8138698037465413
epoch= 113 	 time= 832.8347610036532 min 	 loss= 2.796616526246071
epoch= 114 	 time= 840.1907355109851 min 	 loss= 2.846769526925954
epoch= 115 	 time= 847.5499452749888 min 	 loss= 2.827958359844757
epoch= 116 	 time= 854.9022053082784 min 	 loss= 2.916796354470831
epoch= 117 	 time= 862.2527284065883 min 	 loss= 2.8036154252471346
epoch= 118 	 time= 869.603328816096 min 	 loss= 2.7866206121083463
epoch= 119 	 time= 876.9564376711845 min 	 loss= 2.78063315180215
epoch= 120 	 time= 884.3113214731217 min 	 loss= 2.791389057925253
epoch= 121 	 time= 891.6580805420875 min 	 loss= 2.8027182359587064
epoch= 122 	 time= 899.0059518019358 min 	 loss= 2.794887630469871
epoch= 123 	 time= 906.352337106069 min 	 loss= 2.8064105265068284
epoch= 124 	 time= 913.7028721372286 min 	 loss= 2.8027353072708303
epoch= 125 	 time= 921.0526513059934 min 	 loss= 2.7930000601934664
epoch= 126 	 time= 928.4004785299301 min 	 loss= 2.794675693186847
epoch= 127 	 time= 935.7516893943151 min 	 loss= 2.781855828220194
epoch= 128 	 time= 943.1008395632108 min 	 loss= 2.7837957947362555
epoch= 129 	 time= 950.4447705229123 min 	 loss= 2.7733773173346665
epoch= 130 	 time= 957.7889323433241 min 	 loss= 2.803256101138664
epoch= 131 	 time= 965.1393261591594 min 	 loss= 2.7884484430876646
epoch= 132 	 time= 972.486609419187 min 	 loss= 2.7632614217201867
epoch= 133 	 time= 979.830097091198 min 	 loss= 2.761316601381157
epoch= 134 	 time= 987.1726774295171 min 	 loss= 2.7746860175060504
epoch= 135 	 time= 994.5172632535299 min 	 loss= 2.7836497071295074
epoch= 136 	 time= 1001.8674740592638 min 	 loss= 2.759337995088462
epoch= 137 	 time= 1009.2125882585843 min 	 loss= 2.769516925360217
epoch= 138 	 time= 1016.5637304385504 min 	 loss= 2.7646895743861344
epoch= 139 	 time= 1023.9125580708186 min 	 loss= 2.7436110057072205
epoch= 140 	 time= 1031.256402428945 min 	 loss= 2.747671743866169
epoch= 141 	 time= 1038.6055307149886 min 	 loss= 2.7446839594841004
epoch= 142 	 time= 1045.949382952849 min 	 loss= 2.749559316815752
epoch= 143 	 time= 1053.301054763794 min 	 loss= 2.752796437397148
epoch= 144 	 time= 1060.655629769961 min 	 loss= 2.7700822627544404
epoch= 145 	 time= 1068.007194773356 min 	 loss= 2.7696870124881916
epoch= 146 	 time= 1075.3554639895758 min 	 loss= 2.741708065975796
epoch= 147 	 time= 1082.7021470944087 min 	 loss= 2.736700378331271
epoch= 148 	 time= 1090.0511151750882 min 	 loss= 2.724002316594124
epoch= 149 	 time= 1097.4010936339696 min 	 loss= 2.7341313143209978
epoch= 150 	 time= 1104.752255264918 min 	 loss= 2.747455603624835
[4.34818565 4.07359913 4.02001343 3.97740373 3.97200261 3.90454578
 3.86425232 3.81658458 3.78536317 3.78449983 3.72225126 3.64367582
 3.60890348 3.59548003 3.57213526 3.5062426  3.48822001 3.57448745
 3.48193682 3.40761451 3.36877057 3.37103261 3.3820105  3.3650015
 3.31095553 3.28917514 3.29352145 3.29832921 3.30088605 3.23796495
 3.21650541 3.20804558 3.23415556 3.19707691 3.23056177 3.20120078
 3.16058513 3.15089596 3.15668979 3.16395522 3.12690402 3.11911137
 3.12574899 3.14880538 3.13025073 3.08927861 3.0798902  3.07466875
 3.07014142 3.09120822 3.06792556 3.05100661 3.06812372 3.0801549
 3.06998851 3.01826146 3.01134639 3.01596143 3.02224149 3.01836609
 3.19148272 3.14424634 3.03451918 2.98988782 2.97198991 2.99915034
 2.99450529 2.97142199 2.97373012 2.9932128  2.99545338 2.9533576
 2.94403944 2.99135961 2.961938   2.94246029 2.9399669  2.94867406
 2.97530424 2.93215399 2.91692875 2.9230188  2.91675477 2.91804582
 3.00994651 2.91283801 2.89869656 2.88147194 2.88587663 2.89728761
 2.93059455 2.91737389 2.8809764  2.86293417 2.87581305 2.91653717
 2.90248014 2.97261076 2.86498496 2.85138944 2.84079935 2.8353162
 2.84609457 2.8428885  2.84177947 2.83442423 2.82885186 2.83039914
 2.8230782  2.90157013 2.85364721 2.80835171 2.8138698  2.79661653
 2.84676953 2.82795836 2.91679635 2.80361543 2.78662061 2.78063315
 2.79138906 2.80271824 2.79488763 2.80641053 2.80273531 2.79300006
 2.79467569 2.78185583 2.78379579 2.77337732 2.8032561  2.78844844
 2.76326142 2.7613166  2.77468602 2.78364971 2.759338   2.76951693
 2.76468957 2.74361101 2.74767174 2.74468396 2.74955932 2.75279644
 2.77008226 2.76968701 2.74170807 2.73670038 2.72400232 2.73413131
 2.7474556 ]
epoch= 151 	 time= 1112.1084342797596 min 	 loss= 2.7283090433388044
epoch= 152 	 time= 1119.46317649285 min 	 loss= 2.7229880263588644
epoch= 153 	 time= 1126.8131979107857 min 	 loss= 2.751586364760543
epoch= 154 	 time= 1134.16283659935 min 	 loss= 2.7200599172079203
epoch= 155 	 time= 1141.5162631432215 min 	 loss= 2.71391753579631
epoch= 156 	 time= 1148.8674592375755 min 	 loss= 2.7363604521570783
epoch= 157 	 time= 1156.2178208271662 min 	 loss= 2.7184648464665266
epoch= 158 	 time= 1163.5666612227758 min 	 loss= 2.7397411876375024
epoch= 159 	 time= 1170.9198307394981 min 	 loss= 2.7127781248273273
epoch= 160 	 time= 1178.272838906447 min 	 loss= 2.7060530842614896
epoch= 161 	 time= 1185.624572412173 min 	 loss= 2.7120598447142226
epoch= 162 	 time= 1192.9771093368531 min 	 loss= 2.708705703471646
epoch= 163 	 time= 1200.3337758700052 min 	 loss= 2.7147039581248253
epoch= 164 	 time= 1207.6850239316623 min 	 loss= 2.712715992078637
epoch= 165 	 time= 1215.0367241144181 min 	 loss= 2.7011418276663983
epoch= 166 	 time= 1222.3893597801527 min 	 loss= 2.7011159193877017
epoch= 167 	 time= 1229.743422782421 min 	 loss= 2.704024358771064
epoch= 168 	 time= 1237.0998838980993 min 	 loss= 2.717561372301795
epoch= 169 	 time= 1244.4557648181915 min 	 loss= 2.80226797042471
epoch= 170 	 time= 1251.808934279283 min 	 loss= 2.7669349854281453
epoch= 171 	 time= 1259.1609254002572 min 	 loss= 2.700173515370398
epoch= 172 	 time= 1266.517057299614 min 	 loss= 2.7408814014810505
epoch= 173 	 time= 1273.8708173274995 min 	 loss= 2.6907037524021034
epoch= 174 	 time= 1281.2263251543045 min 	 loss= 2.67043871012601
epoch= 175 	 time= 1288.5778397162755 min 	 loss= 2.667510028102181
epoch= 176 	 time= 1295.932588203748 min 	 loss= 2.6856558947490923
epoch= 177 	 time= 1303.2872912883759 min 	 loss= 2.7084295650865093
epoch= 178 	 time= 1310.644778652986 min 	 loss= 2.6839017142129666
epoch= 179 	 time= 1318.00294328928 min 	 loss= 2.674116647478306
epoch= 180 	 time= 1325.3572025696437 min 	 loss= 2.6878782309004756
epoch= 181 	 time= 1332.7150068640708 min 	 loss= 2.7684497754501574
epoch= 182 	 time= 1340.0699443976084 min 	 loss= 2.720297840671106
epoch= 183 	 time= 1347.4212586919466 min 	 loss= 2.696444394191106
epoch= 184 	 time= 1354.7701117396355 min 	 loss= 2.750640862746672
epoch= 185 	 time= 1362.1233797868092 min 	 loss= 2.6707476286815877
epoch= 186 	 time= 1369.4744659582773 min 	 loss= 2.6565031464713993
epoch= 187 	 time= 1376.8258748133978 min 	 loss= 2.655992718664083
epoch= 188 	 time= 1384.1770782470703 min 	 loss= 2.661697001204346
epoch= 189 	 time= 1391.5259019533794 min 	 loss= 2.68384978854295
epoch= 190 	 time= 1398.8797061165174 min 	 loss= 2.6685993760643583
epoch= 191 	 time= 1406.2323946158092 min 	 loss= 2.663634610970815
epoch= 192 	 time= 1413.5803044438362 min 	 loss= 2.723481897820126
epoch= 193 	 time= 1420.9284372488657 min 	 loss= 2.6632903171849973
epoch= 194 	 time= 1428.2774585008622 min 	 loss= 2.6612324379429673
epoch= 195 	 time= 1435.6300871372223 min 	 loss= 2.6621911669499947
epoch= 196 	 time= 1442.9800893028578 min 	 loss= 2.6564406991185563
epoch= 197 	 time= 1450.3275994737944 min 	 loss= 2.67140948992787
epoch= 198 	 time= 1457.6814492781957 min 	 loss= 2.6561809238701155
epoch= 199 	 time= 1465.0342218756675 min 	 loss= 2.648679622628472
epoch= 200 	 time= 1472.386901907126 min 	 loss= 2.6380073002432334
[4.34818565 4.07359913 4.02001343 3.97740373 3.97200261 3.90454578
 3.86425232 3.81658458 3.78536317 3.78449983 3.72225126 3.64367582
 3.60890348 3.59548003 3.57213526 3.5062426  3.48822001 3.57448745
 3.48193682 3.40761451 3.36877057 3.37103261 3.3820105  3.3650015
 3.31095553 3.28917514 3.29352145 3.29832921 3.30088605 3.23796495
 3.21650541 3.20804558 3.23415556 3.19707691 3.23056177 3.20120078
 3.16058513 3.15089596 3.15668979 3.16395522 3.12690402 3.11911137
 3.12574899 3.14880538 3.13025073 3.08927861 3.0798902  3.07466875
 3.07014142 3.09120822 3.06792556 3.05100661 3.06812372 3.0801549
 3.06998851 3.01826146 3.01134639 3.01596143 3.02224149 3.01836609
 3.19148272 3.14424634 3.03451918 2.98988782 2.97198991 2.99915034
 2.99450529 2.97142199 2.97373012 2.9932128  2.99545338 2.9533576
 2.94403944 2.99135961 2.961938   2.94246029 2.9399669  2.94867406
 2.97530424 2.93215399 2.91692875 2.9230188  2.91675477 2.91804582
 3.00994651 2.91283801 2.89869656 2.88147194 2.88587663 2.89728761
 2.93059455 2.91737389 2.8809764  2.86293417 2.87581305 2.91653717
 2.90248014 2.97261076 2.86498496 2.85138944 2.84079935 2.8353162
 2.84609457 2.8428885  2.84177947 2.83442423 2.82885186 2.83039914
 2.8230782  2.90157013 2.85364721 2.80835171 2.8138698  2.79661653
 2.84676953 2.82795836 2.91679635 2.80361543 2.78662061 2.78063315
 2.79138906 2.80271824 2.79488763 2.80641053 2.80273531 2.79300006
 2.79467569 2.78185583 2.78379579 2.77337732 2.8032561  2.78844844
 2.76326142 2.7613166  2.77468602 2.78364971 2.759338   2.76951693
 2.76468957 2.74361101 2.74767174 2.74468396 2.74955932 2.75279644
 2.77008226 2.76968701 2.74170807 2.73670038 2.72400232 2.73413131
 2.7474556  2.72830904 2.72298803 2.75158636 2.72005992 2.71391754
 2.73636045 2.71846485 2.73974119 2.71277812 2.70605308 2.71205984
 2.7087057  2.71470396 2.71271599 2.70114183 2.70111592 2.70402436
 2.71756137 2.80226797 2.76693499 2.70017352 2.7408814  2.69070375
 2.67043871 2.66751003 2.68565589 2.70842957 2.68390171 2.67411665
 2.68787823 2.76844978 2.72029784 2.69644439 2.75064086 2.67074763
 2.65650315 2.65599272 2.661697   2.68384979 2.66859938 2.66363461
 2.7234819  2.66329032 2.66123244 2.66219117 2.6564407  2.67140949
 2.65618092 2.64867962 2.6380073 ]
epoch= 201 	 time= 1479.7412122885387 min 	 loss= 2.6336415714386736
epoch= 202 	 time= 1487.0954860448837 min 	 loss= 2.6387594705278223
epoch= 203 	 time= 1494.445333727201 min 	 loss= 2.6426381427952736
epoch= 204 	 time= 1501.7959491809208 min 	 loss= 2.6408046367674163
epoch= 205 	 time= 1509.1491963187852 min 	 loss= 2.6247365662365247
epoch= 206 	 time= 1516.5014682292938 min 	 loss= 2.6250949543172664
epoch= 207 	 time= 1523.8548292080561 min 	 loss= 2.6367420588117656
epoch= 208 	 time= 1531.2087454279265 min 	 loss= 2.654365725535335
epoch= 209 	 time= 1538.558978076776 min 	 loss= 2.619409903992306
epoch= 210 	 time= 1545.9092880090077 min 	 loss= 2.6087092619953736
epoch= 211 	 time= 1553.2636467456819 min 	 loss= 2.613907715894959
epoch= 212 	 time= 1560.6182198643685 min 	 loss= 2.699727012135766
epoch= 213 	 time= 1567.968549156189 min 	 loss= 2.6497148070371512
epoch= 214 	 time= 1575.3201896309852 min 	 loss= 2.610199707981312
epoch= 215 	 time= 1582.6707817912102 min 	 loss= 2.599576661044901
epoch= 216 	 time= 1590.0275240977605 min 	 loss= 2.59834398939754
epoch= 217 	 time= 1597.3772407690683 min 	 loss= 2.6059926174806827
epoch= 218 	 time= 1604.7290225466093 min 	 loss= 2.612683969374859
epoch= 219 	 time= 1612.0811526377995 min 	 loss= 2.624151293129632
epoch= 220 	 time= 1619.4401215235391 min 	 loss= 2.603263897949999
epoch= 221 	 time= 1626.792271399498 min 	 loss= 2.597921576373505
epoch= 222 	 time= 1634.1418891588846 min 	 loss= 2.6071642288114085
epoch= 223 	 time= 1641.4947324872016 min 	 loss= 2.6166290734753463
epoch= 224 	 time= 1648.8503366827965 min 	 loss= 2.5951825540174136
epoch= 225 	 time= 1656.2082514087358 min 	 loss= 2.5965736323595046
epoch= 226 	 time= 1663.557205438614 min 	 loss= 2.6004910532814085
epoch= 227 	 time= 1670.9057342370352 min 	 loss= 2.5923135352134703
epoch= 228 	 time= 1678.251915192604 min 	 loss= 2.608444218400753
epoch= 229 	 time= 1685.6003983855248 min 	 loss= 2.594768342195135
epoch= 230 	 time= 1692.951298292478 min 	 loss= 2.586537259257201
epoch= 231 	 time= 1700.3025288422903 min 	 loss= 2.7358777419545435
epoch= 232 	 time= 1707.6558171709378 min 	 loss= 2.6434157062479944
epoch= 233 	 time= 1715.0081144452095 min 	 loss= 2.5968300125815653
epoch= 234 	 time= 1722.3611518581708 min 	 loss= 2.5746508661905922
epoch= 235 	 time= 1729.7143275260926 min 	 loss= 2.5670809587384715
epoch= 236 	 time= 1737.0614679694177 min 	 loss= 2.5680713257464496
epoch= 237 	 time= 1744.4051251888275 min 	 loss= 2.580558902223905
epoch= 238 	 time= 1751.7586829940478 min 	 loss= 2.576943450317238
epoch= 239 	 time= 1759.1095809380213 min 	 loss= 2.5881185513373577
epoch= 240 	 time= 1766.464256397883 min 	 loss= 2.5879311017737243
epoch= 241 	 time= 1773.8160728096962 min 	 loss= 2.5746067872372542
epoch= 242 	 time= 1781.1703214406966 min 	 loss= 2.5729936109528397
epoch= 243 	 time= 1788.5177360773087 min 	 loss= 2.5725599829536496
epoch= 244 	 time= 1795.8660810907681 min 	 loss= 2.5692198012994996
epoch= 245 	 time= 1803.2193532546362 min 	 loss= 2.592410301782868
epoch= 246 	 time= 1810.568330180645 min 	 loss= 2.59904328055454
epoch= 247 	 time= 1817.9232696731885 min 	 loss= 2.5752589604710088
epoch= 248 	 time= 1825.2739882667859 min 	 loss= 2.564926913452871
epoch= 249 	 time= 1832.6281531969705 min 	 loss= 2.560013595367923
epoch= 250 	 time= 1839.9743421077728 min 	 loss= 2.5697388349157393
[4.34818565 4.07359913 4.02001343 3.97740373 3.97200261 3.90454578
 3.86425232 3.81658458 3.78536317 3.78449983 3.72225126 3.64367582
 3.60890348 3.59548003 3.57213526 3.5062426  3.48822001 3.57448745
 3.48193682 3.40761451 3.36877057 3.37103261 3.3820105  3.3650015
 3.31095553 3.28917514 3.29352145 3.29832921 3.30088605 3.23796495
 3.21650541 3.20804558 3.23415556 3.19707691 3.23056177 3.20120078
 3.16058513 3.15089596 3.15668979 3.16395522 3.12690402 3.11911137
 3.12574899 3.14880538 3.13025073 3.08927861 3.0798902  3.07466875
 3.07014142 3.09120822 3.06792556 3.05100661 3.06812372 3.0801549
 3.06998851 3.01826146 3.01134639 3.01596143 3.02224149 3.01836609
 3.19148272 3.14424634 3.03451918 2.98988782 2.97198991 2.99915034
 2.99450529 2.97142199 2.97373012 2.9932128  2.99545338 2.9533576
 2.94403944 2.99135961 2.961938   2.94246029 2.9399669  2.94867406
 2.97530424 2.93215399 2.91692875 2.9230188  2.91675477 2.91804582
 3.00994651 2.91283801 2.89869656 2.88147194 2.88587663 2.89728761
 2.93059455 2.91737389 2.8809764  2.86293417 2.87581305 2.91653717
 2.90248014 2.97261076 2.86498496 2.85138944 2.84079935 2.8353162
 2.84609457 2.8428885  2.84177947 2.83442423 2.82885186 2.83039914
 2.8230782  2.90157013 2.85364721 2.80835171 2.8138698  2.79661653
 2.84676953 2.82795836 2.91679635 2.80361543 2.78662061 2.78063315
 2.79138906 2.80271824 2.79488763 2.80641053 2.80273531 2.79300006
 2.79467569 2.78185583 2.78379579 2.77337732 2.8032561  2.78844844
 2.76326142 2.7613166  2.77468602 2.78364971 2.759338   2.76951693
 2.76468957 2.74361101 2.74767174 2.74468396 2.74955932 2.75279644
 2.77008226 2.76968701 2.74170807 2.73670038 2.72400232 2.73413131
 2.7474556  2.72830904 2.72298803 2.75158636 2.72005992 2.71391754
 2.73636045 2.71846485 2.73974119 2.71277812 2.70605308 2.71205984
 2.7087057  2.71470396 2.71271599 2.70114183 2.70111592 2.70402436
 2.71756137 2.80226797 2.76693499 2.70017352 2.7408814  2.69070375
 2.67043871 2.66751003 2.68565589 2.70842957 2.68390171 2.67411665
 2.68787823 2.76844978 2.72029784 2.69644439 2.75064086 2.67074763
 2.65650315 2.65599272 2.661697   2.68384979 2.66859938 2.66363461
 2.7234819  2.66329032 2.66123244 2.66219117 2.6564407  2.67140949
 2.65618092 2.64867962 2.6380073  2.63364157 2.63875947 2.64263814
 2.64080464 2.62473657 2.62509495 2.63674206 2.65436573 2.6194099
 2.60870926 2.61390772 2.69972701 2.64971481 2.61019971 2.59957666
 2.59834399 2.60599262 2.61268397 2.62415129 2.6032639  2.59792158
 2.60716423 2.61662907 2.59518255 2.59657363 2.60049105 2.59231354
 2.60844422 2.59476834 2.58653726 2.73587774 2.64341571 2.59683001
 2.57465087 2.56708096 2.56807133 2.5805589  2.57694345 2.58811855
 2.5879311  2.57460679 2.57299361 2.57255998 2.5692198  2.5924103
 2.59904328 2.57525896 2.56492691 2.5600136  2.56973883]
epoch= 251 	 time= 1847.323754922549 min 	 loss= 2.5662632558743157
epoch= 252 	 time= 1854.6724107464154 min 	 loss= 2.626408138907317
epoch= 253 	 time= 1862.0222965955734 min 	 loss= 2.586266098239205
epoch= 254 	 time= 1869.3777290860812 min 	 loss= 2.5570708482012603
epoch= 255 	 time= 1876.7273897806804 min 	 loss= 2.5526665912613726
epoch= 256 	 time= 1884.0840866923331 min 	 loss= 2.557389022491195
epoch= 257 	 time= 1891.4305405894916 min 	 loss= 2.560608114979484
epoch= 258 	 time= 1898.7756047407786 min 	 loss= 2.555057867115194
epoch= 259 	 time= 1906.1303519010544 min 	 loss= 2.5522818612510507
epoch= 260 	 time= 1913.476226902008 min 	 loss= 2.5730864945505605
epoch= 261 	 time= 1920.8265989383062 min 	 loss= 2.576700865084475
epoch= 262 	 time= 1928.1734844644864 min 	 loss= 2.562971011851773
epoch= 263 	 time= 1935.5250487565995 min 	 loss= 2.5403020478198024
epoch= 264 	 time= 1942.8711193720499 min 	 loss= 2.5376306039275547
epoch= 265 	 time= 1950.2197126587232 min 	 loss= 2.560591436498093
epoch= 266 	 time= 1957.5699185729027 min 	 loss= 2.5390780356797307
epoch= 267 	 time= 1964.9162525614104 min 	 loss= 2.56457759402015
epoch= 268 	 time= 1972.2650638540586 min 	 loss= 2.5775729526895463
epoch= 269 	 time= 1979.6118898789089 min 	 loss= 2.544955948410612
epoch= 270 	 time= 1986.9607116023699 min 	 loss= 2.5474596017960347
epoch= 271 	 time= 1994.307598332564 min 	 loss= 2.5702456694299523
epoch= 272 	 time= 2001.6540240605673 min 	 loss= 2.529449460199385
epoch= 273 	 time= 2009.0098527352015 min 	 loss= 2.5269125590360524
epoch= 274 	 time= 2016.3631664276122 min 	 loss= 2.540005503965147
epoch= 275 	 time= 2023.7137748281161 min 	 loss= 2.5456794647375744
epoch= 276 	 time= 2031.0594158013662 min 	 loss= 2.5323134661262685
epoch= 277 	 time= 2038.410209151109 min 	 loss= 2.540954801241557
epoch= 278 	 time= 2045.7548696994781 min 	 loss= 2.567053955955939
epoch= 279 	 time= 2053.098687140147 min 	 loss= 2.538339385607026
epoch= 280 	 time= 2060.446253156662 min 	 loss= 2.529943288564682
epoch= 281 	 time= 2067.793879588445 min 	 loss= 2.5205648623452044
epoch= 282 	 time= 2075.1438027064005 min 	 loss= 2.51059883639668
epoch= 283 	 time= 2082.4909258127213 min 	 loss= 2.514304767305201
epoch= 284 	 time= 2089.8444951891897 min 	 loss= 2.589796429764141
epoch= 285 	 time= 2097.193954130014 min 	 loss= 2.5247312528978694
epoch= 286 	 time= 2104.54035607179 min 	 loss= 2.5297597648158217
epoch= 287 	 time= 2111.8849971294403 min 	 loss= 2.509153193072839
epoch= 288 	 time= 2119.2351745168367 min 	 loss= 2.5057731861598564
epoch= 289 	 time= 2126.577524983883 min 	 loss= 2.568121062499104
epoch= 290 	 time= 2133.9221517244973 min 	 loss= 2.5281849669868297
epoch= 291 	 time= 2141.2712341864903 min 	 loss= 2.5043957955187017
epoch= 292 	 time= 2148.621787516276 min 	 loss= 2.5091314138968785
epoch= 293 	 time= 2155.968448281288 min 	 loss= 2.5012254654096835
epoch= 294 	 time= 2163.312481256326 min 	 loss= 2.5123250969612236
epoch= 295 	 time= 2170.657698484262 min 	 loss= 2.517807064724691
epoch= 296 	 time= 2178.003490416209 min 	 loss= 2.503444898742618
epoch= 297 	 time= 2185.3515719215075 min 	 loss= 2.493458733739275
epoch= 298 	 time= 2192.698254521688 min 	 loss= 2.5089157764658783
epoch= 299 	 time= 2200.041574414571 min 	 loss= 2.510929100405086
epoch= 300 	 time= 2207.3888432621957 min 	 loss= 2.4960752975398846
[4.34818565 4.07359913 4.02001343 3.97740373 3.97200261 3.90454578
 3.86425232 3.81658458 3.78536317 3.78449983 3.72225126 3.64367582
 3.60890348 3.59548003 3.57213526 3.5062426  3.48822001 3.57448745
 3.48193682 3.40761451 3.36877057 3.37103261 3.3820105  3.3650015
 3.31095553 3.28917514 3.29352145 3.29832921 3.30088605 3.23796495
 3.21650541 3.20804558 3.23415556 3.19707691 3.23056177 3.20120078
 3.16058513 3.15089596 3.15668979 3.16395522 3.12690402 3.11911137
 3.12574899 3.14880538 3.13025073 3.08927861 3.0798902  3.07466875
 3.07014142 3.09120822 3.06792556 3.05100661 3.06812372 3.0801549
 3.06998851 3.01826146 3.01134639 3.01596143 3.02224149 3.01836609
 3.19148272 3.14424634 3.03451918 2.98988782 2.97198991 2.99915034
 2.99450529 2.97142199 2.97373012 2.9932128  2.99545338 2.9533576
 2.94403944 2.99135961 2.961938   2.94246029 2.9399669  2.94867406
 2.97530424 2.93215399 2.91692875 2.9230188  2.91675477 2.91804582
 3.00994651 2.91283801 2.89869656 2.88147194 2.88587663 2.89728761
 2.93059455 2.91737389 2.8809764  2.86293417 2.87581305 2.91653717
 2.90248014 2.97261076 2.86498496 2.85138944 2.84079935 2.8353162
 2.84609457 2.8428885  2.84177947 2.83442423 2.82885186 2.83039914
 2.8230782  2.90157013 2.85364721 2.80835171 2.8138698  2.79661653
 2.84676953 2.82795836 2.91679635 2.80361543 2.78662061 2.78063315
 2.79138906 2.80271824 2.79488763 2.80641053 2.80273531 2.79300006
 2.79467569 2.78185583 2.78379579 2.77337732 2.8032561  2.78844844
 2.76326142 2.7613166  2.77468602 2.78364971 2.759338   2.76951693
 2.76468957 2.74361101 2.74767174 2.74468396 2.74955932 2.75279644
 2.77008226 2.76968701 2.74170807 2.73670038 2.72400232 2.73413131
 2.7474556  2.72830904 2.72298803 2.75158636 2.72005992 2.71391754
 2.73636045 2.71846485 2.73974119 2.71277812 2.70605308 2.71205984
 2.7087057  2.71470396 2.71271599 2.70114183 2.70111592 2.70402436
 2.71756137 2.80226797 2.76693499 2.70017352 2.7408814  2.69070375
 2.67043871 2.66751003 2.68565589 2.70842957 2.68390171 2.67411665
 2.68787823 2.76844978 2.72029784 2.69644439 2.75064086 2.67074763
 2.65650315 2.65599272 2.661697   2.68384979 2.66859938 2.66363461
 2.7234819  2.66329032 2.66123244 2.66219117 2.6564407  2.67140949
 2.65618092 2.64867962 2.6380073  2.63364157 2.63875947 2.64263814
 2.64080464 2.62473657 2.62509495 2.63674206 2.65436573 2.6194099
 2.60870926 2.61390772 2.69972701 2.64971481 2.61019971 2.59957666
 2.59834399 2.60599262 2.61268397 2.62415129 2.6032639  2.59792158
 2.60716423 2.61662907 2.59518255 2.59657363 2.60049105 2.59231354
 2.60844422 2.59476834 2.58653726 2.73587774 2.64341571 2.59683001
 2.57465087 2.56708096 2.56807133 2.5805589  2.57694345 2.58811855
 2.5879311  2.57460679 2.57299361 2.57255998 2.5692198  2.5924103
 2.59904328 2.57525896 2.56492691 2.5600136  2.56973883 2.56626326
 2.62640814 2.5862661  2.55707085 2.55266659 2.55738902 2.56060811
 2.55505787 2.55228186 2.57308649 2.57670087 2.56297101 2.54030205
 2.5376306  2.56059144 2.53907804 2.56457759 2.57757295 2.54495595
 2.5474596  2.57024567 2.52944946 2.52691256 2.5400055  2.54567946
 2.53231347 2.5409548  2.56705396 2.53833939 2.52994329 2.52056486
 2.51059884 2.51430477 2.58979643 2.52473125 2.52975976 2.50915319
 2.50577319 2.56812106 2.52818497 2.5043958  2.50913141 2.50122547
 2.5123251  2.51780706 2.5034449  2.49345873 2.50891578 2.5109291
 2.4960753 ]
epoch= 301 	 time= 2214.741347237428 min 	 loss= 2.493875158934882
epoch= 302 	 time= 2222.092235426108 min 	 loss= 2.4944973798592884
epoch= 303 	 time= 2229.4344818790755 min 	 loss= 2.4733297857010004
epoch= 304 	 time= 2236.7834263563154 min 	 loss= 2.4872376469048585
epoch= 305 	 time= 2244.1258015036583 min 	 loss= 2.5000483139536596
epoch= 306 	 time= 2251.4738673130673 min 	 loss= 2.4781935525301733
epoch= 307 	 time= 2258.8192773779233 min 	 loss= 2.480243514703982
epoch= 308 	 time= 2266.170545991262 min 	 loss= 2.469385990464326
epoch= 309 	 time= 2273.5142088333764 min 	 loss= 2.4643030562545314
epoch= 310 	 time= 2280.8607179204623 min 	 loss= 2.476995305057728
epoch= 311 	 time= 2288.2096378644305 min 	 loss= 2.490021245407336
epoch= 312 	 time= 2295.561772584915 min 	 loss= 2.4768807824091477
epoch= 313 	 time= 2302.9103199164074 min 	 loss= 2.482129781137813
epoch= 314 	 time= 2310.2579702178637 min 	 loss= 2.467205966169184
epoch= 315 	 time= 2317.605769495169 min 	 loss= 2.4626592139944887
epoch= 316 	 time= 2324.9515415628753 min 	 loss= 2.4576473306525837
epoch= 317 	 time= 2332.3004856387774 min 	 loss= 2.455057672858238
epoch= 318 	 time= 2339.6468070546784 min 	 loss= 2.485223862185623
epoch= 319 	 time= 2346.9998822569846 min 	 loss= 2.457331655928583
epoch= 320 	 time= 2354.3494509418806 min 	 loss= 2.448661011186513
epoch= 321 	 time= 2361.696376299858 min 	 loss= 2.4471251690387725
epoch= 322 	 time= 2369.0444986701013 min 	 loss= 2.4608388989080083
epoch= 323 	 time= 2376.392658181985 min 	 loss= 2.4688053445563174
epoch= 324 	 time= 2383.741641374429 min 	 loss= 2.449596848505916
epoch= 325 	 time= 2391.094685224692 min 	 loss= 2.4407002890290634
epoch= 326 	 time= 2398.44224019448 min 	 loss= 2.4450875702590653
epoch= 327 	 time= 2405.7955279151597 min 	 loss= 2.448889968160427
epoch= 328 	 time= 2413.1430339773497 min 	 loss= 2.4429157004573128
epoch= 329 	 time= 2420.4913173516593 min 	 loss= 2.4343816354961105
epoch= 330 	 time= 2427.837896021207 min 	 loss= 2.4389319519743773
epoch= 331 	 time= 2435.186592936516 min 	 loss= 2.454266459869616
epoch= 332 	 time= 2442.5400672594706 min 	 loss= 2.4329957522045484
epoch= 333 	 time= 2449.891146949927 min 	 loss= 2.4372068593718788
epoch= 334 	 time= 2457.239968645573 min 	 loss= 2.4399001083048906
epoch= 335 	 time= 2464.589060711861 min 	 loss= 2.4244634227138575
epoch= 336 	 time= 2471.9362427870433 min 	 loss= 2.447894417733857
epoch= 337 	 time= 2479.284944955508 min 	 loss= 2.4359114132144235
epoch= 338 	 time= 2486.6336169163387 min 	 loss= 2.422765446449771
epoch= 339 	 time= 2493.984405048688 min 	 loss= 2.5184388823220223
epoch= 340 	 time= 2501.327898065249 min 	 loss= 2.5848400367209408
epoch= 341 	 time= 2508.6746584216753 min 	 loss= 2.455064891179403
epoch= 342 	 time= 2516.029268181324 min 	 loss= 2.4185838050914534
epoch= 343 	 time= 2523.381636095047 min 	 loss= 2.405327081897042
epoch= 344 	 time= 2530.7351299444836 min 	 loss= 2.4134716441053334
epoch= 345 	 time= 2538.0846187432608 min 	 loss= 2.4118273386630147
epoch= 346 	 time= 2545.4403292536736 min 	 loss= 2.4094253159111196
epoch= 347 	 time= 2552.7895028034845 min 	 loss= 2.4131947170423738
epoch= 348 	 time= 2560.143648974101 min 	 loss= 2.4095949585871264
epoch= 349 	 time= 2567.495817844073 min 	 loss= 2.4140460484858717
epoch= 350 	 time= 2574.8514105121294 min 	 loss= 2.4335796921903436
[4.34818565 4.07359913 4.02001343 3.97740373 3.97200261 3.90454578
 3.86425232 3.81658458 3.78536317 3.78449983 3.72225126 3.64367582
 3.60890348 3.59548003 3.57213526 3.5062426  3.48822001 3.57448745
 3.48193682 3.40761451 3.36877057 3.37103261 3.3820105  3.3650015
 3.31095553 3.28917514 3.29352145 3.29832921 3.30088605 3.23796495
 3.21650541 3.20804558 3.23415556 3.19707691 3.23056177 3.20120078
 3.16058513 3.15089596 3.15668979 3.16395522 3.12690402 3.11911137
 3.12574899 3.14880538 3.13025073 3.08927861 3.0798902  3.07466875
 3.07014142 3.09120822 3.06792556 3.05100661 3.06812372 3.0801549
 3.06998851 3.01826146 3.01134639 3.01596143 3.02224149 3.01836609
 3.19148272 3.14424634 3.03451918 2.98988782 2.97198991 2.99915034
 2.99450529 2.97142199 2.97373012 2.9932128  2.99545338 2.9533576
 2.94403944 2.99135961 2.961938   2.94246029 2.9399669  2.94867406
 2.97530424 2.93215399 2.91692875 2.9230188  2.91675477 2.91804582
 3.00994651 2.91283801 2.89869656 2.88147194 2.88587663 2.89728761
 2.93059455 2.91737389 2.8809764  2.86293417 2.87581305 2.91653717
 2.90248014 2.97261076 2.86498496 2.85138944 2.84079935 2.8353162
 2.84609457 2.8428885  2.84177947 2.83442423 2.82885186 2.83039914
 2.8230782  2.90157013 2.85364721 2.80835171 2.8138698  2.79661653
 2.84676953 2.82795836 2.91679635 2.80361543 2.78662061 2.78063315
 2.79138906 2.80271824 2.79488763 2.80641053 2.80273531 2.79300006
 2.79467569 2.78185583 2.78379579 2.77337732 2.8032561  2.78844844
 2.76326142 2.7613166  2.77468602 2.78364971 2.759338   2.76951693
 2.76468957 2.74361101 2.74767174 2.74468396 2.74955932 2.75279644
 2.77008226 2.76968701 2.74170807 2.73670038 2.72400232 2.73413131
 2.7474556  2.72830904 2.72298803 2.75158636 2.72005992 2.71391754
 2.73636045 2.71846485 2.73974119 2.71277812 2.70605308 2.71205984
 2.7087057  2.71470396 2.71271599 2.70114183 2.70111592 2.70402436
 2.71756137 2.80226797 2.76693499 2.70017352 2.7408814  2.69070375
 2.67043871 2.66751003 2.68565589 2.70842957 2.68390171 2.67411665
 2.68787823 2.76844978 2.72029784 2.69644439 2.75064086 2.67074763
 2.65650315 2.65599272 2.661697   2.68384979 2.66859938 2.66363461
 2.7234819  2.66329032 2.66123244 2.66219117 2.6564407  2.67140949
 2.65618092 2.64867962 2.6380073  2.63364157 2.63875947 2.64263814
 2.64080464 2.62473657 2.62509495 2.63674206 2.65436573 2.6194099
 2.60870926 2.61390772 2.69972701 2.64971481 2.61019971 2.59957666
 2.59834399 2.60599262 2.61268397 2.62415129 2.6032639  2.59792158
 2.60716423 2.61662907 2.59518255 2.59657363 2.60049105 2.59231354
 2.60844422 2.59476834 2.58653726 2.73587774 2.64341571 2.59683001
 2.57465087 2.56708096 2.56807133 2.5805589  2.57694345 2.58811855
 2.5879311  2.57460679 2.57299361 2.57255998 2.5692198  2.5924103
 2.59904328 2.57525896 2.56492691 2.5600136  2.56973883 2.56626326
 2.62640814 2.5862661  2.55707085 2.55266659 2.55738902 2.56060811
 2.55505787 2.55228186 2.57308649 2.57670087 2.56297101 2.54030205
 2.5376306  2.56059144 2.53907804 2.56457759 2.57757295 2.54495595
 2.5474596  2.57024567 2.52944946 2.52691256 2.5400055  2.54567946
 2.53231347 2.5409548  2.56705396 2.53833939 2.52994329 2.52056486
 2.51059884 2.51430477 2.58979643 2.52473125 2.52975976 2.50915319
 2.50577319 2.56812106 2.52818497 2.5043958  2.50913141 2.50122547
 2.5123251  2.51780706 2.5034449  2.49345873 2.50891578 2.5109291
 2.4960753  2.49387516 2.49449738 2.47332979 2.48723765 2.50004831
 2.47819355 2.48024351 2.46938599 2.46430306 2.47699531 2.49002125
 2.47688078 2.48212978 2.46720597 2.46265921 2.45764733 2.45505767
 2.48522386 2.45733166 2.44866101 2.44712517 2.4608389  2.46880534
 2.44959685 2.44070029 2.44508757 2.44888997 2.4429157  2.43438164
 2.43893195 2.45426646 2.43299575 2.43720686 2.43990011 2.42446342
 2.44789442 2.43591141 2.42276545 2.51843888 2.58484004 2.45506489
 2.41858381 2.40532708 2.41347164 2.41182734 2.40942532 2.41319472
 2.40959496 2.41404605 2.43357969]
epoch= 351 	 time= 2582.201712659995 min 	 loss= 2.4119136530883383
epoch= 352 	 time= 2589.5534370859464 min 	 loss= 2.406247800913724
epoch= 353 	 time= 2596.9071053584416 min 	 loss= 2.410109992587205
epoch= 354 	 time= 2604.260351192951 min 	 loss= 2.497986227057197
epoch= 355 	 time= 2611.618909660975 min 	 loss= 2.407383624640378
epoch= 356 	 time= 2618.9740470409392 min 	 loss= 2.3924329901283437
epoch= 357 	 time= 2626.3292286554974 min 	 loss= 2.381300051681923
epoch= 358 	 time= 2633.681605299314 min 	 loss= 2.414311926780325
epoch= 359 	 time= 2641.0420276522636 min 	 loss= 2.391309763066696
epoch= 360 	 time= 2648.396024700006 min 	 loss= 2.398015361735315
epoch= 361 	 time= 2655.752827870846 min 	 loss= 2.3899631983764245
epoch= 362 	 time= 2663.11141979297 min 	 loss= 2.4123746893983897
epoch= 363 	 time= 2670.4663550337154 min 	 loss= 2.4181638769850586
epoch= 364 	 time= 2677.822457309564 min 	 loss= 2.3940200653762527
epoch= 365 	 time= 2685.179395508766 min 	 loss= 2.3933415488763288
epoch= 366 	 time= 2692.542761516571 min 	 loss= 2.3862268098556636
epoch= 367 	 time= 2699.902294754982 min 	 loss= 2.3927246848200308
epoch= 368 	 time= 2707.2596599062285 min 	 loss= 2.382574646563241
epoch= 369 	 time= 2714.6209477265675 min 	 loss= 2.379034029751113
epoch= 370 	 time= 2721.975088640054 min 	 loss= 2.3944952819202885
epoch= 371 	 time= 2729.332557940483 min 	 loss= 2.38654653088613
epoch= 372 	 time= 2736.689546096325 min 	 loss= 2.3823764657251765
epoch= 373 	 time= 2744.0477153102556 min 	 loss= 2.4054437481273303
epoch= 374 	 time= 2751.4023004730543 min 	 loss= 2.3729582167032994
epoch= 375 	 time= 2758.7575382987657 min 	 loss= 2.4072567988345117
epoch= 376 	 time= 2766.115292374293 min 	 loss= 2.509137188864477
