cuda
3300
The slice id is: 5
825
13177026
epoch= 0 	 time= 7.554715418815613 min 	 loss= 4.338370807532108
epoch= 1 	 time= 15.041876157124838 min 	 loss= 4.084868624427102
epoch= 2 	 time= 22.531400966644288 min 	 loss= 4.0583736763578475
epoch= 3 	 time= 30.020233579476674 min 	 loss= 4.03796085617759
epoch= 4 	 time= 37.516335972150166 min 	 loss= 4.013860733725808
epoch= 5 	 time= 45.01141411860784 min 	 loss= 4.00912427295338
epoch= 6 	 time= 52.51133746703466 min 	 loss= 3.9800070013421953
epoch= 7 	 time= 60.0047260204951 min 	 loss= 3.9737415183674205
epoch= 8 	 time= 67.4969820578893 min 	 loss= 3.950932543638981
epoch= 9 	 time= 74.9894701997439 min 	 loss= 3.931536736632838
epoch= 10 	 time= 82.47560387452444 min 	 loss= 3.931261660185727
epoch= 11 	 time= 89.96917924880981 min 	 loss= 3.909575867400025
epoch= 12 	 time= 97.46400720675787 min 	 loss= 3.8544199328350297
epoch= 13 	 time= 104.96076117753982 min 	 loss= 3.8456560286608608
epoch= 14 	 time= 112.45785020589828 min 	 loss= 3.848544069853696
epoch= 15 	 time= 119.95023297866186 min 	 loss= 3.8179541756528796
epoch= 16 	 time= 127.43745231628418 min 	 loss= 3.7654289387211657
epoch= 17 	 time= 134.92996103366215 min 	 loss= 3.8104133663755473
epoch= 18 	 time= 142.4242128054301 min 	 loss= 3.741719233122739
epoch= 19 	 time= 149.9206318616867 min 	 loss= 3.7221221501538246
epoch= 20 	 time= 157.41589791377385 min 	 loss= 3.7277507779814982
epoch= 21 	 time= 164.9076925079028 min 	 loss= 3.6679298572468033
epoch= 22 	 time= 172.4049073855082 min 	 loss= 3.6648526378472646
epoch= 23 	 time= 179.90551815032958 min 	 loss= 3.6508782547170466
epoch= 24 	 time= 187.40681786139805 min 	 loss= 3.676177736340147
epoch= 25 	 time= 194.90542149543762 min 	 loss= 3.6658533189152225
epoch= 26 	 time= 202.4013644138972 min 	 loss= 3.6000681392351788
epoch= 27 	 time= 209.89872742493947 min 	 loss= 3.5642004555644413
epoch= 28 	 time= 215.64098287820815 min 	 loss= 3.5350004001819726
epoch= 29 	 time= 219.5262256026268 min 	 loss= 3.5685412165612886
epoch= 30 	 time= 223.4139635046323 min 	 loss= 3.7449932770295575
epoch= 31 	 time= 227.32206081151963 min 	 loss= 3.5977354782639126
epoch= 32 	 time= 231.21485149463018 min 	 loss= 3.5041297458157397
epoch= 33 	 time= 235.11587189833324 min 	 loss= 3.4721973275777067
epoch= 34 	 time= 239.01452884276708 min 	 loss= 3.446624564582651
epoch= 35 	 time= 242.91721094051996 min 	 loss= 3.460385748798197
epoch= 36 	 time= 246.8156374971072 min 	 loss= 3.4510029911272455
epoch= 37 	 time= 250.71782957315446 min 	 loss= 3.4134648394584657
epoch= 38 	 time= 254.6260135769844 min 	 loss= 3.4504171271035164
epoch= 39 	 time= 258.52770352363586 min 	 loss= 3.463646305329872
epoch= 40 	 time= 262.42464461326597 min 	 loss= 3.507122435280771
epoch= 41 	 time= 266.32315212488174 min 	 loss= 3.464618556102117
epoch= 42 	 time= 270.22191200653714 min 	 loss= 3.3546766474752716
epoch= 43 	 time= 274.11976741552354 min 	 loss= 3.39100354032083
epoch= 44 	 time= 278.0222164471944 min 	 loss= 3.6520371107621625
epoch= 45 	 time= 281.923409473896 min 	 loss= 3.3864095148895728
epoch= 46 	 time= 285.82060421705245 min 	 loss= 3.3384486851908943
epoch= 47 	 time= 289.728335861365 min 	 loss= 3.3193173943143903
epoch= 48 	 time= 295.8905856649081 min 	 loss= 3.5952692066539416
epoch= 49 	 time= 303.4115661144257 min 	 loss= 3.669159790674845
epoch= 50 	 time= 310.9924855709076 min 	 loss= 3.3862327129551857
epoch= 51 	 time= 318.5720083753268 min 	 loss= 3.3269402779232373
epoch= 52 	 time= 326.15281219879785 min 	 loss= 3.30057251124671
epoch= 53 	 time= 333.7294260700544 min 	 loss= 3.291658609238538
epoch= 54 	 time= 341.30755329529444 min 	 loss= 3.32917103229147
epoch= 55 	 time= 348.8846018711726 min 	 loss= 3.312603248935757
epoch= 56 	 time= 356.4574230114619 min 	 loss= 3.2835538642695457
epoch= 57 	 time= 364.0321389436722 min 	 loss= 3.326194176565517
epoch= 58 	 time= 371.61302355925244 min 	 loss= 3.28165260831515
epoch= 59 	 time= 379.18389831384025 min 	 loss= 3.5703187541528183
epoch= 60 	 time= 386.75716749429705 min 	 loss= 3.3268663639372047
epoch= 61 	 time= 394.3351808985074 min 	 loss= 3.263208828767141
epoch= 62 	 time= 401.9095737695694 min 	 loss= 3.2296102374611477
epoch= 63 	 time= 409.4836256623268 min 	 loss= 3.2207777646454896
epoch= 64 	 time= 417.04813505411147 min 	 loss= 3.23262676152316
epoch= 65 	 time= 424.6051778872808 min 	 loss= 3.3238112446394834
epoch= 66 	 time= 432.16928252379097 min 	 loss= 3.2197987168485467
epoch= 67 	 time= 439.72926254669824 min 	 loss= 3.2138527688474365
epoch= 68 	 time= 447.3076637506485 min 	 loss= 3.2499728910128276
epoch= 69 	 time= 454.8770970145861 min 	 loss= 3.2050216761141113
epoch= 70 	 time= 462.4511128902435 min 	 loss= 3.2260492797692617
epoch= 71 	 time= 470.025244363149 min 	 loss= 3.1854538277423745
epoch= 72 	 time= 477.6033511122068 min 	 loss= 3.2694990279819027
epoch= 73 	 time= 485.1824317455292 min 	 loss= 3.176780748475682
epoch= 74 	 time= 492.7573981245359 min 	 loss= 3.183143358880823
epoch= 75 	 time= 500.3276256004969 min 	 loss= 3.168177104176897
epoch= 76 	 time= 507.89957782030103 min 	 loss= 3.252432193141995
epoch= 77 	 time= 515.472178820769 min 	 loss= 3.2040942604975267
epoch= 78 	 time= 523.048472416401 min 	 loss= 3.141961273280057
epoch= 79 	 time= 530.6127556761106 min 	 loss= 3.140131215579582
epoch= 80 	 time= 538.1696452538173 min 	 loss= 3.2055405257687424
epoch= 81 	 time= 545.720711561044 min 	 loss= 3.5142001860430745
epoch= 82 	 time= 553.2246801018715 min 	 loss= 3.200998503150362
epoch= 83 	 time= 560.719685490926 min 	 loss= 3.146275423151074
epoch= 84 	 time= 568.2413005034128 min 	 loss= 3.122585265564196
epoch= 85 	 time= 575.7638973474502 min 	 loss= 3.1153411735187877
epoch= 86 	 time= 583.3082912524541 min 	 loss= 3.117934108466813
epoch= 87 	 time= 590.823347556591 min 	 loss= 3.130093826344519
epoch= 88 	 time= 598.2867206295331 min 	 loss= 3.1336549415371633
epoch= 89 	 time= 605.7695000727971 min 	 loss= 3.119665199915568
epoch= 90 	 time= 613.2741258382797 min 	 loss= 3.130052229364713
epoch= 91 	 time= 620.7775119741758 min 	 loss= 3.1032961894526627
epoch= 92 	 time= 628.2753514726957 min 	 loss= 3.127300742900733
epoch= 93 	 time= 635.7679744680722 min 	 loss= 3.1578435119715604
epoch= 94 	 time= 643.2694451888402 min 	 loss= 3.1209579579577302
epoch= 95 	 time= 650.7725924650828 min 	 loss= 3.0855417708194617
epoch= 96 	 time= 658.2821528315544 min 	 loss= 3.0725082380843887
epoch= 97 	 time= 665.7540128389994 min 	 loss= 3.3970535921327993
epoch= 98 	 time= 673.2607164899508 min 	 loss= 3.378965234106237
epoch= 99 	 time= 680.7156747023265 min 	 loss= 3.1479534961238054
epoch= 100 	 time= 688.1901536464691 min 	 loss= 3.093142586115635
epoch= 101 	 time= 695.6800193587939 min 	 loss= 3.068934276754206
epoch= 102 	 time= 703.1678462584813 min 	 loss= 3.062192368399013
epoch= 103 	 time= 710.6681420127551 min 	 loss= 3.0670743920225085
epoch= 104 	 time= 718.1596320827801 min 	 loss= 3.0692542226748034
epoch= 105 	 time= 725.6576435565948 min 	 loss= 3.097831874291102
epoch= 106 	 time= 733.1488557736079 min 	 loss= 3.0758837128408025
epoch= 107 	 time= 740.6450498859087 min 	 loss= 3.07652247885863
epoch= 108 	 time= 748.1250440319379 min 	 loss= 3.109155072172483
epoch= 109 	 time= 755.6176016092301 min 	 loss= 3.0587850002086525
epoch= 110 	 time= 763.0986292243003 min 	 loss= 3.1349861920602393
epoch= 111 	 time= 770.5849095503489 min 	 loss= 3.0685828186707065
epoch= 112 	 time= 778.0774631818135 min 	 loss= 3.047094091140863
epoch= 113 	 time= 785.5670782089234 min 	 loss= 3.066759363232237
epoch= 114 	 time= 793.0596576253573 min 	 loss= 3.0935609075156125
epoch= 115 	 time= 800.5482514739036 min 	 loss= 3.03069292288838
epoch= 116 	 time= 808.0424387256304 min 	 loss= 3.028843851974516
epoch= 117 	 time= 815.5320331692695 min 	 loss= 3.0255994110396416
epoch= 118 	 time= 823.0158936540286 min 	 loss= 3.0442990097493836
epoch= 119 	 time= 830.50941208601 min 	 loss= 3.1112306877699765
epoch= 120 	 time= 837.9894476890564 min 	 loss= 3.163249787525697
epoch= 121 	 time= 845.4848495602607 min 	 loss= 3.0557004129525387
epoch= 122 	 time= 852.9704464157422 min 	 loss= 3.0682259367993385
epoch= 123 	 time= 860.4673077106476 min 	 loss= 3.066325333443555
epoch= 124 	 time= 867.9576082269351 min 	 loss= 3.010532039963838
epoch= 125 	 time= 875.4574878851573 min 	 loss= 3.0135127156431025
epoch= 126 	 time= 882.9507299542427 min 	 loss= 3.0114852051662675
epoch= 127 	 time= 890.4490941842397 min 	 loss= 3.036290175300656
epoch= 128 	 time= 897.9443742434183 min 	 loss= 3.124509813713305
epoch= 129 	 time= 905.4300284266471 min 	 loss= 3.0445436173858065
epoch= 130 	 time= 912.9521673440934 min 	 loss= 2.9983189605221603
epoch= 131 	 time= 920.4365200877189 min 	 loss= 3.0243245356010666
epoch= 132 	 time= 927.9448691328366 min 	 loss= 3.0826526962627065
epoch= 133 	 time= 935.4491640130678 min 	 loss= 3.0755437141837496
epoch= 134 	 time= 942.9549961209298 min 	 loss= 3.0271823398994675
epoch= 135 	 time= 950.4546013355255 min 	 loss= 2.991006092067921
epoch= 136 	 time= 957.9590997576713 min 	 loss= 2.9940927399469146
epoch= 137 	 time= 965.4709576129914 min 	 loss= 2.9968721015164346
epoch= 138 	 time= 972.9782536268234 min 	 loss= 3.080143838073268
epoch= 139 	 time= 980.46978768905 min 	 loss= 3.464218242963155
epoch= 140 	 time= 988.0014307538669 min 	 loss= 3.167877530220783
epoch= 141 	 time= 995.4925108393033 min 	 loss= 3.031790396914338
epoch= 142 	 time= 1003.0229897181193 min 	 loss= 3.005294727014773
epoch= 143 	 time= 1010.5020131667455 min 	 loss= 2.9913629909356434
epoch= 144 	 time= 1018.0336540699005 min 	 loss= 2.979800358432712
epoch= 145 	 time= 1025.5175154089927 min 	 loss= 2.999922187870199
epoch= 146 	 time= 1033.049802017212 min 	 loss= 2.9893804065386456
epoch= 147 	 time= 1040.553883600235 min 	 loss= 2.988014573761911
epoch= 148 	 time= 1048.0648664196333 min 	 loss= 3.5898114430904386
epoch= 149 	 time= 1055.5888420144718 min 	 loss= 3.2423995558059575
epoch= 150 	 time= 1063.1049035549163 min 	 loss= 3.10879747578592
epoch= 151 	 time= 1070.6296731352807 min 	 loss= 3.0234244765657365
epoch= 152 	 time= 1078.1336949388185 min 	 loss= 2.99477738459905
epoch= 153 	 time= 1085.6513760844866 min 	 loss= 2.9793509846383874
epoch= 154 	 time= 1093.1380133112273 min 	 loss= 2.9648648586417687
epoch= 155 	 time= 1100.6498684922853 min 	 loss= 2.977080038352446
epoch= 156 	 time= 1108.153565033277 min 	 loss= 2.9897658813722208
epoch= 157 	 time= 1115.6776828090349 min 	 loss= 2.9610959922544886
epoch= 158 	 time= 1123.1964007139206 min 	 loss= 2.9402098776354935
epoch= 159 	 time= 1130.7072199900945 min 	 loss= 2.9374522137641907
epoch= 160 	 time= 1138.2292008241018 min 	 loss= 2.9325840523206828
epoch= 161 	 time= 1145.7485175649324 min 	 loss= 2.9355288050752697
epoch= 162 	 time= 1153.2659830093385 min 	 loss= 2.933157793536331
epoch= 163 	 time= 1160.7705622871717 min 	 loss= 2.923215424400387
epoch= 164 	 time= 1168.2843522191047 min 	 loss= 2.9198515097661453
epoch= 165 	 time= 1175.796236260732 min 	 loss= 2.922736174735156
epoch= 166 	 time= 1183.3132106900216 min 	 loss= 2.9161781151366957
epoch= 167 	 time= 1190.831960173448 min 	 loss= 2.913743385148771
epoch= 168 	 time= 1198.3344464699428 min 	 loss= 2.915913332194993
epoch= 169 	 time= 1205.8470770835877 min 	 loss= 2.906987249833165
epoch= 170 	 time= 1213.3548692107202 min 	 loss= 2.900593820304582
epoch= 171 	 time= 1220.8667525410651 min 	 loss= 2.9074497226874034
epoch= 172 	 time= 1228.3630878527958 min 	 loss= 2.898224767681324
epoch= 173 	 time= 1235.8738331755003 min 	 loss= 2.8958597179253895
epoch= 174 	 time= 1243.3761868834495 min 	 loss= 2.89816039083582
epoch= 175 	 time= 1250.8834406455358 min 	 loss= 2.968723039049091
epoch= 176 	 time= 1258.3801185886066 min 	 loss= 2.9155986013737594
epoch= 177 	 time= 1265.8771433432896 min 	 loss= 2.8909101740157968
epoch= 178 	 time= 1273.3764957110086 min 	 loss= 2.885718720248251
epoch= 179 	 time= 1280.8794722517332 min 	 loss= 2.882149687517773
epoch= 180 	 time= 1288.385088868936 min 	 loss= 2.8820940627835014
epoch= 181 	 time= 1295.8817092140516 min 	 loss= 2.87993425524596
epoch= 182 	 time= 1303.382009669145 min 	 loss= 2.8792112491528195
epoch= 183 	 time= 1310.8809235215188 min 	 loss= 2.894039149970719
epoch= 184 	 time= 1318.4033774971963 min 	 loss= 2.8753100219278624
epoch= 185 	 time= 1325.9002204497656 min 	 loss= 2.872742991682255
epoch= 186 	 time= 1333.424680463473 min 	 loss= 2.879067408117381
epoch= 187 	 time= 1340.9408215681713 min 	 loss= 2.8818713666272884
epoch= 188 	 time= 1348.453586701552 min 	 loss= 2.868746684031053
epoch= 189 	 time= 1355.9708193500837 min 	 loss= 2.8671559982408175
epoch= 190 	 time= 1363.4699914256732 min 	 loss= 2.8657973940986574
epoch= 191 	 time= 1370.995456659794 min 	 loss= 2.861830049680941
epoch= 192 	 time= 1378.4794795592627 min 	 loss= 2.866521511023695
epoch= 193 	 time= 1386.0190090735753 min 	 loss= 2.86331979617928
epoch= 194 	 time= 1393.5036992788314 min 	 loss= 2.9019001105518054
epoch= 195 	 time= 1401.0404714425406 min 	 loss= 2.863978528416518
epoch= 196 	 time= 1408.5474869529405 min 	 loss= 2.8604879557363914
epoch= 197 	 time= 1416.0704790552456 min 	 loss= 2.8545516379313036
epoch= 198 	 time= 1423.5787745634714 min 	 loss= 2.852259307088274
epoch= 199 	 time= 1431.086707174778 min 	 loss= 2.8554660839384254
epoch= 200 	 time= 1438.5923129280409 min 	 loss= 2.854180863915068
epoch= 201 	 time= 1446.088386853536 min 	 loss= 2.8548026937607562
epoch= 202 	 time= 1453.639999349912 min 	 loss= 2.874273464318478
epoch= 203 	 time= 1461.1252074321112 min 	 loss= 2.8444496125885936
epoch= 204 	 time= 1468.6667670607567 min 	 loss= 2.8388373534065305
epoch= 205 	 time= 1476.1695155858993 min 	 loss= 2.840618996385372
epoch= 206 	 time= 1483.707809829712 min 	 loss= 2.852054897077156
epoch= 207 	 time= 1491.2363558650018 min 	 loss= 2.8497475613608505
epoch= 208 	 time= 1498.7595815459888 min 	 loss= 2.845663922663891
epoch= 209 	 time= 1506.298710624377 min 	 loss= 2.8454927064975104
epoch= 210 	 time= 1513.797310547034 min 	 loss= 2.8368107968207563
epoch= 211 	 time= 1521.3502361257872 min 	 loss= 2.8587714778293263
epoch= 212 	 time= 1528.8289661049844 min 	 loss= 2.846788082213113
epoch= 213 	 time= 1536.368522421519 min 	 loss= 2.8378800534660167
epoch= 214 	 time= 1543.7907215515772 min 	 loss= 2.832874612157995
epoch= 215 	 time= 1551.286498049895 min 	 loss= 2.8275514158877457
epoch= 216 	 time= 1558.7771379351616 min 	 loss= 2.8368491158702156
epoch= 217 	 time= 1566.275707022349 min 	 loss= 2.8287189589847217
epoch= 218 	 time= 1573.7914277354876 min 	 loss= 2.8315511387225354
epoch= 219 	 time= 1581.3010376652082 min 	 loss= 2.8302669300093797
epoch= 220 	 time= 1588.8167169809342 min 	 loss= 2.8471223827744976
epoch= 221 	 time= 1596.3278902451198 min 	 loss= 2.8313497891209343
epoch= 222 	 time= 1603.833348298073 min 	 loss= 2.8230777938799423
epoch= 223 	 time= 1611.341846080621 min 	 loss= 2.819700705445174
epoch= 224 	 time= 1618.8338205774626 min 	 loss= 2.8230960034601615
epoch= 225 	 time= 1626.344866613547 min 	 loss= 2.84353425098188
epoch= 226 	 time= 1633.8398270408313 min 	 loss= 2.819594028700482
epoch= 227 	 time= 1641.336135383447 min 	 loss= 2.8134569505308615
epoch= 228 	 time= 1648.8261898358662 min 	 loss= 2.817747769482208
epoch= 229 	 time= 1656.3397304932275 min 	 loss= 2.8257690952221552
epoch= 230 	 time= 1663.840183353424 min 	 loss= 2.8284520084930187
epoch= 231 	 time= 1671.3524953444798 min 	 loss= 2.816437369296045
epoch= 232 	 time= 1678.8643804232279 min 	 loss= 2.9166146631313095
epoch= 233 	 time= 1686.3611053347588 min 	 loss= 2.8691195276108656
epoch= 234 	 time= 1693.8930568933488 min 	 loss= 2.8555300107327373
epoch= 235 	 time= 1701.4052780866623 min 	 loss= 2.818588064656113
epoch= 236 	 time= 1708.9461312850317 min 	 loss= 2.8073055326035528
epoch= 237 	 time= 1716.4420069297155 min 	 loss= 2.8082172491333703
epoch= 238 	 time= 1723.9816313584645 min 	 loss= 2.80851766481544
epoch= 239 	 time= 1731.4953561941782 min 	 loss= 2.8000890661730913
epoch= 240 	 time= 1739.040512474378 min 	 loss= 2.8102810790863906
epoch= 241 	 time= 1746.5529038985571 min 	 loss= 2.807224034215465
epoch= 242 	 time= 1754.0957689881325 min 	 loss= 2.804235401839921
epoch= 243 	 time= 1761.617490275701 min 	 loss= 2.805608131072738
epoch= 244 	 time= 1769.167077143987 min 	 loss= 2.8026486920046083
epoch= 245 	 time= 1776.7524612983068 min 	 loss= 2.800853878909891
epoch= 246 	 time= 1784.2868623574575 min 	 loss= 2.8073144742756178
epoch= 247 	 time= 1791.8118026932082 min 	 loss= 2.80010781288147
epoch= 248 	 time= 1799.363361064593 min 	 loss= 2.8150866141644393
epoch= 249 	 time= 1806.892571246624 min 	 loss= 2.8119666098825857
epoch= 250 	 time= 1814.4148160338402 min 	 loss= 2.7918875461816786
epoch= 251 	 time= 1821.9469392816225 min 	 loss= 2.788692438223145
epoch= 252 	 time= 1829.4676131844521 min 	 loss= 2.7878992893117847
epoch= 253 	 time= 1837.001202992598 min 	 loss= 2.800312101895159
epoch= 254 	 time= 1844.5133902510008 min 	 loss= 2.7923437126296937
epoch= 255 	 time= 1852.045011607806 min 	 loss= 2.7978422545302997
epoch= 256 	 time= 1859.557087937991 min 	 loss= 2.800746603048209
epoch= 257 	 time= 1867.0862144867579 min 	 loss= 2.7950245956579844
epoch= 258 	 time= 1874.594331332048 min 	 loss= 2.779832337390293
epoch= 259 	 time= 1882.1339734752974 min 	 loss= 2.795328832088095
epoch= 260 	 time= 1889.6302902619043 min 	 loss= 2.7945003274354066
epoch= 261 	 time= 1897.159329533577 min 	 loss= 2.791161025672248
epoch= 262 	 time= 1904.6824626088141 min 	 loss= 2.824807265581507
epoch= 263 	 time= 1912.21042244037 min 	 loss= 2.7796688969026913
epoch= 264 	 time= 1919.7303563634555 min 	 loss= 2.7920968820651373
epoch= 265 	 time= 1927.2530589461326 min 	 loss= 2.779906735185421
epoch= 266 	 time= 1934.7744304100672 min 	 loss= 2.7857256814024667
epoch= 267 	 time= 1942.30792803367 min 	 loss= 2.782294725288044
epoch= 268 	 time= 1949.8182753562928 min 	 loss= 2.786305598598538
epoch= 269 	 time= 1957.3457734187443 min 	 loss= 2.7816719233809097
epoch= 270 	 time= 1964.8489371498426 min 	 loss= 2.784885928937883
epoch= 271 	 time= 1972.369783214728 min 	 loss= 2.7755069172382356
epoch= 272 	 time= 1979.8755694031715 min 	 loss= 2.7737216904849715
epoch= 273 	 time= 1987.3954329649607 min 	 loss= 2.772092750018293
epoch= 274 	 time= 1994.9081199010213 min 	 loss= 2.8074159119526545
epoch= 275 	 time= 2002.4218817035357 min 	 loss= 2.771531359932639
epoch= 276 	 time= 2009.9326239705085 min 	 loss= 2.76609914133043
epoch= 277 	 time= 2017.4370650370915 min 	 loss= 2.785783044352676
epoch= 278 	 time= 2024.9444707115492 min 	 loss= 2.7808998716058153
epoch= 279 	 time= 2032.4480232954024 min 	 loss= 2.7670335750868826
epoch= 280 	 time= 2039.9579713185628 min 	 loss= 2.779121934012933
epoch= 281 	 time= 2047.4625058690706 min 	 loss= 2.7670339344487047
epoch= 282 	 time= 2054.9881876508393 min 	 loss= 2.7864603559176127
epoch= 283 	 time= 2062.492299485207 min 	 loss= 2.8044597377018494
epoch= 284 	 time= 2070.0203649163245 min 	 loss= 2.76608516125968
epoch= 285 	 time= 2077.551012357076 min 	 loss= 2.7570360055836765
epoch= 286 	 time= 2085.0781792084376 min 	 loss= 2.7563315658858327
epoch= 287 	 time= 2092.6117741823196 min 	 loss= 2.7686132414593843
epoch= 288 	 time= 2100.12985928456 min 	 loss= 2.8028137347373097
epoch= 289 	 time= 2107.6659481843312 min 	 loss= 2.764173185771162
epoch= 290 	 time= 2115.1759833931924 min 	 loss= 2.7645460905992625
epoch= 291 	 time= 2122.6905877073605 min 	 loss= 2.7806593002333786
epoch= 292 	 time= 2130.2042848904925 min 	 loss= 2.757365961905682
epoch= 293 	 time= 2137.7269844730695 min 	 loss= 2.8551635093761214
epoch= 294 	 time= 2145.237233698368 min 	 loss= 2.7996285393563185
epoch= 295 	 time= 2152.761713532607 min 	 loss= 2.7647795726674977
epoch= 296 	 time= 2160.290117208163 min 	 loss= 2.7519200819008276
epoch= 297 	 time= 2167.814680914084 min 	 loss= 2.7481102960940564
epoch= 298 	 time= 2175.336300611496 min 	 loss= 2.7530296058727033
epoch= 299 	 time= 2182.8531153798103 min 	 loss= 2.755181951522827
epoch= 300 	 time= 2190.365042614937 min 	 loss= 2.734630922928001
epoch= 301 	 time= 2197.866064778964 min 	 loss= 2.7266449410265143
epoch= 302 	 time= 2205.411930569013 min 	 loss= 2.7249993453242563
epoch= 303 	 time= 2212.9255644838017 min 	 loss= 2.721951470068007
epoch= 304 	 time= 2220.48867619435 min 	 loss= 2.722858054475351
epoch= 305 	 time= 2228.009446191788 min 	 loss= 2.7198379416718628
epoch= 306 	 time= 2235.5753765940667 min 	 loss= 2.7166662537690365
epoch= 307 	 time= 2243.1433555285134 min 	 loss= 2.7163952977007084
epoch= 308 	 time= 2250.716974012057 min 	 loss= 2.712823691512599
epoch= 309 	 time= 2258.2920453826587 min 	 loss= 2.714465011195703
epoch= 310 	 time= 2265.8659287214277 min 	 loss= 2.7185444873932636
epoch= 311 	 time= 2273.432415072123 min 	 loss= 2.7097115297931613
epoch= 312 	 time= 2280.994164085388 min 	 loss= 2.7090720837585853
epoch= 313 	 time= 2288.556995479266 min 	 loss= 2.707004647634246
epoch= 314 	 time= 2296.1236352403957 min 	 loss= 2.7073650880112794
epoch= 315 	 time= 2303.681807756424 min 	 loss= 2.7070926972952756
epoch= 316 	 time= 2311.2331713279086 min 	 loss= 2.711425875913013
epoch= 317 	 time= 2318.799857723713 min 	 loss= 2.707714534943754
epoch= 318 	 time= 2326.3714923620223 min 	 loss= 2.704014672980164
epoch= 319 	 time= 2333.9365102609 min 	 loss= 2.700336257959857
epoch= 320 	 time= 2341.4987424453097 min 	 loss= 2.701545302344091
epoch= 321 	 time= 2349.064780473709 min 	 loss= 2.7173092210834677
epoch= 322 	 time= 2356.6291124939917 min 	 loss= 2.712825711116646
epoch= 323 	 time= 2364.1956204454104 min 	 loss= 2.6970975576025067
epoch= 324 	 time= 2371.7543994545936 min 	 loss= 2.697966070391915
epoch= 325 	 time= 2379.3068868875503 min 	 loss= 2.695716214613481
epoch= 326 	 time= 2386.856710322698 min 	 loss= 2.691804249973008
epoch= 327 	 time= 2394.4070107062657 min 	 loss= 2.701024316278371
epoch= 328 	 time= 2401.954544409116 min 	 loss= 2.6930006435242566
epoch= 329 	 time= 2409.5058362523714 min 	 loss= 2.694824889970548
epoch= 330 	 time= 2417.06316280365 min 	 loss= 2.698483299522689
epoch= 331 	 time= 2424.6227912743884 min 	 loss= 2.694179418339874
epoch= 332 	 time= 2432.177953660488 min 	 loss= 2.692553328889789
epoch= 333 	 time= 2439.7316546877223 min 	 loss= 2.6945186779535177
epoch= 334 	 time= 2447.2880480209988 min 	 loss= 2.697622654510267
epoch= 335 	 time= 2454.850856077671 min 	 loss= 2.689308436820001
epoch= 336 	 time= 2462.407175807158 min 	 loss= 2.6876397679430064
epoch= 337 	 time= 2469.956062920888 min 	 loss= 2.6876224839506726
epoch= 338 	 time= 2477.511350107193 min 	 loss= 2.6901170326904817
epoch= 339 	 time= 2485.0732559839885 min 	 loss= 2.700077471371853
epoch= 340 	 time= 2492.6347769021986 min 	 loss= 2.6816911533745853
epoch= 341 	 time= 2500.190591688951 min 	 loss= 2.6812650070226556
epoch= 342 	 time= 2507.753171308835 min 	 loss= 2.6797593548984238
epoch= 343 	 time= 2515.3180169145267 min 	 loss= 2.6954606427207137
epoch= 344 	 time= 2522.8757246136665 min 	 loss= 2.680589565002557
epoch= 345 	 time= 2530.4177596052486 min 	 loss= 2.679734814311519
epoch= 346 	 time= 2537.9751426617304 min 	 loss= 2.681395915782813
epoch= 347 	 time= 2545.5207786838214 min 	 loss= 2.681617714076331
epoch= 348 	 time= 2553.0680165807407 min 	 loss= 2.678477655613061
epoch= 349 	 time= 2560.622293317318 min 	 loss= 2.6776829588052
epoch= 350 	 time= 2568.1643875757854 min 	 loss= 2.678689175175898
epoch= 351 	 time= 2575.7124451001487 min 	 loss= 2.6841062646020544
epoch= 352 	 time= 2583.2732160806654 min 	 loss= 2.6811638373859
epoch= 353 	 time= 2590.816141827901 min 	 loss= 2.681601127079039
epoch= 354 	 time= 2598.3673107941945 min 	 loss= 2.669379383325577
epoch= 355 	 time= 2605.9065626303354 min 	 loss= 2.670079380382191
epoch= 356 	 time= 2613.4558067997295 min 	 loss= 2.6747993450995646
epoch= 357 	 time= 2621.0084006706875 min 	 loss= 2.677128489559347
epoch= 358 	 time= 2628.55913921992 min 	 loss= 2.668123245474064
epoch= 359 	 time= 2636.1112580657004 min 	 loss= 2.6717868810530865
epoch= 360 	 time= 2643.6613992333414 min 	 loss= 2.6770064374894806
epoch= 361 	 time= 2651.2029000322023 min 	 loss= 2.668813656008605
epoch= 362 	 time= 2658.740892712275 min 	 loss= 2.6726379970709484
epoch= 363 	 time= 2666.28331387043 min 	 loss= 2.6671453564636636
epoch= 364 	 time= 2673.823569730918 min 	 loss= 2.6759449248061036
epoch= 365 	 time= 2681.3619228720663 min 	 loss= 2.6657327689185286
epoch= 366 	 time= 2688.899862706661 min 	 loss= 2.667100912314473
epoch= 367 	 time= 2696.426336987813 min 	 loss= 2.6701087283907516
epoch= 368 	 time= 2703.9513011733693 min 	 loss= 2.6666850326819853
epoch= 369 	 time= 2711.4769515474636 min 	 loss= 2.6696500820824594
epoch= 370 	 time= 2719.001035563151 min 	 loss= 2.668638081080986
epoch= 371 	 time= 2726.5271938840547 min 	 loss= 2.6698908814697555
epoch= 372 	 time= 2734.056285083294 min 	 loss= 2.665528571099946
epoch= 373 	 time= 2741.5869101961453 min 	 loss= 2.6610234934994668
epoch= 374 	 time= 2749.1124744296076 min 	 loss= 2.661632709485112
epoch= 375 	 time= 2756.6439089934033 min 	 loss= 2.659798610318791
epoch= 376 	 time= 2764.1710757573446 min 	 loss= 2.6588811132040893
epoch= 377 	 time= 2771.694906139374 min 	 loss= 2.668021119923303
epoch= 378 	 time= 2779.220770092805 min 	 loss= 2.676536994702888
epoch= 379 	 time= 2786.756710243225 min 	 loss= 2.6618477021925377
epoch= 380 	 time= 2794.2864789207774 min 	 loss= 2.6574511837417427
epoch= 381 	 time= 2801.8173578977585 min 	 loss= 2.659823401371638
epoch= 382 	 time= 2809.3552780270575 min 	 loss= 2.658623320803498
epoch= 383 	 time= 2816.8905139247577 min 	 loss= 2.652641320716251
epoch= 384 	 time= 2824.4293846209844 min 	 loss= 2.654982988545389
epoch= 385 	 time= 2831.9907889723777 min 	 loss= 2.6533937508590295
epoch= 386 	 time= 2839.556531226635 min 	 loss= 2.667009197672208
epoch= 387 	 time= 2847.1109350363413 min 	 loss= 2.691044250798948
epoch= 388 	 time= 2854.676422158877 min 	 loss= 2.6550592023495474
epoch= 389 	 time= 2862.2577994982403 min 	 loss= 2.6476449465571026
epoch= 390 	 time= 2869.83897074461 min 	 loss= 2.648932953765898
epoch= 391 	 time= 2877.409938641389 min 	 loss= 2.6490313958760465
epoch= 392 	 time= 2884.982766032219 min 	 loss= 2.6534144854003734
epoch= 393 	 time= 2892.555395257473 min 	 loss= 2.649685533588583
epoch= 394 	 time= 2900.1205154418944 min 	 loss= 2.649618751117677
epoch= 395 	 time= 2907.6928918600083 min 	 loss= 2.6554320297096714
epoch= 396 	 time= 2915.262567305565 min 	 loss= 2.652002562699896
epoch= 397 	 time= 2922.834732226531 min 	 loss= 2.654071727828546
epoch= 398 	 time= 2930.4160712679227 min 	 loss= 2.646980247876861
epoch= 399 	 time= 2937.9961213072143 min 	 loss= 2.646366947058475
epoch= 400 	 time= 2945.5681901574135 min 	 loss= 2.645978664575201
epoch= 401 	 time= 2953.1391506234804 min 	 loss= 2.64112064529549
epoch= 402 	 time= 2960.7120443820954 min 	 loss= 2.647911965377403
epoch= 403 	 time= 2968.284850045045 min 	 loss= 2.657164467392546
epoch= 404 	 time= 2975.85807133913 min 	 loss= 2.6464382939988917
epoch= 405 	 time= 2983.4324979782104 min 	 loss= 2.6427268846829732
epoch= 406 	 time= 2991.013019386927 min 	 loss= 2.656144459175341
epoch= 407 	 time= 2998.5971641659735 min 	 loss= 2.644715272982915
epoch= 408 	 time= 3006.1842468301456 min 	 loss= 2.6402569926326924
epoch= 409 	 time= 3013.756812063853 min 	 loss= 2.650985225366824
epoch= 410 	 time= 3021.3328363418577 min 	 loss= 2.6598445944894444
epoch= 411 	 time= 3028.9024484674137 min 	 loss= 2.640605943708709
epoch= 412 	 time= 3036.487176267306 min 	 loss= 2.6365358777660313
epoch= 413 	 time= 3044.0728753685953 min 	 loss= 2.6367333153161137
epoch= 414 	 time= 3051.6384619990986 min 	 loss= 2.6364786461989085
epoch= 415 	 time= 3059.2009454925856 min 	 loss= 2.635372824416016
epoch= 416 	 time= 3066.7820858478544 min 	 loss= 2.6363294700962125
epoch= 417 	 time= 3074.358983695507 min 	 loss= 2.638725050760038
epoch= 418 	 time= 3081.9408438007035 min 	 loss= 2.6391531716874153
epoch= 419 	 time= 3089.5276577711106 min 	 loss= 2.6344605835278827
epoch= 420 	 time= 3097.1042741219203 min 	 loss= 2.6414112692710123
epoch= 421 	 time= 3104.6852434515954 min 	 loss= 2.632213013659824
epoch= 422 	 time= 3112.271730629603 min 	 loss= 2.633668322256117
epoch= 423 	 time= 3119.836569750309 min 	 loss= 2.6422550992532208
epoch= 424 	 time= 3127.346624362469 min 	 loss= 2.633808375434442
epoch= 425 	 time= 3134.84584501187 min 	 loss= 2.6326865043965255
epoch= 426 	 time= 3142.3467301607134 min 	 loss= 2.6352471635197148
epoch= 427 	 time= 3149.8554644942283 min 	 loss= 2.628125167976726
epoch= 428 	 time= 3157.3638299822805 min 	 loss= 2.630026491862355
epoch= 429 	 time= 3164.877879655361 min 	 loss= 2.6365945599295877
epoch= 430 	 time= 3172.3879523793858 min 	 loss= 2.634439578923312
epoch= 431 	 time= 3179.8916740775107 min 	 loss= 2.626718160184947
epoch= 432 	 time= 3187.401450443268 min 	 loss= 2.6252499106797305
epoch= 433 	 time= 3194.90481287241 min 	 loss= 2.6321820973446877
epoch= 434 	 time= 3202.4123605887094 min 	 loss= 2.6217139185558667
epoch= 435 	 time= 3209.926416258017 min 	 loss= 2.6308486461639404
epoch= 436 	 time= 3217.4351706147195 min 	 loss= 2.624791714007204
epoch= 437 	 time= 3224.944696891308 min 	 loss= 2.6248836095585966
epoch= 438 	 time= 3232.4550865014394 min 	 loss= 2.6236204875418636
epoch= 439 	 time= 3239.967327415943 min 	 loss= 2.625137166940805
epoch= 440 	 time= 3247.473726514975 min 	 loss= 2.6229646719043904
epoch= 441 	 time= 3254.9869355599085 min 	 loss= 2.6253628065369345
epoch= 442 	 time= 3262.498100133737 min 	 loss= 2.6183586977106152
epoch= 443 	 time= 3270.0034787098566 min 	 loss= 2.6183212434523035
epoch= 444 	 time= 3277.509668791294 min 	 loss= 2.622488545486421
epoch= 445 	 time= 3285.014142807325 min 	 loss= 2.6204578852292264
epoch= 446 	 time= 3292.5250161647796 min 	 loss= 2.6291320116592174
epoch= 447 	 time= 3300.0316428542137 min 	 loss= 2.6162944126490393
epoch= 448 	 time= 3307.52187620004 min 	 loss= 2.6188648792830382
epoch= 449 	 time= 3315.025985121727 min 	 loss= 2.622198435375185
epoch= 450 	 time= 3322.5370487451555 min 	 loss= 2.601978218248396
epoch= 451 	 time= 3330.0523687005043 min 	 loss= 2.5970482092373297
epoch= 452 	 time= 3337.561781859398 min 	 loss= 2.5963861566601376
epoch= 453 	 time= 3345.0718878984453 min 	 loss= 2.5963045942241494
epoch= 454 	 time= 3352.586035188039 min 	 loss= 2.591988177877484
epoch= 455 	 time= 3360.0971372008325 min 	 loss= 2.593134167374987
epoch= 456 	 time= 3367.5948168118794 min 	 loss= 2.5930507442445467
epoch= 457 	 time= 3375.088768263658 min 	 loss= 2.5909363677646176
epoch= 458 	 time= 3382.583075241248 min 	 loss= 2.5905210639310607
epoch= 459 	 time= 3390.086106832822 min 	 loss= 2.5961009905916272
epoch= 460 	 time= 3397.5858239531517 min 	 loss= 2.6034442413575722
epoch= 461 	 time= 3405.0802042444548 min 	 loss= 2.5943836066578374
epoch= 462 	 time= 3412.582128616174 min 	 loss= 2.5895682419068886
epoch= 463 	 time= 3420.0823686917624 min 	 loss= 2.588370539546013
epoch= 464 	 time= 3427.5857564290363 min 	 loss= 2.5909225749066382
epoch= 465 	 time= 3435.0889825542768 min 	 loss= 2.589016166528066
epoch= 466 	 time= 3442.5883902231853 min 	 loss= 2.5901971993301856
epoch= 467 	 time= 3450.08920062383 min 	 loss= 2.584561802636493
epoch= 468 	 time= 3457.587461904685 min 	 loss= 2.586762409300515
epoch= 469 	 time= 3465.083014214039 min 	 loss= 2.5891247921640224
epoch= 470 	 time= 3472.5703807234763 min 	 loss= 2.5835987268252807
epoch= 471 	 time= 3480.058478271961 min 	 loss= 2.5822459305597074
epoch= 472 	 time= 3487.5623010198274 min 	 loss= 2.5868689343423554
epoch= 473 	 time= 3495.066582004229 min 	 loss= 2.5810130334622934
epoch= 474 	 time= 3502.563169570764 min 	 loss= 2.579457011981444
epoch= 475 	 time= 3510.062208096186 min 	 loss= 2.583532531116948
epoch= 476 	 time= 3517.5634091655415 min 	 loss= 2.580068801009294
epoch= 477 	 time= 3525.0546116431556 min 	 loss= 2.581072713299231
epoch= 478 	 time= 3532.5573605060576 min 	 loss= 2.5785059448986343
epoch= 479 	 time= 3540.059070912997 min 	 loss= 2.5824641319838437
epoch= 480 	 time= 3547.5584955652553 min 	 loss= 2.5808414378130076
epoch= 481 	 time= 3555.0568290988604 min 	 loss= 2.5774457969810025
epoch= 482 	 time= 3562.5623840292296 min 	 loss= 2.5816673541972133
epoch= 483 	 time= 3570.0687678376835 min 	 loss= 2.5794232734225013
epoch= 484 	 time= 3577.5615447123846 min 	 loss= 2.578847910129663
epoch= 485 	 time= 3585.0512263615924 min 	 loss= 2.5765463409640574
epoch= 486 	 time= 3592.545261402925 min 	 loss= 2.5760584909626933
epoch= 487 	 time= 3600.036743871371 min 	 loss= 2.575122887708924
epoch= 488 	 time= 3607.534766590595 min 	 loss= 2.5780285201289437
epoch= 489 	 time= 3615.0454360047975 min 	 loss= 2.574206769267718
epoch= 490 	 time= 3622.547084871928 min 	 loss= 2.5741755627321474
epoch= 491 	 time= 3630.037324706713 min 	 loss= 2.5725325789957334
epoch= 492 	 time= 3637.5434419790904 min 	 loss= 2.577192337205916
epoch= 493 	 time= 3645.0471868157388 min 	 loss= 2.5702529656706434
epoch= 494 	 time= 3652.5513969341914 min 	 loss= 2.570696647257516
epoch= 495 	 time= 3660.0451556166013 min 	 loss= 2.5730764602169844
epoch= 496 	 time= 3667.5466194113096 min 	 loss= 2.573400185469425
epoch= 497 	 time= 3675.052996222178 min 	 loss= 2.5682146197015587
epoch= 498 	 time= 3682.5552949468297 min 	 loss= 2.5723350672107754
epoch= 499 	 time= 3690.0531705617905 min 	 loss= 2.5693896584077316
epoch= 500 	 time= 3697.5527270992598 min 	 loss= 2.569788798202168
epoch= 501 	 time= 3705.0517978191374 min 	 loss= 2.5683700723720317
epoch= 502 	 time= 3712.5484867374103 min 	 loss= 2.5670012364604258
epoch= 503 	 time= 3720.035886331399 min 	 loss= 2.565384690689318
epoch= 504 	 time= 3727.5194025834403 min 	 loss= 2.564503846403324
epoch= 505 	 time= 3735.010700881481 min 	 loss= 2.5710613070834767
epoch= 506 	 time= 3742.5051756183307 min 	 loss= 2.56557384770928
epoch= 507 	 time= 3750.0027634302774 min 	 loss= 2.570291486870159
epoch= 508 	 time= 3757.494262067477 min 	 loss= 2.5717360696106244
epoch= 509 	 time= 3764.9914276917775 min 	 loss= 2.569855136004361
epoch= 510 	 time= 3772.4889578501384 min 	 loss= 2.5624228565620655
epoch= 511 	 time= 3779.9778035640716 min 	 loss= 2.5645358085632326
epoch= 512 	 time= 3787.48255238533 min 	 loss= 2.565598699775609
epoch= 513 	 time= 3794.983685195446 min 	 loss= 2.562723699753935
epoch= 514 	 time= 3802.4798714280128 min 	 loss= 2.5620701256845937
epoch= 515 	 time= 3809.966743628184 min 	 loss= 2.568096760240468
epoch= 516 	 time= 3817.4587932109835 min 	 loss= 2.5623497001330056
epoch= 517 	 time= 3824.950077712536 min 	 loss= 2.5608404498389272
epoch= 518 	 time= 3832.4534810026485 min 	 loss= 2.558695883136807
epoch= 519 	 time= 3839.9555710633595 min 	 loss= 2.5585300383062073
epoch= 520 	 time= 3847.4512774268787 min 	 loss= 2.561541090101907
epoch= 521 	 time= 3854.950045565764 min 	 loss= 2.559023338809158
epoch= 522 	 time= 3862.4491519053777 min 	 loss= 2.566049002210299
epoch= 523 	 time= 3869.944530200958 min 	 loss= 2.627022881074385
epoch= 524 	 time= 3877.4332800666493 min 	 loss= 2.5721603205890364
epoch= 525 	 time= 3884.9351402203242 min 	 loss= 2.5608098884604193
epoch= 526 	 time= 3892.4231837153434 min 	 loss= 2.5596361165155064
epoch= 527 	 time= 3899.916978597641 min 	 loss= 2.554942325967731
epoch= 528 	 time= 3907.4128850579264 min 	 loss= 2.5582403313391135
epoch= 529 	 time= 3914.9080337047576 min 	 loss= 2.55827873441306
epoch= 530 	 time= 3922.4003819743793 min 	 loss= 2.556771320465839
epoch= 531 	 time= 3929.899591799577 min 	 loss= 2.5594795856873196
epoch= 532 	 time= 3937.4012714147566 min 	 loss= 2.5537731691562766
epoch= 533 	 time= 3944.899809197585 min 	 loss= 2.555831216158289
epoch= 534 	 time= 3952.3956992427507 min 	 loss= 2.5533816686904793
epoch= 535 	 time= 3959.896145153046 min 	 loss= 2.5538257245403346
epoch= 536 	 time= 3967.386086654663 min 	 loss= 2.5559177511388604
epoch= 537 	 time= 3974.8787613630293 min 	 loss= 2.555860039501479
epoch= 538 	 time= 3982.3724688808124 min 	 loss= 2.5555597616686967
epoch= 539 	 time= 3989.8574455022813 min 	 loss= 2.552486404595953
epoch= 540 	 time= 3997.350550266107 min 	 loss= 2.551719526359529
epoch= 541 	 time= 4004.8382546067237 min 	 loss= 2.552347219243194
epoch= 542 	 time= 4012.3267432490984 min 	 loss= 2.551929766373201
epoch= 543 	 time= 4019.8224488695464 min 	 loss= 2.552318151322278
epoch= 544 	 time= 4027.3174519817035 min 	 loss= 2.5526921542124317
epoch= 545 	 time= 4034.8040986378987 min 	 loss= 2.548343919533672
epoch= 546 	 time= 4042.296225440502 min 	 loss= 2.568630723519759
epoch= 547 	 time= 4049.7841293096544 min 	 loss= 2.5524867300914997
epoch= 548 	 time= 4057.2851463596025 min 	 loss= 2.5509026658715626
epoch= 549 	 time= 4064.7803732633593 min 	 loss= 2.5524974890911216
epoch= 550 	 time= 4072.2797513365745 min 	 loss= 2.5482921401659646
epoch= 551 	 time= 4079.764190165202 min 	 loss= 2.550287066517454
epoch= 552 	 time= 4087.265278995037 min 	 loss= 2.550447615746296
epoch= 553 	 time= 4094.75794604222 min 	 loss= 2.5469967613256337
epoch= 554 	 time= 4102.259213415781 min 	 loss= 2.543166700908632
epoch= 555 	 time= 4109.752636671066 min 	 loss= 2.5592582246751494
epoch= 556 	 time= 4117.251419671376 min 	 loss= 2.5457042719197998
epoch= 557 	 time= 4124.752175629139 min 	 loss= 2.5469673948757574
epoch= 558 	 time= 4132.259589735667 min 	 loss= 2.5478906426104633
epoch= 559 	 time= 4139.762818117936 min 	 loss= 2.5429488523981787
epoch= 560 	 time= 4147.255190213521 min 	 loss= 2.545161972822565
epoch= 561 	 time= 4154.753954585393 min 	 loss= 2.543068754402074
epoch= 562 	 time= 4162.248884359996 min 	 loss= 2.5461726886756493
epoch= 563 	 time= 4169.74508960247 min 	 loss= 2.540884401220264
epoch= 564 	 time= 4177.24233849446 min 	 loss= 2.547247880191514
epoch= 565 	 time= 4184.7357044180235 min 	 loss= 2.5513857313358423
epoch= 566 	 time= 4192.234157625834 min 	 loss= 2.5411474244161085
epoch= 567 	 time= 4199.724962381521 min 	 loss= 2.54221122219707
epoch= 568 	 time= 4207.2275205254555 min 	 loss= 2.5410218533060767
epoch= 569 	 time= 4214.722606440385 min 	 loss= 2.5425032553528295
epoch= 570 	 time= 4222.203949729602 min 	 loss= 2.541267961534587
epoch= 571 	 time= 4229.691736018658 min 	 loss= 2.543996049454718
epoch= 572 	 time= 4237.179316560428 min 	 loss= 2.5372909354982953
epoch= 573 	 time= 4244.659302345912 min 	 loss= 2.540296319506385
epoch= 574 	 time= 4252.1469587802885 min 	 loss= 2.5406819237001015
epoch= 575 	 time= 4259.639252177874 min 	 loss= 2.5378464622208567
epoch= 576 	 time= 4267.124512358507 min 	 loss= 2.537233024474346
epoch= 577 	 time= 4274.609520884355 min 	 loss= 2.5402053874550443
epoch= 578 	 time= 4282.094435679913 min 	 loss= 2.535893511844404
epoch= 579 	 time= 4289.57356442213 min 	 loss= 2.5380359454046597
epoch= 580 	 time= 4297.06087017854 min 	 loss= 2.5343164873665027
epoch= 581 	 time= 4304.5527522365255 min 	 loss= 2.531496555407842
epoch= 582 	 time= 4312.04859486421 min 	 loss= 2.5440075474977495
epoch= 583 	 time= 4319.5305486361185 min 	 loss= 2.540809873523134
epoch= 584 	 time= 4327.008169110616 min 	 loss= 2.535643791321552
epoch= 585 	 time= 4334.4848493297895 min 	 loss= 2.5316335631681213
epoch= 586 	 time= 4341.964271624883 min 	 loss= 2.5324560876326125
epoch= 587 	 time= 4349.440858141581 min 	 loss= 2.530273773363142
epoch= 588 	 time= 4356.919197269281 min 	 loss= 2.5322240830912737
epoch= 589 	 time= 4364.403260882696 min 	 loss= 2.5339066346305787
epoch= 590 	 time= 4371.904475887616 min 	 loss= 2.530663812286926
epoch= 591 	 time= 4379.408951604366 min 	 loss= 2.5309619878458256
epoch= 592 	 time= 4386.913773059845 min 	 loss= 2.5264798107652955
epoch= 593 	 time= 4394.408479817708 min 	 loss= 2.531009246273474
epoch= 594 	 time= 4401.914783902963 min 	 loss= 2.532389605514931
epoch= 595 	 time= 4409.414657680193 min 	 loss= 2.5299535696073012
epoch= 596 	 time= 4416.917739168803 min 	 loss= 2.5392964122150885
epoch= 597 	 time= 4424.418584998449 min 	 loss= 2.5440067254955117
epoch= 598 	 time= 4431.922087005774 min 	 loss= 2.537211636070049
epoch= 599 	 time= 4439.4274267911915 min 	 loss= 2.5821610418233005
epoch= 600 	 time= 4446.923218516508 min 	 loss= 2.5430223483930936
epoch= 601 	 time= 4454.428793819746 min 	 loss= 2.5324683502587404
epoch= 602 	 time= 4461.928484567006 min 	 loss= 2.529759431354927
epoch= 603 	 time= 4469.432847698529 min 	 loss= 2.5278067171754257
epoch= 604 	 time= 4476.940237692992 min 	 loss= 2.5219704213286893
epoch= 605 	 time= 4484.430398241679 min 	 loss= 2.5224708128878564
epoch= 606 	 time= 4491.933558877309 min 	 loss= 2.519184358318647
epoch= 607 	 time= 4499.426894458135 min 	 loss= 2.516713189500751
epoch= 608 	 time= 4506.9302845716475 min 	 loss= 2.5167404916611584
epoch= 609 	 time= 4514.434294303258 min 	 loss= 2.516037539279822
epoch= 610 	 time= 4521.939637561639 min 	 loss= 2.518497753215559
epoch= 611 	 time= 4529.433507521947 min 	 loss= 2.515178434090181
epoch= 612 	 time= 4536.919167153041 min 	 loss= 2.5156638206677004
epoch= 613 	 time= 4544.423680452505 min 	 loss= 2.514994095003966
epoch= 614 	 time= 4551.920953245958 min 	 loss= 2.5150208826317932
epoch= 615 	 time= 4559.425419867039 min 	 loss= 2.510844320293629
epoch= 616 	 time= 4566.926340985298 min 	 loss= 2.5112168730027746
epoch= 617 	 time= 4574.422427884738 min 	 loss= 2.5137778972134446
epoch= 618 	 time= 4581.922080067793 min 	 loss= 2.5099221005584256
epoch= 619 	 time= 4589.419313891729 min 	 loss= 2.5171410381252115
epoch= 620 	 time= 4596.9286917805675 min 	 loss= 2.5124603632724645
epoch= 621 	 time= 4604.427829905351 min 	 loss= 2.5119124647523416
epoch= 622 	 time= 4611.931263760725 min 	 loss= 2.509051385612199
epoch= 623 	 time= 4619.432315921784 min 	 loss= 2.5084612557924153
epoch= 624 	 time= 4626.938687960307 min 	 loss= 2.509427097457828
epoch= 625 	 time= 4634.440910764535 min 	 loss= 2.508186844515078
epoch= 626 	 time= 4641.941748615106 min 	 loss= 2.509291383714387
epoch= 627 	 time= 4649.430459606648 min 	 loss= 2.5095370571902302
epoch= 628 	 time= 4656.934769928455 min 	 loss= 2.5085720607728668
epoch= 629 	 time= 4664.436278053125 min 	 loss= 2.5108749531977104
epoch= 630 	 time= 4671.945607276758 min 	 loss= 2.5100203355695263
epoch= 631 	 time= 4679.4398834029835 min 	 loss= 2.507807985887383
epoch= 632 	 time= 4686.945098340511 min 	 loss= 2.5048057796557743
epoch= 633 	 time= 4694.451596836249 min 	 loss= 2.504846867738348
epoch= 634 	 time= 4701.952224163214 min 	 loss= 2.504441581964493
epoch= 635 	 time= 4709.443730334441 min 	 loss= 2.5039608121098893
epoch= 636 	 time= 4716.940237812201 min 	 loss= 2.5041976102373815
epoch= 637 	 time= 4724.441130638123 min 	 loss= 2.5080279048825753
epoch= 638 	 time= 4731.926476756732 min 	 loss= 2.5126336280143624
epoch= 639 	 time= 4739.415932909647 min 	 loss= 2.5052593939954586
epoch= 640 	 time= 4746.892210431894 min 	 loss= 2.5044802154013603
epoch= 641 	 time= 4754.381666310628 min 	 loss= 2.504012236811898
epoch= 642 	 time= 4761.864691154162 min 	 loss= 2.505132671702992
epoch= 643 	 time= 4769.354096202055 min 	 loss= 2.5022242547165265
epoch= 644 	 time= 4776.85570397377 min 	 loss= 2.502718991619168
epoch= 645 	 time= 4784.3626148223875 min 	 loss= 2.5033199805382527
epoch= 646 	 time= 4791.862384359042 min 	 loss= 2.506047882509954
epoch= 647 	 time= 4799.37411561807 min 	 loss= 2.501427900411866
epoch= 648 	 time= 4806.88214225769 min 	 loss= 2.501041742779992
epoch= 649 	 time= 4814.37872598966 min 	 loss= 2.5024065508083866
epoch= 650 	 time= 4821.880725149314 min 	 loss= 2.5015879717378904
epoch= 651 	 time= 4829.387908522288 min 	 loss= 2.50125502149264
epoch= 652 	 time= 4836.88726290067 min 	 loss= 2.4979535127769816
epoch= 653 	 time= 4844.386701110999 min 	 loss= 2.499578384522236
epoch= 654 	 time= 4851.882422077656 min 	 loss= 2.5005504471966713
epoch= 655 	 time= 4859.382580777009 min 	 loss= 2.5016544740127795
epoch= 656 	 time= 4866.8909735321995 min 	 loss= 2.5024411458318885
epoch= 657 	 time= 4874.396046145757 min 	 loss= 2.4990391366951394
epoch= 658 	 time= 4881.902827640374 min 	 loss= 2.499341063571699
epoch= 659 	 time= 4889.412619670232 min 	 loss= 2.498499446944757
epoch= 660 	 time= 4896.915541871389 min 	 loss= 2.4973077569585858
epoch= 661 	 time= 4904.422812036673 min 	 loss= 2.500052946553086
epoch= 662 	 time= 4911.925488789876 min 	 loss= 2.4987157186233637
epoch= 663 	 time= 4919.4273389776545 min 	 loss= 2.4977406801599447
epoch= 664 	 time= 4926.930599757035 min 	 loss= 2.495417872071266
epoch= 665 	 time= 4934.426740078131 min 	 loss= 2.4954335526625315
epoch= 666 	 time= 4941.928620974223 min 	 loss= 2.499529089313565
epoch= 667 	 time= 4949.429095351696 min 	 loss= 2.4988089974540655
epoch= 668 	 time= 4956.928572833538 min 	 loss= 2.49682666738828
epoch= 669 	 time= 4964.419530073802 min 	 loss= 2.495364267537088
epoch= 670 	 time= 4971.925145200888 min 	 loss= 2.4947663500814725
epoch= 671 	 time= 4979.430950343609 min 	 loss= 2.4967833960778787
epoch= 672 	 time= 4986.937949677308 min 	 loss= 2.4938640637470013
epoch= 673 	 time= 4994.444435850779 min 	 loss= 2.4923164971488894
epoch= 674 	 time= 5001.9546273827555 min 	 loss= 2.4958476145339734
epoch= 675 	 time= 5009.457711692651 min 	 loss= 2.494599152803421
epoch= 676 	 time= 5016.961498761177 min 	 loss= 2.4933815545927396
epoch= 677 	 time= 5024.461738212904 min 	 loss= 2.4970149326324464
epoch= 678 	 time= 5031.958348294099 min 	 loss= 2.4932802081108094
epoch= 679 	 time= 5039.453676009178 min 	 loss= 2.492735757881945
epoch= 680 	 time= 5046.964388585091 min 	 loss= 2.493846474416328
epoch= 681 	 time= 5054.478211303552 min 	 loss= 2.4945242724454766
epoch= 682 	 time= 5061.978963653247 min 	 loss= 2.4977600158705857
epoch= 683 	 time= 5069.475569319725 min 	 loss= 2.494308623201919
epoch= 684 	 time= 5076.966482301553 min 	 loss= 2.490942698428125
epoch= 685 	 time= 5084.468099800745 min 	 loss= 2.4905028622800653
epoch= 686 	 time= 5091.975473964214 min 	 loss= 2.4880990938164973
epoch= 687 	 time= 5099.479883710544 min 	 loss= 2.492732443376021
epoch= 688 	 time= 5106.977092647552 min 	 loss= 2.4883366362795685
epoch= 689 	 time= 5114.485749987761 min 	 loss= 2.4939908636158163
epoch= 690 	 time= 5121.976848896345 min 	 loss= 2.4886854696635043
epoch= 691 	 time= 5129.475950662295 min 	 loss= 2.4918774621053177
epoch= 692 	 time= 5136.977284999689 min 	 loss= 2.4890949962536495
epoch= 693 	 time= 5144.478227849801 min 	 loss= 2.493569563735615
epoch= 694 	 time= 5151.980249416828 min 	 loss= 2.488396362463633
epoch= 695 	 time= 5159.4808783849085 min 	 loss= 2.48998114797202
epoch= 696 	 time= 5166.972524400552 min 	 loss= 2.491541538690076
epoch= 697 	 time= 5174.475066141287 min 	 loss= 2.4876489666917108
epoch= 698 	 time= 5181.9763597806295 min 	 loss= 2.4882387733278852
epoch= 699 	 time= 5189.471144656341 min 	 loss= 2.4865233650713257
epoch= 700 	 time= 5196.965265281995 min 	 loss= 2.487728155833302
epoch= 701 	 time= 5204.471876955033 min 	 loss= 2.4896158786975975
epoch= 702 	 time= 5211.96914810737 min 	 loss= 2.487752967928395
epoch= 703 	 time= 5219.470561599732 min 	 loss= 2.4869839668815787
epoch= 704 	 time= 5226.9700716614725 min 	 loss= 2.487118791847518
epoch= 705 	 time= 5234.482640274366 min 	 loss= 2.485445386315837
epoch= 706 	 time= 5241.999542995294 min 	 loss= 2.48666564589197
epoch= 707 	 time= 5249.518994128704 min 	 loss= 2.4859591951334115
epoch= 708 	 time= 5257.028356524309 min 	 loss= 2.488149071931839
epoch= 709 	 time= 5264.537437999248 min 	 loss= 2.488953675880577
epoch= 710 	 time= 5272.0399727582935 min 	 loss= 2.4855275423057153
epoch= 711 	 time= 5279.540952825546 min 	 loss= 2.4850072052081424
epoch= 712 	 time= 5287.042300681273 min 	 loss= 2.4831648484865823
epoch= 713 	 time= 5294.542489012082 min 	 loss= 2.487610905567805
epoch= 714 	 time= 5302.045108366013 min 	 loss= 2.4838589410890233
epoch= 715 	 time= 5309.550531657537 min 	 loss= 2.4883113233970873
epoch= 716 	 time= 5317.052040104071 min 	 loss= 2.4842426985141004
epoch= 717 	 time= 5324.554396768411 min 	 loss= 2.485120696425438
epoch= 718 	 time= 5332.057253738244 min 	 loss= 2.484729278539166
epoch= 719 	 time= 5339.55425832669 min 	 loss= 2.4833883795954965
Finish Training
