cuda
3300
The slice id is: 5
825
13177026
epoch= 0 	 time= 7.580846949418386 min 	 loss= 4.314764916391083
epoch= 1 	 time= 15.12479704618454 min 	 loss= 4.062417787783073
epoch= 2 	 time= 22.71195519765218 min 	 loss= 4.016305541992187
epoch= 3 	 time= 30.29250735839208 min 	 loss= 3.9793457665587915
epoch= 4 	 time= 37.869435830911 min 	 loss= 3.9306148717620157
epoch= 5 	 time= 45.4431556224823 min 	 loss= 3.885169617985234
epoch= 6 	 time= 53.02906222740809 min 	 loss= 3.881193641026815
epoch= 7 	 time= 60.59702932039897 min 	 loss= 3.813074979637608
epoch= 8 	 time= 68.170712129275 min 	 loss= 3.747231638576045
epoch= 9 	 time= 75.74983201424281 min 	 loss= 3.7136544971755057
epoch= 10 	 time= 83.32661473353704 min 	 loss= 3.739910209467917
epoch= 11 	 time= 90.89599483807882 min 	 loss= 3.6486267839417312
epoch= 12 	 time= 98.47032864491145 min 	 loss= 3.6097840838721305
epoch= 13 	 time= 106.04725625514985 min 	 loss= 3.63647475567731
epoch= 14 	 time= 113.62593962748845 min 	 loss= 3.5258733983112105
epoch= 15 	 time= 121.19519485632578 min 	 loss= 3.478833047476682
epoch= 16 	 time= 128.75521011352538 min 	 loss= 3.4650045932061744
epoch= 17 	 time= 136.3131566564242 min 	 loss= 3.4449218476541112
epoch= 18 	 time= 143.87706458568573 min 	 loss= 3.4151173024105304
epoch= 19 	 time= 151.44326124986011 min 	 loss= 3.409202918103247
epoch= 20 	 time= 159.02213348150252 min 	 loss= 3.3768637284004326
epoch= 21 	 time= 166.59154732227324 min 	 loss= 3.3345870304107668
epoch= 22 	 time= 174.1665770928065 min 	 loss= 3.3612814685070154
epoch= 23 	 time= 181.74046450853348 min 	 loss= 3.3299900991627664
epoch= 24 	 time= 189.31661564509074 min 	 loss= 3.2720293166781915
epoch= 25 	 time= 196.89902667601902 min 	 loss= 3.269169582417517
epoch= 26 	 time= 204.47252051432926 min 	 loss= 3.2625431989539755
epoch= 27 	 time= 212.042594174544 min 	 loss= 3.2338796583450202
epoch= 28 	 time= 219.615509780248 min 	 loss= 3.2218740489266136
epoch= 29 	 time= 227.18804920911788 min 	 loss= 3.233006269462181
epoch= 30 	 time= 234.758240934213 min 	 loss= 3.20834684827111
epoch= 31 	 time= 242.3239806373914 min 	 loss= 3.2235660873037397
epoch= 32 	 time= 249.83304402828216 min 	 loss= 3.1956677359884433
epoch= 33 	 time= 257.3421368678411 min 	 loss= 3.1709241469339893
epoch= 34 	 time= 264.81246354579923 min 	 loss= 3.1726304731947
epoch= 35 	 time= 272.3132636666298 min 	 loss= 3.1844047112175913
epoch= 36 	 time= 279.83297896385193 min 	 loss= 3.159412250916163
epoch= 37 	 time= 287.3412110765775 min 	 loss= 3.1371264837366164
epoch= 38 	 time= 294.819719851017 min 	 loss= 3.119778513619394
epoch= 39 	 time= 302.3247195800146 min 	 loss= 3.135242090622584
epoch= 40 	 time= 309.805945344766 min 	 loss= 3.1285025665615542
epoch= 41 	 time= 317.2731911619504 min 	 loss= 3.139849889459032
epoch= 42 	 time= 324.7690017104149 min 	 loss= 3.1002652272672364
epoch= 43 	 time= 332.2632958849271 min 	 loss= 3.0887122054172287
epoch= 44 	 time= 339.7523854414622 min 	 loss= 3.139113156831626
epoch= 45 	 time= 347.24460502465564 min 	 loss= 3.1392010315981778
epoch= 46 	 time= 354.7368576526642 min 	 loss= 3.076467315681053
epoch= 47 	 time= 362.2357682903608 min 	 loss= 3.074836175369494
epoch= 48 	 time= 369.7271508614222 min 	 loss= 3.050296421918002
epoch= 49 	 time= 377.20809981028236 min 	 loss= 3.0567341885783454
epoch= 50 	 time= 384.6984910885493 min 	 loss= 3.046607002922983
epoch= 51 	 time= 392.1554357409477 min 	 loss= 3.0545997499335895
epoch= 52 	 time= 399.64059665600456 min 	 loss= 3.039245534557285
epoch= 53 	 time= 407.1350705862045 min 	 loss= 3.026826825521209
epoch= 54 	 time= 414.61796698570254 min 	 loss= 3.0409698045073132
epoch= 55 	 time= 422.1137630780538 min 	 loss= 3.01228350816351
epoch= 56 	 time= 429.5950050354004 min 	 loss= 3.0360007812037613
epoch= 57 	 time= 437.09547251462936 min 	 loss= 3.0360333530108132
epoch= 58 	 time= 444.57275471289955 min 	 loss= 3.007977622675173
epoch= 59 	 time= 452.06254467964175 min 	 loss= 3.046382766275695
epoch= 60 	 time= 459.552304593722 min 	 loss= 2.9861837422486506
epoch= 61 	 time= 467.0404792269071 min 	 loss= 2.9797970152081867
epoch= 62 	 time= 474.53103933334353 min 	 loss= 3.073867721304749
epoch= 63 	 time= 482.0195052623749 min 	 loss= 2.9958437399430706
epoch= 64 	 time= 489.51432712078093 min 	 loss= 2.9710560867100053
epoch= 65 	 time= 497.0024651845296 min 	 loss= 2.97055417230635
epoch= 66 	 time= 504.4910714387894 min 	 loss= 2.9570939901380826
epoch= 67 	 time= 511.9797767718633 min 	 loss= 2.973347985852848
epoch= 68 	 time= 519.463182302316 min 	 loss= 2.9573092466773407
epoch= 69 	 time= 526.9553981701533 min 	 loss= 2.9635475106492186
epoch= 70 	 time= 534.4354261279107 min 	 loss= 2.967026079351252
epoch= 71 	 time= 541.932245695591 min 	 loss= 2.9486811378507904
epoch= 72 	 time= 549.4204640507699 min 	 loss= 2.938847904855555
epoch= 73 	 time= 556.9152281284332 min 	 loss= 2.958135946302703
epoch= 74 	 time= 564.4100845019022 min 	 loss= 2.936473180796161
epoch= 75 	 time= 571.9036219398181 min 	 loss= 2.9262326006817094
epoch= 76 	 time= 579.3981663068136 min 	 loss= 2.928683551875028
epoch= 77 	 time= 586.8870454748471 min 	 loss= 3.1007933674797865
epoch= 78 	 time= 594.3860009034474 min 	 loss= 3.0854662455934467
epoch= 79 	 time= 601.8583727121353 min 	 loss= 2.9524751064632877
epoch= 80 	 time= 609.3645981311798 min 	 loss= 2.918724723223484
epoch= 81 	 time= 616.8462884028753 min 	 loss= 2.9110243114016274
epoch= 82 	 time= 624.3679753740629 min 	 loss= 2.9028845526774725
epoch= 83 	 time= 631.8639577547709 min 	 loss= 2.8997826863418927
epoch= 84 	 time= 639.345452662309 min 	 loss= 2.922533559546326
epoch= 85 	 time= 646.8444176713625 min 	 loss= 2.9497340458450894
epoch= 86 	 time= 654.342066136996 min 	 loss= 2.896290072708419
epoch= 87 	 time= 661.8420990665753 min 	 loss= 2.8818232556364753
epoch= 88 	 time= 669.3383293668429 min 	 loss= 2.88609632416205
epoch= 89 	 time= 676.8327650785446 min 	 loss= 2.9025342454693535
epoch= 90 	 time= 684.3390167355537 min 	 loss= 2.8931902479764187
epoch= 91 	 time= 691.8233024716377 min 	 loss= 2.8831008040543757
epoch= 92 	 time= 699.3581852674484 min 	 loss= 2.8812104418241615
epoch= 93 	 time= 706.8316305756568 min 	 loss= 2.88953858238278
epoch= 94 	 time= 714.3546364386876 min 	 loss= 2.899981413808736
epoch= 95 	 time= 721.8545783559481 min 	 loss= 2.872606805328167
epoch= 96 	 time= 729.3664337833723 min 	 loss= 2.8713587801384204
epoch= 97 	 time= 736.8796575307846 min 	 loss= 2.8664388913638663
epoch= 98 	 time= 744.3943911512692 min 	 loss= 2.8682754309610887
epoch= 99 	 time= 751.9098796884219 min 	 loss= 2.8549788711649
epoch= 100 	 time= 759.410110672315 min 	 loss= 2.8347829942631
epoch= 101 	 time= 766.948140557607 min 	 loss= 2.829593825087403
epoch= 102 	 time= 774.4357728282611 min 	 loss= 2.824763745539116
epoch= 103 	 time= 781.9654954751333 min 	 loss= 2.898704981912266
epoch= 104 	 time= 789.4618986328443 min 	 loss= 2.8667794838096157
epoch= 105 	 time= 796.972096947829 min 	 loss= 2.8236191058881355
epoch= 106 	 time= 804.4787022948265 min 	 loss= 2.808813116785252
epoch= 107 	 time= 811.983967812856 min 	 loss= 2.800634309956522
epoch= 108 	 time= 819.5088119149208 min 	 loss= 2.798834550471017
epoch= 109 	 time= 827.0266292572021 min 	 loss= 2.8091546751874867
epoch= 110 	 time= 834.5350053906441 min 	 loss= 2.815761778463017
epoch= 111 	 time= 842.0382138609887 min 	 loss= 2.8007045115665954
epoch= 112 	 time= 849.5552701592445 min 	 loss= 2.820033588626168
epoch= 113 	 time= 857.0522269447645 min 	 loss= 2.7928732837510832
epoch= 114 	 time= 864.5678254087766 min 	 loss= 2.7856005026174313
epoch= 115 	 time= 872.0823010921479 min 	 loss= 2.7873179067806766
epoch= 116 	 time= 879.5963848471641 min 	 loss= 2.7834584710634114
epoch= 117 	 time= 887.1233342289925 min 	 loss= 2.7844951637766577
epoch= 118 	 time= 894.6441370288532 min 	 loss= 2.781181477922382
epoch= 119 	 time= 902.1562305212021 min 	 loss= 2.7845721384070137
epoch= 120 	 time= 909.6641998887062 min 	 loss= 2.769846431143356
epoch= 121 	 time= 917.167954659462 min 	 loss= 2.806980511618383
epoch= 122 	 time= 924.6584763010343 min 	 loss= 2.7711381087881146
epoch= 123 	 time= 932.1618284622829 min 	 loss= 2.758054143280694
epoch= 124 	 time= 939.6526626427968 min 	 loss= 2.7540760546380825
epoch= 125 	 time= 947.1584509571393 min 	 loss= 2.7646410860798576
epoch= 126 	 time= 954.6251720865567 min 	 loss= 2.7608668584353997
epoch= 127 	 time= 962.1366684675216 min 	 loss= 2.763567320325158
epoch= 128 	 time= 969.6120314478874 min 	 loss= 2.7599652023568297
epoch= 129 	 time= 977.1090302745502 min 	 loss= 2.7515135594209035
epoch= 130 	 time= 984.6024543484052 min 	 loss= 2.750892725171465
epoch= 131 	 time= 992.0919286211332 min 	 loss= 2.7789694476669484
epoch= 132 	 time= 999.5917752226194 min 	 loss= 2.7654158665917135
epoch= 133 	 time= 1007.0790870348612 min 	 loss= 2.745572986078985
epoch= 134 	 time= 1014.5888745188713 min 	 loss= 2.738751117261973
epoch= 135 	 time= 1022.0921527902285 min 	 loss= 2.7372990901542433
epoch= 136 	 time= 1029.605883717537 min 	 loss= 2.7308171447479364
epoch= 137 	 time= 1037.1239647070568 min 	 loss= 2.732487239404158
epoch= 138 	 time= 1044.6293321092924 min 	 loss= 2.745741404710394
epoch= 139 	 time= 1052.1507036050161 min 	 loss= 2.7404610603686534
epoch= 140 	 time= 1059.6421667575837 min 	 loss= 2.7353249674313
epoch= 141 	 time= 1067.1733628789584 min 	 loss= 2.741481129364534
epoch= 142 	 time= 1074.6577014803886 min 	 loss= 2.7999154874953356
epoch= 143 	 time= 1082.1899600466093 min 	 loss= 2.745358989220677
epoch= 144 	 time= 1089.6839304526648 min 	 loss= 2.7223495092897703
epoch= 145 	 time= 1097.2074993689855 min 	 loss= 2.7103762994571166
epoch= 146 	 time= 1104.7198771595954 min 	 loss= 2.7091686861623416
epoch= 147 	 time= 1112.2351397077243 min 	 loss= 2.7277732734607927
epoch= 148 	 time= 1119.763077100118 min 	 loss= 2.7228125480630183
epoch= 149 	 time= 1127.2587098797162 min 	 loss= 2.7102966192093763
epoch= 150 	 time= 1134.7914993604024 min 	 loss= 2.7194337274811486
epoch= 151 	 time= 1142.2736829876899 min 	 loss= 2.812844100648707
epoch= 152 	 time= 1149.7912999073665 min 	 loss= 2.723079877875068
epoch= 153 	 time= 1157.282687731584 min 	 loss= 2.702253126411727
epoch= 154 	 time= 1164.820714954535 min 	 loss= 2.692789703571435
epoch= 155 	 time= 1172.333715101083 min 	 loss= 2.694064226276947
epoch= 156 	 time= 1179.8518194039664 min 	 loss= 2.6968888041286756
epoch= 157 	 time= 1187.381083770593 min 	 loss= 2.7021601496320784
epoch= 158 	 time= 1194.8887683272362 min 	 loss= 2.697158766425017
epoch= 159 	 time= 1202.4371254007021 min 	 loss= 2.697897417003458
epoch= 160 	 time= 1209.9266475558281 min 	 loss= 2.6925341577060293
epoch= 161 	 time= 1217.4908012270928 min 	 loss= 2.7457635830387925
epoch= 162 	 time= 1224.9786101857821 min 	 loss= 2.7151414636590263
epoch= 163 	 time= 1232.5174347082773 min 	 loss= 2.682303325750611
epoch= 164 	 time= 1240.0049091657004 min 	 loss= 2.677947210344401
epoch= 165 	 time= 1247.552718091011 min 	 loss= 2.6773671194278834
epoch= 166 	 time= 1255.162058722973 min 	 loss= 2.7103035828922732
epoch= 167 	 time= 1262.661160425345 min 	 loss= 2.7111527726686364
epoch= 168 	 time= 1270.1575496315957 min 	 loss= 2.758373426993688
epoch= 169 	 time= 1277.6482313513757 min 	 loss= 2.724539837873343
epoch= 170 	 time= 1285.165625902017 min 	 loss= 2.6790159233049913
epoch= 171 	 time= 1292.6455610434214 min 	 loss= 2.6811248158505467
epoch= 172 	 time= 1300.143797826767 min 	 loss= 2.670954869190852
epoch= 173 	 time= 1307.6530661821366 min 	 loss= 2.6674578348073092
epoch= 174 	 time= 1315.1584285696347 min 	 loss= 2.6918334556348396
epoch= 175 	 time= 1322.6695533355078 min 	 loss= 2.6758097530314418
epoch= 176 	 time= 1330.161323638757 min 	 loss= 2.674465764887405
epoch= 177 	 time= 1337.6696432908377 min 	 loss= 2.6782229711070205
epoch= 178 	 time= 1345.1776146531106 min 	 loss= 2.690568674784718
epoch= 179 	 time= 1352.665028735002 min 	 loss= 2.694679025501916
epoch= 180 	 time= 1360.176701827844 min 	 loss= 2.6651513076912274
epoch= 181 	 time= 1367.6563404719034 min 	 loss= 2.659127096371217
epoch= 182 	 time= 1375.183335451285 min 	 loss= 2.665976739688353
epoch= 183 	 time= 1382.6630818724632 min 	 loss= 2.6584874480059653
epoch= 184 	 time= 1390.1984418352445 min 	 loss= 2.6617737929748766
epoch= 185 	 time= 1397.6741680423418 min 	 loss= 2.6588904388203765
epoch= 186 	 time= 1405.2228231509528 min 	 loss= 2.6525275801347963
epoch= 187 	 time= 1412.6971385200818 min 	 loss= 2.661608548778476
epoch= 188 	 time= 1420.2322624166807 min 	 loss= 2.67279634780956
epoch= 189 	 time= 1427.7129662394523 min 	 loss= 2.664395564216556
epoch= 190 	 time= 1435.2396903276444 min 	 loss= 2.6442519492814034
epoch= 191 	 time= 1442.7334378282228 min 	 loss= 2.6441555033127466
epoch= 192 	 time= 1450.2587412675223 min 	 loss= 2.650661841143261
epoch= 193 	 time= 1457.7651283979417 min 	 loss= 2.6521079196532567
epoch= 194 	 time= 1465.2611451069513 min 	 loss= 2.650196478475224
epoch= 195 	 time= 1472.7758169531821 min 	 loss= 2.641463915850177
epoch= 196 	 time= 1480.2541181047757 min 	 loss= 2.6454218012997597
epoch= 197 	 time= 1487.6422536333403 min 	 loss= 2.686711891582518
epoch= 198 	 time= 1495.130258345604 min 	 loss= 2.650250489495017
epoch= 199 	 time= 1502.663858560721 min 	 loss= 2.6630849351846813
epoch= 200 	 time= 1510.1290866216025 min 	 loss= 2.621721338232358
epoch= 201 	 time= 1517.673546520869 min 	 loss= 2.611904243483688
epoch= 202 	 time= 1525.162599535783 min 	 loss= 2.621261284152667
epoch= 203 	 time= 1532.706355659167 min 	 loss= 2.612253682721745
epoch= 204 	 time= 1540.1898901661236 min 	 loss= 2.605007346886577
epoch= 205 	 time= 1547.732502782345 min 	 loss= 2.609650689742782
epoch= 206 	 time= 1555.20228651762 min 	 loss= 2.602618334943598
epoch= 207 	 time= 1562.7392708738646 min 	 loss= 2.6119385357697804
epoch= 208 	 time= 1570.2142885367075 min 	 loss= 2.6006462769797354
epoch= 209 	 time= 1577.7444481452305 min 	 loss= 2.5981723220059365
epoch= 210 	 time= 1585.2186759948731 min 	 loss= 2.5994708374774818
epoch= 211 	 time= 1592.7539452075957 min 	 loss= 2.682890108914086
epoch= 212 	 time= 1600.2321549892426 min 	 loss= 2.6051451347632844
epoch= 213 	 time= 1607.7600729584694 min 	 loss= 2.586137014952573
epoch= 214 	 time= 1615.2480897784233 min 	 loss= 2.581892546036027
epoch= 215 	 time= 1622.7588398218154 min 	 loss= 2.578901934479222
epoch= 216 	 time= 1630.2590173800786 min 	 loss= 2.5852366092349546
epoch= 217 	 time= 1637.7705852190654 min 	 loss= 2.5933925734144267
epoch= 218 	 time= 1645.2955812017124 min 	 loss= 2.5841072196129597
epoch= 219 	 time= 1652.8168048898378 min 	 loss= 2.591630790016868
epoch= 220 	 time= 1660.3219078262648 min 	 loss= 2.5865505202069428
epoch= 221 	 time= 1667.8237650553385 min 	 loss= 2.575623909451745
epoch= 222 	 time= 1675.3420785069466 min 	 loss= 2.5832944143360312
epoch= 223 	 time= 1682.8551611304283 min 	 loss= 2.5754389028476945
epoch= 224 	 time= 1690.369461985429 min 	 loss= 2.5795898420521706
epoch= 225 	 time= 1697.8804613629977 min 	 loss= 2.5751009009462416
epoch= 226 	 time= 1705.395815952619 min 	 loss= 2.572155310529651
epoch= 227 	 time= 1712.8975809693336 min 	 loss= 2.572625344901374
epoch= 228 	 time= 1720.4079511245093 min 	 loss= 2.6011156264218416
epoch= 229 	 time= 1727.8996335903803 min 	 loss= 2.570698981248971
epoch= 230 	 time= 1735.4109116315842 min 	 loss= 2.558710246122245
epoch= 231 	 time= 1742.8998079419137 min 	 loss= 2.556804751464815
epoch= 232 	 time= 1750.4080506126086 min 	 loss= 2.564294644070394
epoch= 233 	 time= 1757.9250374913215 min 	 loss= 2.5730810836228457
epoch= 234 	 time= 1765.4482594927151 min 	 loss= 2.565114896803191
epoch= 235 	 time= 1772.9693746407827 min 	 loss= 2.5630955975705927
epoch= 236 	 time= 1780.4964973330498 min 	 loss= 2.5593528069329983
epoch= 237 	 time= 1788.0307456056278 min 	 loss= 2.5537410979018067
epoch= 238 	 time= 1795.5398011048635 min 	 loss= 2.568273197827917
epoch= 239 	 time= 1803.0773319681487 min 	 loss= 2.5519313205552825
epoch= 240 	 time= 1810.5766635576883 min 	 loss= 2.554366336464882
epoch= 241 	 time= 1818.1077871998152 min 	 loss= 2.5527310737154703
epoch= 242 	 time= 1825.616718371709 min 	 loss= 2.555208659406864
epoch= 243 	 time= 1833.1311753431955 min 	 loss= 2.5550723287192256
epoch= 244 	 time= 1840.6547588189444 min 	 loss= 2.542743565331806
epoch= 245 	 time= 1848.1653974493345 min 	 loss= 2.5420373925476363
epoch= 246 	 time= 1855.683725365003 min 	 loss= 2.5424300398248616
epoch= 247 	 time= 1863.203162264824 min 	 loss= 2.556016296924967
epoch= 248 	 time= 1870.7207849224408 min 	 loss= 2.541027823126677
epoch= 249 	 time= 1878.2234851559003 min 	 loss= 2.5596663567875373
epoch= 250 	 time= 1885.7414125998814 min 	 loss= 2.5391160599571285
epoch= 251 	 time= 1893.252932536602 min 	 loss= 2.5349410380739155
epoch= 252 	 time= 1900.7654156724611 min 	 loss= 2.5320043684497024
epoch= 253 	 time= 1908.2758232911428 min 	 loss= 2.5303823933998744
epoch= 254 	 time= 1915.8284108599028 min 	 loss= 2.537609310619759
epoch= 255 	 time= 1923.341709593932 min 	 loss= 2.577111941160578
epoch= 256 	 time= 1930.8979413112004 min 	 loss= 2.5481139611294776
epoch= 257 	 time= 1938.420718975862 min 	 loss= 2.5193280188242593
epoch= 258 	 time= 1945.9857250928878 min 	 loss= 2.5178891998890673
epoch= 259 	 time= 1953.5533360441525 min 	 loss= 2.5283619876341388
epoch= 260 	 time= 1961.1268142620722 min 	 loss= 2.526345032959273
epoch= 261 	 time= 1968.703139356772 min 	 loss= 2.51847132581653
epoch= 262 	 time= 1976.274694689115 min 	 loss= 2.521251954111186
epoch= 263 	 time= 1983.8428989171982 min 	 loss= 2.5356378679925746
epoch= 264 	 time= 1991.4013009150824 min 	 loss= 2.533544194030039
epoch= 265 	 time= 1998.9662768006324 min 	 loss= 2.5165998497153774
epoch= 266 	 time= 2006.532366971175 min 	 loss= 2.5152150818254007
epoch= 267 	 time= 2014.0916040261586 min 	 loss= 2.515403579852798
epoch= 268 	 time= 2021.642079949379 min 	 loss= 2.51784144515341
epoch= 269 	 time= 2029.2103086988132 min 	 loss= 2.5193590367382224
epoch= 270 	 time= 2036.7783145387968 min 	 loss= 2.5116709237207067
epoch= 271 	 time= 2044.343883148829 min 	 loss= 2.5168366306839567
epoch= 272 	 time= 2051.907945080598 min 	 loss= 2.513192033550956
epoch= 273 	 time= 2059.47433330218 min 	 loss= 2.506333169828762
epoch= 274 	 time= 2067.0395095785457 min 	 loss= 2.515145745674769
epoch= 275 	 time= 2074.6013454198837 min 	 loss= 2.5209238317879765
epoch= 276 	 time= 2082.161997981866 min 	 loss= 2.499595643498681
epoch= 277 	 time= 2089.71499487559 min 	 loss= 2.5384936983657607
epoch= 278 	 time= 2097.2638889511427 min 	 loss= 2.5291874476815717
epoch= 279 	 time= 2104.8130272308986 min 	 loss= 2.497030151865699
epoch= 280 	 time= 2112.3620098312695 min 	 loss= 2.4897722695090554
epoch= 281 	 time= 2119.912703378995 min 	 loss= 2.488727107589895
epoch= 282 	 time= 2127.471858155727 min 	 loss= 2.49875483482173
epoch= 283 	 time= 2135.0307660977046 min 	 loss= 2.5267262976097338
epoch= 284 	 time= 2142.586494135857 min 	 loss= 2.5028989150126777
epoch= 285 	 time= 2150.1368581453958 min 	 loss= 2.4972751412247165
epoch= 286 	 time= 2157.697277069092 min 	 loss= 2.486806403254018
epoch= 287 	 time= 2165.257955288887 min 	 loss= 2.495655483820222
epoch= 288 	 time= 2172.8111756126086 min 	 loss= 2.4851578626668815
epoch= 289 	 time= 2180.3637069423994 min 	 loss= 2.4912782001856604
epoch= 290 	 time= 2187.9185194571814 min 	 loss= 2.497993503628355
epoch= 291 	 time= 2195.483094060421 min 	 loss= 2.4853790603081385
epoch= 292 	 time= 2203.042909836769 min 	 loss= 2.490326358802391
epoch= 293 	 time= 2210.599531241258 min 	 loss= 2.501044361410719
epoch= 294 	 time= 2218.161874183019 min 	 loss= 2.515234593315558
epoch= 295 	 time= 2225.728192893664 min 	 loss= 2.510032919013139
epoch= 296 	 time= 2233.280018413067 min 	 loss= 2.473387086102457
epoch= 297 	 time= 2240.823593898614 min 	 loss= 2.46551204829505
epoch= 298 	 time= 2248.380941224098 min 	 loss= 2.469008237827908
epoch= 299 	 time= 2255.927941040198 min 	 loss= 2.4715916064652528
epoch= 300 	 time= 2263.4750459273655 min 	 loss= 2.468171069748474
epoch= 301 	 time= 2271.0287529746693 min 	 loss= 2.4553452935724547
epoch= 302 	 time= 2278.57021586895 min 	 loss= 2.4541409626693436
epoch= 303 	 time= 2286.1207759777703 min 	 loss= 2.4549433948054458
epoch= 304 	 time= 2293.681528913975 min 	 loss= 2.447265727411617
epoch= 305 	 time= 2301.220959099134 min 	 loss= 2.4519354408618175
epoch= 306 	 time= 2308.7745200037957 min 	 loss= 2.4404596968311254
epoch= 307 	 time= 2316.3098808169366 min 	 loss= 2.4455617967518894
epoch= 308 	 time= 2323.8620614568395 min 	 loss= 2.4476279453797773
epoch= 309 	 time= 2331.4093376517294 min 	 loss= 2.4410019180268954
epoch= 310 	 time= 2338.9562524199487 min 	 loss= 2.4417956588123784
epoch= 311 	 time= 2346.506603046258 min 	 loss= 2.4403931478839933
epoch= 312 	 time= 2354.0594798048337 min 	 loss= 2.4265900440649553
epoch= 313 	 time= 2361.5970501701036 min 	 loss= 2.4284771476550535
epoch= 314 	 time= 2369.1353957772253 min 	 loss= 2.4327888573299754
epoch= 315 	 time= 2376.6790643533072 min 	 loss= 2.4349324908581647
epoch= 316 	 time= 2384.219267300765 min 	 loss= 2.426620210029862
epoch= 317 	 time= 2391.7589035391807 min 	 loss= 2.4241024432760296
epoch= 318 	 time= 2399.2912275513013 min 	 loss= 2.42179432478818
epoch= 319 	 time= 2406.8176075140636 min 	 loss= 2.422753994464874
epoch= 320 	 time= 2414.342480858167 min 	 loss= 2.4193085973732398
epoch= 321 	 time= 2421.868227159977 min 	 loss= 2.4178736648053833
epoch= 322 	 time= 2429.3923400799436 min 	 loss= 2.414782126563968
epoch= 323 	 time= 2436.9212457418444 min 	 loss= 2.42883976502852
epoch= 324 	 time= 2444.450001867612 min 	 loss= 2.4168371991316477
epoch= 325 	 time= 2451.979712641239 min 	 loss= 2.411289666873036
epoch= 326 	 time= 2459.504362416267 min 	 loss= 2.411138537977681
epoch= 327 	 time= 2467.0360526045165 min 	 loss= 2.407858952157425
epoch= 328 	 time= 2474.5643681844076 min 	 loss= 2.420266354553627
epoch= 329 	 time= 2482.0857719421388 min 	 loss= 2.4148127888368838
epoch= 330 	 time= 2489.614731661479 min 	 loss= 2.425415420712847
epoch= 331 	 time= 2497.147946802775 min 	 loss= 2.415291371201024
epoch= 332 	 time= 2504.6798012216886 min 	 loss= 2.4117914156480267
epoch= 333 	 time= 2512.211538608869 min 	 loss= 2.392480990886688
epoch= 334 	 time= 2519.749486299356 min 	 loss= 2.39359637762561
epoch= 335 	 time= 2527.285214920839 min 	 loss= 2.3952635099490482
epoch= 336 	 time= 2534.8214466174445 min 	 loss= 2.3986242627736294
epoch= 337 	 time= 2542.380555856228 min 	 loss= 2.396616606170481
epoch= 338 	 time= 2549.9472973545394 min 	 loss= 2.3913989131378406
epoch= 339 	 time= 2557.5009378910063 min 	 loss= 2.3986451786034033
epoch= 340 	 time= 2565.0706871628763 min 	 loss= 2.401766323013739
epoch= 341 	 time= 2572.650777188937 min 	 loss= 2.3856025472554294
epoch= 342 	 time= 2580.231634656588 min 	 loss= 2.410231723008734
epoch= 343 	 time= 2587.80313697656 min 	 loss= 2.385970816774802
epoch= 344 	 time= 2595.375478474299 min 	 loss= 2.386049046389984
epoch= 345 	 time= 2602.9472865780194 min 	 loss= 2.39928525148016
epoch= 346 	 time= 2610.5150140563646 min 	 loss= 2.4048425963069455
epoch= 347 	 time= 2618.079411093394 min 	 loss= 2.374280854301019
epoch= 348 	 time= 2625.65486005942 min 	 loss= 2.3758218055421656
epoch= 349 	 time= 2633.2287592848143 min 	 loss= 2.373435274272254
epoch= 350 	 time= 2640.810542547703 min 	 loss= 2.3777221416343344
epoch= 351 	 time= 2648.3883266091348 min 	 loss= 2.3819003082947297
epoch= 352 	 time= 2655.9594565232596 min 	 loss= 2.37547559530446
epoch= 353 	 time= 2663.5325514435767 min 	 loss= 2.374078062790813
epoch= 354 	 time= 2671.1019641598064 min 	 loss= 2.3807474406018403
epoch= 355 	 time= 2678.6778858383495 min 	 loss= 2.3690923017082794
epoch= 356 	 time= 2686.249407927195 min 	 loss= 2.401729210308104
epoch= 357 	 time= 2693.825097970168 min 	 loss= 2.3761418117718263
epoch= 358 	 time= 2701.408147744338 min 	 loss= 2.3679489636782445
epoch= 359 	 time= 2708.991626302401 min 	 loss= 2.358270607157187
epoch= 360 	 time= 2716.578444715341 min 	 loss= 2.359630753704996
epoch= 361 	 time= 2724.149827361107 min 	 loss= 2.3661434588468437
epoch= 362 	 time= 2731.7252689242364 min 	 loss= 2.3606075369228017
epoch= 363 	 time= 2739.2950100620587 min 	 loss= 2.368092656316179
epoch= 364 	 time= 2746.882638514042 min 	 loss= 2.357846092256633
epoch= 365 	 time= 2754.464107179642 min 	 loss= 2.3569163260676644
epoch= 366 	 time= 2762.0315858244894 min 	 loss= 2.356939863815452
epoch= 367 	 time= 2769.5957562327385 min 	 loss= 2.3608655116774817
epoch= 368 	 time= 2777.1748074968655 min 	 loss= 2.3717233257221455
epoch= 369 	 time= 2784.750281993548 min 	 loss= 2.3533377861796003
epoch= 370 	 time= 2792.3345124324164 min 	 loss= 2.3459922686851384
epoch= 371 	 time= 2799.921922667821 min 	 loss= 2.367595323631258
epoch= 372 	 time= 2807.498533852895 min 	 loss= 2.3461998281153766
epoch= 373 	 time= 2815.074962242444 min 	 loss= 2.342957782492493
epoch= 374 	 time= 2822.6581306099893 min 	 loss= 2.363137408115647
epoch= 375 	 time= 2830.2055689851445 min 	 loss= 2.3432111496094503
epoch= 376 	 time= 2837.714412542184 min 	 loss= 2.3535394821203117
epoch= 377 	 time= 2845.2159441630047 min 	 loss= 2.345501859170018
epoch= 378 	 time= 2852.7157483736673 min 	 loss= 2.348391336798668
epoch= 379 	 time= 2860.2241237163544 min 	 loss= 2.342695696010734
epoch= 380 	 time= 2867.7358417312303 min 	 loss= 2.3510082949833437
epoch= 381 	 time= 2875.250330432256 min 	 loss= 2.33384353186145
epoch= 382 	 time= 2882.7588008403777 min 	 loss= 2.424529941822543
epoch= 383 	 time= 2890.262534070015 min 	 loss= 2.3832190173864363
epoch= 384 	 time= 2897.771566013495 min 	 loss= 2.33728313832572
epoch= 385 	 time= 2905.274986787637 min 	 loss= 2.323909243814873
epoch= 386 	 time= 2912.784687789281 min 	 loss= 2.3198229841571867
epoch= 387 	 time= 2920.2908625364303 min 	 loss= 2.3698343294497692
epoch= 388 	 time= 2927.789550248782 min 	 loss= 2.3417683934623543
epoch= 389 	 time= 2935.2978490551313 min 	 loss= 2.3264641696214676
epoch= 390 	 time= 2942.808066733678 min 	 loss= 2.3279247959635474
epoch= 391 	 time= 2950.3193690339726 min 	 loss= 2.321719872283213
epoch= 392 	 time= 2957.826884710789 min 	 loss= 2.3343723474849356
epoch= 393 	 time= 2965.3410563429197 min 	 loss= 2.342634753620986
epoch= 394 	 time= 2972.850547071298 min 	 loss= 2.34113847858978
epoch= 395 	 time= 2980.3552836894987 min 	 loss= 2.314473847819097
epoch= 396 	 time= 2987.8592241366705 min 	 loss= 2.32314248641332
epoch= 397 	 time= 2995.365662356218 min 	 loss= 2.3228235939777258
epoch= 398 	 time= 3002.875423113505 min 	 loss= 2.321241042054061
epoch= 399 	 time= 3010.3811604380608 min 	 loss= 2.3180864590225796
epoch= 400 	 time= 3017.869598817825 min 	 loss= 2.3040485762285465
epoch= 401 	 time= 3025.3810524781543 min 	 loss= 2.301576031428395
epoch= 402 	 time= 3032.8916209101676 min 	 loss= 2.3073628320838466
epoch= 403 	 time= 3040.408393828074 min 	 loss= 2.294075810511907
epoch= 404 	 time= 3047.9124573429426 min 	 loss= 2.2882103795896875
epoch= 405 	 time= 3055.4249936938286 min 	 loss= 2.2861619745601307
epoch= 406 	 time= 3062.9312081019084 min 	 loss= 2.2886933210221203
epoch= 407 	 time= 3070.4380407730737 min 	 loss= 2.281917734958909
epoch= 408 	 time= 3077.9343373497327 min 	 loss= 2.2845269059593027
epoch= 409 	 time= 3085.431690812111 min 	 loss= 2.2852635816010562
epoch= 410 	 time= 3092.92443267107 min 	 loss= 2.284695522153016
epoch= 411 	 time= 3100.4279202540715 min 	 loss= 2.2787377509203823
epoch= 412 	 time= 3107.9259159286817 min 	 loss= 2.275920735218308
epoch= 413 	 time= 3115.421015437444 min 	 loss= 2.27800368030866
epoch= 414 	 time= 3122.926107561588 min 	 loss= 2.2789036631042308
epoch= 415 	 time= 3130.4262739698092 min 	 loss= 2.2710839570110495
epoch= 416 	 time= 3137.9303389708202 min 	 loss= 2.271977387359648
epoch= 417 	 time= 3145.4309152881306 min 	 loss= 2.2684884331984954
epoch= 418 	 time= 3152.9215492248536 min 	 loss= 2.277066724806121
epoch= 419 	 time= 3160.4198450962704 min 	 loss= 2.268835121609948
epoch= 420 	 time= 3167.9194534341495 min 	 loss= 2.265601710857767
epoch= 421 	 time= 3175.4146255095798 min 	 loss= 2.264836786515785
epoch= 422 	 time= 3182.902547307809 min 	 loss= 2.2712287296309617
epoch= 423 	 time= 3190.388827343782 min 	 loss= 2.275788038156249
epoch= 424 	 time= 3197.8966806372005 min 	 loss= 2.263215702103846
epoch= 425 	 time= 3205.399608826637 min 	 loss= 2.2578309095086473
epoch= 426 	 time= 3212.8966217597326 min 	 loss= 2.262183136145274
epoch= 427 	 time= 3220.394289680322 min 	 loss= 2.25950689173106
epoch= 428 	 time= 3227.8957800865173 min 	 loss= 2.2766743684898723
epoch= 429 	 time= 3235.3853405872983 min 	 loss= 2.2624659651698487
epoch= 430 	 time= 3242.8917665918666 min 	 loss= 2.2571335885560875
epoch= 431 	 time= 3250.390475900968 min 	 loss= 2.2528280156128333
epoch= 432 	 time= 3257.892909002304 min 	 loss= 2.248702951922561
epoch= 433 	 time= 3265.3893512209256 min 	 loss= 2.2534212492812764
epoch= 434 	 time= 3272.8962389032044 min 	 loss= 2.2559257250301767
epoch= 435 	 time= 3280.400549674034 min 	 loss= 2.260817348144271
epoch= 436 	 time= 3287.891469458739 min 	 loss= 2.2530309679472085
epoch= 437 	 time= 3295.3812939405443 min 	 loss= 2.254234476324284
epoch= 438 	 time= 3302.8787127614023 min 	 loss= 2.2493715357057975
epoch= 439 	 time= 3310.3661307175953 min 	 loss= 2.24722402771314
epoch= 440 	 time= 3317.8659436662992 min 	 loss= 2.2456057605779534
epoch= 441 	 time= 3325.3796477595965 min 	 loss= 2.242578847841783
epoch= 442 	 time= 3332.877291850249 min 	 loss= 2.355360764806921
epoch= 443 	 time= 3340.368840821584 min 	 loss= 2.3317020838730262
epoch= 444 	 time= 3347.8780530611675 min 	 loss= 2.2579803838332495
epoch= 445 	 time= 3355.3790485302607 min 	 loss= 2.2356683918924043
epoch= 446 	 time= 3362.8830750306447 min 	 loss= 2.2299443565354204
epoch= 447 	 time= 3370.376349055767 min 	 loss= 2.234205502885761
epoch= 448 	 time= 3377.8809349219005 min 	 loss= 2.2340823943867827
epoch= 449 	 time= 3385.385938878854 min 	 loss= 2.285150110035232
epoch= 450 	 time= 3392.886103598277 min 	 loss= 2.2384976114287523
epoch= 451 	 time= 3400.383197037379 min 	 loss= 2.2342342255874112
epoch= 452 	 time= 3407.8848911325135 min 	 loss= 2.2305052517219024
epoch= 453 	 time= 3415.383455459277 min 	 loss= 2.232344348791874
epoch= 454 	 time= 3422.8806102792423 min 	 loss= 2.2369430076353476
epoch= 455 	 time= 3430.364456129074 min 	 loss= 2.2322738206928427
epoch= 456 	 time= 3437.848798974355 min 	 loss= 2.2313327995936074
epoch= 457 	 time= 3445.3422891219457 min 	 loss= 2.2294611580624726
epoch= 458 	 time= 3452.8369705518085 min 	 loss= 2.236868167483445
epoch= 459 	 time= 3460.3347091237706 min 	 loss= 2.2277717486294835
epoch= 460 	 time= 3467.8245572606725 min 	 loss= 2.2393055692766652
epoch= 461 	 time= 3475.3226959109306 min 	 loss= 2.2252025734655785
epoch= 462 	 time= 3482.819789469242 min 	 loss= 2.2304519894448194
epoch= 463 	 time= 3490.310327100754 min 	 loss= 2.2265509552124776
epoch= 464 	 time= 3497.817464164893 min 	 loss= 2.22473184780641
epoch= 465 	 time= 3505.315421275298 min 	 loss= 2.23050839250738
epoch= 466 	 time= 3512.8113070885342 min 	 loss= 2.2245426492438174
epoch= 467 	 time= 3520.297138186296 min 	 loss= 2.250180283026262
epoch= 468 	 time= 3527.7896957437197 min 	 loss= 2.2286229358297405
epoch= 469 	 time= 3535.2806988477705 min 	 loss= 2.2195157544721256
epoch= 470 	 time= 3542.788286133607 min 	 loss= 2.2136244931365505
epoch= 471 	 time= 3550.2893798589707 min 	 loss= 2.2277074963757486
epoch= 472 	 time= 3557.781378606955 min 	 loss= 2.2151758764548735
epoch= 473 	 time= 3565.2832999746006 min 	 loss= 2.2167249861449907
epoch= 474 	 time= 3572.780379128456 min 	 loss= 2.21116771123626
epoch= 475 	 time= 3580.2747330824536 min 	 loss= 2.2158218682354147
epoch= 476 	 time= 3587.7636817415555 min 	 loss= 2.243237521413601
epoch= 477 	 time= 3595.264506737391 min 	 loss= 2.2132451701706106
epoch= 478 	 time= 3602.752647825082 min 	 loss= 2.2202420228900333
epoch= 479 	 time= 3610.2506064375243 min 	 loss= 2.214466257673321
epoch= 480 	 time= 3617.7424700260162 min 	 loss= 2.203769420800787
epoch= 481 	 time= 3625.2417677402495 min 	 loss= 2.2045965892979593
epoch= 482 	 time= 3632.729778103034 min 	 loss= 2.221731179519133
epoch= 483 	 time= 3640.232728302479 min 	 loss= 2.2638421816536876
epoch= 484 	 time= 3647.7337072730065 min 	 loss= 2.2185833736621974
epoch= 485 	 time= 3655.2322969555853 min 	 loss= 2.226140985001217
epoch= 486 	 time= 3662.727978380521 min 	 loss= 2.209558776544802
epoch= 487 	 time= 3670.2254331549007 min 	 loss= 2.202212082996513
epoch= 488 	 time= 3677.71707479159 min 	 loss= 2.208914885159695
epoch= 489 	 time= 3685.210630551974 min 	 loss= 2.2044348483555245
epoch= 490 	 time= 3692.7031100789704 min 	 loss= 2.2043014921744666
epoch= 491 	 time= 3700.190064541499 min 	 loss= 2.21035798387094
epoch= 492 	 time= 3707.6796062429744 min 	 loss= 2.2019644166484023
epoch= 493 	 time= 3715.169473572572 min 	 loss= 2.198932054711111
epoch= 494 	 time= 3722.655690606435 min 	 loss= 2.199547298514482
epoch= 495 	 time= 3730.15283254385 min 	 loss= 2.2031926811102664
epoch= 496 	 time= 3737.647742378712 min 	 loss= 2.202077276237083
epoch= 497 	 time= 3745.1336442430816 min 	 loss= 2.2003232394384615
epoch= 498 	 time= 3752.6260202844937 min 	 loss= 2.2160733350298623
epoch= 499 	 time= 3760.1163414041202 min 	 loss= 2.2372912208058615
epoch= 500 	 time= 3767.61533301274 min 	 loss= 2.1838655224171553
epoch= 501 	 time= 3775.1070237874983 min 	 loss= 2.174379866610874
epoch= 502 	 time= 3782.602870043119 min 	 loss= 2.174101419593349
epoch= 503 	 time= 3790.0870847225187 min 	 loss= 2.2021222336003277
epoch= 504 	 time= 3797.5886654814085 min 	 loss= 2.1738661029663953
epoch= 505 	 time= 3805.0797765493394 min 	 loss= 2.1649543432936524
epoch= 506 	 time= 3812.5825395385423 min 	 loss= 2.1701025334632758
epoch= 507 	 time= 3820.0749823292094 min 	 loss= 2.1684121816266666
epoch= 508 	 time= 3827.5731159289676 min 	 loss= 2.16277345086589
epoch= 509 	 time= 3835.078688899676 min 	 loss= 2.1623522449262214
epoch= 510 	 time= 3842.58498942852 min 	 loss= 2.1621292174946176
epoch= 511 	 time= 3850.0861382047337 min 	 loss= 2.1635134799372064
epoch= 512 	 time= 3857.577440035343 min 	 loss= 2.15945427506259
epoch= 513 	 time= 3865.075341375669 min 	 loss= 2.163168471473636
epoch= 514 	 time= 3872.572748525937 min 	 loss= 2.1652642555670303
epoch= 515 	 time= 3880.0674681544306 min 	 loss= 2.157590392954422
epoch= 516 	 time= 3887.564761106173 min 	 loss= 2.1578964405168186
epoch= 517 	 time= 3895.057045785586 min 	 loss= 2.1581201029907575
epoch= 518 	 time= 3902.557203420003 min 	 loss= 2.1625953076283135
epoch= 519 	 time= 3910.0488869388896 min 	 loss= 2.1585149946537885
epoch= 520 	 time= 3917.552700825532 min 	 loss= 2.155618990966768
epoch= 521 	 time= 3925.0456398129463 min 	 loss= 2.1527946400823015
epoch= 522 	 time= 3932.5247548937796 min 	 loss= 2.1557397772687854
epoch= 523 	 time= 3940.012835856279 min 	 loss= 2.154859866590211
epoch= 524 	 time= 3947.5016105612117 min 	 loss= 2.150659002354651
epoch= 525 	 time= 3954.9816414316497 min 	 loss= 2.1536135602719857
epoch= 526 	 time= 3962.4713879982633 min 	 loss= 2.1533106924006433
epoch= 527 	 time= 3969.959908982118 min 	 loss= 2.1453062145818365
epoch= 528 	 time= 3977.447797016303 min 	 loss= 2.145677979805253
epoch= 529 	 time= 3984.9297402501106 min 	 loss= 2.149540339058096
epoch= 530 	 time= 3992.4137822588286 min 	 loss= 2.1500098220507304
epoch= 531 	 time= 3999.89461766084 min 	 loss= 2.143548534837636
epoch= 532 	 time= 4007.3815608024597 min 	 loss= 2.147156274571563
epoch= 533 	 time= 4014.8734037160875 min 	 loss= 2.1443450837966167
epoch= 534 	 time= 4022.361892044544 min 	 loss= 2.1428038449179043
epoch= 535 	 time= 4029.8400761524836 min 	 loss= 2.1465681424646665
epoch= 536 	 time= 4037.3191042780877 min 	 loss= 2.1495446635376325
epoch= 537 	 time= 4044.7949278831484 min 	 loss= 2.1416594518675947
epoch= 538 	 time= 4052.2744734327 min 	 loss= 2.1364113392793773
epoch= 539 	 time= 4059.7515377084414 min 	 loss= 2.13898474241748
epoch= 540 	 time= 4067.22920691967 min 	 loss= 2.140699007529201
epoch= 541 	 time= 4074.7176686406137 min 	 loss= 2.1368387685761308
epoch= 542 	 time= 4082.2191325624785 min 	 loss= 2.1370199756188826
epoch= 543 	 time= 4089.724549738566 min 	 loss= 2.142685881564111
epoch= 544 	 time= 4097.228873813152 min 	 loss= 2.140235406684153
epoch= 545 	 time= 4104.72232798338 min 	 loss= 2.1356993835261373
epoch= 546 	 time= 4112.229398385683 min 	 loss= 2.133368308562221
epoch= 547 	 time= 4119.729259379705 min 	 loss= 2.137290597883138
epoch= 548 	 time= 4127.230890746911 min 	 loss= 2.1448259873101208
epoch= 549 	 time= 4134.73437991937 min 	 loss= 2.140130993633559
epoch= 550 	 time= 4142.237104221185 min 	 loss= 2.129531091451645
epoch= 551 	 time= 4149.739800333977 min 	 loss= 2.127966725320527
epoch= 552 	 time= 4157.239649045468 min 	 loss= 2.1290762624234865
epoch= 553 	 time= 4164.74423639377 min 	 loss= 2.134536504366181
epoch= 554 	 time= 4172.241689256827 min 	 loss= 2.131538114150365
epoch= 555 	 time= 4179.747633624077 min 	 loss= 2.1342325896205323
epoch= 556 	 time= 4187.254423113664 min 	 loss= 2.1310153057177863
epoch= 557 	 time= 4194.742030628522 min 	 loss= 2.12752953350544
epoch= 558 	 time= 4202.2491640965145 min 	 loss= 2.1247070291367445
epoch= 559 	 time= 4209.7403217434885 min 	 loss= 2.1437910836212564
epoch= 560 	 time= 4217.244960888227 min 	 loss= 2.126841349005699
epoch= 561 	 time= 4224.751370938619 min 	 loss= 2.1257174598990063
epoch= 562 	 time= 4232.256525131067 min 	 loss= 2.121949333891724
epoch= 563 	 time= 4239.74454738299 min 	 loss= 2.1228939201253834
epoch= 564 	 time= 4247.2347468852995 min 	 loss= 2.120260878711036
epoch= 565 	 time= 4254.738326096534 min 	 loss= 2.1209067221843836
epoch= 566 	 time= 4262.234533210595 min 	 loss= 2.118478066867048
epoch= 567 	 time= 4269.742563895385 min 	 loss= 2.1284279084205626
epoch= 568 	 time= 4277.240478678545 min 	 loss= 2.1252799826860427
epoch= 569 	 time= 4284.738707073529 min 	 loss= 2.121483929157257
epoch= 570 	 time= 4292.234267791112 min 	 loss= 2.11709853385434
epoch= 571 	 time= 4299.736662495136 min 	 loss= 2.125262545383338
epoch= 572 	 time= 4307.245198949178 min 	 loss= 2.1216997616760658
epoch= 573 	 time= 4314.743050603071 min 	 loss= 2.1207236590168694
epoch= 574 	 time= 4322.246611555417 min 	 loss= 2.113294654795618
epoch= 575 	 time= 4329.748138423761 min 	 loss= 2.114028075229038
epoch= 576 	 time= 4337.253765443961 min 	 loss= 2.1156943680120235
epoch= 577 	 time= 4344.753665971756 min 	 loss= 2.119943131912838
epoch= 578 	 time= 4352.254639132818 min 	 loss= 2.113035690332904
epoch= 579 	 time= 4359.7365734616915 min 	 loss= 2.1161726343992986
epoch= 580 	 time= 4367.2407704273855 min 	 loss= 2.111815377239025
epoch= 581 	 time= 4374.740727273623 min 	 loss= 2.1243363401022823
epoch= 582 	 time= 4382.252589309215 min 	 loss= 2.157310129223448
epoch= 583 	 time= 4389.746189097564 min 	 loss= 2.1128736986535968
epoch= 584 	 time= 4397.248166958491 min 	 loss= 2.1088501360199667
epoch= 585 	 time= 4404.756505954266 min 	 loss= 2.104163245811607
epoch= 586 	 time= 4412.257083765666 min 	 loss= 2.1118320983287058
epoch= 587 	 time= 4419.746503337225 min 	 loss= 2.106616797085964
epoch= 588 	 time= 4427.2463373144465 min 	 loss= 2.1052514896067707
epoch= 589 	 time= 4434.743600066503 min 	 loss= 2.1034751977523167
epoch= 590 	 time= 4442.232748071353 min 	 loss= 2.1124408176812257
epoch= 591 	 time= 4449.713678010305 min 	 loss= 2.1132754498539548
epoch= 592 	 time= 4457.198241372903 min 	 loss= 2.1080677385402447
epoch= 593 	 time= 4464.68293788433 min 	 loss= 2.114628615578016
epoch= 594 	 time= 4472.168520871798 min 	 loss= 2.248573751594081
epoch= 595 	 time= 4479.66026579539 min 	 loss= 2.1235511869733985
epoch= 596 	 time= 4487.162768002351 min 	 loss= 2.0986860582503404
epoch= 597 	 time= 4494.669197014968 min 	 loss= 2.0923952069968887
epoch= 598 	 time= 4502.1685787916185 min 	 loss= 2.103924533634475
epoch= 599 	 time= 4509.6822286367415 min 	 loss= 2.098224388487411
epoch= 600 	 time= 4517.186318433285 min 	 loss= 2.084959368452881
epoch= 601 	 time= 4524.683180880546 min 	 loss= 2.0863788828524674
epoch= 602 	 time= 4532.188080485662 min 	 loss= 2.0830734603332752
epoch= 603 	 time= 4539.694771846135 min 	 loss= 2.0852024015874573
epoch= 604 	 time= 4547.192776163419 min 	 loss= 2.0852445249665865
epoch= 605 	 time= 4554.69051574866 min 	 loss= 2.082214576276866
epoch= 606 	 time= 4562.188448822499 min 	 loss= 2.0770077151963204
epoch= 607 	 time= 4569.687054403623 min 	 loss= 2.083545640399962
epoch= 608 	 time= 4577.197380085786 min 	 loss= 2.0912595360929314
epoch= 609 	 time= 4584.701159139474 min 	 loss= 2.0908132190595974
epoch= 610 	 time= 4592.211138868332 min 	 loss= 2.0812352301315826
epoch= 611 	 time= 4599.715896860758 min 	 loss= 2.073400748516574
epoch= 612 	 time= 4607.219288710753 min 	 loss= 2.074668329809651
epoch= 613 	 time= 4614.729860587915 min 	 loss= 2.0722410781636382
epoch= 614 	 time= 4622.23194466432 min 	 loss= 2.07416188955307
epoch= 615 	 time= 4629.733740035693 min 	 loss= 2.07005135994969
epoch= 616 	 time= 4637.236321322123 min 	 loss= 2.0781264405539543
epoch= 617 	 time= 4644.729739375909 min 	 loss= 2.072162231315266
epoch= 618 	 time= 4652.232415350279 min 	 loss= 2.073887653043776
epoch= 619 	 time= 4659.73317810297 min 	 loss= 2.0730788513747127
epoch= 620 	 time= 4667.233066987991 min 	 loss= 2.0729966399705773
epoch= 621 	 time= 4674.727357518673 min 	 loss= 2.0718824165517633
epoch= 622 	 time= 4682.231024591128 min 	 loss= 2.06689887119062
epoch= 623 	 time= 4689.738005805016 min 	 loss= 2.0725577532161368
epoch= 624 	 time= 4697.244754529 min 	 loss= 2.074270223162391
epoch= 625 	 time= 4704.752495690187 min 	 loss= 2.065896230340004
epoch= 626 	 time= 4712.262927393119 min 	 loss= 2.065883979707053
epoch= 627 	 time= 4719.762786702315 min 	 loss= 2.06582955149087
epoch= 628 	 time= 4727.265696485837 min 	 loss= 2.0668519467837885
epoch= 629 	 time= 4734.767860285441 min 	 loss= 2.0713164105559843
epoch= 630 	 time= 4742.261144586404 min 	 loss= 2.066629011775508
epoch= 631 	 time= 4749.760274442037 min 	 loss= 2.0681563784678776
epoch= 632 	 time= 4757.273380390803 min 	 loss= 2.065764030796109
epoch= 633 	 time= 4764.784485689799 min 	 loss= 2.069626937111219
epoch= 634 	 time= 4772.28381061554 min 	 loss= 2.06796386691657
epoch= 635 	 time= 4779.781164185206 min 	 loss= 2.0783775876688235
epoch= 636 	 time= 4787.270075345039 min 	 loss= 2.0605508959112746
epoch= 637 	 time= 4794.775574314594 min 	 loss= 2.073508725509499
epoch= 638 	 time= 4802.281650332609 min 	 loss= 2.066476976094824
epoch= 639 	 time= 4809.787221630414 min 	 loss= 2.057764730182561
epoch= 640 	 time= 4817.280011018117 min 	 loss= 2.060870740558162
epoch= 641 	 time= 4824.792332045237 min 	 loss= 2.059404689199997
epoch= 642 	 time= 4832.280133704345 min 	 loss= 2.063071989525448
epoch= 643 	 time= 4839.783131567637 min 	 loss= 2.061254346117829
epoch= 644 	 time= 4847.282790104548 min 	 loss= 2.0611060493642634
epoch= 645 	 time= 4854.785569830736 min 	 loss= 2.058910800886877
epoch= 646 	 time= 4862.2874218543375 min 	 loss= 2.0598620649720685
epoch= 647 	 time= 4869.785180747509 min 	 loss= 2.0550571297334903
epoch= 648 	 time= 4877.276824891567 min 	 loss= 2.058666591373357
epoch= 649 	 time= 4884.77848842144 min 	 loss= 2.061729410272656
epoch= 650 	 time= 4892.283711787065 min 	 loss= 2.0573896300792693
epoch= 651 	 time= 4899.773746967316 min 	 loss= 2.057106667106802
epoch= 652 	 time= 4907.272827970982 min 	 loss= 2.058511228145975
epoch= 653 	 time= 4914.777519770463 min 	 loss= 2.054197827776273
epoch= 654 	 time= 4922.2729362527525 min 	 loss= 2.0650019549420384
epoch= 655 	 time= 4929.772927041849 min 	 loss= 2.0507160727183025
epoch= 656 	 time= 4937.27811520497 min 	 loss= 2.051740793603839
epoch= 657 	 time= 4944.792412972451 min 	 loss= 2.0594006304126795
epoch= 658 	 time= 4952.307960923513 min 	 loss= 2.050993436683308
epoch= 659 	 time= 4959.827559681734 min 	 loss= 2.0496311113148025
epoch= 660 	 time= 4967.335107910633 min 	 loss= 2.0515804375482327
epoch= 661 	 time= 4974.843794608116 min 	 loss= 2.0478878937887424
epoch= 662 	 time= 4982.345024033388 min 	 loss= 2.0485878627228016
epoch= 663 	 time= 4989.8472872535385 min 	 loss= 2.0522819285501135
epoch= 664 	 time= 4997.345121645927 min 	 loss= 2.0546145150516972
epoch= 665 	 time= 5004.847570792834 min 	 loss= 2.0925233541654817
epoch= 666 	 time= 5012.349665753047 min 	 loss= 2.0460391361424417
epoch= 667 	 time= 5019.857973074913 min 	 loss= 2.0397741428288545
epoch= 668 	 time= 5027.356586110592 min 	 loss= 2.0438413722045494
epoch= 669 	 time= 5034.8591163833935 min 	 loss= 2.0486374085960968
epoch= 670 	 time= 5042.363407973448 min 	 loss= 2.048297591498404
epoch= 671 	 time= 5049.1554428339 min 	 loss= 2.0467653728615156
epoch= 672 	 time= 5052.852243991693 min 	 loss= 2.0457986553871272
epoch= 673 	 time= 5056.556369582812 min 	 loss= 2.0427176906845785
epoch= 674 	 time= 5060.271443891525 min 	 loss= 2.0437816495967636
epoch= 675 	 time= 5063.9973615209265 min 	 loss= 2.0471261697465724
epoch= 676 	 time= 5067.718546207746 min 	 loss= 2.0445609206503086
epoch= 677 	 time= 5071.442136577765 min 	 loss= 2.0428278157927773
epoch= 678 	 time= 5075.171220691999 min 	 loss= 2.0432983578335153
epoch= 679 	 time= 5078.894585740566 min 	 loss= 2.0451937382329595
epoch= 680 	 time= 5082.62741954724 min 	 loss= 2.037869887875788
epoch= 681 	 time= 5086.363239268462 min 	 loss= 2.044352735840913
epoch= 682 	 time= 5090.10455489556 min 	 loss= 2.0385673582012003
epoch= 683 	 time= 5093.841166158517 min 	 loss= 2.040976215366161
epoch= 684 	 time= 5097.57345764637 min 	 loss= 2.0445799576333075
epoch= 685 	 time= 5101.306146943569 min 	 loss= 2.051134624463139
epoch= 686 	 time= 5105.035866586367 min 	 loss= 2.0394299907937192
epoch= 687 	 time= 5108.740985488892 min 	 loss= 2.0451745277643205
epoch= 688 	 time= 5112.47127079169 min 	 loss= 2.059037614681504
epoch= 689 	 time= 5116.198754064242 min 	 loss= 2.042382701725671
epoch= 690 	 time= 5119.9293261567755 min 	 loss= 2.0336975372560095
epoch= 691 	 time= 5123.661942652861 min 	 loss= 2.0429427378647254
epoch= 692 	 time= 5127.394913109144 min 	 loss= 2.0373868151867027
epoch= 693 	 time= 5131.124683392048 min 	 loss= 2.0362384672056546
epoch= 694 	 time= 5134.839787745475 min 	 loss= 2.0377587607773866
epoch= 695 	 time= 5138.540227965514 min 	 loss= 2.0399621656988605
epoch= 696 	 time= 5142.2615951697035 min 	 loss= 2.036201040058425
epoch= 697 	 time= 5145.980119295915 min 	 loss= 2.0344857042486018
epoch= 698 	 time= 5149.702745497227 min 	 loss= 2.0327081935152864
epoch= 699 	 time= 5153.427829436461 min 	 loss= 2.032863604444446
epoch= 700 	 time= 5157.153959918022 min 	 loss= 2.023285371119326
epoch= 701 	 time= 5160.888309482733 min 	 loss= 2.0242311716260333
epoch= 702 	 time= 5164.614815151692 min 	 loss= 2.020492627530387
epoch= 703 	 time= 5168.344620339076 min 	 loss= 2.0151385309479455
epoch= 704 	 time= 5172.063213562966 min 	 loss= 2.0149923596418264
epoch= 705 	 time= 5175.78579078118 min 	 loss= 2.017976166371143
epoch= 706 	 time= 5179.5101152539255 min 	 loss= 2.020849689227162
epoch= 707 	 time= 5183.218647213777 min 	 loss= 2.0186664035464776
epoch= 708 	 time= 5186.939029260477 min 	 loss= 2.013404906970082
epoch= 709 	 time= 5190.66749253273 min 	 loss= 2.0123669582605364
epoch= 710 	 time= 5194.387501637141 min 	 loss= 2.0125965704339923
epoch= 711 	 time= 5198.098758637905 min 	 loss= 2.0093984661680278
epoch= 712 	 time= 5201.796624799569 min 	 loss= 2.0080227170207285
epoch= 713 	 time= 5205.524268603325 min 	 loss= 2.013862071434657
epoch= 714 	 time= 5209.223396678765 min 	 loss= 2.0090809189008945
epoch= 715 	 time= 5212.946071151892 min 	 loss= 2.0093586829395007
epoch= 716 	 time= 5216.673842120171 min 	 loss= 2.0057191968867274
epoch= 717 	 time= 5220.40476290385 min 	 loss= 2.010855992201603
epoch= 718 	 time= 5224.130704474449 min 	 loss= 2.017686614394188
epoch= 719 	 time= 5227.85914093256 min 	 loss= 2.007116144136949
Finish Training
