cuda
3300
The slice id is: 5
825
13177026
epoch= 0 	 time= 4.687909797827403 min 	 loss= 4.322498934774687
epoch= 1 	 time= 9.052873063087464 min 	 loss= 4.062185605367024
epoch= 2 	 time= 12.906556065877279 min 	 loss= 4.004986939863725
epoch= 3 	 time= 16.9184654712677 min 	 loss= 4.012582360180941
epoch= 4 	 time= 21.001557044188182 min 	 loss= 3.953804870807763
epoch= 5 	 time= 27.34958936770757 min 	 loss= 3.8912050001549
epoch= 6 	 time= 34.391156641642254 min 	 loss= 3.8359054242480886
epoch= 7 	 time= 39.97094034751256 min 	 loss= 3.8017682885762416
epoch= 8 	 time= 43.82143873373668 min 	 loss= 3.7853951613108316
epoch= 9 	 time= 49.68369762500127 min 	 loss= 3.7446033765330458
epoch= 10 	 time= 56.498221512635546 min 	 loss= 3.722506757505012
epoch= 11 	 time= 63.68935927549998 min 	 loss= 3.658184722517476
epoch= 12 	 time= 70.89940829674403 min 	 loss= 3.571104846939896
epoch= 13 	 time= 78.08617474238078 min 	 loss= 3.5448814014955
epoch= 14 	 time= 85.29226628939311 min 	 loss= 3.5153568639177264
epoch= 15 	 time= 92.50247259140015 min 	 loss= 3.4717362730792076
epoch= 16 	 time= 99.71887236436208 min 	 loss= 3.458005451216842
epoch= 17 	 time= 105.30166821479797 min 	 loss= 3.407438322197307
epoch= 18 	 time= 109.1467259367307 min 	 loss= 3.4261171316016803
epoch= 19 	 time= 112.99954385757447 min 	 loss= 3.3675901990587063
epoch= 20 	 time= 116.8519606033961 min 	 loss= 3.3413620418490786
epoch= 21 	 time= 120.71090238889059 min 	 loss= 3.3222153436415125
epoch= 22 	 time= 124.576127298673 min 	 loss= 3.334899607246572
epoch= 23 	 time= 128.4411624590556 min 	 loss= 3.316943694714344
epoch= 24 	 time= 132.3023067553838 min 	 loss= 3.2635164691823904
epoch= 25 	 time= 136.17156267563502 min 	 loss= 3.258405312082984
epoch= 26 	 time= 140.02677268187205 min 	 loss= 3.304231926383394
epoch= 27 	 time= 143.88285300334294 min 	 loss= 3.300648499185389
epoch= 28 	 time= 147.74288798967999 min 	 loss= 3.2144249167586816
epoch= 29 	 time= 151.6039519627889 min 	 loss= 3.1963190964496495
epoch= 30 	 time= 155.46381968657175 min 	 loss= 3.198239498138428
epoch= 31 	 time= 159.32373858292897 min 	 loss= 3.1952925315047755
epoch= 32 	 time= 163.1818870464961 min 	 loss= 3.1676109384045454
epoch= 33 	 time= 167.04090458949406 min 	 loss= 3.16748577988509
epoch= 34 	 time= 170.8994533975919 min 	 loss= 3.266611130129207
epoch= 35 	 time= 174.7590912302335 min 	 loss= 3.3893221643115536
epoch= 36 	 time= 178.620838534832 min 	 loss= 3.203667324925914
epoch= 37 	 time= 182.48119510809582 min 	 loss= 3.166058017918558
epoch= 38 	 time= 186.35152521133423 min 	 loss= 3.127709018642252
epoch= 39 	 time= 190.22002985874812 min 	 loss= 3.1078109536748943
epoch= 40 	 time= 194.08550610144934 min 	 loss= 3.108672050689206
epoch= 41 	 time= 197.93854993979136 min 	 loss= 3.1278830909006525
epoch= 42 	 time= 201.7986446738243 min 	 loss= 3.189886893937082
epoch= 43 	 time= 205.66086648702623 min 	 loss= 3.103915439482891
epoch= 44 	 time= 209.52617846727372 min 	 loss= 3.079759525638638
epoch= 45 	 time= 213.39015247424445 min 	 loss= 3.0985429031198675
epoch= 46 	 time= 217.26069372097652 min 	 loss= 3.104298155524514
epoch= 47 	 time= 221.12323183616002 min 	 loss= 3.085297809116768
epoch= 48 	 time= 224.97981443802516 min 	 loss= 3.0667307103763926
epoch= 49 	 time= 228.83801062107085 min 	 loss= 3.064752191594153
epoch= 50 	 time= 232.70250896215438 min 	 loss= 3.070519420486508
epoch= 51 	 time= 236.5408684293429 min 	 loss= 3.0742773154648866
epoch= 52 	 time= 240.4077957034111 min 	 loss= 3.0547761388980983
epoch= 53 	 time= 244.31088418563206 min 	 loss= 3.0374018135215297
epoch= 54 	 time= 248.2809312860171 min 	 loss= 3.0259996555068276
epoch= 55 	 time= 252.05599522193273 min 	 loss= 3.01777542385188
epoch= 56 	 time= 255.8388686656952 min 	 loss= 3.083341302943952
epoch= 57 	 time= 259.63493392070137 min 	 loss= 3.053528292684844
epoch= 58 	 time= 263.4589462240537 min 	 loss= 3.00884232860623
epoch= 59 	 time= 267.2898186445236 min 	 loss= 3.0060486235221227
epoch= 60 	 time= 271.1092694838842 min 	 loss= 3.027897969213399
epoch= 61 	 time= 274.9905620614688 min 	 loss= 2.999962299664815
epoch= 62 	 time= 278.9034546613693 min 	 loss= 2.987675144058285
epoch= 63 	 time= 282.70762631495796 min 	 loss= 2.9752605104085172
epoch= 64 	 time= 286.52785243988035 min 	 loss= 2.978575644348607
epoch= 65 	 time= 290.3522976676623 min 	 loss= 2.9834557109168083
epoch= 66 	 time= 294.33616130749385 min 	 loss= 2.9725648270411926
epoch= 67 	 time= 298.1803055326144 min 	 loss= 2.981535618323268
epoch= 68 	 time= 302.02357738812765 min 	 loss= 2.963457823142861
epoch= 69 	 time= 305.78837402264276 min 	 loss= 2.961125660376115
epoch= 70 	 time= 309.5772787809372 min 	 loss= 2.9480797930558524
epoch= 71 	 time= 313.3550473213196 min 	 loss= 2.9458239608822447
epoch= 72 	 time= 317.14055703083676 min 	 loss= 2.96227610949314
epoch= 73 	 time= 320.9236258109411 min 	 loss= 2.9781295652461774
epoch= 74 	 time= 324.7791407783826 min 	 loss= 2.951984200333104
epoch= 75 	 time= 328.5395166595777 min 	 loss= 2.9252023446559905
epoch= 76 	 time= 332.30877254803977 min 	 loss= 2.9294223115480307
epoch= 77 	 time= 336.09131124416984 min 	 loss= 2.915403507406061
epoch= 78 	 time= 339.87748383283616 min 	 loss= 2.923528341885769
epoch= 79 	 time= 343.6604830821355 min 	 loss= 2.9226913797494136
epoch= 80 	 time= 347.4482668479284 min 	 loss= 2.9417340163028602
epoch= 81 	 time= 351.2496349136035 min 	 loss= 3.0370397811586205
epoch= 82 	 time= 355.0717574199041 min 	 loss= 2.9214320650245202
epoch= 83 	 time= 358.8830432613691 min 	 loss= 2.8973053842241114
epoch= 84 	 time= 362.66450438499453 min 	 loss= 2.9030814745209432
epoch= 85 	 time= 366.4086518327395 min 	 loss= 2.896490131183104
epoch= 86 	 time= 370.2318879683813 min 	 loss= 2.8920104533795152
epoch= 87 	 time= 374.0164338469505 min 	 loss= 2.9953984967145053
epoch= 88 	 time= 377.7993185957273 min 	 loss= 2.9009101567304496
epoch= 89 	 time= 381.549802839756 min 	 loss= 2.872547898942774
epoch= 90 	 time= 385.33390026489894 min 	 loss= 2.8663205728025147
epoch= 91 	 time= 389.10182983875274 min 	 loss= 2.881065552613952
epoch= 92 	 time= 392.85374575455984 min 	 loss= 2.882184851187648
epoch= 93 	 time= 396.6649757941564 min 	 loss= 2.8790515489289255
epoch= 94 	 time= 400.4407856663068 min 	 loss= 2.8787339133385457
epoch= 95 	 time= 404.22937925656635 min 	 loss= 2.900192652814316
epoch= 96 	 time= 407.93506007591884 min 	 loss= 2.910999782338287
epoch= 97 	 time= 411.745494278272 min 	 loss= 2.8758312089876696
epoch= 98 	 time= 415.50099345048267 min 	 loss= 2.8459671623056586
epoch= 99 	 time= 419.2887737751007 min 	 loss= 2.8453116377555965
epoch= 100 	 time= 423.0490122318268 min 	 loss= 2.8575994248462444
epoch= 101 	 time= 426.86184988419217 min 	 loss= 2.860206252282316
epoch= 102 	 time= 430.6345444957415 min 	 loss= 2.8555179970372806
epoch= 103 	 time= 434.3871085524559 min 	 loss= 2.8449249280944016
epoch= 104 	 time= 438.18796308835346 min 	 loss= 2.8391619431791884
epoch= 105 	 time= 441.96165148019793 min 	 loss= 2.842128164732095
epoch= 106 	 time= 445.76589484612145 min 	 loss= 2.8467565445647094
epoch= 107 	 time= 449.49935899575553 min 	 loss= 2.840990510980288
epoch= 108 	 time= 453.31510282357533 min 	 loss= 2.833750607208772
epoch= 109 	 time= 457.0689924756686 min 	 loss= 2.8515962635025836
epoch= 110 	 time= 460.85872271855675 min 	 loss= 2.83214860524192
epoch= 111 	 time= 464.60887055397035 min 	 loss= 2.8143907606240477
epoch= 112 	 time= 468.39866185188293 min 	 loss= 2.8406120481996826
epoch= 113 	 time= 472.18226330280305 min 	 loss= 2.810992512991934
epoch= 114 	 time= 475.9357035001119 min 	 loss= 2.8742051481297524
epoch= 115 	 time= 479.7268322666486 min 	 loss= 2.8839527051557194
epoch= 116 	 time= 483.4856015880903 min 	 loss= 2.8246314255035285
epoch= 117 	 time= 487.29089942375816 min 	 loss= 2.802756061373335
epoch= 118 	 time= 491.0287002404531 min 	 loss= 2.798236668055708
epoch= 119 	 time= 494.8358774741491 min 	 loss= 2.7984328323060814
epoch= 120 	 time= 498.6063287337621 min 	 loss= 2.835932635646878
epoch= 121 	 time= 502.4049609621366 min 	 loss= 2.8054478668444083
epoch= 122 	 time= 506.1499594449997 min 	 loss= 2.816512233976162
epoch= 123 	 time= 509.9239961266518 min 	 loss= 2.796226739738927
epoch= 124 	 time= 513.7199835022291 min 	 loss= 2.8078314152450274
epoch= 125 	 time= 517.4787990967433 min 	 loss= 2.8067911127841834
epoch= 126 	 time= 521.3183158278465 min 	 loss= 2.8437111405170326
epoch= 127 	 time= 525.0899167140325 min 	 loss= 2.7832998889142817
epoch= 128 	 time= 528.9051030357679 min 	 loss= 2.7704815457445204
epoch= 129 	 time= 532.6454063375791 min 	 loss= 2.7846834115006707
epoch= 130 	 time= 536.4513212283453 min 	 loss= 2.8596778392069266
epoch= 131 	 time= 540.2342775066694 min 	 loss= 2.7861216176459283
epoch= 132 	 time= 544.0268718004227 min 	 loss= 2.7775898976398237
epoch= 133 	 time= 547.7857871413231 min 	 loss= 2.7837220057393566
epoch= 134 	 time= 551.5477593342463 min 	 loss= 2.7697668339447543
epoch= 135 	 time= 555.3518060882886 min 	 loss= 2.7854223760872174
epoch= 136 	 time= 559.1020065188408 min 	 loss= 2.866686376857035
epoch= 137 	 time= 562.8879472732544 min 	 loss= 2.776283603852445
epoch= 138 	 time= 566.6542573134104 min 	 loss= 2.7614168905128134
epoch= 139 	 time= 570.4779616912206 min 	 loss= 2.749880934357643
epoch= 140 	 time= 574.2214526812236 min 	 loss= 2.755532247713118
epoch= 141 	 time= 578.0098636865616 min 	 loss= 2.826224581039313
epoch= 142 	 time= 581.807761267821 min 	 loss= 2.8002821003848855
epoch= 143 	 time= 585.6090443929037 min 	 loss= 2.7564585723298967
epoch= 144 	 time= 589.3663950681687 min 	 loss= 2.746135474587932
epoch= 145 	 time= 593.1344421664874 min 	 loss= 2.751764589674545
epoch= 146 	 time= 596.9581455588341 min 	 loss= 2.776019005323901
epoch= 147 	 time= 600.711455309391 min 	 loss= 2.748891016732563
epoch= 148 	 time= 604.4828403989474 min 	 loss= 2.7648427486780918
epoch= 149 	 time= 608.2525441288948 min 	 loss= 2.751885272932775
epoch= 150 	 time= 612.0767855564753 min 	 loss= 2.740126318191037
epoch= 151 	 time= 615.8141572038332 min 	 loss= 2.7364934637149174
epoch= 152 	 time= 619.5777149120967 min 	 loss= 2.829615542238409
epoch= 153 	 time= 623.3859239617983 min 	 loss= 2.7644454926794224
epoch= 154 	 time= 627.1957567373912 min 	 loss= 2.728745349934607
epoch= 155 	 time= 630.9614426374435 min 	 loss= 2.7197459164171507
epoch= 156 	 time= 634.7534883975983 min 	 loss= 2.7332322989088116
epoch= 157 	 time= 638.5451925317446 min 	 loss= 2.7750298250624628
epoch= 158 	 time= 642.3329311609268 min 	 loss= 2.863893192193725
epoch= 159 	 time= 646.1252638260523 min 	 loss= 2.836150345711997
epoch= 160 	 time= 649.9174893657366 min 	 loss= 2.7448639373345807
epoch= 161 	 time= 653.7088373859723 min 	 loss= 2.7227893258405453
epoch= 162 	 time= 657.496888478597 min 	 loss= 2.7132051436828846
epoch= 163 	 time= 661.2855146725973 min 	 loss= 2.714304987119906
epoch= 164 	 time= 665.0665188233057 min 	 loss= 2.7329929159807436
epoch= 165 	 time= 668.8720640182495 min 	 loss= 2.7264594942511935
epoch= 166 	 time= 672.6820697665214 min 	 loss= 2.7204996078483985
epoch= 167 	 time= 676.4758072932561 min 	 loss= 2.7331780857028383
epoch= 168 	 time= 680.2484261870384 min 	 loss= 2.722809293143677
epoch= 169 	 time= 684.0647104263305 min 	 loss= 2.717636214205713
epoch= 170 	 time= 687.8928874572118 min 	 loss= 2.925892491376761
epoch= 171 	 time= 691.6608743309974 min 	 loss= 2.7488953402728744
epoch= 172 	 time= 695.404237083594 min 	 loss= 2.7122213886362134
epoch= 173 	 time= 699.2087262272835 min 	 loss= 2.698366553042874
epoch= 174 	 time= 703.0334920525551 min 	 loss= 2.7013025772029704
epoch= 175 	 time= 706.7945927818616 min 	 loss= 2.694783163377733
epoch= 176 	 time= 710.5369596203168 min 	 loss= 2.710788150014299
epoch= 177 	 time= 714.3659929990769 min 	 loss= 2.7017418386358205
epoch= 178 	 time= 718.1598454793294 min 	 loss= 2.7034055823990792
epoch= 179 	 time= 721.924026342233 min 	 loss= 2.7069230886481024
epoch= 180 	 time= 725.6893470128377 min 	 loss= 2.7078011960694286
epoch= 181 	 time= 729.5168826897939 min 	 loss= 2.7176331993666563
epoch= 182 	 time= 733.2840269843738 min 	 loss= 2.709151478102713
epoch= 183 	 time= 737.0283377965292 min 	 loss= 2.6929827065720704
epoch= 184 	 time= 740.8315284530322 min 	 loss= 2.6909876536058657
epoch= 185 	 time= 744.6400733709336 min 	 loss= 2.6956778813311546
epoch= 186 	 time= 748.4218757033348 min 	 loss= 2.6982421163176045
epoch= 187 	 time= 752.1526567339897 min 	 loss= 2.818763207883546
epoch= 188 	 time= 755.9824482560158 min 	 loss= 2.7195419657230375
epoch= 189 	 time= 759.7448422511419 min 	 loss= 2.6845354905453593
epoch= 190 	 time= 763.5335856556892 min 	 loss= 2.669233296947046
epoch= 191 	 time= 767.3005564053854 min 	 loss= 2.6671530812436886
epoch= 192 	 time= 771.1299075245857 min 	 loss= 2.6880149426604762
epoch= 193 	 time= 774.8868943492572 min 	 loss= 2.681318860234636
epoch= 194 	 time= 778.6283573031426 min 	 loss= 2.6839046105110285
epoch= 195 	 time= 782.4432766795159 min 	 loss= 2.6746203906427732
epoch= 196 	 time= 786.2265259186427 min 	 loss= 2.6713504368066787
epoch= 197 	 time= 790.0177766084671 min 	 loss= 2.6843085250709997
epoch= 198 	 time= 793.7550493478775 min 	 loss= 2.7087241475871116
epoch= 199 	 time= 797.5779604713122 min 	 loss= 2.6734954649571216
epoch= 200 	 time= 801.3287650942802 min 	 loss= 2.673135420734232
epoch= 201 	 time= 805.1149523496628 min 	 loss= 2.6673514467297177
epoch= 202 	 time= 808.8891518672307 min 	 loss= 2.672816555734837
epoch= 203 	 time= 812.702163251241 min 	 loss= 2.6923254323186296
epoch= 204 	 time= 816.4761134147644 min 	 loss= 2.7597468682491417
epoch= 205 	 time= 820.2186801552773 min 	 loss= 2.7077561896316933
epoch= 206 	 time= 824.0384489297867 min 	 loss= 2.6576205281416576
epoch= 207 	 time= 827.8153519590695 min 	 loss= 2.653411206277934
epoch= 208 	 time= 831.6340638200442 min 	 loss= 2.6673368644172495
epoch= 209 	 time= 835.3740859429041 min 	 loss= 2.6646374807393913
epoch= 210 	 time= 839.2008600195248 min 	 loss= 2.6577180032296615
epoch= 211 	 time= 842.9671346187591 min 	 loss= 2.6527099815101334
epoch= 212 	 time= 846.7477949182193 min 	 loss= 2.6546199337641396
epoch= 213 	 time= 850.5430586735407 min 	 loss= 2.6544789241480107
epoch= 214 	 time= 854.3368776679039 min 	 loss= 2.660004476344947
epoch= 215 	 time= 858.1481604019801 min 	 loss= 2.666154848156553
epoch= 216 	 time= 861.8930530150732 min 	 loss= 2.64246492850058
epoch= 217 	 time= 865.724664580822 min 	 loss= 2.6485425187421567
epoch= 218 	 time= 869.4914447983106 min 	 loss= 2.6457945065426105
epoch= 219 	 time= 873.3105184435844 min 	 loss= 2.6486951333645616
epoch= 220 	 time= 877.0547707676888 min 	 loss= 2.645991358757019
epoch= 221 	 time= 880.8585146307945 min 	 loss= 2.6571698305642966
epoch= 222 	 time= 884.6421310186386 min 	 loss= 2.6641306218053353
epoch= 223 	 time= 888.408524886767 min 	 loss= 2.6368260752793513
epoch= 224 	 time= 892.2120997985204 min 	 loss= 2.694250601204959
epoch= 225 	 time= 895.9687655528386 min 	 loss= 2.637350475047574
epoch= 226 	 time= 899.7957380612692 min 	 loss= 2.6239985659266964
epoch= 227 	 time= 903.530889570713 min 	 loss= 2.6333114472483143
epoch= 228 	 time= 907.3492400685947 min 	 loss= 2.6284818476077283
epoch= 229 	 time= 911.113878107071 min 	 loss= 2.6330974738886863
epoch= 230 	 time= 914.8970578630765 min 	 loss= 2.7148818865328126
epoch= 231 	 time= 918.6739504694939 min 	 loss= 2.67137556858135
epoch= 232 	 time= 922.4609862128893 min 	 loss= 2.631271310900197
epoch= 233 	 time= 926.26320215861 min 	 loss= 2.610510584043734
epoch= 234 	 time= 929.9972375512123 min 	 loss= 2.6072176106409595
epoch= 235 	 time= 933.8234339872996 min 	 loss= 2.6326711115873223
epoch= 236 	 time= 937.580448949337 min 	 loss= 2.6495923297874855
epoch= 237 	 time= 941.3699482361476 min 	 loss= 2.6231240342060724
epoch= 238 	 time= 945.1284488280614 min 	 loss= 2.6136223392233706
epoch= 239 	 time= 948.9325830221176 min 	 loss= 2.622191705197999
epoch= 240 	 time= 952.7348209738732 min 	 loss= 2.616990704500314
epoch= 241 	 time= 956.4938446044922 min 	 loss= 2.617934763268991
epoch= 242 	 time= 960.2615490555763 min 	 loss= 2.6313442482912177
epoch= 243 	 time= 964.0464591264724 min 	 loss= 2.659862392057072
epoch= 244 	 time= 967.829649913311 min 	 loss= 2.62909163182432
epoch= 245 	 time= 971.6117618640263 min 	 loss= 2.6083882129914833
epoch= 246 	 time= 975.3933216253916 min 	 loss= 2.5969080019900295
epoch= 247 	 time= 979.1740127841632 min 	 loss= 2.6405262112436874
epoch= 248 	 time= 982.9538614193599 min 	 loss= 2.6204681528337073
epoch= 249 	 time= 986.7570379694303 min 	 loss= 2.62727075018666
epoch= 250 	 time= 990.5592461109161 min 	 loss= 2.602963639624191
epoch= 251 	 time= 994.3589401880901 min 	 loss= 2.5949987223112223
epoch= 252 	 time= 998.1214205861091 min 	 loss= 2.6052002994219463
epoch= 253 	 time= 1001.9276934107145 min 	 loss= 2.6099178496274082
epoch= 254 	 time= 1005.738535896937 min 	 loss= 2.606799804947593
epoch= 255 	 time= 1009.5159302035968 min 	 loss= 2.6207047307491305
epoch= 256 	 time= 1013.3214125792185 min 	 loss= 2.723755923762466
epoch= 257 	 time= 1017.137540725867 min 	 loss= 2.6385197354808
epoch= 258 	 time= 1020.8942034721374 min 	 loss= 2.600378782839486
epoch= 259 	 time= 1024.6499774972597 min 	 loss= 2.5968054861010925
epoch= 260 	 time= 1028.4821378906568 min 	 loss= 2.5890358980496724
epoch= 261 	 time= 1032.2460899949074 min 	 loss= 2.579619216611891
epoch= 262 	 time= 1036.0290113687515 min 	 loss= 2.5847856503183193
epoch= 263 	 time= 1039.8264382839202 min 	 loss= 2.5981808548804484
epoch= 264 	 time= 1043.6656536022822 min 	 loss= 2.6282649398030657
epoch= 265 	 time= 1047.4166160583495 min 	 loss= 2.5942697217067083
epoch= 266 	 time= 1051.1755816022555 min 	 loss= 2.5872471885247665
epoch= 267 	 time= 1055.0112585226696 min 	 loss= 2.6473284619324136
epoch= 268 	 time= 1058.806889295578 min 	 loss= 2.594120252313036
epoch= 269 	 time= 1062.5746489922205 min 	 loss= 2.5922473745996304
epoch= 270 	 time= 1066.3477627515792 min 	 loss= 2.5899459677934646
epoch= 271 	 time= 1070.1815605839095 min 	 loss= 2.6120779806375505
epoch= 272 	 time= 1073.9122212449709 min 	 loss= 2.576312889547059
epoch= 273 	 time= 1077.6779677669208 min 	 loss= 2.564672777038632
epoch= 274 	 time= 1081.5014011939368 min 	 loss= 2.584737274917689
epoch= 275 	 time= 1085.3306239088377 min 	 loss= 2.597711434436567
epoch= 276 	 time= 1089.0700782140095 min 	 loss= 2.583348706743934
epoch= 277 	 time= 1092.831681549549 min 	 loss= 2.567053298588955
epoch= 278 	 time= 1096.664500439167 min 	 loss= 2.579601368037137
epoch= 279 	 time= 1100.4254509846369 min 	 loss= 2.591824812979409
epoch= 280 	 time= 1104.1782422661781 min 	 loss= 2.935632969755115
epoch= 281 	 time= 1107.975692796707 min 	 loss= 2.86624227095734
epoch= 282 	 time= 1111.8057312051455 min 	 loss= 2.676766051252683
epoch= 283 	 time= 1115.5432841897011 min 	 loss= 2.619471568501357
epoch= 284 	 time= 1119.2978177467983 min 	 loss= 2.5878032957604438
epoch= 285 	 time= 1123.127689854304 min 	 loss= 2.568211569713824
epoch= 286 	 time= 1126.9286383191745 min 	 loss= 2.557619723533139
epoch= 287 	 time= 1130.676054485639 min 	 loss= 2.581262898300633
epoch= 288 	 time= 1134.4431279182434 min 	 loss= 2.5987296389810965
epoch= 289 	 time= 1138.2661554137865 min 	 loss= 2.662373632553852
epoch= 290 	 time= 1142.0121246854465 min 	 loss= 2.5902256917050392
epoch= 291 	 time= 1145.7764408151309 min 	 loss= 2.5910371244856805
epoch= 292 	 time= 1149.5990523457526 min 	 loss= 2.5793384619012025
epoch= 293 	 time= 1153.4268327037494 min 	 loss= 2.552286359252352
epoch= 294 	 time= 1157.1767714540163 min 	 loss= 2.549661481579145
epoch= 295 	 time= 1160.9307534972827 min 	 loss= 2.55702075223128
epoch= 296 	 time= 1164.7680711984635 min 	 loss= 2.563796869733117
epoch= 297 	 time= 1168.537890402476 min 	 loss= 2.5575570902138045
epoch= 298 	 time= 1172.2992052912712 min 	 loss= 2.5649194062297993
epoch= 299 	 time= 1176.1082325696946 min 	 loss= 2.5698494695714027
epoch= 300 	 time= 1179.9480559388796 min 	 loss= 2.587957260139061
epoch= 301 	 time= 1183.6944426337877 min 	 loss= 2.54867750870459
epoch= 302 	 time= 1187.4621109724044 min 	 loss= 2.565874024774089
epoch= 303 	 time= 1191.3020422101022 min 	 loss= 2.5417223942821674
epoch= 304 	 time= 1195.1096001068752 min 	 loss= 2.535248609185219
epoch= 305 	 time= 1198.8617401599884 min 	 loss= 2.5403922134457213
epoch= 306 	 time= 1202.6548933943113 min 	 loss= 2.5457529225313302
epoch= 307 	 time= 1206.5059384902318 min 	 loss= 2.55687153913758
epoch= 308 	 time= 1210.2599187056223 min 	 loss= 2.5488078795418594
epoch= 309 	 time= 1214.0134999831519 min 	 loss= 2.53902469681971
epoch= 310 	 time= 1217.8657094597816 min 	 loss= 2.537376075531497
epoch= 311 	 time= 1221.7104889154434 min 	 loss= 2.538232960520369
epoch= 312 	 time= 1225.4394862771035 min 	 loss= 2.5478444921067265
epoch= 313 	 time= 1229.1977984547616 min 	 loss= 2.551977423375303
epoch= 314 	 time= 1233.0268650372823 min 	 loss= 2.546337061506329
epoch= 315 	 time= 1236.8023318449657 min 	 loss= 2.560774074666428
epoch= 316 	 time= 1240.943511267503 min 	 loss= 2.561129491527875
epoch= 317 	 time= 1244.9976558526357 min 	 loss= 2.5312328932863295
epoch= 318 	 time= 1248.8072213848432 min 	 loss= 2.5214088294361576
epoch= 319 	 time= 1252.5485921184222 min 	 loss= 2.519758834405379
epoch= 320 	 time= 1256.3430260181426 min 	 loss= 2.5338502669695653
epoch= 321 	 time= 1260.1147171258926 min 	 loss= 2.5405900398890178
epoch= 322 	 time= 1263.8875093420347 min 	 loss= 2.549435208421765
epoch= 323 	 time= 1267.6314814368884 min 	 loss= 2.5212341177644153
epoch= 324 	 time= 1271.422184197108 min 	 loss= 2.51563884668278
epoch= 325 	 time= 1275.2192665616672 min 	 loss= 2.5283538534966383
epoch= 326 	 time= 1278.9709917227426 min 	 loss= 2.524451214869817
epoch= 327 	 time= 1282.7485951423646 min 	 loss= 2.571237171527111
epoch= 328 	 time= 1286.6074231982232 min 	 loss= 2.552008755604426
epoch= 329 	 time= 1290.395430680116 min 	 loss= 2.506236187562798
epoch= 330 	 time= 1294.1718917131425 min 	 loss= 2.5010173974976393
epoch= 331 	 time= 1297.9614174127578 min 	 loss= 2.5153749827363274
epoch= 332 	 time= 1301.7438474973044 min 	 loss= 2.5349965101299863
epoch= 333 	 time= 1305.5419213136038 min 	 loss= 2.509986280383486
epoch= 334 	 time= 1309.3427111466726 min 	 loss= 2.5172844344738756
epoch= 335 	 time= 1313.152849272887 min 	 loss= 2.518420902562864
epoch= 336 	 time= 1316.9119094133378 min 	 loss= 2.5206202640136084
epoch= 337 	 time= 1320.7130776087442 min 	 loss= 2.5012970170468996
epoch= 338 	 time= 1324.5103634436925 min 	 loss= 2.494971124818831
epoch= 339 	 time= 1328.308041846752 min 	 loss= 2.508548989151463
epoch= 340 	 time= 1332.0779274861018 min 	 loss= 2.505515716978998
epoch= 341 	 time= 1335.9478112777074 min 	 loss= 2.5485698168927975
epoch= 342 	 time= 1339.7687080462774 min 	 loss= 2.50449518236247
epoch= 343 	 time= 1343.577711423238 min 	 loss= 2.4907483433051545
epoch= 344 	 time= 1347.3756307284036 min 	 loss= 2.5030180541313056
epoch= 345 	 time= 1351.2030378381412 min 	 loss= 2.611419411428047
epoch= 346 	 time= 1355.0007601539294 min 	 loss= 2.6183249300357065
epoch= 347 	 time= 1359.7422633012136 min 	 loss= 2.983199452197913
epoch= 348 	 time= 1366.8658023675282 min 	 loss= 2.8300110120845563
epoch= 349 	 time= 1372.16444063584 min 	 loss= 2.6606193720752542
epoch= 350 	 time= 1378.0043846885362 min 	 loss= 2.58571384890513
epoch= 351 	 time= 1385.1306351463 min 	 loss= 2.5412532447504277
epoch= 352 	 time= 1391.2727879961333 min 	 loss= 2.512849636294625
epoch= 353 	 time= 1398.133077677091 min 	 loss= 2.4939305382425134
epoch= 354 	 time= 1402.1978025356927 min 	 loss= 2.4955421233538426
epoch= 355 	 time= 1408.3178957064947 min 	 loss= 2.5183442413445674
epoch= 356 	 time= 1412.1032013177871 min 	 loss= 2.4903948077107922
epoch= 357 	 time= 1415.928623855114 min 	 loss= 2.482585333965041
epoch= 358 	 time= 1419.7408762256305 min 	 loss= 2.491456403768424
epoch= 359 	 time= 1423.5575344085694 min 	 loss= 2.510584799213843
epoch= 360 	 time= 1427.4519144455592 min 	 loss= 2.496230040138418
epoch= 361 	 time= 1431.262285955747 min 	 loss= 2.4828590433344697
epoch= 362 	 time= 1437.2320071021716 min 	 loss= 2.4935672253731527
epoch= 363 	 time= 1442.2119273304938 min 	 loss= 2.5052391572251462
epoch= 364 	 time= 1446.090449778239 min 	 loss= 2.4793819425142174
epoch= 365 	 time= 1449.9115673104923 min 	 loss= 2.4858007421818646
epoch= 366 	 time= 1453.8231268962224 min 	 loss= 2.4780851089051277
epoch= 367 	 time= 1459.6400300145149 min 	 loss= 2.483526371789701
epoch= 368 	 time= 1465.315140402317 min 	 loss= 2.4795477405461397
epoch= 369 	 time= 1470.8691960811616 min 	 loss= 2.477790191697352
epoch= 370 	 time= 1476.6094953338304 min 	 loss= 2.4748716404943756
epoch= 371 	 time= 1482.0154698650042 min 	 loss= 2.4992946752634917
epoch= 372 	 time= 1485.9097281138102 min 	 loss= 2.471521186557683
epoch= 373 	 time= 1489.7279410998026 min 	 loss= 2.5174649941198752
epoch= 374 	 time= 1493.5585863510767 min 	 loss= 2.5157579861987722
epoch= 375 	 time= 1497.3820672233899 min 	 loss= 2.5546344392949885
epoch= 376 	 time= 1501.2642035206159 min 	 loss= 2.535302154421806
epoch= 377 	 time= 1505.0909362792968 min 	 loss= 2.465298599727226
epoch= 378 	 time= 1508.9184621651968 min 	 loss= 2.445183840105028
epoch= 379 	 time= 1512.7606900731723 min 	 loss= 2.490469046704697
epoch= 380 	 time= 1516.6294128378233 min 	 loss= 2.4652150592117597
epoch= 381 	 time= 1520.4567382852235 min 	 loss= 2.561508466890364
epoch= 382 	 time= 1524.2857749223708 min 	 loss= 2.4609330996600063
epoch= 383 	 time= 1528.1414547244708 min 	 loss= 2.4531478769490214
epoch= 384 	 time= 1531.9930053154628 min 	 loss= 2.4481549034516017
epoch= 385 	 time= 1535.8177342573802 min 	 loss= 2.4559429609053063
epoch= 386 	 time= 1539.6457357764243 min 	 loss= 2.469294492223046
epoch= 387 	 time= 1543.5417127887408 min 	 loss= 2.5197635559421596
epoch= 388 	 time= 1547.3553455154101 min 	 loss= 2.468576693516789
epoch= 389 	 time= 1551.181068523725 min 	 loss= 2.451877107349309
epoch= 390 	 time= 1555.0039089520772 min 	 loss= 2.441454749378291
epoch= 391 	 time= 1558.8956426819166 min 	 loss= 2.4394040114048754
epoch= 392 	 time= 1562.713055574894 min 	 loss= 2.4605084623893103
epoch= 393 	 time= 1568.3168425321578 min 	 loss= 2.4621980621778605
epoch= 394 	 time= 1573.8518997708957 min 	 loss= 2.465209645069007
epoch= 395 	 time= 1577.670363775889 min 	 loss= 2.445885544473475
epoch= 396 	 time= 1581.4867259542148 min 	 loss= 2.445158644607573
epoch= 397 	 time= 1585.3179998993874 min 	 loss= 2.4609444379987138
epoch= 398 	 time= 1589.1355053067207 min 	 loss= 2.447119803735704
epoch= 399 	 time= 1592.9340641856193 min 	 loss= 2.443186099258336
epoch= 400 	 time= 1596.7306994080543 min 	 loss= 2.4357994498809177
epoch= 401 	 time= 1600.4978919307391 min 	 loss= 2.438123047514395
epoch= 402 	 time= 1604.2830532948176 min 	 loss= 2.430698251959049
epoch= 403 	 time= 1608.084499446551 min 	 loss= 2.533565911054611
epoch= 404 	 time= 1611.8899860302606 min 	 loss= 2.443881494186141
epoch= 405 	 time= 1615.6451066096624 min 	 loss= 2.444834189270482
epoch= 406 	 time= 1619.436610543728 min 	 loss= 2.5260615319013597
epoch= 407 	 time= 1623.2184932748476 min 	 loss= 2.4258264542709695
epoch= 408 	 time= 1627.0050978779793 min 	 loss= 2.4169951860832444
epoch= 409 	 time= 1630.7975657582283 min 	 loss= 2.4143303489685057
epoch= 410 	 time= 1634.6024430473647 min 	 loss= 2.4800736129645147
epoch= 411 	 time= 1638.4169229030608 min 	 loss= 2.4768026453979086
epoch= 412 	 time= 1642.2214413205782 min 	 loss= 2.44971581186309
epoch= 413 	 time= 1645.9880597233773 min 	 loss= 2.416115696249586
epoch= 414 	 time= 1649.79702120622 min 	 loss= 2.402176419297854
epoch= 415 	 time= 1653.6094922622044 min 	 loss= 2.4081819067037467
epoch= 416 	 time= 1657.3944930871328 min 	 loss= 2.423626623496865
epoch= 417 	 time= 1661.1713794231414 min 	 loss= 2.4193159534172577
epoch= 418 	 time= 1664.9861887574195 min 	 loss= 2.4153812699787545
epoch= 419 	 time= 1668.8101088444391 min 	 loss= 2.4271453256498683
epoch= 420 	 time= 1672.5877023061116 min 	 loss= 2.449693911075592
epoch= 421 	 time= 1676.4001507043838 min 	 loss= 2.417140788417874
epoch= 422 	 time= 1680.1576904376348 min 	 loss= 2.398574872197527
epoch= 423 	 time= 1683.985439880689 min 	 loss= 2.4138425869472098
epoch= 424 	 time= 1687.7543884833653 min 	 loss= 2.4967581986477883
epoch= 425 	 time= 1691.5253092447917 min 	 loss= 2.409359029441169
epoch= 426 	 time= 1695.3274555802345 min 	 loss= 2.397222383997657
epoch= 427 	 time= 1699.2366618394851 min 	 loss= 2.3919722509203534
epoch= 428 	 time= 1703.0240120927492 min 	 loss= 2.456986501794873
epoch= 429 	 time= 1706.7694536884626 min 	 loss= 2.408182781826366
epoch= 430 	 time= 1710.600666709741 min 	 loss= 2.3971419741348785
epoch= 431 	 time= 1714.3700868487358 min 	 loss= 2.4183551054109227
epoch= 432 	 time= 1718.1691596627236 min 	 loss= 2.405120600353588
epoch= 433 	 time= 1721.944199069341 min 	 loss= 2.3968890183080327
epoch= 434 	 time= 1725.756537413597 min 	 loss= 2.4282434486800972
epoch= 435 	 time= 1729.5360864837965 min 	 loss= 2.4271063848155916
epoch= 436 	 time= 1733.2881015777589 min 	 loss= 2.383629629250729
epoch= 437 	 time= 1737.1046992897986 min 	 loss= 2.4011589082082114
epoch= 438 	 time= 1740.8869765520096 min 	 loss= 2.5187952662236763
epoch= 439 	 time= 1744.7156259377798 min 	 loss= 2.4093911801684986
epoch= 440 	 time= 1748.4552949428557 min 	 loss= 2.511465131116636
epoch= 441 	 time= 1752.2906053503355 min 	 loss= 2.417758919199308
epoch= 442 	 time= 1756.0609848419824 min 	 loss= 2.3746014056422493
epoch= 443 	 time= 1759.83627529939 min 	 loss= 2.3781788645007396
epoch= 444 	 time= 1763.6359463771184 min 	 loss= 2.376652212955735
epoch= 445 	 time= 1767.4358730514844 min 	 loss= 2.379300109509266
epoch= 446 	 time= 1771.2416841665904 min 	 loss= 2.3976920840776326
epoch= 447 	 time= 1774.9871696829796 min 	 loss= 2.448701835961053
epoch= 448 	 time= 1778.822592151165 min 	 loss= 2.398428821726279
epoch= 449 	 time= 1782.5945586880048 min 	 loss= 2.3789247703371625
epoch= 450 	 time= 1786.3881161411603 min 	 loss= 2.422364300940976
epoch= 451 	 time= 1790.1674786369006 min 	 loss= 2.3691796509424847
epoch= 452 	 time= 1793.9881914456685 min 	 loss= 2.368814686663223
epoch= 453 	 time= 1797.7748096187909 min 	 loss= 2.361424246123343
epoch= 454 	 time= 1801.517565302054 min 	 loss= 2.3797270099502623
epoch= 455 	 time= 1805.3451859196027 min 	 loss= 2.3992242760911133
epoch= 456 	 time= 1809.1138865550358 min 	 loss= 2.376608941139597
epoch= 457 	 time= 1812.9532276193302 min 	 loss= 2.3688689988309686
epoch= 458 	 time= 1816.6866567452748 min 	 loss= 2.3810267025593554
epoch= 459 	 time= 1820.5089227398237 min 	 loss= 2.4538516297304267
epoch= 460 	 time= 1824.2690838416418 min 	 loss= 3.0922836419669064
epoch= 461 	 time= 1828.0470801154772 min 	 loss= 2.677228177442695
epoch= 462 	 time= 1831.8373999754588 min 	 loss= 2.5283973839246867
epoch= 463 	 time= 1835.6195691744485 min 	 loss= 2.4586648499965666
epoch= 464 	 time= 1839.4276586413384 min 	 loss= 2.400559270544486
epoch= 465 	 time= 1843.1697135130564 min 	 loss= 2.3813674587191955
epoch= 466 	 time= 1846.9995989402134 min 	 loss= 2.361264098720117
epoch= 467 	 time= 1850.7645884513854 min 	 loss= 2.351663996378581
epoch= 468 	 time= 1854.5647259195646 min 	 loss= 2.355637556802143
epoch= 469 	 time= 1858.336265818278 min 	 loss= 2.356534792491884
epoch= 470 	 time= 1862.1459869066873 min 	 loss= 2.3682312378738866
epoch= 471 	 time= 1865.9395480155945 min 	 loss= 2.3569274242357774
epoch= 472 	 time= 1869.6867740511893 min 	 loss= 2.361212780999415
epoch= 473 	 time= 1873.5123267054557 min 	 loss= 2.420248721043269
epoch= 474 	 time= 1877.2781036456427 min 	 loss= 2.485351703672698
epoch= 475 	 time= 1881.1047918478648 min 	 loss= 2.368111446138584
epoch= 476 	 time= 1884.8401830593746 min 	 loss= 2.340017974828229
epoch= 477 	 time= 1888.6537025292714 min 	 loss= 2.3376991632671067
epoch= 478 	 time= 1892.430391895771 min 	 loss= 2.3400911821379804
epoch= 479 	 time= 1896.2020369489987 min 	 loss= 2.37338315792156
epoch= 480 	 time= 1899.9899132847786 min 	 loss= 2.3661646327105434
epoch= 481 	 time= 1903.8205117146174 min 	 loss= 2.3894901711109915
epoch= 482 	 time= 1907.6402702649434 min 	 loss= 2.3685812413692475
epoch= 483 	 time= 1911.3772591908773 min 	 loss= 2.345116451491009
epoch= 484 	 time= 1915.1893113573392 min 	 loss= 2.337612276384325
epoch= 485 	 time= 1919.0199346542358 min 	 loss= 2.34457185922247
epoch= 486 	 time= 1922.8293666680654 min 	 loss= 2.3522381977420865
epoch= 487 	 time= 1926.590231136481 min 	 loss= 2.3332875873645147
epoch= 488 	 time= 1930.4232999364535 min 	 loss= 2.3388896415450358
epoch= 489 	 time= 1934.2570227066676 min 	 loss= 2.3501554212786933
epoch= 490 	 time= 1938.1001048763594 min 	 loss= 2.3362002952712957
epoch= 491 	 time= 1941.9374934792518 min 	 loss= 2.3378179654749958
epoch= 492 	 time= 1945.7741971731186 min 	 loss= 2.326116800633344
epoch= 493 	 time= 1949.6091238339743 min 	 loss= 2.361153588511727
epoch= 494 	 time= 1953.4277217388153 min 	 loss= 2.351746969963565
epoch= 495 	 time= 1957.2647843559582 min 	 loss= 2.3340562255816026
epoch= 496 	 time= 1961.109351269404 min 	 loss= 2.3325083298755414
epoch= 497 	 time= 1964.9497231403986 min 	 loss= 2.3199912942178322
epoch= 498 	 time= 1968.7811814665795 min 	 loss= 2.3421703869646247
epoch= 499 	 time= 1972.6163048942883 min 	 loss= 2.3403343141259567
epoch= 500 	 time= 1976.4487509091696 min 	 loss= 2.4101526618365083
epoch= 501 	 time= 1980.2847708463669 min 	 loss= 2.325444120367368
epoch= 502 	 time= 1984.1288209080697 min 	 loss= 2.317358880151402
epoch= 503 	 time= 1987.9655053655306 min 	 loss= 2.314271823077491
epoch= 504 	 time= 1991.7970023075738 min 	 loss= 2.3295946053122027
epoch= 505 	 time= 1995.6316674232482 min 	 loss= 3.0598487696503147
epoch= 506 	 time= 1999.4688912630081 min 	 loss= 2.710567756150708
epoch= 507 	 time= 2003.3067307591439 min 	 loss= 2.526698142055309
epoch= 508 	 time= 2007.1450969497362 min 	 loss= 2.4298956546458332
epoch= 509 	 time= 2010.968651243051 min 	 loss= 2.3649315936637647
epoch= 510 	 time= 2014.8099129954974 min 	 loss= 2.338883184501619
epoch= 511 	 time= 2018.6474043647447 min 	 loss= 2.3306404914458594
epoch= 512 	 time= 2022.485292005539 min 	 loss= 2.3075543808756454
epoch= 513 	 time= 2026.3287161509195 min 	 loss= 2.3006262996883104
epoch= 514 	 time= 2030.1713703076045 min 	 loss= 2.3253840531905494
epoch= 515 	 time= 2034.0155481497447 min 	 loss= 2.320043068076625
epoch= 516 	 time= 2037.858553036054 min 	 loss= 2.3325453280318866
epoch= 517 	 time= 2041.7075944741566 min 	 loss= 2.3795042129538277
epoch= 518 	 time= 2045.5556808114052 min 	 loss= 2.309890410972364
epoch= 519 	 time= 2049.402732769648 min 	 loss= 2.3405875445676574
epoch= 520 	 time= 2053.2522042473156 min 	 loss= 2.310888500014941
epoch= 521 	 time= 2057.091888519128 min 	 loss= 2.3300904934153412
epoch= 522 	 time= 2060.932170001666 min 	 loss= 2.3115715313319005
epoch= 523 	 time= 2064.7757190585135 min 	 loss= 2.293291150313435
epoch= 524 	 time= 2068.615820499261 min 	 loss= 2.314057464274493
epoch= 525 	 time= 2072.457684957981 min 	 loss= 2.3134940774332393
epoch= 526 	 time= 2076.294231104851 min 	 loss= 2.3310305389129753
epoch= 527 	 time= 2080.126202495893 min 	 loss= 2.309154254739935
epoch= 528 	 time= 2083.959723862012 min 	 loss= 2.3122848027041463
epoch= 529 	 time= 2087.801428751151 min 	 loss= 2.300925259698521
epoch= 530 	 time= 2091.6446440815926 min 	 loss= 2.294704142357364
epoch= 531 	 time= 2095.490583240986 min 	 loss= 2.3072647944002442
epoch= 532 	 time= 2099.329872687658 min 	 loss= 2.293823517994447
epoch= 533 	 time= 2103.1662914037706 min 	 loss= 2.342026172677676
epoch= 534 	 time= 2107.0071754137675 min 	 loss= 2.300293211503462
epoch= 535 	 time= 2110.8530224641163 min 	 loss= 2.2965443843241893
epoch= 536 	 time= 2114.6952307065326 min 	 loss= 2.2900895898089266
epoch= 537 	 time= 2118.536985818545 min 	 loss= 2.288761842413382
epoch= 538 	 time= 2122.3770553151767 min 	 loss= 2.349804177374551
epoch= 539 	 time= 2126.2280588070553 min 	 loss= 2.304487270369674
epoch= 540 	 time= 2130.070230718454 min 	 loss= 2.3263192083438238
epoch= 541 	 time= 2133.9117141803104 min 	 loss= 2.3032136138099615
epoch= 542 	 time= 2137.7474402507146 min 	 loss= 2.27381678843137
epoch= 543 	 time= 2141.5789353251457 min 	 loss= 2.3019869820457517
epoch= 544 	 time= 2145.42295033137 min 	 loss= 2.2997955763520617
epoch= 545 	 time= 2149.264915541808 min 	 loss= 2.2780134775241216
epoch= 546 	 time= 2153.1053062081337 min 	 loss= 2.338632168318286
epoch= 547 	 time= 2156.9420239686965 min 	 loss= 2.3074832009546684
epoch= 548 	 time= 2160.7823786735535 min 	 loss= 2.277067777821512
epoch= 549 	 time= 2164.6110115091005 min 	 loss= 2.378880625529723
epoch= 550 	 time= 2168.4495386719705 min 	 loss= 2.290768205776359
epoch= 551 	 time= 2172.2836754083633 min 	 loss= 2.286821313319784
epoch= 552 	 time= 2176.11672201554 min 	 loss= 2.269849819342295
epoch= 553 	 time= 2179.94799302419 min 	 loss= 2.2814546345038846
epoch= 554 	 time= 2183.782625921567 min 	 loss= 2.292738753557205
epoch= 555 	 time= 2187.6236506263417 min 	 loss= 2.2731930952722377
epoch= 556 	 time= 2191.4669624288877 min 	 loss= 2.2689524441957474
epoch= 557 	 time= 2195.3048094352084 min 	 loss= 2.4208165207234296
epoch= 558 	 time= 2199.141931593418 min 	 loss= 2.3704387802066225
epoch= 559 	 time= 2202.974464503924 min 	 loss= 2.436832830923976
epoch= 560 	 time= 2206.8022355953854 min 	 loss= 2.2869501252969107
epoch= 561 	 time= 2210.641389294465 min 	 loss= 2.2544418772061667
epoch= 562 	 time= 2214.4725210706392 min 	 loss= 2.323082811633746
epoch= 563 	 time= 2218.3121609052023 min 	 loss= 2.2673186352758696
epoch= 564 	 time= 2222.1404176791507 min 	 loss= 2.5224474933653167
epoch= 565 	 time= 2225.9604827960334 min 	 loss= 2.4922593649589655
epoch= 566 	 time= 2229.7885540803272 min 	 loss= 2.4883863720207504
epoch= 567 	 time= 2233.626166053613 min 	 loss= 2.3295093470089365
epoch= 568 	 time= 2237.465398355325 min 	 loss= 2.2774852081681742
epoch= 569 	 time= 2241.297347732385 min 	 loss= 2.2632078781994904
epoch= 570 	 time= 2245.133192038536 min 	 loss= 2.2526078979354915
epoch= 571 	 time= 2248.9654193282126 min 	 loss= 2.2671714947801647
epoch= 572 	 time= 2252.7963082710903 min 	 loss= 2.2617276820088876
epoch= 573 	 time= 2256.6330243269604 min 	 loss= 2.26089957733949
epoch= 574 	 time= 2260.4648322065673 min 	 loss= 2.262773329940709
epoch= 575 	 time= 2264.291820637385 min 	 loss= 2.396524611205766
epoch= 576 	 time= 2268.120556894938 min 	 loss= 2.25365971604983
epoch= 577 	 time= 2271.9565507650377 min 	 loss= 2.2413597571127344
epoch= 578 	 time= 2275.7933174490927 min 	 loss= 2.2607246684666835
epoch= 579 	 time= 2279.6257544755936 min 	 loss= 2.284594698999867
epoch= 580 	 time= 2283.463702650865 min 	 loss= 2.255842047026663
epoch= 581 	 time= 2287.2833196202914 min 	 loss= 2.2731492666764694
epoch= 582 	 time= 2291.108147652944 min 	 loss= 2.2534014923102927
epoch= 583 	 time= 2294.9429797291755 min 	 loss= 2.2572155197280828
epoch= 584 	 time= 2298.7803970297177 min 	 loss= 2.4962438397696523
epoch= 585 	 time= 2302.6161526918413 min 	 loss= 2.3397309597694513
epoch= 586 	 time= 2306.4429472963016 min 	 loss= 2.2552541622971045
epoch= 587 	 time= 2310.282555103302 min 	 loss= 2.2393456642736087
epoch= 588 	 time= 2314.1192654768624 min 	 loss= 2.2321590133688667
epoch= 589 	 time= 2317.956957757473 min 	 loss= 2.2418323159398454
epoch= 590 	 time= 2321.798158256213 min 	 loss= 2.2581874523560206
epoch= 591 	 time= 2325.6334688186644 min 	 loss= 2.2586518800981117
epoch= 592 	 time= 2329.4762216846148 min 	 loss= 2.246750814264471
epoch= 593 	 time= 2333.3230048497517 min 	 loss= 2.27152994202845
epoch= 594 	 time= 2337.165519829591 min 	 loss= 2.2719006285522925
epoch= 595 	 time= 2341.001031498114 min 	 loss= 2.2767123894077357
epoch= 596 	 time= 2344.8369081934293 min 	 loss= 2.2526061313621923
epoch= 597 	 time= 2348.6724435210226 min 	 loss= 2.2403902979872443
epoch= 598 	 time= 2352.5109648903212 min 	 loss= 2.2417963236389737
epoch= 599 	 time= 2356.3462321956954 min 	 loss= 2.2499197176189134
epoch= 600 	 time= 2360.1827787240345 min 	 loss= 2.2661205622644136
epoch= 601 	 time= 2364.017992436886 min 	 loss= 2.276768332792051
epoch= 602 	 time= 2367.852976111571 min 	 loss= 2.2475537235628473
epoch= 603 	 time= 2371.684151601791 min 	 loss= 2.252783790429433
epoch= 604 	 time= 2375.5202234109242 min 	 loss= 2.271841110514872
epoch= 605 	 time= 2379.357536963622 min 	 loss= 2.2237087568550398
epoch= 606 	 time= 2383.1994978626567 min 	 loss= 2.2284453014713343
epoch= 607 	 time= 2387.0464569687842 min 	 loss= 2.2316949745741756
epoch= 608 	 time= 2390.8790281772613 min 	 loss= 2.2415814210790574
epoch= 609 	 time= 2394.7208500385286 min 	 loss= 2.250029647368373
epoch= 610 	 time= 2398.556333518028 min 	 loss= 2.2387102900309994
epoch= 611 	 time= 2402.388274685542 min 	 loss= 2.23876904129982
epoch= 612 	 time= 2406.2202666640283 min 	 loss= 2.229968561530113
epoch= 613 	 time= 2410.043509308497 min 	 loss= 2.2436542362516576
epoch= 614 	 time= 2413.8793461998303 min 	 loss= 2.261860682982387
epoch= 615 	 time= 2417.708351254463 min 	 loss= 2.2395342442122375
epoch= 616 	 time= 2421.547863996029 min 	 loss= 2.2319288931290306
epoch= 617 	 time= 2425.393772749106 min 	 loss= 2.2313641050006403
epoch= 618 	 time= 2429.237751527627 min 	 loss= 2.2277825272986385
epoch= 619 	 time= 2433.0748872439067 min 	 loss= 2.225065843824184
epoch= 620 	 time= 2436.911254576842 min 	 loss= 2.2338011155706465
epoch= 621 	 time= 2440.7487391789755 min 	 loss= 2.219169114015319
epoch= 622 	 time= 2444.582140314579 min 	 loss= 2.238400882464467
epoch= 623 	 time= 2448.407175195217 min 	 loss= 2.215497857946338
epoch= 624 	 time= 2452.246945087115 min 	 loss= 2.223308381257635
epoch= 625 	 time= 2456.086066333453 min 	 loss= 2.2515800322908346
epoch= 626 	 time= 2459.9218805233636 min 	 loss= 2.226226151766199
epoch= 627 	 time= 2463.7574877460797 min 	 loss= 2.227725342728875
epoch= 628 	 time= 2467.5929286360742 min 	 loss= 2.259287008769584
epoch= 629 	 time= 2471.4211554606754 min 	 loss= 2.2562737066456764
epoch= 630 	 time= 2475.2518234213194 min 	 loss= 2.2956652694759945
epoch= 631 	 time= 2479.0870315869647 min 	 loss= 2.321123023954305
epoch= 632 	 time= 2482.9207935174304 min 	 loss= 2.2294681706573023
epoch= 633 	 time= 2486.7552356998126 min 	 loss= 2.2010201661695135
epoch= 634 	 time= 2490.595641843478 min 	 loss= 2.2380094685699
epoch= 635 	 time= 2494.430283244451 min 	 loss= 2.227458670897917
epoch= 636 	 time= 2498.268165353934 min 	 loss= 2.2655256949229674
epoch= 637 	 time= 2502.108787357807 min 	 loss= 2.209293436949903
epoch= 638 	 time= 2505.9470045526823 min 	 loss= 2.2167506476062715
epoch= 639 	 time= 2509.7807753602665 min 	 loss= 2.250774683049231
epoch= 640 	 time= 2513.610240809123 min 	 loss= 2.213631137826226
epoch= 641 	 time= 2517.441799724102 min 	 loss= 2.214813732829961
epoch= 642 	 time= 2521.269707020124 min 	 loss= 2.2459178639903215
epoch= 643 	 time= 2525.1038847208024 min 	 loss= 2.232561055006403
epoch= 644 	 time= 2528.9395123322806 min 	 loss= 2.2178641920739954
epoch= 645 	 time= 2532.774209332466 min 	 loss= 2.1992377878860996
epoch= 646 	 time= 2536.6126516540844 min 	 loss= 2.2003449789321783
epoch= 647 	 time= 2540.448281912009 min 	 loss= 2.208261753411004
epoch= 648 	 time= 2544.2846505641937 min 	 loss= 2.2083116620959657
epoch= 649 	 time= 2548.1253435174626 min 	 loss= 2.2428668581536324
epoch= 650 	 time= 2551.9635400454204 min 	 loss= 2.210086015842178
epoch= 651 	 time= 2555.812911093235 min 	 loss= 2.1944047091585217
epoch= 652 	 time= 2559.6503322958947 min 	 loss= 2.204123093232964
epoch= 653 	 time= 2563.493090736866 min 	 loss= 2.1971886456554586
epoch= 654 	 time= 2567.3399921019873 min 	 loss= 2.192992040262078
epoch= 655 	 time= 2571.18584676981 min 	 loss= 2.194082143252546
epoch= 656 	 time= 2575.022036600113 min 	 loss= 2.2106786261182845
epoch= 657 	 time= 2578.8643425861997 min 	 loss= 2.209071871331244
epoch= 658 	 time= 2582.7027039527893 min 	 loss= 2.209905767910408
epoch= 659 	 time= 2586.5409524440765 min 	 loss= 2.2207011243791293
epoch= 660 	 time= 2590.382333012422 min 	 loss= 2.1941078582676976
epoch= 661 	 time= 2594.2242686669033 min 	 loss= 2.189700753454006
epoch= 662 	 time= 2598.056056420008 min 	 loss= 2.2076116514928414
epoch= 663 	 time= 2601.8932931542395 min 	 loss= 2.257547859296654
epoch= 664 	 time= 2605.7325665632884 min 	 loss= 2.264339460929235
epoch= 665 	 time= 2609.5639333287877 min 	 loss= 2.2984647516951418
epoch= 666 	 time= 2613.4041340192157 min 	 loss= 2.251593369137157
epoch= 667 	 time= 2617.238592596849 min 	 loss= 2.190440622062394
epoch= 668 	 time= 2621.073355305195 min 	 loss= 2.196708842226953
epoch= 669 	 time= 2624.9111824711163 min 	 loss= 2.239124663941788
epoch= 670 	 time= 2628.744965807597 min 	 loss= 2.2053473483432424
epoch= 671 	 time= 2632.579166150093 min 	 loss= 2.189186272530845
epoch= 672 	 time= 2636.417485809326 min 	 loss= 2.1779897194739544
epoch= 673 	 time= 2640.2540254831315 min 	 loss= 2.224163782452092
epoch= 674 	 time= 2644.084513060252 min 	 loss= 2.1825126341436847
epoch= 675 	 time= 2647.9243400971095 min 	 loss= 2.217714783820239
epoch= 676 	 time= 2651.753299689293 min 	 loss= 2.20258850849036
epoch= 677 	 time= 2655.5890120546023 min 	 loss= 2.176842078024691
epoch= 678 	 time= 2659.4260280013086 min 	 loss= 2.176466793815295
epoch= 679 	 time= 2663.263990064462 min 	 loss= 2.17734291425257
epoch= 680 	 time= 2667.104908410708 min 	 loss= 2.205009311582103
epoch= 681 	 time= 2670.942606767019 min 	 loss= 2.1999037282214022
epoch= 682 	 time= 2674.7768656134604 min 	 loss= 2.175137128468716
epoch= 683 	 time= 2678.612662923336 min 	 loss= 2.1682706559968716
epoch= 684 	 time= 2682.448486427466 min 	 loss= 2.1776700444113124
epoch= 685 	 time= 2686.283970252673 min 	 loss= 2.2110616453669287
epoch= 686 	 time= 2690.1285805424054 min 	 loss= 2.295470452272531
epoch= 687 	 time= 2693.9725198348365 min 	 loss= 3.4454467553803414
epoch= 688 	 time= 2697.8086048483847 min 	 loss= 2.98267747167385
epoch= 689 	 time= 2701.6566787083943 min 	 loss= 2.933880150751634
epoch= 690 	 time= 2705.501520105203 min 	 loss= 2.676290312535835
epoch= 691 	 time= 2709.347688428561 min 	 loss= 2.5160214859608447
epoch= 692 	 time= 2713.187366314729 min 	 loss= 2.388707964980241
epoch= 693 	 time= 2717.028097597758 min 	 loss= 2.2851180587212245
epoch= 694 	 time= 2720.8789257764815 min 	 loss= 2.2178467519716785
epoch= 695 	 time= 2724.7274885058405 min 	 loss= 2.1914831429539303
epoch= 696 	 time= 2728.566733940442 min 	 loss= 2.1947093692692845
epoch= 697 	 time= 2732.4024752775827 min 	 loss= 2.1749395456458585
epoch= 698 	 time= 2736.2487837314607 min 	 loss= 2.1837195576140376
epoch= 699 	 time= 2740.0950006167095 min 	 loss= 2.180506680950974
epoch= 700 	 time= 2743.9290580630304 min 	 loss= 2.1919187674739145
epoch= 701 	 time= 2747.7606808304786 min 	 loss= 2.17305209338665
epoch= 702 	 time= 2751.5923207680385 min 	 loss= 2.19137533195091
epoch= 703 	 time= 2755.4273688872654 min 	 loss= 2.1777926114472477
epoch= 704 	 time= 2759.2594519098598 min 	 loss= 2.1751207274559774
epoch= 705 	 time= 2763.102168250084 min 	 loss= 2.1767219697887246
epoch= 706 	 time= 2766.945903813839 min 	 loss= 2.1713009691419023
epoch= 707 	 time= 2770.7894273400307 min 	 loss= 2.170587216958855
epoch= 708 	 time= 2774.631379218896 min 	 loss= 2.190890115427248
epoch= 709 	 time= 2778.4803187092143 min 	 loss= 2.2283232188947273
epoch= 710 	 time= 2782.3279868841173 min 	 loss= 2.1792492951046336
epoch= 711 	 time= 2786.177768143018 min 	 loss= 2.228728173790556
epoch= 712 	 time= 2790.0196767171224 min 	 loss= 2.155796774228414
epoch= 713 	 time= 2793.8563450455667 min 	 loss= 2.1573424312562652
epoch= 714 	 time= 2797.694217133522 min 	 loss= 2.170954833771243
epoch= 715 	 time= 2801.5308303554853 min 	 loss= 2.170377495234663
epoch= 716 	 time= 2805.3706007401147 min 	 loss= 2.1982792355255647
epoch= 717 	 time= 2809.21228654782 min 	 loss= 2.195928331920595
epoch= 718 	 time= 2813.061556828022 min 	 loss= 2.1912386173551734
epoch= 719 	 time= 2816.9052204767863 min 	 loss= 2.1522326881235294
Finish Training
