cuda
3300
825
3303618
Slice group ID:  5
epoch= 0 	 time= 3.503567389647166 min 	 loss= 1.4660963278105765
epoch= 1 	 time= 6.97394558986028 min 	 loss= 1.3164627247145682
epoch= 2 	 time= 10.434970533847808 min 	 loss= 1.3018184024637396
epoch= 3 	 time= 13.888287556171417 min 	 loss= 1.282523704442111
epoch= 4 	 time= 17.380508669217427 min 	 loss= 1.2582114814989493
epoch= 5 	 time= 20.848590687910715 min 	 loss= 1.233602771542289
epoch= 6 	 time= 24.31420282125473 min 	 loss= 1.2149481731472593
epoch= 7 	 time= 27.859932096799216 min 	 loss= 1.2021594188430094
epoch= 8 	 time= 31.366219409306844 min 	 loss= 1.1885323778788248
epoch= 9 	 time= 34.85927453835805 min 	 loss= 1.1808638420971957
epoch= 10 	 time= 38.35400369962056 min 	 loss= 1.1748087734164614
epoch= 11 	 time= 41.81432990233103 min 	 loss= 1.1660271741404677
epoch= 12 	 time= 45.25273454586665 min 	 loss= 1.1598126938126303
epoch= 13 	 time= 48.73630976676941 min 	 loss= 1.1553206879442388
epoch= 14 	 time= 52.173735558986664 min 	 loss= 1.1508833642439409
epoch= 15 	 time= 55.613829084237416 min 	 loss= 1.145665944778558
epoch= 16 	 time= 59.06884951591492 min 	 loss= 1.1415605732166405
epoch= 17 	 time= 62.52872805992762 min 	 loss= 1.1377673000277895
epoch= 18 	 time= 66.00979244311651 min 	 loss= 1.1346257642543678
epoch= 19 	 time= 69.48822371959686 min 	 loss= 1.1304618228565564
epoch= 20 	 time= 72.9573172489802 min 	 loss= 1.1276927551356228
epoch= 21 	 time= 76.45513610045116 min 	 loss= 1.1244450469450518
epoch= 22 	 time= 79.90657653013865 min 	 loss= 1.1209759165301467
epoch= 23 	 time= 83.3386101325353 min 	 loss= 1.1188090455170834
epoch= 24 	 time= 86.79040146271387 min 	 loss= 1.1160905163215868
epoch= 25 	 time= 90.23936554590861 min 	 loss= 1.1133512796777667
epoch= 26 	 time= 93.74094678163529 min 	 loss= 1.110947806040446
epoch= 27 	 time= 97.27343587478002 min 	 loss= 1.1086351229205276
epoch= 28 	 time= 100.80319997866948 min 	 loss= 1.106382284597917
epoch= 29 	 time= 104.31419848203659 min 	 loss= 1.104270864761237
epoch= 30 	 time= 107.81497810284297 min 	 loss= 1.090075541120587
epoch= 31 	 time= 111.31932994524638 min 	 loss= 1.082829012148308
epoch= 32 	 time= 114.81735545794169 min 	 loss= 1.0793601754217437
epoch= 33 	 time= 118.32639621098836 min 	 loss= 1.0770612447912042
epoch= 34 	 time= 121.84350343942643 min 	 loss= 1.0751570811416165
epoch= 35 	 time= 125.36254393657049 min 	 loss= 1.0735098669023224
epoch= 36 	 time= 128.87348344723384 min 	 loss= 1.0722388381669015
epoch= 37 	 time= 132.38200970888138 min 	 loss= 1.0709929266120448
epoch= 38 	 time= 135.90200567245483 min 	 loss= 1.0698402279796022
epoch= 39 	 time= 139.4177656451861 min 	 loss= 1.0688328815229011
epoch= 40 	 time= 142.94850454727808 min 	 loss= 1.067821938413562
epoch= 41 	 time= 146.47674681345623 min 	 loss= 1.0669602105111786
epoch= 42 	 time= 150.00478149255116 min 	 loss= 1.0660237471262615
epoch= 43 	 time= 153.51052405436835 min 	 loss= 1.0651809101393728
epoch= 44 	 time= 157.01458552281062 min 	 loss= 1.0644917889797327
epoch= 45 	 time= 160.5262133439382 min 	 loss= 1.0636844458002033
epoch= 46 	 time= 164.039897441864 min 	 loss= 1.062940899892287
epoch= 47 	 time= 167.5436934709549 min 	 loss= 1.0622254813078678
epoch= 48 	 time= 171.03254390557606 min 	 loss= 1.061585385799408
epoch= 49 	 time= 174.53273626565934 min 	 loss= 1.0609436424573262
epoch= 50 	 time= 178.04857995907466 min 	 loss= 1.060264177900372
epoch= 51 	 time= 181.544160425663 min 	 loss= 1.0597023018923672
epoch= 52 	 time= 185.04355289936066 min 	 loss= 1.0590347998069993
epoch= 53 	 time= 188.5418518225352 min 	 loss= 1.0584718080722924
epoch= 54 	 time= 192.05246738592783 min 	 loss= 1.0577924566557912
epoch= 55 	 time= 195.5710586865743 min 	 loss= 1.057381470781384
epoch= 56 	 time= 199.08533010880151 min 	 loss= 1.0567750109325755
epoch= 57 	 time= 202.6011427283287 min 	 loss= 1.0563227546576297
epoch= 58 	 time= 206.0868008375168 min 	 loss= 1.0558301855578567
epoch= 59 	 time= 209.59977439244588 min 	 loss= 1.055284479820367
epoch= 60 	 time= 213.07828969160715 min 	 loss= 1.0533571735295382
epoch= 61 	 time= 216.59320807854334 min 	 loss= 1.052980786670338
epoch= 62 	 time= 220.12340002854665 min 	 loss= 1.05279571352583
epoch= 63 	 time= 223.63071586290997 min 	 loss= 1.0525488798546068
epoch= 64 	 time= 227.14325117667516 min 	 loss= 1.052370409676523
epoch= 65 	 time= 230.6229667544365 min 	 loss= 1.0522103729392542
epoch= 66 	 time= 234.14375521739325 min 	 loss= 1.0521648198908025
epoch= 67 	 time= 237.64547905921935 min 	 loss= 1.0521103754910557
epoch= 68 	 time= 241.14511864582698 min 	 loss= 1.0519466654459635
epoch= 69 	 time= 244.65684091647466 min 	 loss= 1.0518606094158056
epoch= 70 	 time= 248.16214333375294 min 	 loss= 1.0517472298940023
epoch= 71 	 time= 251.6617822686831 min 	 loss= 1.0517175560286551
epoch= 72 	 time= 255.15478084484735 min 	 loss= 1.0516117586511553
epoch= 73 	 time= 258.66678621371585 min 	 loss= 1.0515200350501321
epoch= 74 	 time= 262.1474925875664 min 	 loss= 1.051423001722856
epoch= 75 	 time= 265.069526664416 min 	 loss= 1.0514096247788631
epoch= 76 	 time= 266.2995420336723 min 	 loss= 1.0513483126958212
epoch= 77 	 time= 267.5186557928721 min 	 loss= 1.051270546840899
epoch= 78 	 time= 268.7648730039597 min 	 loss= 1.0511881131114382
epoch= 79 	 time= 270.0106191833814 min 	 loss= 1.0511478900186944
epoch= 80 	 time= 271.25806516011556 min 	 loss= 1.0510666937539073
epoch= 81 	 time= 272.5008572300275 min 	 loss= 1.051057328527624
epoch= 82 	 time= 273.749928855896 min 	 loss= 1.050966401533647
epoch= 83 	 time= 274.9916029294332 min 	 loss= 1.0508238044652072
epoch= 84 	 time= 276.1958224773407 min 	 loss= 1.0508102276108482
epoch= 85 	 time= 277.3902134696643 min 	 loss= 1.0507391798135006
epoch= 86 	 time= 278.6374679803848 min 	 loss= 1.0506829287066604
epoch= 87 	 time= 279.87379784584044 min 	 loss= 1.0506290407614274
epoch= 88 	 time= 281.11711597045263 min 	 loss= 1.050619952245192
epoch= 89 	 time= 282.3538749655088 min 	 loss= 1.0504926061630249
epoch= 90 	 time= 283.59672621488573 min 	 loss= 1.0502883294134429
epoch= 91 	 time= 284.81354485352836 min 	 loss= 1.0502963170860753
epoch= 92 	 time= 286.04277649323143 min 	 loss= 1.050265039097179
epoch= 93 	 time= 287.3054336190224 min 	 loss= 1.0503239331100926
epoch= 94 	 time= 288.5313177585602 min 	 loss= 1.050265344923193
epoch= 95 	 time= 289.7667992472649 min 	 loss= 1.0502761140014185
epoch= 96 	 time= 291.0207899411519 min 	 loss= 1.050247042612596
epoch= 97 	 time= 292.26492371956505 min 	 loss= 1.0502681012587114
epoch= 98 	 time= 293.5158756613731 min 	 loss= 1.0501776032014327
epoch= 99 	 time= 294.7657500346502 min 	 loss= 1.0502092123754097
epoch= 100 	 time= 296.00580486059187 min 	 loss= 1.0501703858375548
epoch= 101 	 time= 297.24545055627823 min 	 loss= 1.0501920020941533
epoch= 102 	 time= 298.48674898147584 min 	 loss= 1.0502102928450614
epoch= 103 	 time= 299.7012042403221 min 	 loss= 1.05019384803194
epoch= 104 	 time= 300.9016193985939 min 	 loss= 1.050172588969722
epoch= 105 	 time= 302.1343120098114 min 	 loss= 1.0501316635536424
epoch= 106 	 time= 303.37404918670654 min 	 loss= 1.0501760530471802
epoch= 107 	 time= 304.611844933033 min 	 loss= 1.0501669563669147
epoch= 108 	 time= 305.83724521398545 min 	 loss= 1.050193074544271
epoch= 109 	 time= 307.0838050842285 min 	 loss= 1.0500969519037189
epoch= 110 	 time= 308.3266065557798 min 	 loss= 1.0500745129585267
epoch= 111 	 time= 309.5769921819369 min 	 loss= 1.0501123723116788
epoch= 112 	 time= 310.8171462535858 min 	 loss= 1.050169372992082
epoch= 113 	 time= 312.04700502554573 min 	 loss= 1.050035692128268
epoch= 114 	 time= 313.2778770128886 min 	 loss= 1.0501346960934725
epoch= 115 	 time= 314.5138915936152 min 	 loss= 1.050080599784851
epoch= 116 	 time= 315.7583511749903 min 	 loss= 1.0500128816113328
epoch= 117 	 time= 317.00841768980024 min 	 loss= 1.0500501343698212
epoch= 118 	 time= 318.2458836913109 min 	 loss= 1.0500823953657439
epoch= 119 	 time= 319.49354155858356 min 	 loss= 1.0500392775102094
epoch= 120 	 time= 320.74551967382433 min 	 loss= 1.050003194953456
epoch= 121 	 time= 321.97879147926966 min 	 loss= 1.0500623241337863
epoch= 122 	 time= 323.2189987023672 min 	 loss= 1.0500357133691962
epoch= 123 	 time= 324.4200417478879 min 	 loss= 1.0500152491800714
epoch= 124 	 time= 325.6394501725833 min 	 loss= 1.0499832924929533
epoch= 125 	 time= 326.8923781514168 min 	 loss= 1.0500565559936292
epoch= 126 	 time= 328.1464208086332 min 	 loss= 1.0500185972271543
epoch= 127 	 time= 329.3946540236473 min 	 loss= 1.0500327179648659
epoch= 128 	 time= 330.65205179055533 min 	 loss= 1.050037279923757
epoch= 129 	 time= 331.9034458319346 min 	 loss= 1.0499995916539973
epoch= 130 	 time= 333.1454984466235 min 	 loss= 1.049999101306453
epoch= 131 	 time= 334.3850422064463 min 	 loss= 1.0500449354720838
epoch= 132 	 time= 335.6362260699272 min 	 loss= 1.050048374118227
epoch= 133 	 time= 336.89131946166356 min 	 loss= 1.0500539356289489
epoch= 134 	 time= 338.1319215377172 min 	 loss= 1.0500844404914162
epoch= 135 	 time= 339.3848683079084 min 	 loss= 1.0500400246273387
epoch= 136 	 time= 340.6335477590561 min 	 loss= 1.0500525023720482
epoch= 137 	 time= 341.87024184465406 min 	 loss= 1.0500039487896544
epoch= 138 	 time= 343.11758499542873 min 	 loss= 1.0499966059309063
epoch= 139 	 time= 344.36578580141065 min 	 loss= 1.0499900205207593
epoch= 140 	 time= 345.5963314930598 min 	 loss= 1.050023566231583
epoch= 141 	 time= 346.83807264963787 min 	 loss= 1.0499928232395288
epoch= 142 	 time= 348.0601142923037 min 	 loss= 1.0499706213402025
epoch= 143 	 time= 349.2583164691925 min 	 loss= 1.0500075447198116
epoch= 144 	 time= 350.5100030819575 min 	 loss= 1.0500322704604177
epoch= 145 	 time= 351.73698424100877 min 	 loss= 1.0499394256418402
epoch= 146 	 time= 352.972940548261 min 	 loss= 1.050049383279049
epoch= 147 	 time= 354.2257018725077 min 	 loss= 1.050012839562965
epoch= 148 	 time= 355.4723427534103 min 	 loss= 1.0500468905044325
epoch= 149 	 time= 356.7049840013186 min 	 loss= 1.050024314287937
epoch= 150 	 time= 357.9468413790067 min 	 loss= 1.0500004375342167
epoch= 151 	 time= 359.19952149788537 min 	 loss= 1.0500385993177241
epoch= 152 	 time= 360.4563257654508 min 	 loss= 1.0499678787318143
epoch= 153 	 time= 361.70948015848796 min 	 loss= 1.0500616369825422
epoch= 154 	 time= 362.9622236728668 min 	 loss= 1.049974828416651
epoch= 155 	 time= 364.1921461582184 min 	 loss= 1.0500103865247785
epoch= 156 	 time= 365.4376305103302 min 	 loss= 1.0500264473394914
epoch= 157 	 time= 366.6923631032308 min 	 loss= 1.049988313515981
epoch= 158 	 time= 367.94404462575915 min 	 loss= 1.0500125033205205
epoch= 159 	 time= 369.1956794778506 min 	 loss= 1.0499790836103036
epoch= 160 	 time= 370.44351222515104 min 	 loss= 1.0500174477606108
epoch= 161 	 time= 371.69338711500166 min 	 loss= 1.0499277492725487
epoch= 162 	 time= 372.89449071884155 min 	 loss= 1.0500081556493586
epoch= 163 	 time= 374.10672379334767 min 	 loss= 1.0500276684038568
epoch= 164 	 time= 375.34334914286933 min 	 loss= 1.0499504380515128
epoch= 165 	 time= 376.58447000583016 min 	 loss= 1.049987522616531
epoch= 166 	 time= 377.81481311718625 min 	 loss= 1.0499666638085337
epoch= 167 	 time= 379.05135123332343 min 	 loss= 1.0499141282746287
epoch= 168 	 time= 380.2949712951978 min 	 loss= 1.0500378921537687
epoch= 169 	 time= 381.526680290699 min 	 loss= 1.0500845887444237
epoch= 170 	 time= 382.7819349169731 min 	 loss= 1.049909914190119
epoch= 171 	 time= 384.0145968397458 min 	 loss= 1.0500292096715984
epoch= 172 	 time= 385.24402822256087 min 	 loss= 1.0500262472123811
epoch= 173 	 time= 386.4764839847883 min 	 loss= 1.049989754936912
epoch= 174 	 time= 387.72595287561415 min 	 loss= 1.0500258949308685
epoch= 175 	 time= 388.97253797451657 min 	 loss= 1.0499702202912533
epoch= 176 	 time= 390.14341063896813 min 	 loss= 1.0500221340584033
epoch= 177 	 time= 391.3276760300001 min 	 loss= 1.0499787590720437
epoch= 178 	 time= 392.5106454133987 min 	 loss= 1.0500292360421384
epoch= 179 	 time= 393.7181141813596 min 	 loss= 1.0499814886757821
epoch= 180 	 time= 394.9496948003769 min 	 loss= 1.0500371226397427
epoch= 181 	 time= 396.15903944969176 min 	 loss= 1.0500314085411302
epoch= 182 	 time= 397.3643258134524 min 	 loss= 1.050026815660072
epoch= 183 	 time= 398.5169621348381 min 	 loss= 1.0500099003676213
epoch= 184 	 time= 399.7525340000788 min 	 loss= 1.050041526592139
epoch= 185 	 time= 400.93021942774453 min 	 loss= 1.050055067322471
epoch= 186 	 time= 402.0798341393471 min 	 loss= 1.0499919975887646
epoch= 187 	 time= 403.28528631130854 min 	 loss= 1.0499476557789427
epoch= 188 	 time= 404.5462206363678 min 	 loss= 1.0499606062426712
epoch= 189 	 time= 405.699013308684 min 	 loss= 1.049976331320676
epoch= 190 	 time= 406.8630452831586 min 	 loss= 1.0500254201166557
epoch= 191 	 time= 408.03162535031635 min 	 loss= 1.0499467232010582
epoch= 192 	 time= 409.2266243537267 min 	 loss= 1.0500276348085114
epoch= 193 	 time= 410.4134002129237 min 	 loss= 1.0499955090609463
epoch= 194 	 time= 411.5732936143875 min 	 loss= 1.0499857959602819
epoch= 195 	 time= 412.85948350826897 min 	 loss= 1.0499599651856857
epoch= 196 	 time= 414.15352489550907 min 	 loss= 1.0499905820326372
epoch= 197 	 time= 415.44285501639047 min 	 loss= 1.0499821412202084
epoch= 198 	 time= 416.723421450456 min 	 loss= 1.0500101041793823
epoch= 199 	 time= 417.99898489713667 min 	 loss= 1.050062854795745
epoch= 200 	 time= 419.3019371946653 min 	 loss= 1.0500040671319673
epoch= 201 	 time= 420.4820818901062 min 	 loss= 1.0500285804632938
epoch= 202 	 time= 421.68090010086695 min 	 loss= 1.0500129340634201
epoch= 203 	 time= 422.96083759069444 min 	 loss= 1.0499694621924198
epoch= 204 	 time= 424.2265268206596 min 	 loss= 1.049958497177471
epoch= 205 	 time= 425.5025771538416 min 	 loss= 1.0500149364182443
epoch= 206 	 time= 426.7792894562086 min 	 loss= 1.050022676713539
epoch= 207 	 time= 428.0652955452601 min 	 loss= 1.050052925528902
epoch= 208 	 time= 429.3459360599518 min 	 loss= 1.0500192320708073
epoch= 209 	 time= 430.5999140659968 min 	 loss= 1.0499591010267084
epoch= 210 	 time= 431.8282974004745 min 	 loss= 1.0500254222840975
epoch= 211 	 time= 433.1320631702741 min 	 loss= 1.050003496950323
epoch= 212 	 time= 434.4180019259453 min 	 loss= 1.049997585470026
epoch= 213 	 time= 435.69948019186654 min 	 loss= 1.0499352240562438
epoch= 214 	 time= 436.97212251424787 min 	 loss= 1.0499758173480178
epoch= 215 	 time= 438.2430100440979 min 	 loss= 1.0499977296771426
epoch= 216 	 time= 439.5130773305893 min 	 loss= 1.0500057710300792
epoch= 217 	 time= 440.7645887772242 min 	 loss= 1.0500071027062157
epoch= 218 	 time= 441.9611608743668 min 	 loss= 1.0500149590318852
epoch= 219 	 time= 443.14714879194895 min 	 loss= 1.0500965758525964
epoch= 220 	 time= 444.33597763776777 min 	 loss= 1.0500998668237167
epoch= 221 	 time= 445.5222729921341 min 	 loss= 1.0499973451007496
epoch= 222 	 time= 446.6978592038155 min 	 loss= 1.0500410855177678
epoch= 223 	 time= 447.88381739457446 min 	 loss= 1.050008699388215
epoch= 224 	 time= 449.0663593928019 min 	 loss= 1.0500353808114022
epoch= 225 	 time= 450.242139907678 min 	 loss= 1.0499741914055565
epoch= 226 	 time= 451.4212545911471 min 	 loss= 1.050105659311468
epoch= 227 	 time= 452.60277029673256 min 	 loss= 1.0500408215956254
epoch= 228 	 time= 453.78179824352264 min 	 loss= 1.0500615523078225
epoch= 229 	 time= 454.9582481265068 min 	 loss= 1.0499900788971872
epoch= 230 	 time= 456.1369012594223 min 	 loss= 1.0499846001104876
epoch= 231 	 time= 457.31140996217727 min 	 loss= 1.049980102669109
epoch= 232 	 time= 458.48751773834226 min 	 loss= 1.0500222926428824
epoch= 233 	 time= 459.6689118981361 min 	 loss= 1.0500114527615634
epoch= 234 	 time= 460.8519259214401 min 	 loss= 1.0499789749492299
epoch= 235 	 time= 462.0245213866234 min 	 loss= 1.0500341296918465
epoch= 236 	 time= 463.2058416843414 min 	 loss= 1.050031372200359
epoch= 237 	 time= 464.3816861550013 min 	 loss= 1.0499836138522987
epoch= 238 	 time= 465.5529923240344 min 	 loss= 1.0500269723661018
epoch= 239 	 time= 466.730867600441 min 	 loss= 1.0500497018929684
epoch= 240 	 time= 467.903925259908 min 	 loss= 1.0500791590864007
epoch= 241 	 time= 469.07630947828295 min 	 loss= 1.0500812739314456
epoch= 242 	 time= 470.33510207335155 min 	 loss= 1.0500958398616675
epoch= 243 	 time= 471.7554828246435 min 	 loss= 1.049970982652722
epoch= 244 	 time= 473.0446493665377 min 	 loss= 1.0500054837718154
epoch= 245 	 time= 474.2292848865191 min 	 loss= 1.0500075187827602
epoch= 246 	 time= 475.40532753864926 min 	 loss= 1.0500724135023174
epoch= 247 	 time= 476.5772368510564 min 	 loss= 1.0500256903966267
epoch= 248 	 time= 477.75995441675184 min 	 loss= 1.049979562253663
epoch= 249 	 time= 478.93270349502563 min 	 loss= 1.050018224282698
epoch= 250 	 time= 480.1030562321345 min 	 loss= 1.0500030630285089
epoch= 251 	 time= 481.28107721010844 min 	 loss= 1.0500429960453148
epoch= 252 	 time= 482.456045516332 min 	 loss= 1.0500039490063986
epoch= 253 	 time= 483.6307950973511 min 	 loss= 1.0499900563557942
epoch= 254 	 time= 484.8156678080559 min 	 loss= 1.0499797533497666
epoch= 255 	 time= 485.9908531109492 min 	 loss= 1.0500151939103097
epoch= 256 	 time= 487.16219601233803 min 	 loss= 1.0500146860064883
epoch= 257 	 time= 488.33573534488676 min 	 loss= 1.0499558701659695
epoch= 258 	 time= 489.49957455794015 min 	 loss= 1.0500616998383494
epoch= 259 	 time= 490.6723030050596 min 	 loss= 1.0499923029812899
epoch= 260 	 time= 491.85318484306333 min 	 loss= 1.0499648167147781
epoch= 261 	 time= 493.03234416246414 min 	 loss= 1.0499900483362603
epoch= 262 	 time= 494.21255328257877 min 	 loss= 1.049986882282026
epoch= 263 	 time= 495.58319340149563 min 	 loss= 1.0500099631511803
epoch= 264 	 time= 497.0200983762741 min 	 loss= 1.050055376182903
epoch= 265 	 time= 498.19671056667966 min 	 loss= 1.0500459082198865
epoch= 266 	 time= 499.3748850742976 min 	 loss= 1.049974905577573
epoch= 267 	 time= 500.5562005400658 min 	 loss= 1.0500150861884607
epoch= 268 	 time= 501.73013419707615 min 	 loss= 1.0500240602637783
epoch= 269 	 time= 502.9116865555445 min 	 loss= 1.050044215447975
epoch= 270 	 time= 504.09142411549885 min 	 loss= 1.0499970401417125
epoch= 271 	 time= 505.27085949977237 min 	 loss= 1.0500451003421436
epoch= 272 	 time= 506.45247749090197 min 	 loss= 1.0500482786785472
epoch= 273 	 time= 507.62882655064266 min 	 loss= 1.050040064869505
epoch= 274 	 time= 508.80961660146716 min 	 loss= 1.0500135406580837
epoch= 275 	 time= 509.9872408548991 min 	 loss= 1.0500568756912694
epoch= 276 	 time= 511.1627107858658 min 	 loss= 1.050000564474048
epoch= 277 	 time= 512.3393016298612 min 	 loss= 1.049957187609239
epoch= 278 	 time= 513.5129734357198 min 	 loss= 1.0499791435761885
epoch= 279 	 time= 514.692549542586 min 	 loss= 1.0500345614462188
epoch= 280 	 time= 515.8709831237793 min 	 loss= 1.0499996136896539
epoch= 281 	 time= 517.047918689251 min 	 loss= 1.0499890293497027
epoch= 282 	 time= 518.2254403789838 min 	 loss= 1.0500790108333935
epoch= 283 	 time= 519.4898668686549 min 	 loss= 1.050031055175897
epoch= 284 	 time= 520.9237693826358 min 	 loss= 1.050012128497615
epoch= 285 	 time= 522.2143608291943 min 	 loss= 1.0499897501685402
epoch= 286 	 time= 523.3954346617063 min 	 loss= 1.0500064133152818
epoch= 287 	 time= 524.5706600149473 min 	 loss= 1.0500133495619803
epoch= 288 	 time= 525.7584332823753 min 	 loss= 1.0499240641160446
epoch= 289 	 time= 526.9365176876386 min 	 loss= 1.0500313027699788
epoch= 290 	 time= 528.1088284810384 min 	 loss= 1.0500461709138118
epoch= 291 	 time= 529.2866774956385 min 	 loss= 1.050006215500109
epoch= 292 	 time= 530.4746973951658 min 	 loss= 1.049975922830177
epoch= 293 	 time= 531.6533741871516 min 	 loss= 1.050029442021341
epoch= 294 	 time= 532.844673148791 min 	 loss= 1.0499713995962432
epoch= 295 	 time= 534.0417274713516 min 	 loss= 1.049898130676963
epoch= 296 	 time= 535.2273275732994 min 	 loss= 1.0500074302788938
epoch= 297 	 time= 536.4166820486387 min 	 loss= 1.0500418256268356
epoch= 298 	 time= 537.601954960823 min 	 loss= 1.0499952880541483
epoch= 299 	 time= 538.7895999312401 min 	 loss= 1.0500469732284545
epoch= 300 	 time= 539.9771451830863 min 	 loss= 1.0500353837735725
epoch= 301 	 time= 541.1802722096443 min 	 loss= 1.0499776296904593
epoch= 302 	 time= 542.3666858235995 min 	 loss= 1.0500183674060937
epoch= 303 	 time= 543.562292889754 min 	 loss= 1.05000755591826
epoch= 304 	 time= 544.8974931995074 min 	 loss= 1.0500073304320827
epoch= 305 	 time= 546.3222916523615 min 	 loss= 1.0500158860466697
epoch= 306 	 time= 547.5712659557661 min 	 loss= 1.0499798412034005
epoch= 307 	 time= 548.7630454182624 min 	 loss= 1.050029259595004
epoch= 308 	 time= 549.951712747415 min 	 loss= 1.0500216629288412
epoch= 309 	 time= 551.1458106120427 min 	 loss= 1.050061225457625
epoch= 310 	 time= 552.3377836783727 min 	 loss= 1.0499696552392208
epoch= 311 	 time= 553.5343586047491 min 	 loss= 1.0500017735452363
epoch= 312 	 time= 554.7237131714821 min 	 loss= 1.0500111842155457
epoch= 313 	 time= 555.9125878810883 min 	 loss= 1.050083709485603
epoch= 314 	 time= 557.097195537885 min 	 loss= 1.0500975507678407
epoch= 315 	 time= 558.2832144061724 min 	 loss= 1.0500176616870995
epoch= 316 	 time= 559.4748075207075 min 	 loss= 1.049997104586977
epoch= 317 	 time= 560.6573757489522 min 	 loss= 1.0500311589241027
epoch= 318 	 time= 561.8624381184578 min 	 loss= 1.050003222985701
epoch= 319 	 time= 563.1600293954214 min 	 loss= 1.0499935913085938
epoch= 320 	 time= 564.4745087703069 min 	 loss= 1.0500435217221578
epoch= 321 	 time= 565.7855737368266 min 	 loss= 1.0500268917372733
epoch= 322 	 time= 567.0984617233277 min 	 loss= 1.0500125512932286
epoch= 323 	 time= 568.4084556380908 min 	 loss= 1.0499051694436508
epoch= 324 	 time= 569.6928655703863 min 	 loss= 1.049958308465553
epoch= 325 	 time= 570.8655138532321 min 	 loss= 1.0499772855729768
epoch= 326 	 time= 572.1358692248663 min 	 loss= 1.049970941326835
epoch= 327 	 time= 573.4542496164639 min 	 loss= 1.0499900862664888
epoch= 328 	 time= 574.7744365135828 min 	 loss= 1.0500020235957521
epoch= 329 	 time= 576.0745682438214 min 	 loss= 1.0500182997096668
epoch= 330 	 time= 577.3940347274145 min 	 loss= 1.0500275896534774
epoch= 331 	 time= 578.703475912412 min 	 loss= 1.0500327772805185
epoch= 332 	 time= 580.0071484645208 min 	 loss= 1.049988612984166
epoch= 333 	 time= 581.310936164856 min 	 loss= 1.050040298013976
epoch= 334 	 time= 582.6184439023335 min 	 loss= 1.050000473947236
epoch= 335 	 time= 583.9326056162516 min 	 loss= 1.050029403296384
epoch= 336 	 time= 585.2139421304067 min 	 loss= 1.0499871481548657
epoch= 337 	 time= 586.5220985690753 min 	 loss= 1.050060345476324
epoch= 338 	 time= 587.8433694680532 min 	 loss= 1.0499959842363993
epoch= 339 	 time= 589.1457828044892 min 	 loss= 1.0500387839837508
epoch= 340 	 time= 590.4691775083542 min 	 loss= 1.0500149951559126
epoch= 341 	 time= 591.8030146797498 min 	 loss= 1.0499924416253061
epoch= 342 	 time= 593.1251479665439 min 	 loss= 1.0499999125798543
epoch= 343 	 time= 594.3894466400146 min 	 loss= 1.0499959776618264
epoch= 344 	 time= 595.5529505809149 min 	 loss= 1.0500291749202844
epoch= 345 	 time= 596.6608646988868 min 	 loss= 1.0499356566053448
epoch= 346 	 time= 597.9738497455915 min 	 loss= 1.0499452914613665
epoch= 347 	 time= 599.2879664778709 min 	 loss= 1.0500051131392971
epoch= 348 	 time= 600.5959885319074 min 	 loss= 1.0500889567172889
epoch= 349 	 time= 601.9067780534426 min 	 loss= 1.049999564633225
epoch= 350 	 time= 603.2173908034961 min 	 loss= 1.0499775664011637
epoch= 351 	 time= 604.5308766484261 min 	 loss= 1.049977398930174
epoch= 352 	 time= 605.8470907727877 min 	 loss= 1.0499903087182478
epoch= 353 	 time= 607.1595068971316 min 	 loss= 1.050027027346871
epoch= 354 	 time= 608.473784327507 min 	 loss= 1.0500594386187467
epoch= 355 	 time= 609.7846547206243 min 	 loss= 1.0500229347835888
epoch= 356 	 time= 611.0918576836586 min 	 loss= 1.0500894152034412
epoch= 357 	 time= 612.492995663484 min 	 loss= 1.050009089310964
epoch= 358 	 time= 613.7991970618566 min 	 loss= 1.0499659292625658
epoch= 359 	 time= 615.1352463285128 min 	 loss= 1.050002589081273
epoch= 360 	 time= 616.4603324890137 min 	 loss= 1.0499692463152337
epoch= 361 	 time= 617.7793688615163 min 	 loss= 1.0499918401602544
epoch= 362 	 time= 619.0209744334221 min 	 loss= 1.0499902712215077
epoch= 363 	 time= 620.1957881967227 min 	 loss= 1.0499500674912423
epoch= 364 	 time= 621.4989112019539 min 	 loss= 1.0499745588591605
epoch= 365 	 time= 622.8196185787518 min 	 loss= 1.0500016062187425
epoch= 366 	 time= 624.1336212833722 min 	 loss= 1.050008919166796
epoch= 367 	 time= 625.4476968367894 min 	 loss= 1.0500346517562866
epoch= 368 	 time= 626.7609808921814 min 	 loss= 1.050007320317355
epoch= 369 	 time= 628.0773038228352 min 	 loss= 1.049986917105588
epoch= 370 	 time= 629.3925788283348 min 	 loss= 1.0500000017339532
epoch= 371 	 time= 630.7049962123235 min 	 loss= 1.0500175310626174
epoch= 372 	 time= 632.0192341923714 min 	 loss= 1.050076671369148
epoch= 373 	 time= 633.3351166764895 min 	 loss= 1.0498979141495444
epoch= 374 	 time= 634.6485634684562 min 	 loss= 1.0500470294374409
epoch= 375 	 time= 635.9644043803215 min 	 loss= 1.0500594901316094
epoch= 376 	 time= 637.2845181743304 min 	 loss= 1.050009418256355
epoch= 377 	 time= 638.6072859644889 min 	 loss= 1.0500108495625582
epoch= 378 	 time= 639.9294987996419 min 	 loss= 1.0500134017973235
epoch= 379 	 time= 641.2371262073517 min 	 loss= 1.0500508692770294
epoch= 380 	 time= 642.5497523427009 min 	 loss= 1.0499949953050325
epoch= 381 	 time= 643.768861079216 min 	 loss= 1.0499222045956236
epoch= 382 	 time= 644.9614146908124 min 	 loss= 1.0500326789509167
epoch= 383 	 time= 646.270734043916 min 	 loss= 1.050046394738284
epoch= 384 	 time= 647.5841157793999 min 	 loss= 1.0499695750438807
epoch= 385 	 time= 648.894761578242 min 	 loss= 1.0499804558898462
epoch= 386 	 time= 650.2031215349833 min 	 loss= 1.0500815577218028
epoch= 387 	 time= 651.4973901867867 min 	 loss= 1.050012543851679
epoch= 388 	 time= 652.8091562708219 min 	 loss= 1.050013691223029
epoch= 389 	 time= 654.1194028814633 min 	 loss= 1.0499712014920783
epoch= 390 	 time= 655.4437666416168 min 	 loss= 1.0499918361143632
epoch= 391 	 time= 656.7708671569824 min 	 loss= 1.0499599918452176
epoch= 392 	 time= 658.0678017775218 min 	 loss= 1.0500078731594664
epoch= 393 	 time= 659.3880862236023 min 	 loss= 1.0499948768904714
epoch= 394 	 time= 660.7064568916957 min 	 loss= 1.0500145110939487
epoch= 395 	 time= 662.0170594612757 min 	 loss= 1.0499172179626697
epoch= 396 	 time= 663.329873808225 min 	 loss= 1.0500066372120018
epoch= 397 	 time= 664.6505715171496 min 	 loss= 1.0499777070681253
epoch= 398 	 time= 665.9609052141508 min 	 loss= 1.0500358393698028
epoch= 399 	 time= 667.2645207643509 min 	 loss= 1.0499718446442574
epoch= 400 	 time= 668.4113049944242 min 	 loss= 1.050028243859609
epoch= 401 	 time= 669.6332733670871 min 	 loss= 1.0499718869816173
epoch= 402 	 time= 670.9483669082324 min 	 loss= 1.050012397260377
epoch= 403 	 time= 672.2578231811524 min 	 loss= 1.050050313833988
epoch= 404 	 time= 673.5868657986323 min 	 loss= 1.049967873168714
epoch= 405 	 time= 674.9041077256203 min 	 loss= 1.050017815358711
epoch= 406 	 time= 676.2199776728947 min 	 loss= 1.0499540136077188
epoch= 407 	 time= 677.5330052018165 min 	 loss= 1.0500395638292486
epoch= 408 	 time= 678.8465826710066 min 	 loss= 1.0500087208458873
epoch= 409 	 time= 680.1566871722539 min 	 loss= 1.0500115790511622
epoch= 410 	 time= 681.4896421670913 min 	 loss= 1.0500542172518643
epoch= 411 	 time= 682.8171521306037 min 	 loss= 1.0500060203581145
epoch= 412 	 time= 684.1327479640643 min 	 loss= 1.0499656654849197
epoch= 413 	 time= 685.4452775756519 min 	 loss= 1.0499911643519546
epoch= 414 	 time= 686.7534085909525 min 	 loss= 1.0500599299777638
epoch= 415 	 time= 688.065382262071 min 	 loss= 1.0499232804413998
epoch= 416 	 time= 689.3849942445755 min 	 loss= 1.0501070162021753
epoch= 417 	 time= 690.6929062684377 min 	 loss= 1.0500047413508098
epoch= 418 	 time= 692.0024747769038 min 	 loss= 1.0499569389314363
epoch= 419 	 time= 693.1937751849492 min 	 loss= 1.049959798220432
epoch= 420 	 time= 694.4369700392087 min 	 loss= 1.0500349463838519
epoch= 421 	 time= 695.7217269500096 min 	 loss= 1.0499897612947406
epoch= 422 	 time= 697.0087053656578 min 	 loss= 1.0499827999057192
epoch= 423 	 time= 698.2916971286138 min 	 loss= 1.0500149075912706
epoch= 424 	 time= 699.5156467477481 min 	 loss= 1.0499981077512106
epoch= 425 	 time= 700.8095984180768 min 	 loss= 1.0500387801546038
epoch= 426 	 time= 702.0883700410525 min 	 loss= 1.0499659752123283
epoch= 427 	 time= 703.3785220503808 min 	 loss= 1.0499424134601245
epoch= 428 	 time= 704.6750423947971 min 	 loss= 1.049992168527661
epoch= 429 	 time= 705.9711511651675 min 	 loss= 1.0500038223555594
epoch= 430 	 time= 707.2671104431153 min 	 loss= 1.049986037124287
epoch= 431 	 time= 708.583298877875 min 	 loss= 1.0499981104966365
epoch= 432 	 time= 709.8755663077037 min 	 loss= 1.0499661804690505
epoch= 433 	 time= 711.1269135038058 min 	 loss= 1.0500189323858782
epoch= 434 	 time= 712.4151433348655 min 	 loss= 1.050008242780512
epoch= 435 	 time= 713.706363662084 min 	 loss= 1.0500407007246306
epoch= 436 	 time= 714.9975848674774 min 	 loss= 1.050038827982816
epoch= 437 	 time= 716.2830378929774 min 	 loss= 1.049978057760181
epoch= 438 	 time= 717.577409585317 min 	 loss= 1.0498812874880703
epoch= 439 	 time= 718.8872676730156 min 	 loss= 1.0500092947121822
epoch= 440 	 time= 720.2067448337873 min 	 loss= 1.0500384141459609
epoch= 441 	 time= 721.5112814863522 min 	 loss= 1.0499666904680656
epoch= 442 	 time= 722.8129352490107 min 	 loss= 1.0500012919397066
epoch= 443 	 time= 724.1133063515027 min 	 loss= 1.049987009005113
epoch= 444 	 time= 725.4257830540339 min 	 loss= 1.0500664168415648
epoch= 445 	 time= 726.7466016968091 min 	 loss= 1.0499631999478196
epoch= 446 	 time= 728.0645422379176 min 	 loss= 1.0499778694817514
epoch= 447 	 time= 729.3892138083776 min 	 loss= 1.049979181506417
epoch= 448 	 time= 730.6936337471009 min 	 loss= 1.0500238925037961
epoch= 449 	 time= 732.0105054457982 min 	 loss= 1.0500065572334059
epoch= 450 	 time= 733.309591849645 min 	 loss= 1.0499905002478398
epoch= 451 	 time= 734.6307283878326 min 	 loss= 1.050062111941251
epoch= 452 	 time= 735.951885286967 min 	 loss= 1.0500768571188956
epoch= 453 	 time= 737.2649746934572 min 	 loss= 1.0499814107923797
epoch= 454 	 time= 738.5819393674533 min 	 loss= 1.0499877723780546
epoch= 455 	 time= 739.8912187894185 min 	 loss= 1.050026180382931
epoch= 456 	 time= 741.2057457605998 min 	 loss= 1.0499647697535428
epoch= 457 	 time= 742.410952270031 min 	 loss= 1.0499589160716896
epoch= 458 	 time= 743.6206759929657 min 	 loss= 1.0500208960157453
epoch= 459 	 time= 744.9344290773074 min 	 loss= 1.0500039458997321
epoch= 460 	 time= 746.2480207681656 min 	 loss= 1.0499562644236016
epoch= 461 	 time= 747.5684762040775 min 	 loss= 1.050000914515871
epoch= 462 	 time= 748.8842771410942 min 	 loss= 1.050022784652132
epoch= 463 	 time= 750.1988625645638 min 	 loss= 1.0500074524590464
epoch= 464 	 time= 751.5124224026998 min 	 loss= 1.050050581440781
epoch= 465 	 time= 752.8271184206009 min 	 loss= 1.0500203268455737
epoch= 466 	 time= 754.1387677510579 min 	 loss= 1.0500419967824763
epoch= 467 	 time= 755.4590559760729 min 	 loss= 1.0500126017223705
epoch= 468 	 time= 756.7730475862821 min 	 loss= 1.049959803205548
epoch= 469 	 time= 758.0976581335068 min 	 loss= 1.05002760887146
epoch= 470 	 time= 759.4135738809904 min 	 loss= 1.0500381734876922
epoch= 471 	 time= 760.7376575231552 min 	 loss= 1.0500245946826356
epoch= 472 	 time= 762.0502774477005 min 	 loss= 1.049956718863863
epoch= 473 	 time= 763.3721024433772 min 	 loss= 1.0499970213572185
epoch= 474 	 time= 764.6875146587689 min 	 loss= 1.050032667535724
epoch= 475 	 time= 766.0146190683047 min 	 loss= 1.050044352719278
epoch= 476 	 time= 767.2095415512721 min 	 loss= 1.0499831500197903
epoch= 477 	 time= 768.441548315684 min 	 loss= 1.0500146628148628
epoch= 478 	 time= 769.7572565635045 min 	 loss= 1.0500214087601865
epoch= 479 	 time= 771.0715855002403 min 	 loss= 1.049985044002533
epoch= 480 	 time= 772.3965508460999 min 	 loss= 1.0500019135619654
epoch= 481 	 time= 773.7124887426694 min 	 loss= 1.0500129929455844
epoch= 482 	 time= 775.0219100753467 min 	 loss= 1.0500616677602133
epoch= 483 	 time= 776.3450453281403 min 	 loss= 1.0499833490631798
epoch= 484 	 time= 777.6657454490662 min 	 loss= 1.050072699171124
epoch= 485 	 time= 778.97530006965 min 	 loss= 1.0500894369501057
epoch= 486 	 time= 780.2940739115079 min 	 loss= 1.049958497249719
epoch= 487 	 time= 781.6093988537789 min 	 loss= 1.04998041268551
epoch= 488 	 time= 782.9239064772923 min 	 loss= 1.0499320169651147
epoch= 489 	 time= 784.2437691092491 min 	 loss= 1.0499847013300116
epoch= 490 	 time= 785.562971731027 min 	 loss= 1.0500813497196544
epoch= 491 	 time= 786.8793636719386 min 	 loss= 1.0500447935769053
epoch= 492 	 time= 788.1966194470723 min 	 loss= 1.05004293644067
epoch= 493 	 time= 789.5148433685303 min 	 loss= 1.0500053785064003
epoch= 494 	 time= 790.8169697006543 min 	 loss= 1.049980989224983
epoch= 495 	 time= 791.9864158233007 min 	 loss= 1.049975032228412
epoch= 496 	 time= 793.2276408155759 min 	 loss= 1.0500160296758017
epoch= 497 	 time= 794.5400433103243 min 	 loss= 1.0499862803834856
epoch= 498 	 time= 795.8473708669345 min 	 loss= 1.0499787860205678
epoch= 499 	 time= 797.1673793752988 min 	 loss= 1.0500046144832265
epoch= 500 	 time= 798.483199497064 min 	 loss= 1.0500155832550742
epoch= 501 	 time= 799.8000285108884 min 	 loss= 1.0500007489955787
epoch= 502 	 time= 801.1138423879942 min 	 loss= 1.0500485955585133
epoch= 503 	 time= 802.431278737386 min 	 loss= 1.0499721344312032
epoch= 504 	 time= 803.743814643224 min 	 loss= 1.0499847722776008
epoch= 505 	 time= 805.0598523219427 min 	 loss= 1.0500333669691375
epoch= 506 	 time= 806.3779813210169 min 	 loss= 1.049985038511681
epoch= 507 	 time= 807.693863316377 min 	 loss= 1.0500115922725561
epoch= 508 	 time= 809.0128426472346 min 	 loss= 1.0500007107041098
epoch= 509 	 time= 810.3353112737337 min 	 loss= 1.050009405034961
epoch= 510 	 time= 811.6487589200337 min 	 loss= 1.0499623673612422
epoch= 511 	 time= 812.9863868673642 min 	 loss= 1.0500358536026695
epoch= 512 	 time= 814.3013780196508 min 	 loss= 1.050078123916279
epoch= 513 	 time= 815.5722020228703 min 	 loss= 1.0500072423617046
epoch= 514 	 time= 816.7405894001325 min 	 loss= 1.0500966303998773
epoch= 515 	 time= 818.0272641658783 min 	 loss= 1.0500207698706425
epoch= 516 	 time= 819.3433270812035 min 	 loss= 1.049996810465148
epoch= 517 	 time= 820.6627611835797 min 	 loss= 1.050091318506183
epoch= 518 	 time= 821.9762778520584 min 	 loss= 1.0499909312797315
epoch= 519 	 time= 823.2925100167593 min 	 loss= 1.0499876632112446
epoch= 520 	 time= 824.6078066945076 min 	 loss= 1.050007613066471
epoch= 521 	 time= 825.9195353269577 min 	 loss= 1.0500798700795029
epoch= 522 	 time= 827.2326772610346 min 	 loss= 1.0499708338217302
epoch= 523 	 time= 828.5565368731817 min 	 loss= 1.0500106151898703
epoch= 524 	 time= 829.8701924562454 min 	 loss= 1.0499901528069466
epoch= 525 	 time= 831.1820999145508 min 	 loss= 1.0500537301554824
epoch= 526 	 time= 832.5020669658978 min 	 loss= 1.0499429368250297
epoch= 527 	 time= 833.8113098343214 min 	 loss= 1.0499467197331516
epoch= 528 	 time= 835.1225245436033 min 	 loss= 1.050006990143747
epoch= 529 	 time= 836.440008922418 min 	 loss= 1.0500237505363696
epoch= 530 	 time= 837.7548652847607 min 	 loss= 1.0500301163124315
epoch= 531 	 time= 839.0733518918355 min 	 loss= 1.0499963386853537
epoch= 532 	 time= 840.326852842172 min 	 loss= 1.0500454714803984
epoch= 533 	 time= 841.5081069787343 min 	 loss= 1.0499942323655793
epoch= 534 	 time= 842.8141882777214 min 	 loss= 1.0499518304160147
epoch= 535 	 time= 844.1295174757639 min 	 loss= 1.049993454543027
epoch= 536 	 time= 845.4466094613075 min 	 loss= 1.0500068480318243
epoch= 537 	 time= 846.7597682396571 min 	 loss= 1.0500358992634398
epoch= 538 	 time= 848.0721551974615 min 	 loss= 1.0499791043454951
epoch= 539 	 time= 849.3905975699424 min 	 loss= 1.050036252267433
epoch= 540 	 time= 850.7035641670227 min 	 loss= 1.049979033759146
epoch= 541 	 time= 852.0284524639447 min 	 loss= 1.05003806699406
epoch= 542 	 time= 853.343137896061 min 	 loss= 1.0500480471235334
epoch= 543 	 time= 854.6500753442447 min 	 loss= 1.0500208458033475
epoch= 544 	 time= 855.9589110294978 min 	 loss= 1.0501077737230242
epoch= 545 	 time= 857.2733656644821 min 	 loss= 1.0500217778032477
epoch= 546 	 time= 858.5905610839526 min 	 loss= 1.0500478214206117
epoch= 547 	 time= 859.9058717211087 min 	 loss= 1.0500556253664421
epoch= 548 	 time= 861.2302829821905 min 	 loss= 1.0501345335353505
epoch= 549 	 time= 862.5449773112933 min 	 loss= 1.050114708813754
epoch= 550 	 time= 863.8629882097244 min 	 loss= 1.0500426184769833
epoch= 551 	 time= 865.081893448035 min 	 loss= 1.0500654902602686
epoch= 552 	 time= 866.277315680186 min 	 loss= 1.0499834792541736
epoch= 553 	 time= 867.5932666460673 min 	 loss= 1.0499960070667844
epoch= 554 	 time= 868.9087988177936 min 	 loss= 1.049995797547427
epoch= 555 	 time= 870.227939637502 min 	 loss= 1.0499843590187303
epoch= 556 	 time= 871.5517978231112 min 	 loss= 1.0499707157684095
epoch= 557 	 time= 872.8720393776894 min 	 loss= 1.049962745363062
epoch= 558 	 time= 874.1922034025192 min 	 loss= 1.049973452091217
epoch= 559 	 time= 875.5138778130214 min 	 loss= 1.050060169913552
epoch= 560 	 time= 876.8329238931339 min 	 loss= 1.0500556825869012
epoch= 561 	 time= 878.1538264314333 min 	 loss= 1.0499692806330594
epoch= 562 	 time= 879.4757434328397 min 	 loss= 1.0500230807246584
epoch= 563 	 time= 880.7923498948415 min 	 loss= 1.049961744221774
epoch= 564 	 time= 882.1094067931175 min 	 loss= 1.0500531720392632
epoch= 565 	 time= 883.4282957990964 min 	 loss= 1.0499912988778317
epoch= 566 	 time= 884.7469085733096 min 	 loss= 1.0500032099810515
epoch= 567 	 time= 886.0747675538063 min 	 loss= 1.0500111582062461
epoch= 568 	 time= 887.3980289101601 min 	 loss= 1.0500136226596255
epoch= 569 	 time= 888.7277867396673 min 	 loss= 1.04995502168482
epoch= 570 	 time= 889.8943176110586 min 	 loss= 1.0500124787561822
epoch= 571 	 time= 891.1379309773445 min 	 loss= 1.0500459942673193
epoch= 572 	 time= 892.4538345456124 min 	 loss= 1.0500104185306665
epoch= 573 	 time= 893.7703419287999 min 	 loss= 1.0499912936037237
epoch= 574 	 time= 895.0841005484264 min 	 loss= 1.0500186301722672
epoch= 575 	 time= 896.3983321229617 min 	 loss= 1.050044219421618
epoch= 576 	 time= 897.7124493837357 min 	 loss= 1.050018326369199
epoch= 577 	 time= 899.0210674643516 min 	 loss= 1.0499426799109488
epoch= 578 	 time= 900.339481472969 min 	 loss= 1.0500117646564138
epoch= 579 	 time= 901.6555077711741 min 	 loss= 1.0500000881426261
epoch= 580 	 time= 902.971977563699 min 	 loss= 1.049999197179621
epoch= 581 	 time= 904.2900301655134 min 	 loss= 1.049966246431524
epoch= 582 	 time= 905.6076766967774 min 	 loss= 1.0499695589325644
epoch= 583 	 time= 906.9275714238485 min 	 loss= 1.050009962573196
epoch= 584 	 time= 908.2452964266141 min 	 loss= 1.0500052410183531
epoch= 585 	 time= 909.5628807663918 min 	 loss= 1.0500568061886413
epoch= 586 	 time= 910.8790928999583 min 	 loss= 1.0500246587666597
epoch= 587 	 time= 912.1958756685257 min 	 loss= 1.0500180037093885
epoch= 588 	 time= 913.4721952954928 min 	 loss= 1.0500279636094065
epoch= 589 	 time= 914.6530672311783 min 	 loss= 1.0499975397370078
epoch= 590 	 time= 915.916825135549 min 	 loss= 1.049995187773849
epoch= 591 	 time= 917.2342723647754 min 	 loss= 1.0499682859940962
epoch= 592 	 time= 918.5495887438457 min 	 loss= 1.0500183827949292
epoch= 593 	 time= 919.8724208434422 min 	 loss= 1.050001745151751
epoch= 594 	 time= 921.1886334061622 min 	 loss= 1.0499524956038504
epoch= 595 	 time= 922.5039161602656 min 	 loss= 1.0500219576286547
epoch= 596 	 time= 923.8183626174927 min 	 loss= 1.050019963799101
epoch= 597 	 time= 925.1430524587631 min 	 loss= 1.0500801903551276
epoch= 598 	 time= 926.4643849690755 min 	 loss= 1.0499838705496354
epoch= 599 	 time= 927.7909514427186 min 	 loss= 1.0500092109044392
epoch= 600 	 time= 929.106428762277 min 	 loss= 1.0499921264792933
epoch= 601 	 time= 930.4243348399798 min 	 loss= 1.0500140324505893
epoch= 602 	 time= 931.7386184414228 min 	 loss= 1.0500079798698425
epoch= 603 	 time= 933.0551262259484 min 	 loss= 1.0500059640768802
epoch= 604 	 time= 934.3717530608177 min 	 loss= 1.0499725940733244
epoch= 605 	 time= 935.6888083815575 min 	 loss= 1.0500791270082648
epoch= 606 	 time= 937.0043044686317 min 	 loss= 1.049951427488616
epoch= 607 	 time= 938.2642219344775 min 	 loss= 1.0500485164468938
epoch= 608 	 time= 939.440889843305 min 	 loss= 1.049979904203704
epoch= 609 	 time= 940.7478626887004 min 	 loss= 1.0500161183964123
epoch= 610 	 time= 942.063848400116 min 	 loss= 1.0499113348036102
epoch= 611 	 time= 943.3822836915652 min 	 loss= 1.0500220011942314
epoch= 612 	 time= 944.7021976073582 min 	 loss= 1.0499677886384906
epoch= 613 	 time= 946.0167641401291 min 	 loss= 1.0500256410512057
epoch= 614 	 time= 947.3356725176176 min 	 loss= 1.0500267625577522
epoch= 615 	 time= 948.6534986416499 min 	 loss= 1.0500383163943434
epoch= 616 	 time= 949.9738910675048 min 	 loss= 1.0500077894962194
epoch= 617 	 time= 951.2947347482045 min 	 loss= 1.049991730704452
epoch= 618 	 time= 952.6112883726756 min 	 loss= 1.0500375213045063
epoch= 619 	 time= 953.9295433441798 min 	 loss= 1.0500147598439997
epoch= 620 	 time= 955.2588059067726 min 	 loss= 1.0500543068394517
epoch= 621 	 time= 956.5815268794696 min 	 loss= 1.0499927141449668
epoch= 622 	 time= 957.9023627638817 min 	 loss= 1.0499679998918012
epoch= 623 	 time= 959.2223239620527 min 	 loss= 1.0500073337554932
epoch= 624 	 time= 960.541949780782 min 	 loss= 1.0499460786761659
epoch= 625 	 time= 961.8617386420568 min 	 loss= 1.0499812270655777
epoch= 626 	 time= 963.0969909588496 min 	 loss= 1.0499815371542265
epoch= 627 	 time= 964.2927561283111 min 	 loss= 1.0500226458636197
epoch= 628 	 time= 965.588243941466 min 	 loss= 1.0500295101512562
epoch= 629 	 time= 966.8796022891999 min 	 loss= 1.0500257512294884
epoch= 630 	 time= 968.1700380722682 min 	 loss= 1.0500099494962982
epoch= 631 	 time= 969.4774955391883 min 	 loss= 1.0500434028741086
epoch= 632 	 time= 970.7853209892909 min 	 loss= 1.0500544575488928
epoch= 633 	 time= 972.0764915466309 min 	 loss= 1.0500794448274555
epoch= 634 	 time= 973.3796977241834 min 	 loss= 1.0499850000034678
epoch= 635 	 time= 974.6399038672447 min 	 loss= 1.0499144701524215
epoch= 636 	 time= 975.8599176804224 min 	 loss= 1.050035345843344
epoch= 637 	 time= 977.0795869668325 min 	 loss= 1.0500042365536546
epoch= 638 	 time= 978.3011735558509 min 	 loss= 1.0499781962597008
epoch= 639 	 time= 979.5163263956706 min 	 loss= 1.050000657457294
epoch= 640 	 time= 980.7235058585803 min 	 loss= 1.0500726222991943
epoch= 641 	 time= 981.9367671449979 min 	 loss= 1.0500453423731255
epoch= 642 	 time= 983.1404844125112 min 	 loss= 1.0500352494644396
epoch= 643 	 time= 984.3525511741639 min 	 loss= 1.0500218519297513
epoch= 644 	 time= 985.564596291383 min 	 loss= 1.049916211908514
epoch= 645 	 time= 986.7774130384128 min 	 loss= 1.0500233793258666
epoch= 646 	 time= 987.9894076903661 min 	 loss= 1.050012493350289
epoch= 647 	 time= 989.2050087491672 min 	 loss= 1.0499812777837116
epoch= 648 	 time= 990.4178359905878 min 	 loss= 1.0499827234672778
epoch= 649 	 time= 991.6218158602715 min 	 loss= 1.0500066726857966
epoch= 650 	 time= 992.8197402278582 min 	 loss= 1.0500321128874115
epoch= 651 	 time= 994.0084541956584 min 	 loss= 1.0499478486812477
epoch= 652 	 time= 995.2002871910731 min 	 loss= 1.0500065692265828
epoch= 653 	 time= 996.388649837176 min 	 loss= 1.050012838045756
epoch= 654 	 time= 997.5882176876069 min 	 loss= 1.0500615324396076
epoch= 655 	 time= 998.7813642501831 min 	 loss= 1.050039609706763
epoch= 656 	 time= 999.9632132093112 min 	 loss= 1.0499688894098456
epoch= 657 	 time= 1001.1541560053826 min 	 loss= 1.0500350841608914
epoch= 658 	 time= 1002.3422419985135 min 	 loss= 1.0499345895738312
epoch= 659 	 time= 1003.5268860260645 min 	 loss= 1.0499505725773899
epoch= 660 	 time= 1004.7163787325223 min 	 loss= 1.0499703707117023
epoch= 661 	 time= 1005.8953339020411 min 	 loss= 1.049986014510646
epoch= 662 	 time= 1007.0847771485646 min 	 loss= 1.0500104474298881
epoch= 663 	 time= 1008.2752447287241 min 	 loss= 1.050014174490264
epoch= 664 	 time= 1009.4695482770602 min 	 loss= 1.0499963409972914
epoch= 665 	 time= 1010.6686964909236 min 	 loss= 1.0499760668927973
epoch= 666 	 time= 1011.8614180604617 min 	 loss= 1.050061363884897
epoch= 667 	 time= 1013.0549957712491 min 	 loss= 1.050009507121462
epoch= 668 	 time= 1014.2458664059639 min 	 loss= 1.0500118496201256
epoch= 669 	 time= 1015.4450816194217 min 	 loss= 1.0500292853153113
epoch= 670 	 time= 1016.8808866341909 min 	 loss= 1.0499924534017389
epoch= 671 	 time= 1018.2351921637853 min 	 loss= 1.0500009114092046
epoch= 672 	 time= 1019.4252005696296 min 	 loss= 1.0500260668089896
epoch= 673 	 time= 1020.6233335375786 min 	 loss= 1.049921053756367
epoch= 674 	 time= 1021.8028692324956 min 	 loss= 1.049940844521378
epoch= 675 	 time= 1022.9855150222778 min 	 loss= 1.0500950679634558
epoch= 676 	 time= 1024.171654164791 min 	 loss= 1.0500315237767768
epoch= 677 	 time= 1025.3611886898677 min 	 loss= 1.0500389868562872
epoch= 678 	 time= 1026.5492003679276 min 	 loss= 1.0500215167710276
epoch= 679 	 time= 1027.7369452993075 min 	 loss= 1.0499822997324395
epoch= 680 	 time= 1028.932146600882 min 	 loss= 1.0500044853037054
epoch= 681 	 time= 1030.1157632311185 min 	 loss= 1.049969248265931
epoch= 682 	 time= 1031.3044132590294 min 	 loss= 1.0500673747785163
epoch= 683 	 time= 1032.4924630006155 min 	 loss= 1.0499923985654658
epoch= 684 	 time= 1033.6753337860107 min 	 loss= 1.0499447185342963
epoch= 685 	 time= 1034.8712290883063 min 	 loss= 1.0500484108924866
epoch= 686 	 time= 1036.0612675388654 min 	 loss= 1.050018752560471
epoch= 687 	 time= 1037.253172425429 min 	 loss= 1.049978011593674
epoch= 688 	 time= 1038.439037712415 min 	 loss= 1.0500197509563332
epoch= 689 	 time= 1039.629481812318 min 	 loss= 1.0500013793598522
epoch= 690 	 time= 1040.8567179361978 min 	 loss= 1.0500240508715313
epoch= 691 	 time= 1042.2780044436454 min 	 loss= 1.0500399175557222
epoch= 692 	 time= 1043.6337955554327 min 	 loss= 1.0500671094114131
epoch= 693 	 time= 1044.8184867580733 min 	 loss= 1.050023614059795
epoch= 694 	 time= 1046.0059727986654 min 	 loss= 1.050023829575741
epoch= 695 	 time= 1047.1961368719737 min 	 loss= 1.050064966028387
epoch= 696 	 time= 1048.395322751999 min 	 loss= 1.0500521932226239
epoch= 697 	 time= 1049.5800698836645 min 	 loss= 1.050046943028768
epoch= 698 	 time= 1050.767665787538 min 	 loss= 1.0500605589693244
epoch= 699 	 time= 1051.9619276603064 min 	 loss= 1.05004868442362
epoch= 700 	 time= 1053.146449168523 min 	 loss= 1.050003371816693
epoch= 701 	 time= 1054.3430337627728 min 	 loss= 1.050066610394102
epoch= 702 	 time= 1055.525361573696 min 	 loss= 1.0499857995726845
epoch= 703 	 time= 1056.7135297377904 min 	 loss= 1.0499503444180345
epoch= 704 	 time= 1057.9046244502067 min 	 loss= 1.0499951351772656
epoch= 705 	 time= 1059.0994209448497 min 	 loss= 1.050051901701725
epoch= 706 	 time= 1060.2901003162067 min 	 loss= 1.0499936030127786
epoch= 707 	 time= 1061.4696541190146 min 	 loss= 1.050035447135116
epoch= 708 	 time= 1062.657241054376 min 	 loss= 1.0499867374969252
epoch= 709 	 time= 1063.8557591557503 min 	 loss= 1.0500035940517078
epoch= 710 	 time= 1065.0522858699162 min 	 loss= 1.0500343262065541
epoch= 711 	 time= 1066.2758967638015 min 	 loss= 1.0500215815775322
epoch= 712 	 time= 1067.7065496722857 min 	 loss= 1.0499319663192286
epoch= 713 	 time= 1069.0398438135783 min 	 loss= 1.0499603618997515
epoch= 714 	 time= 1070.2388346711793 min 	 loss= 1.0499882700226524
epoch= 715 	 time= 1071.4320209503173 min 	 loss= 1.0499965540568035
epoch= 716 	 time= 1072.6224589506785 min 	 loss= 1.049917512806979
epoch= 717 	 time= 1073.8095170776048 min 	 loss= 1.0499810879158251
epoch= 718 	 time= 1075.0062893629074 min 	 loss= 1.0499981819499622
epoch= 719 	 time= 1076.1969512661299 min 	 loss= 1.0500490537556735
Finish Training
